16-Oct-2018 15:02:58.173 INFO [main] sun.reflect.NativeMethodAccessorImpl.invoke Server version:        Apache Tomcat (TomEE)/8.5.32 (7.1.0)
16-Oct-2018 15:02:58.174 INFO [main] sun.reflect.NativeMethodAccessorImpl.invoke Server built:          Jun 20 2018 19:50:35 UTC
16-Oct-2018 15:02:58.174 INFO [main] sun.reflect.NativeMethodAccessorImpl.invoke Server number:         8.5.32.0
16-Oct-2018 15:02:58.174 INFO [main] sun.reflect.NativeMethodAccessorImpl.invoke OS Name:               Windows 10
16-Oct-2018 15:02:58.174 INFO [main] sun.reflect.NativeMethodAccessorImpl.invoke OS Version:            10.0
16-Oct-2018 15:02:58.175 INFO [main] sun.reflect.NativeMethodAccessorImpl.invoke Architecture:          amd64
16-Oct-2018 15:02:58.175 INFO [main] sun.reflect.NativeMethodAccessorImpl.invoke Java Home:             C:\Program Files\Java\jdk1.8.0_72\jre
16-Oct-2018 15:02:58.175 INFO [main] sun.reflect.NativeMethodAccessorImpl.invoke JVM Version:           1.8.0_72-b15
16-Oct-2018 15:02:58.175 INFO [main] sun.reflect.NativeMethodAccessorImpl.invoke JVM Vendor:            Oracle Corporation
16-Oct-2018 15:02:58.175 INFO [main] sun.reflect.NativeMethodAccessorImpl.invoke CATALINA_BASE:         C:\Projects\KP_WME\CSR_Server
16-Oct-2018 15:02:58.175 INFO [main] sun.reflect.NativeMethodAccessorImpl.invoke CATALINA_HOME:         C:\Projects\KP_WME\CSR_Server
16-Oct-2018 15:02:58.176 INFO [main] sun.reflect.NativeMethodAccessorImpl.invoke Command line argument: -Djava.util.logging.config.file=C:\Projects\KP_WME\CSR_Server\conf\logging.properties
16-Oct-2018 15:02:58.176 INFO [main] sun.reflect.NativeMethodAccessorImpl.invoke Command line argument: -Djava.util.logging.manager=org.apache.juli.ClassLoaderLogManager
16-Oct-2018 15:02:58.176 INFO [main] sun.reflect.NativeMethodAccessorImpl.invoke Command line argument: -javaagent:C:\Projects\KP_WME\CSR_Server\lib\openejb-javaagent.jar
16-Oct-2018 15:02:58.176 INFO [main] sun.reflect.NativeMethodAccessorImpl.invoke Command line argument: -Djdk.tls.ephemeralDHKeySize=2048
16-Oct-2018 15:02:58.176 INFO [main] sun.reflect.NativeMethodAccessorImpl.invoke Command line argument: -Djava.protocol.handler.pkgs=org.apache.catalina.webresources
16-Oct-2018 15:02:58.176 INFO [main] sun.reflect.DelegatingMethodAccessorImpl.invoke Command line argument: -Dignore.endorsed.dirs=
16-Oct-2018 15:02:58.176 INFO [main] sun.reflect.DelegatingMethodAccessorImpl.invoke Command line argument: -Dcatalina.base=C:\Projects\KP_WME\CSR_Server
16-Oct-2018 15:02:58.177 INFO [main] sun.reflect.DelegatingMethodAccessorImpl.invoke Command line argument: -Dcatalina.home=C:\Projects\KP_WME\CSR_Server
16-Oct-2018 15:02:58.177 INFO [main] sun.reflect.DelegatingMethodAccessorImpl.invoke Command line argument: -Djava.io.tmpdir=C:\Projects\KP_WME\CSR_Server\temp
16-Oct-2018 15:02:58.177 INFO [main] sun.reflect.DelegatingMethodAccessorImpl.invoke The APR based Apache Tomcat Native library which allows optimal performance in production environments was not found on the java.library.path: [C:\Program Files\Java\jdk1.8.0_72\bin;C:\WINDOWS\Sun\Java\bin;C:\WINDOWS\system32;C:\WINDOWS;C:\Python27\;C:\Python27\Scripts;C:\Program Files (x86)\Common Files\Oracle\Java\javapath;C:\Program Files (x86)\Intel\iCLS Client\;C:\PROGRAM FILES\INTEL\ICLS CLIENT\;C:\libs\Qt\5.7\msvc2015_64\BIN;C:\PROGRAMDATA\ORACLE\JAVA\JAVAPATH;C:\PROGRAM FILES\DELL\DW WLAN CARD;C:\WINDOWS\SYSTEM32;C:\WINDOWS;C:\WINDOWS\SYSTEM32\WBEM;C:\WINDOWS\SYSTEM32\WINDOWSPOWERSHELL\V1.0\;C:\PROGRAMDATA\CHOCOLATEY\BIN;C:\PROGRAM FILES\GIT\CMD;C:\PROGRAM FILES\SLIKSVN\BIN;C:\PROGRAM FILES\OPENVPN\BIN;C:\WINDOWS\SYSTEM32;C:\WINDOWS;C:\WINDOWS\SYSTEM32\WBEM;C:\WINDOWS\SYSTEM32\WINDOWSPOWERSHELL\V1.0\;C:\tools\opencv\build\x64\vc14\BIN;C:\PROGRAM FILES\CMAKE\BIN;C:\libs\tbb2017_20160916oss\BIN\INTEL64\VC14;C:\Program Files\WIDCOMM\Bluetooth Software\;C:\Program Files\WIDCOMM\Bluetooth Software\syswow64;C:\WINDOWS\system32;C:\WINDOWS;C:\WINDOWS\System32\Wbem;C:\WINDOWS\System32\WindowsPowerShell\v1.0\;C:\Program Files\Microsoft SQL Server\130\Tools\Binn\;C:\Program Files\dotnet\;C:\Program Files (x86)\Intel\Intel(R) Management Engine Components\DAL;C:\Program Files\Intel\Intel(R) Management Engine Components\DAL;C:\Program Files (x86)\Intel\Intel(R) Management Engine Components\IPT;C:\Program Files\Intel\Intel(R) Management Engine Components\IPT;C:\WINDOWS\System32\OpenSSH\;C:\Program Files\MiKTeX 2.9\miktex\bin\x64\;C:\Program Files\Microsoft VS Code\bin;C:\Program Files\Git\cmd;C:\Program Files\nodejs\;C:\Users\witzbould\AppData\Local\Microsoft\WindowsApps;C:\Users\witzbould\AppData\Local\Microsoft\WindowsApps;C:\Program Files\Microsoft VS Code\bin;C:\Users\witzbould\AppData\Roaming\npm;C:\Program Files\Java\jdk1.8.0_72;;.]
16-Oct-2018 15:02:59.038 INFO [main] sun.reflect.DelegatingMethodAccessorImpl.invoke Initializing ProtocolHandler ["http-nio-8080"]
16-Oct-2018 15:02:59.136 INFO [main] sun.reflect.DelegatingMethodAccessorImpl.invoke Using a shared selector for servlet write/read
16-Oct-2018 15:02:59.149 INFO [main] sun.reflect.DelegatingMethodAccessorImpl.invoke Initializing ProtocolHandler ["ajp-nio-8009"]
16-Oct-2018 15:02:59.153 INFO [main] sun.reflect.DelegatingMethodAccessorImpl.invoke Using a shared selector for servlet write/read
16-Oct-2018 15:02:59.716 INFO [main] org.apache.openejb.util.OptionsLog.info Using 'openejb.jdbc.datasource-creator=org.apache.tomee.jdbc.TomEEDataSourceCreator'
16-Oct-2018 15:02:59.848 INFO [main] org.apache.openejb.OpenEJB$Instance.<init> ********************************************************************************
16-Oct-2018 15:02:59.848 INFO [main] org.apache.openejb.OpenEJB$Instance.<init> OpenEJB http://tomee.apache.org/
16-Oct-2018 15:02:59.849 INFO [main] org.apache.openejb.OpenEJB$Instance.<init> Startup: Tue Oct 16 15:02:59 CEST 2018
16-Oct-2018 15:02:59.849 INFO [main] org.apache.openejb.OpenEJB$Instance.<init> Copyright 1999-2018 (C) Apache OpenEJB Project, All Rights Reserved.
16-Oct-2018 15:02:59.849 INFO [main] org.apache.openejb.OpenEJB$Instance.<init> Version: 7.1.0
16-Oct-2018 15:02:59.849 INFO [main] org.apache.openejb.OpenEJB$Instance.<init> Build date: 20180902
16-Oct-2018 15:02:59.849 INFO [main] org.apache.openejb.OpenEJB$Instance.<init> Build time: 09:50
16-Oct-2018 15:02:59.849 INFO [main] org.apache.openejb.OpenEJB$Instance.<init> ********************************************************************************
16-Oct-2018 15:02:59.850 INFO [main] org.apache.openejb.OpenEJB$Instance.<init> openejb.home = C:\Projects\KP_WME\CSR_Server
16-Oct-2018 15:02:59.850 INFO [main] org.apache.openejb.OpenEJB$Instance.<init> openejb.base = C:\Projects\KP_WME\CSR_Server
16-Oct-2018 15:02:59.854 INFO [main] org.apache.openejb.cdi.CdiBuilder.initializeOWB Created new singletonService org.apache.openejb.cdi.ThreadSingletonServiceImpl@2b6faea6
16-Oct-2018 15:02:59.854 INFO [main] org.apache.openejb.cdi.CdiBuilder.initializeOWB Succeeded in installing singleton service
16-Oct-2018 15:02:59.926 INFO [main] org.apache.openejb.config.ConfigurationFactory.init TomEE configuration file is 'C:\Projects\KP_WME\CSR_Server\conf\tomee.xml'
16-Oct-2018 15:02:59.989 INFO [main] org.apache.openejb.config.ConfigurationFactory.configureService Configuring Service(id=Tomcat Security Service, type=SecurityService, provider-id=Tomcat Security Service)
16-Oct-2018 15:02:59.992 INFO [main] org.apache.openejb.config.ConfigurationFactory.configureService Configuring Service(id=Default Transaction Manager, type=TransactionManager, provider-id=Default Transaction Manager)
16-Oct-2018 15:02:59.995 INFO [main] org.apache.openejb.util.OptionsLog.info Using 'openejb.deployments.classpath=false'
16-Oct-2018 15:03:00.024 INFO [main] org.apache.openejb.assembler.classic.Assembler.createRecipe Creating TransactionManager(id=Default Transaction Manager)
16-Oct-2018 15:03:00.089 INFO [main] org.apache.openejb.assembler.classic.Assembler.createRecipe Creating SecurityService(id=Tomcat Security Service)
16-Oct-2018 15:03:00.208 INFO [main] org.apache.openejb.server.ServiceManager.initServer Creating ServerService(id=cxf)
16-Oct-2018 15:03:00.500 INFO [main] org.apache.openejb.server.ServiceManager.initServer Creating ServerService(id=cxf-rs)
16-Oct-2018 15:03:00.590 INFO [main] org.apache.openejb.server.SimpleServiceManager.start   ** Bound Services **
16-Oct-2018 15:03:00.591 INFO [main] org.apache.openejb.server.SimpleServiceManager.printRow   NAME                 IP              PORT  
16-Oct-2018 15:03:00.591 INFO [main] org.apache.openejb.server.SimpleServiceManager.start -------
16-Oct-2018 15:03:00.591 INFO [main] org.apache.openejb.server.SimpleServiceManager.start Ready!
16-Oct-2018 15:03:00.592 INFO [main] sun.reflect.DelegatingMethodAccessorImpl.invoke Initialization processed in 3017 ms
16-Oct-2018 15:03:00.653 INFO [main] org.apache.tomee.catalina.OpenEJBNamingContextListener.bindResource Importing a Tomcat Resource with id 'UserDatabase' of type 'org.apache.catalina.UserDatabase'.
16-Oct-2018 15:03:00.656 INFO [main] org.apache.openejb.assembler.classic.Assembler.createRecipe Creating Resource(id=UserDatabase)
16-Oct-2018 15:03:00.666 INFO [main] sun.reflect.DelegatingMethodAccessorImpl.invoke Starting service [Catalina]
16-Oct-2018 15:03:00.666 INFO [main] sun.reflect.DelegatingMethodAccessorImpl.invoke Starting Servlet Engine: Apache Tomcat (TomEE)/8.5.32 (7.1.0)
16-Oct-2018 15:03:00.722 INFO [localhost-startStop-1] sun.reflect.DelegatingMethodAccessorImpl.invoke Deploying web application archive [C:\Projects\KP_WME\CSR_Server\webapps\csr-server.war]
16-Oct-2018 15:03:00.736 INFO [localhost-startStop-1] org.apache.tomee.catalina.TomcatWebAppBuilder.init ------------------------- localhost -> /csr-server
16-Oct-2018 15:03:00.780 WARNING [localhost-startStop-1] org.apache.catalina.startup.SetContextPropertiesRule.begin [SetContextPropertiesRule]{Context} Setting property 'antiJARLocking' to 'true' did not find a matching property.
16-Oct-2018 15:03:10.406 INFO [localhost-startStop-1] org.apache.openejb.config.ConfigurationFactory.configureApplication Configuring enterprise application: C:\Projects\KP_WME\CSR_Server\webapps\csr-server
16-Oct-2018 15:03:11.371 INFO [localhost-startStop-1] org.apache.openejb.config.InitEjbDeployments.deploy Auto-deploying ejb RuntimeManager: EjbDeployment(deployment-id=RuntimeManager)
16-Oct-2018 15:03:11.371 INFO [localhost-startStop-1] org.apache.openejb.config.InitEjbDeployments.deploy Auto-deploying ejb ContextManagerImpl: EjbDeployment(deployment-id=ContextManagerImpl)
16-Oct-2018 15:03:11.371 INFO [localhost-startStop-1] org.apache.openejb.config.InitEjbDeployments.deploy Auto-deploying ejb ClientSessionFactoryImpl: EjbDeployment(deployment-id=ClientSessionFactoryImpl)
16-Oct-2018 15:03:11.372 INFO [localhost-startStop-1] org.apache.openejb.config.InitEjbDeployments.deploy Auto-deploying ejb SmcdCacheImpl: EjbDeployment(deployment-id=SmcdCacheImpl)
16-Oct-2018 15:03:11.372 INFO [localhost-startStop-1] org.apache.openejb.config.InitEjbDeployments.deploy Auto-deploying ejb DeviceServiceManagerImpl: EjbDeployment(deployment-id=DeviceServiceManagerImpl)
16-Oct-2018 15:03:11.372 INFO [localhost-startStop-1] org.apache.openejb.config.InitEjbDeployments.deploy Auto-deploying ejb ApolloMessageBrokerImpl: EjbDeployment(deployment-id=ApolloMessageBrokerImpl)
16-Oct-2018 15:03:11.373 INFO [localhost-startStop-1] org.apache.openejb.config.InitEjbDeployments.deploy Auto-deploying ejb DeviceRoleRepositoryImpl: EjbDeployment(deployment-id=DeviceRoleRepositoryImpl)
16-Oct-2018 15:03:11.373 INFO [localhost-startStop-1] org.apache.openejb.config.InitEjbDeployments.deploy Auto-deploying ejb AccessControlManagerFactory: EjbDeployment(deployment-id=AccessControlManagerFactory)
16-Oct-2018 15:03:11.373 INFO [localhost-startStop-1] org.apache.openejb.config.InitEjbDeployments.deploy Auto-deploying ejb MemoryClientRegistryService: EjbDeployment(deployment-id=MemoryClientRegistryService)
16-Oct-2018 15:03:11.373 INFO [localhost-startStop-1] org.apache.openejb.config.InitEjbDeployments.deploy Auto-deploying ejb ApplicationManagerFactory: EjbDeployment(deployment-id=ApplicationManagerFactory)
16-Oct-2018 15:03:11.374 INFO [localhost-startStop-1] org.apache.openejb.config.InitEjbDeployments.deploy Auto-deploying ejb ServiceAccessImpl: EjbDeployment(deployment-id=ServiceAccessImpl)
16-Oct-2018 15:03:11.374 INFO [localhost-startStop-1] org.apache.openejb.config.InitEjbDeployments.deploy Auto-deploying ejb CoRepositoryImpl: EjbDeployment(deployment-id=CoRepositoryImpl)
16-Oct-2018 15:03:11.374 INFO [localhost-startStop-1] org.apache.openejb.config.InitEjbDeployments.deploy Auto-deploying ejb DistributionServiceImpl: EjbDeployment(deployment-id=DistributionServiceImpl)
16-Oct-2018 15:03:11.374 INFO [localhost-startStop-1] org.apache.openejb.config.InitEjbDeployments.deploy Auto-deploying ejb TriggerRequestProcessorImpl: EjbDeployment(deployment-id=TriggerRequestProcessorImpl)
16-Oct-2018 15:03:11.375 INFO [localhost-startStop-1] org.apache.openejb.config.InitEjbDeployments.deploy Auto-deploying ejb AppRe: EjbDeployment(deployment-id=AppRe)
16-Oct-2018 15:03:11.375 INFO [localhost-startStop-1] org.apache.openejb.config.InitEjbDeployments.deploy Auto-deploying ejb TemplateResponseHandler: EjbDeployment(deployment-id=TemplateResponseHandler)
16-Oct-2018 15:03:11.375 INFO [localhost-startStop-1] org.apache.openejb.config.InitEjbDeployments.deploy Auto-deploying ejb RecommendationServiceImpl: EjbDeployment(deployment-id=RecommendationServiceImpl)
16-Oct-2018 15:03:11.375 INFO [localhost-startStop-1] org.apache.openejb.config.InitEjbDeployments.deploy Auto-deploying ejb IdResponseHandler: EjbDeployment(deployment-id=IdResponseHandler)
16-Oct-2018 15:03:11.376 INFO [localhost-startStop-1] org.apache.openejb.config.InitEjbDeployments.deploy Auto-deploying ejb ExchangeIdResponseHandler: EjbDeployment(deployment-id=ExchangeIdResponseHandler)
16-Oct-2018 15:03:11.376 INFO [localhost-startStop-1] org.apache.openejb.config.InitEjbDeployments.deploy Auto-deploying ejb Responder: EjbDeployment(deployment-id=Responder)
16-Oct-2018 15:03:11.376 INFO [localhost-startStop-1] org.apache.openejb.config.InitEjbDeployments.deploy Auto-deploying ejb LayoutModelInterpreter: EjbDeployment(deployment-id=LayoutModelInterpreter)
16-Oct-2018 15:03:11.376 INFO [localhost-startStop-1] org.apache.openejb.config.InitEjbDeployments.deploy Auto-deploying ejb ConceptualModelInterpreterImpl: EjbDeployment(deployment-id=ConceptualModelInterpreterImpl)
16-Oct-2018 15:03:11.376 INFO [localhost-startStop-1] org.apache.openejb.config.InitEjbDeployments.deploy Auto-deploying ejb RecommendationManagerImpl: EjbDeployment(deployment-id=RecommendationManagerImpl)
16-Oct-2018 15:03:11.376 INFO [localhost-startStop-1] org.apache.openejb.config.InitEjbDeployments.deploy Auto-deploying ejb AwarenessManagerImpl: EjbDeployment(deployment-id=AwarenessManagerImpl)
16-Oct-2018 15:03:11.377 INFO [localhost-startStop-1] org.apache.openejb.config.InitEjbDeployments.deploy Auto-deploying ejb DistributionManagerImpl: EjbDeployment(deployment-id=DistributionManagerImpl)
16-Oct-2018 15:03:11.377 INFO [localhost-startStop-1] org.apache.openejb.config.InitEjbDeployments.deploy Auto-deploying ejb CommunicationManagerImpl: EjbDeployment(deployment-id=CommunicationManagerImpl)
16-Oct-2018 15:03:11.377 INFO [localhost-startStop-1] org.apache.openejb.config.InitEjbDeployments.deploy Auto-deploying ejb Dummy: EjbDeployment(deployment-id=Dummy)
16-Oct-2018 15:03:11.377 INFO [localhost-startStop-1] org.apache.openejb.config.InitEjbDeployments.deploy Auto-deploying ejb EventDispatcherImpl: EjbDeployment(deployment-id=EventDispatcherImpl)
16-Oct-2018 15:03:11.377 INFO [localhost-startStop-1] org.apache.openejb.config.InitEjbDeployments.deploy Auto-deploying ejb AccessControlManagerImpl: EjbDeployment(deployment-id=AccessControlManagerImpl)
16-Oct-2018 15:03:11.377 INFO [localhost-startStop-1] org.apache.openejb.config.InitEjbDeployments.deploy Auto-deploying ejb ApplicationManagerImpl: EjbDeployment(deployment-id=ApplicationManagerImpl)
16-Oct-2018 15:03:11.379 INFO [localhost-startStop-1] org.apache.openejb.config.InitEjbDeployments.deploy Auto-deploying ejb DistributionRecommender: EjbDeployment(deployment-id=DistributionRecommender)
16-Oct-2018 15:03:11.379 INFO [localhost-startStop-1] org.apache.openejb.config.InitEjbDeployments.deploy Auto-deploying ejb DistributionModelInterpreterImpl: EjbDeployment(deployment-id=DistributionModelInterpreterImpl)
16-Oct-2018 15:03:11.379 INFO [localhost-startStop-1] org.apache.openejb.config.InitEjbDeployments.deploy Auto-deploying ejb TriggerManagerImpl: EjbDeployment(deployment-id=TriggerManagerImpl)
16-Oct-2018 15:03:11.379 INFO [localhost-startStop-1] org.apache.openejb.config.InitEjbDeployments.deploy Auto-deploying ejb EventBrokerImpl: EjbDeployment(deployment-id=EventBrokerImpl)
16-Oct-2018 15:03:11.379 INFO [localhost-startStop-1] org.apache.openejb.config.InitEjbDeployments.deploy Auto-deploying ejb ChannelCommunicationModelInterpreter: EjbDeployment(deployment-id=ChannelCommunicationModelInterpreter)
16-Oct-2018 15:03:11.380 INFO [localhost-startStop-1] org.apache.openejb.config.InitEjbDeployments.deploy Auto-deploying ejb ComponentManagerImpl: EjbDeployment(deployment-id=ComponentManagerImpl)
16-Oct-2018 15:03:11.393 INFO [localhost-startStop-1] org.apache.openejb.config.ConfigurationFactory.configureService Configuring Service(id=Default Singleton Container, type=Container, provider-id=Default Singleton Container)
16-Oct-2018 15:03:11.393 INFO [localhost-startStop-1] org.apache.openejb.config.AutoConfig.createContainer Auto-creating a container for bean RuntimeManager: Container(type=SINGLETON, id=Default Singleton Container)
16-Oct-2018 15:03:11.393 INFO [localhost-startStop-1] org.apache.openejb.assembler.classic.Assembler.createRecipe Creating Container(id=Default Singleton Container)
16-Oct-2018 15:03:11.433 INFO [localhost-startStop-1] org.apache.openejb.config.ConfigurationFactory.configureService Configuring Service(id=Default Stateless Container, type=Container, provider-id=Default Stateless Container)
16-Oct-2018 15:03:11.433 INFO [localhost-startStop-1] org.apache.openejb.config.AutoConfig.createContainer Auto-creating a container for bean ServiceAccessImpl: Container(type=STATELESS, id=Default Stateless Container)
16-Oct-2018 15:03:11.433 INFO [localhost-startStop-1] org.apache.openejb.assembler.classic.Assembler.createRecipe Creating Container(id=Default Stateless Container)
16-Oct-2018 15:03:11.459 INFO [localhost-startStop-1] org.apache.openejb.config.ConfigurationFactory.configureService Configuring Service(id=Default Stateful Container, type=Container, provider-id=Default Stateful Container)
16-Oct-2018 15:03:11.460 INFO [localhost-startStop-1] org.apache.openejb.config.AutoConfig.createContainer Auto-creating a container for bean LayoutModelInterpreter: Container(type=STATEFUL, id=Default Stateful Container)
16-Oct-2018 15:03:11.460 INFO [localhost-startStop-1] org.apache.openejb.assembler.classic.Assembler.createRecipe Creating Container(id=Default Stateful Container)
16-Oct-2018 15:03:11.541 INFO [localhost-startStop-1] org.apache.openejb.core.stateful.SimplePassivater.init Using directory C:\Projects\KP_WME\CSR_Server\temp for stateful session passivation
16-Oct-2018 15:03:11.562 INFO [localhost-startStop-1] org.apache.openejb.config.ConfigurationFactory.configureService Configuring Service(id=Default Managed Container, type=Container, provider-id=Default Managed Container)
16-Oct-2018 15:03:11.563 INFO [localhost-startStop-1] org.apache.openejb.config.AutoConfig.createContainer Auto-creating a container for bean csr-server.Comp141461083: Container(type=MANAGED, id=Default Managed Container)
16-Oct-2018 15:03:11.565 INFO [localhost-startStop-1] org.apache.openejb.assembler.classic.Assembler.createRecipe Creating Container(id=Default Managed Container)
16-Oct-2018 15:03:11.583 INFO [localhost-startStop-1] org.apache.openejb.core.managed.SimplePassivater.init Using directory C:\Projects\KP_WME\CSR_Server\temp for stateful session passivation
16-Oct-2018 15:03:11.703 INFO [localhost-startStop-1] org.apache.openejb.config.AppInfoBuilder.build Enterprise application "C:\Projects\KP_WME\CSR_Server\webapps\csr-server" loaded.
16-Oct-2018 15:03:11.901 INFO [localhost-startStop-1] org.apache.openejb.assembler.classic.Assembler.createApplication Assembling app: C:\Projects\KP_WME\CSR_Server\webapps\csr-server
16-Oct-2018 15:03:11.916 INFO [localhost-startStop-1] org.apache.openejb.util.OptionsLog.info Using 'AsynchronousPool.Size=15'
16-Oct-2018 15:03:11.917 INFO [localhost-startStop-1] org.apache.openejb.util.OptionsLog.info Using 'AsynchronousPool.MaximumPoolSize=25'
16-Oct-2018 15:03:11.917 INFO [localhost-startStop-1] org.apache.openejb.util.OptionsLog.info Using 'AsynchronousPool.QueueSize=10'
16-Oct-2018 15:03:14.722 INFO [localhost-startStop-1] org.apache.openejb.assembler.classic.JndiBuilder.bind Jndi(name=RuntimeManagerLocalBean) --> Ejb(deployment-id=RuntimeManager)
16-Oct-2018 15:03:14.722 INFO [localhost-startStop-1] org.apache.openejb.assembler.classic.JndiBuilder.bind Jndi(name=global/csr-server/RuntimeManager!de.tudresden.inf.documa.runtime.RuntimeManager) --> Ejb(deployment-id=RuntimeManager)
16-Oct-2018 15:03:14.726 INFO [localhost-startStop-1] org.apache.openejb.assembler.classic.JndiBuilder.bind Jndi(name=RuntimeManagerLocal) --> Ejb(deployment-id=RuntimeManager)
16-Oct-2018 15:03:14.726 INFO [localhost-startStop-1] org.apache.openejb.assembler.classic.JndiBuilder.bind Jndi(name=global/csr-server/RuntimeManager!de.tudresden.inf.documa.communication.messaging.ClientSessionListener) --> Ejb(deployment-id=RuntimeManager)
16-Oct-2018 15:03:14.726 INFO [localhost-startStop-1] org.apache.openejb.assembler.classic.JndiBuilder.bind Jndi(name=global/csr-server/RuntimeManager) --> Ejb(deployment-id=RuntimeManager)
16-Oct-2018 15:03:14.726 INFO [localhost-startStop-1] org.apache.openejb.assembler.classic.JndiBuilder.bind Jndi(name=ContextManagerImplLocal) --> Ejb(deployment-id=ContextManagerImpl)
16-Oct-2018 15:03:14.726 INFO [localhost-startStop-1] org.apache.openejb.assembler.classic.JndiBuilder.bind Jndi(name=global/csr-server/ContextManagerImpl!de.tudresden.inf.documa.context.ContextManager) --> Ejb(deployment-id=ContextManagerImpl)
16-Oct-2018 15:03:14.727 INFO [localhost-startStop-1] org.apache.openejb.assembler.classic.JndiBuilder.bind Jndi(name=global/csr-server/ContextManagerImpl) --> Ejb(deployment-id=ContextManagerImpl)
16-Oct-2018 15:03:14.727 INFO [localhost-startStop-1] org.apache.openejb.assembler.classic.JndiBuilder.bind Jndi(name=ClientSessionFactoryImplLocal) --> Ejb(deployment-id=ClientSessionFactoryImpl)
16-Oct-2018 15:03:14.727 INFO [localhost-startStop-1] org.apache.openejb.assembler.classic.JndiBuilder.bind Jndi(name=global/csr-server/ClientSessionFactoryImpl!de.tudresden.inf.documa.communication.messaging.ClientSessionFactory) --> Ejb(deployment-id=ClientSessionFactoryImpl)
16-Oct-2018 15:03:14.727 INFO [localhost-startStop-1] org.apache.openejb.assembler.classic.JndiBuilder.bind Jndi(name=global/csr-server/ClientSessionFactoryImpl) --> Ejb(deployment-id=ClientSessionFactoryImpl)
16-Oct-2018 15:03:14.727 INFO [localhost-startStop-1] org.apache.openejb.assembler.classic.JndiBuilder.bind Jndi(name=SmcdCacheImplLocal) --> Ejb(deployment-id=SmcdCacheImpl)
16-Oct-2018 15:03:14.727 INFO [localhost-startStop-1] org.apache.openejb.assembler.classic.JndiBuilder.bind Jndi(name=global/csr-server/SmcdCacheImpl!de.tudresden.inf.documa.utility.SmcdCache) --> Ejb(deployment-id=SmcdCacheImpl)
16-Oct-2018 15:03:14.727 INFO [localhost-startStop-1] org.apache.openejb.assembler.classic.JndiBuilder.bind Jndi(name=global/csr-server/SmcdCacheImpl) --> Ejb(deployment-id=SmcdCacheImpl)
16-Oct-2018 15:03:14.728 INFO [localhost-startStop-1] org.apache.openejb.assembler.classic.JndiBuilder.bind Jndi(name=DeviceServiceManagerImplLocal) --> Ejb(deployment-id=DeviceServiceManagerImpl)
16-Oct-2018 15:03:14.728 INFO [localhost-startStop-1] org.apache.openejb.assembler.classic.JndiBuilder.bind Jndi(name=global/csr-server/DeviceServiceManagerImpl!de.tudresden.inf.documa.services.DeviceServiceManager) --> Ejb(deployment-id=DeviceServiceManagerImpl)
16-Oct-2018 15:03:14.728 INFO [localhost-startStop-1] org.apache.openejb.assembler.classic.JndiBuilder.bind Jndi(name=global/csr-server/DeviceServiceManagerImpl) --> Ejb(deployment-id=DeviceServiceManagerImpl)
16-Oct-2018 15:03:14.728 INFO [localhost-startStop-1] org.apache.openejb.assembler.classic.JndiBuilder.bind Jndi(name=ApolloMessageBrokerImplLocal) --> Ejb(deployment-id=ApolloMessageBrokerImpl)
16-Oct-2018 15:03:14.728 INFO [localhost-startStop-1] org.apache.openejb.assembler.classic.JndiBuilder.bind Jndi(name=global/csr-server/ApolloMessageBrokerImpl!de.tudresden.inf.documa.communication.messaging.MessageBroker) --> Ejb(deployment-id=ApolloMessageBrokerImpl)
16-Oct-2018 15:03:14.728 INFO [localhost-startStop-1] org.apache.openejb.assembler.classic.JndiBuilder.bind Jndi(name=global/csr-server/ApolloMessageBrokerImpl) --> Ejb(deployment-id=ApolloMessageBrokerImpl)
16-Oct-2018 15:03:14.729 INFO [localhost-startStop-1] org.apache.openejb.assembler.classic.JndiBuilder.bind Jndi(name=DeviceRoleRepositoryImplLocal) --> Ejb(deployment-id=DeviceRoleRepositoryImpl)
16-Oct-2018 15:03:14.729 INFO [localhost-startStop-1] org.apache.openejb.assembler.classic.JndiBuilder.bind Jndi(name=global/csr-server/DeviceRoleRepositoryImpl!de.tudresden.inf.documa.registry.role.DeviceRoleRepository) --> Ejb(deployment-id=DeviceRoleRepositoryImpl)
16-Oct-2018 15:03:14.729 INFO [localhost-startStop-1] org.apache.openejb.assembler.classic.JndiBuilder.bind Jndi(name=global/csr-server/DeviceRoleRepositoryImpl!de.tudresden.inf.documa.registry.role.JSONRoleRepository) --> Ejb(deployment-id=DeviceRoleRepositoryImpl)
16-Oct-2018 15:03:14.729 INFO [localhost-startStop-1] org.apache.openejb.assembler.classic.JndiBuilder.bind Jndi(name=global/csr-server/DeviceRoleRepositoryImpl) --> Ejb(deployment-id=DeviceRoleRepositoryImpl)
16-Oct-2018 15:03:14.729 INFO [localhost-startStop-1] org.apache.openejb.assembler.classic.JndiBuilder.bind Jndi(name=AccessControlManagerFactoryLocal) --> Ejb(deployment-id=AccessControlManagerFactory)
16-Oct-2018 15:03:14.729 INFO [localhost-startStop-1] org.apache.openejb.assembler.classic.JndiBuilder.bind Jndi(name=global/csr-server/AccessControlManagerFactory!de.tudresden.inf.documa.application.collaboration.AccessControlManagerFactory) --> Ejb(deployment-id=AccessControlManagerFactory)
16-Oct-2018 15:03:14.729 INFO [localhost-startStop-1] org.apache.openejb.assembler.classic.JndiBuilder.bind Jndi(name=global/csr-server/AccessControlManagerFactory) --> Ejb(deployment-id=AccessControlManagerFactory)
16-Oct-2018 15:03:14.730 INFO [localhost-startStop-1] org.apache.openejb.assembler.classic.JndiBuilder.bind Jndi(name=MemoryClientRegistryServiceLocal) --> Ejb(deployment-id=MemoryClientRegistryService)
16-Oct-2018 15:03:14.730 INFO [localhost-startStop-1] org.apache.openejb.assembler.classic.JndiBuilder.bind Jndi(name=global/csr-server/MemoryClientRegistryService!de.tudresden.inf.documa.registry.ClientRegistryService) --> Ejb(deployment-id=MemoryClientRegistryService)
16-Oct-2018 15:03:14.730 INFO [localhost-startStop-1] org.apache.openejb.assembler.classic.JndiBuilder.bind Jndi(name=global/csr-server/MemoryClientRegistryService) --> Ejb(deployment-id=MemoryClientRegistryService)
16-Oct-2018 15:03:14.730 INFO [localhost-startStop-1] org.apache.openejb.assembler.classic.JndiBuilder.bind Jndi(name=ApplicationManagerFactoryLocal) --> Ejb(deployment-id=ApplicationManagerFactory)
16-Oct-2018 15:03:14.730 INFO [localhost-startStop-1] org.apache.openejb.assembler.classic.JndiBuilder.bind Jndi(name=global/csr-server/ApplicationManagerFactory!de.tudresden.inf.documa.application.ApplicationManagerFactory) --> Ejb(deployment-id=ApplicationManagerFactory)
16-Oct-2018 15:03:14.730 INFO [localhost-startStop-1] org.apache.openejb.assembler.classic.JndiBuilder.bind Jndi(name=global/csr-server/ApplicationManagerFactory) --> Ejb(deployment-id=ApplicationManagerFactory)
16-Oct-2018 15:03:14.731 INFO [localhost-startStop-1] org.apache.openejb.assembler.classic.JndiBuilder.bind Jndi(name=ServiceAccessImplLocal) --> Ejb(deployment-id=ServiceAccessImpl)
16-Oct-2018 15:03:14.731 INFO [localhost-startStop-1] org.apache.openejb.assembler.classic.JndiBuilder.bind Jndi(name=global/csr-server/ServiceAccessImpl!de.tudresden.inf.documa.communication.messaging.ServiceAccess) --> Ejb(deployment-id=ServiceAccessImpl)
16-Oct-2018 15:03:14.731 INFO [localhost-startStop-1] org.apache.openejb.assembler.classic.JndiBuilder.bind Jndi(name=global/csr-server/ServiceAccessImpl) --> Ejb(deployment-id=ServiceAccessImpl)
16-Oct-2018 15:03:14.731 INFO [localhost-startStop-1] org.apache.openejb.assembler.classic.JndiBuilder.bind Jndi(name=CoRepositoryImplLocal) --> Ejb(deployment-id=CoRepositoryImpl)
16-Oct-2018 15:03:14.731 INFO [localhost-startStop-1] org.apache.openejb.assembler.classic.JndiBuilder.bind Jndi(name=global/csr-server/CoRepositoryImpl!de.tudresden.inf.documa.repository.CoRepository) --> Ejb(deployment-id=CoRepositoryImpl)
16-Oct-2018 15:03:14.731 INFO [localhost-startStop-1] org.apache.openejb.assembler.classic.JndiBuilder.bind Jndi(name=global/csr-server/CoRepositoryImpl) --> Ejb(deployment-id=CoRepositoryImpl)
16-Oct-2018 15:03:14.731 INFO [localhost-startStop-1] org.apache.openejb.assembler.classic.JndiBuilder.bind Jndi(name=DistributionServiceImplLocal) --> Ejb(deployment-id=DistributionServiceImpl)
16-Oct-2018 15:03:14.732 INFO [localhost-startStop-1] org.apache.openejb.assembler.classic.JndiBuilder.bind Jndi(name=global/csr-server/DistributionServiceImpl!de.tudresden.inf.documa.repository.DistributionService) --> Ejb(deployment-id=DistributionServiceImpl)
16-Oct-2018 15:03:14.732 INFO [localhost-startStop-1] org.apache.openejb.assembler.classic.JndiBuilder.bind Jndi(name=global/csr-server/DistributionServiceImpl) --> Ejb(deployment-id=DistributionServiceImpl)
16-Oct-2018 15:03:14.732 INFO [localhost-startStop-1] org.apache.openejb.assembler.classic.JndiBuilder.bind Jndi(name=TriggerRequestProcessorImplLocal) --> Ejb(deployment-id=TriggerRequestProcessorImpl)
16-Oct-2018 15:03:14.733 INFO [localhost-startStop-1] org.apache.openejb.assembler.classic.JndiBuilder.bind Jndi(name=global/csr-server/TriggerRequestProcessorImpl!de.tudresden.inf.documa.application.recommendation.trigger.TriggerRequestProcessor) --> Ejb(deployment-id=TriggerRequestProcessorImpl)
16-Oct-2018 15:03:14.733 INFO [localhost-startStop-1] org.apache.openejb.assembler.classic.JndiBuilder.bind Jndi(name=global/csr-server/TriggerRequestProcessorImpl) --> Ejb(deployment-id=TriggerRequestProcessorImpl)
16-Oct-2018 15:03:14.734 INFO [localhost-startStop-1] org.apache.openejb.assembler.classic.JndiBuilder.bind Jndi(name=AppReLocal) --> Ejb(deployment-id=AppRe)
16-Oct-2018 15:03:14.735 INFO [localhost-startStop-1] org.apache.openejb.assembler.classic.JndiBuilder.bind Jndi(name=global/csr-server/AppRe!de.tudresden.inf.documa.repository.AppRepository) --> Ejb(deployment-id=AppRe)
16-Oct-2018 15:03:14.735 INFO [localhost-startStop-1] org.apache.openejb.assembler.classic.JndiBuilder.bind Jndi(name=global/csr-server/AppRe) --> Ejb(deployment-id=AppRe)
16-Oct-2018 15:03:14.735 INFO [localhost-startStop-1] org.apache.openejb.assembler.classic.JndiBuilder.bind Jndi(name=TemplateResponseHandlerLocal) --> Ejb(deployment-id=TemplateResponseHandler)
16-Oct-2018 15:03:14.736 INFO [localhost-startStop-1] org.apache.openejb.assembler.classic.JndiBuilder.bind Jndi(name=global/csr-server/TemplateResponseHandler!de.tudresden.inf.documa.application.ResponseHandler) --> Ejb(deployment-id=TemplateResponseHandler)
16-Oct-2018 15:03:14.736 INFO [localhost-startStop-1] org.apache.openejb.assembler.classic.JndiBuilder.bind Jndi(name=global/csr-server/TemplateResponseHandler) --> Ejb(deployment-id=TemplateResponseHandler)
16-Oct-2018 15:03:14.737 INFO [localhost-startStop-1] org.apache.openejb.assembler.classic.JndiBuilder.bind Jndi(name=RecommendationServiceImplLocal) --> Ejb(deployment-id=RecommendationServiceImpl)
16-Oct-2018 15:03:14.737 INFO [localhost-startStop-1] org.apache.openejb.assembler.classic.JndiBuilder.bind Jndi(name=global/csr-server/RecommendationServiceImpl!de.tudresden.inf.documa.repository.RecommendationService) --> Ejb(deployment-id=RecommendationServiceImpl)
16-Oct-2018 15:03:14.737 INFO [localhost-startStop-1] org.apache.openejb.assembler.classic.JndiBuilder.bind Jndi(name=global/csr-server/RecommendationServiceImpl) --> Ejb(deployment-id=RecommendationServiceImpl)
16-Oct-2018 15:03:14.738 INFO [localhost-startStop-1] org.apache.openejb.assembler.classic.JndiBuilder.bind Jndi(name=IdResponseHandlerLocal) --> Ejb(deployment-id=IdResponseHandler)
16-Oct-2018 15:03:14.738 INFO [localhost-startStop-1] org.apache.openejb.assembler.classic.JndiBuilder.bind Jndi(name=global/csr-server/IdResponseHandler!de.tudresden.inf.documa.application.ResponseHandler) --> Ejb(deployment-id=IdResponseHandler)
16-Oct-2018 15:03:14.738 INFO [localhost-startStop-1] org.apache.openejb.assembler.classic.JndiBuilder.bind Jndi(name=global/csr-server/IdResponseHandler) --> Ejb(deployment-id=IdResponseHandler)
16-Oct-2018 15:03:14.738 INFO [localhost-startStop-1] org.apache.openejb.assembler.classic.JndiBuilder.bind Jndi(name=ExchangeIdResponseHandlerLocal) --> Ejb(deployment-id=ExchangeIdResponseHandler)
16-Oct-2018 15:03:14.739 INFO [localhost-startStop-1] org.apache.openejb.assembler.classic.JndiBuilder.bind Jndi(name=global/csr-server/ExchangeIdResponseHandler!de.tudresden.inf.documa.application.ResponseHandler) --> Ejb(deployment-id=ExchangeIdResponseHandler)
16-Oct-2018 15:03:14.739 INFO [localhost-startStop-1] org.apache.openejb.assembler.classic.JndiBuilder.bind Jndi(name=global/csr-server/ExchangeIdResponseHandler) --> Ejb(deployment-id=ExchangeIdResponseHandler)
16-Oct-2018 15:03:14.739 INFO [localhost-startStop-1] org.apache.openejb.assembler.classic.JndiBuilder.bind Jndi(name=ResponderLocalBean) --> Ejb(deployment-id=Responder)
16-Oct-2018 15:03:14.739 INFO [localhost-startStop-1] org.apache.openejb.assembler.classic.JndiBuilder.bind Jndi(name=global/csr-server/Responder!de.tudresden.inf.documa.communication.messaging.Responder) --> Ejb(deployment-id=Responder)
16-Oct-2018 15:03:14.740 INFO [localhost-startStop-1] org.apache.openejb.assembler.classic.JndiBuilder.bind Jndi(name=global/csr-server/Responder) --> Ejb(deployment-id=Responder)
16-Oct-2018 15:03:14.742 INFO [localhost-startStop-1] org.apache.openejb.assembler.classic.JndiBuilder.bind Jndi(name=LayoutModelInterpreterLocal) --> Ejb(deployment-id=LayoutModelInterpreter)
16-Oct-2018 15:03:14.742 INFO [localhost-startStop-1] org.apache.openejb.assembler.classic.JndiBuilder.bind Jndi(name=global/csr-server/LayoutModelInterpreter!de.tudresden.inf.documa.application.interpretation.ModelInterpreter) --> Ejb(deployment-id=LayoutModelInterpreter)
16-Oct-2018 15:03:14.743 INFO [localhost-startStop-1] org.apache.openejb.assembler.classic.JndiBuilder.bind Jndi(name=global/csr-server/LayoutModelInterpreter!de.tudresden.inf.documa.application.interpretation.LayoutModelInterpreter) --> Ejb(deployment-id=LayoutModelInterpreter)
16-Oct-2018 15:03:14.743 INFO [localhost-startStop-1] org.apache.openejb.assembler.classic.JndiBuilder.bind Jndi(name=global/csr-server/LayoutModelInterpreter) --> Ejb(deployment-id=LayoutModelInterpreter)
16-Oct-2018 15:03:14.743 INFO [localhost-startStop-1] org.apache.openejb.assembler.classic.JndiBuilder.bind Jndi(name=ConceptualModelInterpreterImplLocal) --> Ejb(deployment-id=ConceptualModelInterpreterImpl)
16-Oct-2018 15:03:14.743 INFO [localhost-startStop-1] org.apache.openejb.assembler.classic.JndiBuilder.bind Jndi(name=global/csr-server/ConceptualModelInterpreterImpl!de.tudresden.inf.documa.application.interpretation.ConceptualModelInterpreter) --> Ejb(deployment-id=ConceptualModelInterpreterImpl)
16-Oct-2018 15:03:14.744 INFO [localhost-startStop-1] org.apache.openejb.assembler.classic.JndiBuilder.bind Jndi(name=global/csr-server/ConceptualModelInterpreterImpl) --> Ejb(deployment-id=ConceptualModelInterpreterImpl)
16-Oct-2018 15:03:14.744 INFO [localhost-startStop-1] org.apache.openejb.assembler.classic.JndiBuilder.bind Jndi(name=RecommendationManagerImplLocal) --> Ejb(deployment-id=RecommendationManagerImpl)
16-Oct-2018 15:03:14.744 INFO [localhost-startStop-1] org.apache.openejb.assembler.classic.JndiBuilder.bind Jndi(name=global/csr-server/RecommendationManagerImpl!de.tudresden.inf.documa.application.recommendation.RecommendationManager) --> Ejb(deployment-id=RecommendationManagerImpl)
16-Oct-2018 15:03:14.744 INFO [localhost-startStop-1] org.apache.openejb.assembler.classic.JndiBuilder.bind Jndi(name=global/csr-server/RecommendationManagerImpl) --> Ejb(deployment-id=RecommendationManagerImpl)
16-Oct-2018 15:03:14.745 INFO [localhost-startStop-1] org.apache.openejb.assembler.classic.JndiBuilder.bind Jndi(name=AwarenessManagerImplLocal) --> Ejb(deployment-id=AwarenessManagerImpl)
16-Oct-2018 15:03:14.745 INFO [localhost-startStop-1] org.apache.openejb.assembler.classic.JndiBuilder.bind Jndi(name=global/csr-server/AwarenessManagerImpl!de.tudresden.inf.documa.application.collaboration.AwarenessManager) --> Ejb(deployment-id=AwarenessManagerImpl)
16-Oct-2018 15:03:14.745 INFO [localhost-startStop-1] org.apache.openejb.assembler.classic.JndiBuilder.bind Jndi(name=global/csr-server/AwarenessManagerImpl) --> Ejb(deployment-id=AwarenessManagerImpl)
16-Oct-2018 15:03:14.746 INFO [localhost-startStop-1] org.apache.openejb.assembler.classic.JndiBuilder.bind Jndi(name=DistributionManagerImplLocal) --> Ejb(deployment-id=DistributionManagerImpl)
16-Oct-2018 15:03:14.746 INFO [localhost-startStop-1] org.apache.openejb.assembler.classic.JndiBuilder.bind Jndi(name=global/csr-server/DistributionManagerImpl!de.tudresden.inf.documa.application.distribution.DistributionManager) --> Ejb(deployment-id=DistributionManagerImpl)
16-Oct-2018 15:03:14.746 INFO [localhost-startStop-1] org.apache.openejb.assembler.classic.JndiBuilder.bind Jndi(name=global/csr-server/DistributionManagerImpl) --> Ejb(deployment-id=DistributionManagerImpl)
16-Oct-2018 15:03:14.747 INFO [localhost-startStop-1] org.apache.openejb.assembler.classic.JndiBuilder.bind Jndi(name=CommunicationManagerImplLocal) --> Ejb(deployment-id=CommunicationManagerImpl)
16-Oct-2018 15:03:14.747 INFO [localhost-startStop-1] org.apache.openejb.assembler.classic.JndiBuilder.bind Jndi(name=global/csr-server/CommunicationManagerImpl!de.tudresden.inf.documa.application.CommunicationManager) --> Ejb(deployment-id=CommunicationManagerImpl)
16-Oct-2018 15:03:14.748 INFO [localhost-startStop-1] org.apache.openejb.assembler.classic.JndiBuilder.bind Jndi(name=global/csr-server/CommunicationManagerImpl) --> Ejb(deployment-id=CommunicationManagerImpl)
16-Oct-2018 15:03:14.748 INFO [localhost-startStop-1] org.apache.openejb.assembler.classic.JndiBuilder.bind Jndi(name=DummyLocal) --> Ejb(deployment-id=Dummy)
16-Oct-2018 15:03:14.748 INFO [localhost-startStop-1] org.apache.openejb.assembler.classic.JndiBuilder.bind Jndi(name=global/csr-server/Dummy!de.tudresden.inf.documa.application.recommendation.distribution.DistributionRecommender) --> Ejb(deployment-id=Dummy)
16-Oct-2018 15:03:14.749 INFO [localhost-startStop-1] org.apache.openejb.assembler.classic.JndiBuilder.bind Jndi(name=global/csr-server/Dummy) --> Ejb(deployment-id=Dummy)
16-Oct-2018 15:03:14.749 INFO [localhost-startStop-1] org.apache.openejb.assembler.classic.JndiBuilder.bind Jndi(name=EventDispatcherImplLocal) --> Ejb(deployment-id=EventDispatcherImpl)
16-Oct-2018 15:03:14.749 INFO [localhost-startStop-1] org.apache.openejb.assembler.classic.JndiBuilder.bind Jndi(name=global/csr-server/EventDispatcherImpl!de.tudresden.inf.documa.application.messaging.events.EventDispatcher) --> Ejb(deployment-id=EventDispatcherImpl)
16-Oct-2018 15:03:14.749 INFO [localhost-startStop-1] org.apache.openejb.assembler.classic.JndiBuilder.bind Jndi(name=global/csr-server/EventDispatcherImpl) --> Ejb(deployment-id=EventDispatcherImpl)
16-Oct-2018 15:03:14.750 INFO [localhost-startStop-1] org.apache.openejb.assembler.classic.JndiBuilder.bind Jndi(name=AccessControlManagerImplLocal) --> Ejb(deployment-id=AccessControlManagerImpl)
16-Oct-2018 15:03:14.750 INFO [localhost-startStop-1] org.apache.openejb.assembler.classic.JndiBuilder.bind Jndi(name=global/csr-server/AccessControlManagerImpl!de.tudresden.inf.documa.application.collaboration.AccessControlManager) --> Ejb(deployment-id=AccessControlManagerImpl)
16-Oct-2018 15:03:14.750 INFO [localhost-startStop-1] org.apache.openejb.assembler.classic.JndiBuilder.bind Jndi(name=global/csr-server/AccessControlManagerImpl) --> Ejb(deployment-id=AccessControlManagerImpl)
16-Oct-2018 15:03:14.752 INFO [localhost-startStop-1] org.apache.openejb.assembler.classic.JndiBuilder.bind Jndi(name=ApplicationManagerImplLocal) --> Ejb(deployment-id=ApplicationManagerImpl)
16-Oct-2018 15:03:14.752 INFO [localhost-startStop-1] org.apache.openejb.assembler.classic.JndiBuilder.bind Jndi(name=global/csr-server/ApplicationManagerImpl!de.tudresden.inf.documa.application.ApplicationManager) --> Ejb(deployment-id=ApplicationManagerImpl)
16-Oct-2018 15:03:14.752 INFO [localhost-startStop-1] org.apache.openejb.assembler.classic.JndiBuilder.bind Jndi(name=global/csr-server/ApplicationManagerImpl) --> Ejb(deployment-id=ApplicationManagerImpl)
16-Oct-2018 15:03:14.752 INFO [localhost-startStop-1] org.apache.openejb.assembler.classic.JndiBuilder.bind Jndi(name=DistributionRecommenderLocal) --> Ejb(deployment-id=DistributionRecommender)
16-Oct-2018 15:03:14.753 INFO [localhost-startStop-1] org.apache.openejb.assembler.classic.JndiBuilder.bind Jndi(name=global/csr-server/DistributionRecommender!de.tudresden.inf.documa.application.recommendation.distribution.DistributionRecommender) --> Ejb(deployment-id=DistributionRecommender)
16-Oct-2018 15:03:14.753 INFO [localhost-startStop-1] org.apache.openejb.assembler.classic.JndiBuilder.bind Jndi(name=global/csr-server/DistributionRecommender) --> Ejb(deployment-id=DistributionRecommender)
16-Oct-2018 15:03:14.753 INFO [localhost-startStop-1] org.apache.openejb.assembler.classic.JndiBuilder.bind Jndi(name=DistributionModelInterpreterImplLocal) --> Ejb(deployment-id=DistributionModelInterpreterImpl)
16-Oct-2018 15:03:14.753 INFO [localhost-startStop-1] org.apache.openejb.assembler.classic.JndiBuilder.bind Jndi(name=global/csr-server/DistributionModelInterpreterImpl!de.tudresden.inf.documa.application.interpretation.DistributionModelInterpreter) --> Ejb(deployment-id=DistributionModelInterpreterImpl)
16-Oct-2018 15:03:14.753 INFO [localhost-startStop-1] org.apache.openejb.assembler.classic.JndiBuilder.bind Jndi(name=global/csr-server/DistributionModelInterpreterImpl) --> Ejb(deployment-id=DistributionModelInterpreterImpl)
16-Oct-2018 15:03:14.754 INFO [localhost-startStop-1] org.apache.openejb.assembler.classic.JndiBuilder.bind Jndi(name=TriggerManagerImplLocal) --> Ejb(deployment-id=TriggerManagerImpl)
16-Oct-2018 15:03:14.754 INFO [localhost-startStop-1] org.apache.openejb.assembler.classic.JndiBuilder.bind Jndi(name=global/csr-server/TriggerManagerImpl!de.tudresden.inf.documa.application.recommendation.trigger.TriggerManager) --> Ejb(deployment-id=TriggerManagerImpl)
16-Oct-2018 15:03:14.754 INFO [localhost-startStop-1] org.apache.openejb.assembler.classic.JndiBuilder.bind Jndi(name=global/csr-server/TriggerManagerImpl) --> Ejb(deployment-id=TriggerManagerImpl)
16-Oct-2018 15:03:14.754 INFO [localhost-startStop-1] org.apache.openejb.assembler.classic.JndiBuilder.bind Jndi(name=EventBrokerImplLocal) --> Ejb(deployment-id=EventBrokerImpl)
16-Oct-2018 15:03:14.754 INFO [localhost-startStop-1] org.apache.openejb.assembler.classic.JndiBuilder.bind Jndi(name=global/csr-server/EventBrokerImpl!de.tudresden.inf.documa.application.messaging.EventBroker) --> Ejb(deployment-id=EventBrokerImpl)
16-Oct-2018 15:03:14.754 INFO [localhost-startStop-1] org.apache.openejb.assembler.classic.JndiBuilder.bind Jndi(name=global/csr-server/EventBrokerImpl) --> Ejb(deployment-id=EventBrokerImpl)
16-Oct-2018 15:03:14.755 INFO [localhost-startStop-1] org.apache.openejb.assembler.classic.JndiBuilder.bind Jndi(name=ChannelCommunicationModelInterpreterLocal) --> Ejb(deployment-id=ChannelCommunicationModelInterpreter)
16-Oct-2018 15:03:14.755 INFO [localhost-startStop-1] org.apache.openejb.assembler.classic.JndiBuilder.bind Jndi(name=global/csr-server/ChannelCommunicationModelInterpreter!de.tudresden.inf.documa.application.interpretation.CommunicationModelInterpreter) --> Ejb(deployment-id=ChannelCommunicationModelInterpreter)
16-Oct-2018 15:03:14.755 INFO [localhost-startStop-1] org.apache.openejb.assembler.classic.JndiBuilder.bind Jndi(name=global/csr-server/ChannelCommunicationModelInterpreter) --> Ejb(deployment-id=ChannelCommunicationModelInterpreter)
16-Oct-2018 15:03:14.756 INFO [localhost-startStop-1] org.apache.openejb.assembler.classic.JndiBuilder.bind Jndi(name=ComponentManagerImplLocal) --> Ejb(deployment-id=ComponentManagerImpl)
16-Oct-2018 15:03:14.756 INFO [localhost-startStop-1] org.apache.openejb.assembler.classic.JndiBuilder.bind Jndi(name=global/csr-server/ComponentManagerImpl!de.tudresden.inf.documa.application.ComponentManager) --> Ejb(deployment-id=ComponentManagerImpl)
16-Oct-2018 15:03:14.756 INFO [localhost-startStop-1] org.apache.openejb.assembler.classic.JndiBuilder.bind Jndi(name=global/csr-server/ComponentManagerImpl!de.tudresden.inf.documa.application.interpretation.ModelInterpreter) --> Ejb(deployment-id=ComponentManagerImpl)
16-Oct-2018 15:03:14.756 INFO [localhost-startStop-1] org.apache.openejb.assembler.classic.JndiBuilder.bind Jndi(name=global/csr-server/ComponentManagerImpl) --> Ejb(deployment-id=ComponentManagerImpl)
16-Oct-2018 15:03:14.815 INFO [localhost-startStop-1] org.apache.openejb.cdi.CdiBuilder.initSingleton Existing thread singleton service in SystemInstance(): org.apache.openejb.cdi.ThreadSingletonServiceImpl@2b6faea6
16-Oct-2018 15:03:15.322 INFO [localhost-startStop-1] org.apache.openejb.cdi.OpenEJBLifecycle.startApplication OpenWebBeans Container is starting...
16-Oct-2018 15:03:15.336 INFO [localhost-startStop-1] org.apache.webbeans.plugins.PluginLoader.startUp Adding OpenWebBeansPlugin : [CdiPlugin]
16-Oct-2018 15:03:15.344 INFO [localhost-startStop-1] org.apache.openejb.cdi.CdiScanner.handleBda Using annotated mode for file:/C:/Projects/KP_WME/CSR_Server/webapps/csr-server/WEB-INF/lib/csr-util-0.0.1.jar looking all classes to find CDI beans, maybe think to add a beans.xml if not there or add the jar to exclusions.list
16-Oct-2018 15:03:15.349 INFO [localhost-startStop-1] org.apache.openejb.cdi.CdiScanner.handleBda Using annotated mode for file:/C:/Projects/KP_WME/CSR_Server/webapps/csr-server/WEB-INF/lib/csr-discovery-0.0.1.jar looking all classes to find CDI beans, maybe think to add a beans.xml if not there or add the jar to exclusions.list
16-Oct-2018 15:03:15.355 INFO [localhost-startStop-1] org.apache.openejb.cdi.CdiScanner.handleBda Using annotated mode for file:/C:/Projects/KP_WME/CSR_Server/webapps/csr-server/WEB-INF/lib/csr-runtime-0.0.1.jar looking all classes to find CDI beans, maybe think to add a beans.xml if not there or add the jar to exclusions.list
16-Oct-2018 15:03:15.375 INFO [localhost-startStop-1] org.apache.openejb.cdi.CdiScanner.handleBda Using annotated mode for file:/C:/Projects/KP_WME/CSR_Server/webapps/csr-server/WEB-INF/lib/csr-services-0.0.1.jar looking all classes to find CDI beans, maybe think to add a beans.xml if not there or add the jar to exclusions.list
16-Oct-2018 15:03:15.391 INFO [localhost-startStop-1] org.apache.openejb.cdi.CdiScanner.handleBda Using annotated mode for file:/C:/Projects/KP_WME/CSR_Server/webapps/csr-server/WEB-INF/lib/csr-communication-0.0.1.jar looking all classes to find CDI beans, maybe think to add a beans.xml if not there or add the jar to exclusions.list
16-Oct-2018 15:03:16.099 INFO [localhost-startStop-1] org.apache.webbeans.config.BeansDeployer.validateInjectionPoints All injection points were validated successfully.
16-Oct-2018 15:03:16.110 INFO [localhost-startStop-1] org.apache.openejb.cdi.OpenEJBLifecycle.startApplication OpenWebBeans Container has started, it took 788 ms.
16-Oct-2018 15:03:16.118 INFO [localhost-startStop-1] org.apache.openejb.assembler.classic.Assembler.startEjbs Created Ejb(deployment-id=RecommendationManagerImpl, ejb-name=RecommendationManagerImpl, container=Default Stateful Container)
16-Oct-2018 15:03:16.119 INFO [localhost-startStop-1] org.apache.openejb.assembler.classic.Assembler.startEjbs Created Ejb(deployment-id=EventDispatcherImpl, ejb-name=EventDispatcherImpl, container=Default Stateful Container)
16-Oct-2018 15:03:16.120 INFO [localhost-startStop-1] org.apache.openejb.assembler.classic.Assembler.startEjbs Created Ejb(deployment-id=ApplicationManagerImpl, ejb-name=ApplicationManagerImpl, container=Default Stateful Container)
16-Oct-2018 15:03:16.121 INFO [localhost-startStop-1] org.apache.openejb.assembler.classic.Assembler.startEjbs Created Ejb(deployment-id=DistributionServiceImpl, ejb-name=DistributionServiceImpl, container=Default Stateless Container)
16-Oct-2018 15:03:16.122 INFO [localhost-startStop-1] org.apache.openejb.assembler.classic.Assembler.startEjbs Created Ejb(deployment-id=RecommendationServiceImpl, ejb-name=RecommendationServiceImpl, container=Default Stateless Container)
16-Oct-2018 15:03:16.124 INFO [localhost-startStop-1] org.apache.openejb.assembler.classic.Assembler.startEjbs Created Ejb(deployment-id=TriggerManagerImpl, ejb-name=TriggerManagerImpl, container=Default Stateful Container)
16-Oct-2018 15:03:16.127 INFO [localhost-startStop-1] org.apache.openejb.assembler.classic.Assembler.startEjbs Created Ejb(deployment-id=LayoutModelInterpreter, ejb-name=LayoutModelInterpreter, container=Default Stateful Container)
16-Oct-2018 15:03:16.128 INFO [localhost-startStop-1] org.apache.openejb.assembler.classic.Assembler.startEjbs Created Ejb(deployment-id=DistributionManagerImpl, ejb-name=DistributionManagerImpl, container=Default Stateful Container)
16-Oct-2018 15:03:16.129 INFO [localhost-startStop-1] org.apache.openejb.assembler.classic.Assembler.startEjbs Created Ejb(deployment-id=IdResponseHandler, ejb-name=IdResponseHandler, container=Default Stateless Container)
16-Oct-2018 15:03:16.131 INFO [localhost-startStop-1] org.apache.openejb.assembler.classic.Assembler.startEjbs Created Ejb(deployment-id=CoRepositoryImpl, ejb-name=CoRepositoryImpl, container=Default Stateless Container)
16-Oct-2018 15:03:16.131 INFO [localhost-startStop-1] org.apache.openejb.assembler.classic.Assembler.startEjbs Created Ejb(deployment-id=AppRe, ejb-name=AppRe, container=Default Stateless Container)
16-Oct-2018 15:03:16.132 INFO [localhost-startStop-1] org.apache.openejb.assembler.classic.Assembler.startEjbs Created Ejb(deployment-id=TemplateResponseHandler, ejb-name=TemplateResponseHandler, container=Default Stateless Container)
16-Oct-2018 15:03:16.132 INFO [localhost-startStop-1] org.apache.openejb.assembler.classic.Assembler.startEjbs Created Ejb(deployment-id=ExchangeIdResponseHandler, ejb-name=ExchangeIdResponseHandler, container=Default Stateless Container)
16-Oct-2018 15:03:16.134 INFO [localhost-startStop-1] org.apache.openejb.assembler.classic.Assembler.startEjbs Created Ejb(deployment-id=DistributionModelInterpreterImpl, ejb-name=DistributionModelInterpreterImpl, container=Default Stateful Container)
16-Oct-2018 15:03:16.136 INFO [localhost-startStop-1] org.apache.openejb.assembler.classic.Assembler.startEjbs Created Ejb(deployment-id=AccessControlManagerImpl, ejb-name=AccessControlManagerImpl, container=Default Stateful Container)
16-Oct-2018 15:03:16.136 INFO [localhost-startStop-1] org.apache.openejb.assembler.classic.Assembler.startEjbs Created Ejb(deployment-id=TriggerRequestProcessorImpl, ejb-name=TriggerRequestProcessorImpl, container=Default Stateless Container)
16-Oct-2018 15:03:16.138 INFO [localhost-startStop-1] org.apache.openejb.assembler.classic.Assembler.startEjbs Created Ejb(deployment-id=AwarenessManagerImpl, ejb-name=AwarenessManagerImpl, container=Default Stateful Container)
16-Oct-2018 15:03:16.140 INFO [localhost-startStop-1] org.apache.openejb.assembler.classic.Assembler.startEjbs Created Ejb(deployment-id=ComponentManagerImpl, ejb-name=ComponentManagerImpl, container=Default Stateful Container)
16-Oct-2018 15:03:16.140 INFO [localhost-startStop-1] org.apache.openejb.assembler.classic.Assembler.startEjbs Created Ejb(deployment-id=ServiceAccessImpl, ejb-name=ServiceAccessImpl, container=Default Stateless Container)
16-Oct-2018 15:03:16.141 INFO [localhost-startStop-1] org.apache.openejb.assembler.classic.Assembler.startEjbs Created Ejb(deployment-id=CommunicationManagerImpl, ejb-name=CommunicationManagerImpl, container=Default Stateful Container)
16-Oct-2018 15:03:16.144 INFO [localhost-startStop-1] org.apache.openejb.assembler.classic.Assembler.startEjbs Created Ejb(deployment-id=ConceptualModelInterpreterImpl, ejb-name=ConceptualModelInterpreterImpl, container=Default Stateful Container)
16-Oct-2018 15:03:16.151 INFO [localhost-startStop-1] org.apache.openejb.assembler.classic.Assembler.startEjbs Created Ejb(deployment-id=ChannelCommunicationModelInterpreter, ejb-name=ChannelCommunicationModelInterpreter, container=Default Stateful Container)
16-Oct-2018 15:03:16.152 INFO [localhost-startStop-1] org.apache.openejb.assembler.classic.Assembler.startEjbs Created Ejb(deployment-id=DistributionRecommender, ejb-name=DistributionRecommender, container=Default Stateful Container)
16-Oct-2018 15:03:16.153 INFO [localhost-startStop-1] org.apache.openejb.assembler.classic.Assembler.startEjbs Created Ejb(deployment-id=Dummy, ejb-name=Dummy, container=Default Stateful Container)
16-Oct-2018 15:03:16.154 INFO [localhost-startStop-1] org.apache.openejb.assembler.classic.Assembler.startEjbs Created Ejb(deployment-id=EventBrokerImpl, ejb-name=EventBrokerImpl, container=Default Stateful Container)
16-Oct-2018 15:03:16.154 INFO [localhost-startStop-1] org.apache.openejb.assembler.classic.Assembler.startEjbs Created Ejb(deployment-id=Responder, ejb-name=Responder, container=Default Stateless Container)
16-Oct-2018 15:03:16.158 INFO [localhost-startStop-1] org.apache.openejb.assembler.classic.Assembler.startEjbs Created Ejb(deployment-id=DeviceServiceManagerImpl, ejb-name=DeviceServiceManagerImpl, container=Default Singleton Container)
16-Oct-2018 15:03:16.159 INFO [localhost-startStop-1] org.apache.openejb.assembler.classic.Assembler.startEjbs Created Ejb(deployment-id=SmcdCacheImpl, ejb-name=SmcdCacheImpl, container=Default Singleton Container)
16-Oct-2018 15:03:16.160 INFO [localhost-startStop-1] org.apache.openejb.assembler.classic.Assembler.startEjbs Created Ejb(deployment-id=ContextManagerImpl, ejb-name=ContextManagerImpl, container=Default Singleton Container)
16-Oct-2018 15:03:16.161 INFO [localhost-startStop-1] org.apache.openejb.assembler.classic.Assembler.startEjbs Created Ejb(deployment-id=MemoryClientRegistryService, ejb-name=MemoryClientRegistryService, container=Default Singleton Container)
16-Oct-2018 15:03:16.162 INFO [localhost-startStop-1] org.apache.openejb.assembler.classic.Assembler.startEjbs Created Ejb(deployment-id=ClientSessionFactoryImpl, ejb-name=ClientSessionFactoryImpl, container=Default Singleton Container)
16-Oct-2018 15:03:16.163 INFO [localhost-startStop-1] org.apache.openejb.assembler.classic.Assembler.startEjbs Created Ejb(deployment-id=ApolloMessageBrokerImpl, ejb-name=ApolloMessageBrokerImpl, container=Default Singleton Container)
16-Oct-2018 15:03:16.164 INFO [localhost-startStop-1] org.apache.openejb.assembler.classic.Assembler.startEjbs Created Ejb(deployment-id=ApplicationManagerFactory, ejb-name=ApplicationManagerFactory, container=Default Singleton Container)
16-Oct-2018 15:03:16.170 INFO [localhost-startStop-1] org.apache.openejb.assembler.classic.Assembler.startEjbs Created Ejb(deployment-id=RuntimeManager, ejb-name=RuntimeManager, container=Default Singleton Container)
16-Oct-2018 15:03:16.170 INFO [localhost-startStop-1] org.apache.openejb.assembler.classic.Assembler.startEjbs Created Ejb(deployment-id=DeviceRoleRepositoryImpl, ejb-name=DeviceRoleRepositoryImpl, container=Default Singleton Container)
16-Oct-2018 15:03:16.171 INFO [localhost-startStop-1] org.apache.openejb.assembler.classic.Assembler.startEjbs Created Ejb(deployment-id=AccessControlManagerFactory, ejb-name=AccessControlManagerFactory, container=Default Singleton Container)
16-Oct-2018 15:03:16.171 INFO [localhost-startStop-1] org.apache.openejb.assembler.classic.Assembler.startEjbs Started Ejb(deployment-id=RecommendationManagerImpl, ejb-name=RecommendationManagerImpl, container=Default Stateful Container)
16-Oct-2018 15:03:16.171 INFO [localhost-startStop-1] org.apache.openejb.assembler.classic.Assembler.startEjbs Started Ejb(deployment-id=EventDispatcherImpl, ejb-name=EventDispatcherImpl, container=Default Stateful Container)
16-Oct-2018 15:03:16.171 INFO [localhost-startStop-1] org.apache.openejb.assembler.classic.Assembler.startEjbs Started Ejb(deployment-id=ApplicationManagerImpl, ejb-name=ApplicationManagerImpl, container=Default Stateful Container)
16-Oct-2018 15:03:16.196 INFO [localhost-startStop-1] org.apache.openejb.assembler.classic.Assembler.startEjbs Started Ejb(deployment-id=DistributionServiceImpl, ejb-name=DistributionServiceImpl, container=Default Stateless Container)
16-Oct-2018 15:03:16.204 INFO [localhost-startStop-1] org.apache.openejb.assembler.classic.Assembler.startEjbs Started Ejb(deployment-id=RecommendationServiceImpl, ejb-name=RecommendationServiceImpl, container=Default Stateless Container)
16-Oct-2018 15:03:16.204 INFO [localhost-startStop-1] org.apache.openejb.assembler.classic.Assembler.startEjbs Started Ejb(deployment-id=TriggerManagerImpl, ejb-name=TriggerManagerImpl, container=Default Stateful Container)
16-Oct-2018 15:03:16.204 INFO [localhost-startStop-1] org.apache.openejb.assembler.classic.Assembler.startEjbs Started Ejb(deployment-id=LayoutModelInterpreter, ejb-name=LayoutModelInterpreter, container=Default Stateful Container)
16-Oct-2018 15:03:16.204 INFO [localhost-startStop-1] org.apache.openejb.assembler.classic.Assembler.startEjbs Started Ejb(deployment-id=DistributionManagerImpl, ejb-name=DistributionManagerImpl, container=Default Stateful Container)
16-Oct-2018 15:03:16.208 INFO [localhost-startStop-1] org.apache.openejb.assembler.classic.Assembler.startEjbs Started Ejb(deployment-id=IdResponseHandler, ejb-name=IdResponseHandler, container=Default Stateless Container)
16-Oct-2018 15:03:16.217 INFO [localhost-startStop-1] org.apache.openejb.assembler.classic.Assembler.startEjbs Started Ejb(deployment-id=CoRepositoryImpl, ejb-name=CoRepositoryImpl, container=Default Stateless Container)
16-Oct-2018 15:03:16.221 INFO [localhost-startStop-1] org.apache.openejb.assembler.classic.Assembler.startEjbs Started Ejb(deployment-id=AppRe, ejb-name=AppRe, container=Default Stateless Container)
16-Oct-2018 15:03:16.229 INFO [localhost-startStop-1] org.apache.openejb.assembler.classic.Assembler.startEjbs Started Ejb(deployment-id=TemplateResponseHandler, ejb-name=TemplateResponseHandler, container=Default Stateless Container)
16-Oct-2018 15:03:16.233 INFO [localhost-startStop-1] org.apache.openejb.assembler.classic.Assembler.startEjbs Started Ejb(deployment-id=ExchangeIdResponseHandler, ejb-name=ExchangeIdResponseHandler, container=Default Stateless Container)
16-Oct-2018 15:03:16.233 INFO [localhost-startStop-1] org.apache.openejb.assembler.classic.Assembler.startEjbs Started Ejb(deployment-id=DistributionModelInterpreterImpl, ejb-name=DistributionModelInterpreterImpl, container=Default Stateful Container)
16-Oct-2018 15:03:16.234 INFO [localhost-startStop-1] org.apache.openejb.assembler.classic.Assembler.startEjbs Started Ejb(deployment-id=AccessControlManagerImpl, ejb-name=AccessControlManagerImpl, container=Default Stateful Container)
16-Oct-2018 15:03:16.239 INFO [localhost-startStop-1] org.apache.openejb.assembler.classic.Assembler.startEjbs Started Ejb(deployment-id=TriggerRequestProcessorImpl, ejb-name=TriggerRequestProcessorImpl, container=Default Stateless Container)
16-Oct-2018 15:03:16.240 INFO [localhost-startStop-1] org.apache.openejb.assembler.classic.Assembler.startEjbs Started Ejb(deployment-id=AwarenessManagerImpl, ejb-name=AwarenessManagerImpl, container=Default Stateful Container)
16-Oct-2018 15:03:16.240 INFO [localhost-startStop-1] org.apache.openejb.assembler.classic.Assembler.startEjbs Started Ejb(deployment-id=ComponentManagerImpl, ejb-name=ComponentManagerImpl, container=Default Stateful Container)
16-Oct-2018 15:03:16.245 INFO [localhost-startStop-1] org.apache.openejb.assembler.classic.Assembler.startEjbs Started Ejb(deployment-id=ServiceAccessImpl, ejb-name=ServiceAccessImpl, container=Default Stateless Container)
16-Oct-2018 15:03:16.245 INFO [localhost-startStop-1] org.apache.openejb.assembler.classic.Assembler.startEjbs Started Ejb(deployment-id=CommunicationManagerImpl, ejb-name=CommunicationManagerImpl, container=Default Stateful Container)
16-Oct-2018 15:03:16.245 INFO [localhost-startStop-1] org.apache.openejb.assembler.classic.Assembler.startEjbs Started Ejb(deployment-id=ConceptualModelInterpreterImpl, ejb-name=ConceptualModelInterpreterImpl, container=Default Stateful Container)
16-Oct-2018 15:03:16.246 INFO [localhost-startStop-1] org.apache.openejb.assembler.classic.Assembler.startEjbs Started Ejb(deployment-id=ChannelCommunicationModelInterpreter, ejb-name=ChannelCommunicationModelInterpreter, container=Default Stateful Container)
16-Oct-2018 15:03:16.246 INFO [localhost-startStop-1] org.apache.openejb.assembler.classic.Assembler.startEjbs Started Ejb(deployment-id=DistributionRecommender, ejb-name=DistributionRecommender, container=Default Stateful Container)
16-Oct-2018 15:03:16.246 INFO [localhost-startStop-1] org.apache.openejb.assembler.classic.Assembler.startEjbs Started Ejb(deployment-id=Dummy, ejb-name=Dummy, container=Default Stateful Container)
16-Oct-2018 15:03:16.246 INFO [localhost-startStop-1] org.apache.openejb.assembler.classic.Assembler.startEjbs Started Ejb(deployment-id=EventBrokerImpl, ejb-name=EventBrokerImpl, container=Default Stateful Container)
16-Oct-2018 15:03:16.253 INFO [localhost-startStop-1] org.apache.openejb.assembler.classic.Assembler.startEjbs Started Ejb(deployment-id=Responder, ejb-name=Responder, container=Default Stateless Container)
16-Oct-2018 15:03:16.253 INFO [localhost-startStop-1] org.apache.openejb.assembler.classic.Assembler.startEjbs Started Ejb(deployment-id=DeviceServiceManagerImpl, ejb-name=DeviceServiceManagerImpl, container=Default Singleton Container)
16-Oct-2018 15:03:16.253 INFO [localhost-startStop-1] org.apache.openejb.assembler.classic.Assembler.startEjbs Started Ejb(deployment-id=SmcdCacheImpl, ejb-name=SmcdCacheImpl, container=Default Singleton Container)
16-Oct-2018 15:03:16.253 INFO [localhost-startStop-1] org.apache.openejb.assembler.classic.Assembler.startEjbs Started Ejb(deployment-id=ContextManagerImpl, ejb-name=ContextManagerImpl, container=Default Singleton Container)
16-Oct-2018 15:03:16.253 INFO [localhost-startStop-1] org.apache.openejb.assembler.classic.Assembler.startEjbs Started Ejb(deployment-id=MemoryClientRegistryService, ejb-name=MemoryClientRegistryService, container=Default Singleton Container)
16-Oct-2018 15:03:16.254 INFO [localhost-startStop-1] org.apache.openejb.assembler.classic.Assembler.startEjbs Started Ejb(deployment-id=ClientSessionFactoryImpl, ejb-name=ClientSessionFactoryImpl, container=Default Singleton Container)
16-Oct-2018 15:03:16.254 INFO [localhost-startStop-1] org.apache.openejb.assembler.classic.Assembler.startEjbs Started Ejb(deployment-id=ApolloMessageBrokerImpl, ejb-name=ApolloMessageBrokerImpl, container=Default Singleton Container)
16-Oct-2018 15:03:16.254 INFO [localhost-startStop-1] org.apache.openejb.assembler.classic.Assembler.startEjbs Started Ejb(deployment-id=ApplicationManagerFactory, ejb-name=ApplicationManagerFactory, container=Default Singleton Container)
16-Oct-2018 15:03:16.384 INFO [localhost-startStop-1] org.apache.openejb.assembler.classic.Assembler.startEjbs Started Ejb(deployment-id=RuntimeManager, ejb-name=RuntimeManager, container=Default Singleton Container)
16-Oct-2018 15:03:16.387 INFO [localhost-startStop-1] org.apache.openejb.assembler.classic.Assembler.startEjbs Started Ejb(deployment-id=DeviceRoleRepositoryImpl, ejb-name=DeviceRoleRepositoryImpl, container=Default Singleton Container)
16-Oct-2018 15:03:16.388 INFO [localhost-startStop-1] org.apache.openejb.assembler.classic.Assembler.startEjbs Started Ejb(deployment-id=AccessControlManagerFactory, ejb-name=AccessControlManagerFactory, container=Default Singleton Container)
16-Oct-2018 15:03:16.388 INFO [localhost-startStop-1] org.apache.tomee.catalina.TomcatWebAppBuilder.deployWebApps using context file C:\Projects\KP_WME\CSR_Server\webapps\csr-server\META-INF\context.xml
16-Oct-2018 15:03:16.423 INFO [localhost-startStop-1] org.apache.openejb.assembler.classic.Assembler.createApplication Deployed Application(path=C:\Projects\KP_WME\CSR_Server\webapps\csr-server)
16-Oct-2018 15:03:16.990 INFO [localhost-startStop-1] org.apache.jasper.servlet.TldScanner.scanJars At least one JAR was scanned for TLDs yet contained no TLDs. Enable debug logging for this logger for a complete list of JARs that were scanned but no TLDs were found in them. Skipping unneeded JARs during scanning can improve startup time and JSP compilation time.
16-Oct-2018 15:03:17.184 INFO [localhost-startStop-1] sun.reflect.DelegatingMethodAccessorImpl.invoke Deployment of web application archive [C:\Projects\KP_WME\CSR_Server\webapps\csr-server.war] has finished in [16,461] ms
16-Oct-2018 15:03:17.185 INFO [localhost-startStop-1] sun.reflect.DelegatingMethodAccessorImpl.invoke Deploying web application directory [C:\Projects\KP_WME\CSR_Server\webapps\DEV_CSR_CLIENT_KP_AWE201617]
16-Oct-2018 15:03:17.186 INFO [localhost-startStop-1] org.apache.tomee.catalina.TomcatWebAppBuilder.init ------------------------- localhost -> /DEV_CSR_CLIENT_KP_AWE201617
16-Oct-2018 15:03:17.626 INFO [localhost-startStop-1] org.apache.openejb.config.ConfigurationFactory.configureApplication Configuring enterprise application: C:\Projects\KP_WME\CSR_Server\webapps\DEV_CSR_CLIENT_KP_AWE201617
16-Oct-2018 15:03:17.661 INFO [localhost-startStop-1] org.apache.openejb.config.AppInfoBuilder.build Enterprise application "C:\Projects\KP_WME\CSR_Server\webapps\DEV_CSR_CLIENT_KP_AWE201617" loaded.
16-Oct-2018 15:03:17.668 INFO [localhost-startStop-1] org.apache.openejb.assembler.classic.Assembler.createApplication Assembling app: C:\Projects\KP_WME\CSR_Server\webapps\DEV_CSR_CLIENT_KP_AWE201617
16-Oct-2018 15:03:17.691 INFO [localhost-startStop-1] org.apache.openejb.assembler.classic.Assembler.createApplication Deployed Application(path=C:\Projects\KP_WME\CSR_Server\webapps\DEV_CSR_CLIENT_KP_AWE201617)
16-Oct-2018 15:03:17.740 INFO [localhost-startStop-1] org.apache.jasper.servlet.TldScanner.scanJars At least one JAR was scanned for TLDs yet contained no TLDs. Enable debug logging for this logger for a complete list of JARs that were scanned but no TLDs were found in them. Skipping unneeded JARs during scanning can improve startup time and JSP compilation time.
16-Oct-2018 15:03:17.773 INFO [hawtdispatch-DEFAULT-1] org.apache.activemq.apollo.util.Log$class.info OS     : Windows 10 10.0
16-Oct-2018 15:03:17.775 INFO [hawtdispatch-DEFAULT-1] org.apache.activemq.apollo.util.Log$class.info JVM    : Java HotSpot(TM) 64-Bit Server VM 1.8.0_72 (Oracle Corporation)
16-Oct-2018 15:03:17.778 INFO [hawtdispatch-DEFAULT-1] org.apache.activemq.apollo.util.Log$class.info Apollo : 1.7.1
16-Oct-2018 15:03:17.784 INFO [localhost-startStop-1] sun.reflect.DelegatingMethodAccessorImpl.invoke Deployment of web application directory [C:\Projects\KP_WME\CSR_Server\webapps\DEV_CSR_CLIENT_KP_AWE201617] has finished in [599] ms
16-Oct-2018 15:03:17.784 INFO [localhost-startStop-1] sun.reflect.DelegatingMethodAccessorImpl.invoke Deploying web application directory [C:\Projects\KP_WME\CSR_Server\webapps\docs]
16-Oct-2018 15:03:17.785 INFO [localhost-startStop-1] org.apache.tomee.catalina.TomcatWebAppBuilder.init ------------------------- localhost -> /docs
16-Oct-2018 15:03:17.856 INFO [localhost-startStop-1] org.apache.openejb.config.ConfigurationFactory.configureApplication Configuring enterprise application: C:\Projects\KP_WME\CSR_Server\webapps\docs
16-Oct-2018 15:03:17.865 INFO [localhost-startStop-1] org.apache.openejb.config.AppInfoBuilder.build Enterprise application "C:\Projects\KP_WME\CSR_Server\webapps\docs" loaded.
16-Oct-2018 15:03:17.866 INFO [localhost-startStop-1] org.apache.openejb.assembler.classic.Assembler.createApplication Assembling app: C:\Projects\KP_WME\CSR_Server\webapps\docs
16-Oct-2018 15:03:17.876 INFO [localhost-startStop-1] org.apache.openejb.assembler.classic.Assembler.createApplication Deployed Application(path=C:\Projects\KP_WME\CSR_Server\webapps\docs)
16-Oct-2018 15:03:17.905 INFO [localhost-startStop-1] org.apache.jasper.servlet.TldScanner.scanJars At least one JAR was scanned for TLDs yet contained no TLDs. Enable debug logging for this logger for a complete list of JARs that were scanned but no TLDs were found in them. Skipping unneeded JARs during scanning can improve startup time and JSP compilation time.
16-Oct-2018 15:03:17.931 INFO [localhost-startStop-1] sun.reflect.DelegatingMethodAccessorImpl.invoke Deployment of web application directory [C:\Projects\KP_WME\CSR_Server\webapps\docs] has finished in [146] ms
16-Oct-2018 15:03:17.932 INFO [localhost-startStop-1] sun.reflect.DelegatingMethodAccessorImpl.invoke Deploying web application directory [C:\Projects\KP_WME\CSR_Server\webapps\host-manager]
16-Oct-2018 15:03:17.940 INFO [localhost-startStop-1] org.apache.tomee.catalina.TomcatWebAppBuilder.init ------------------------- localhost -> /host-manager
16-Oct-2018 15:03:18.013 INFO [localhost-startStop-1] org.apache.openejb.config.ConfigurationFactory.configureApplication Configuring enterprise application: C:\Projects\KP_WME\CSR_Server\webapps\host-manager
16-Oct-2018 15:03:18.034 INFO [localhost-startStop-1] org.apache.openejb.config.AppInfoBuilder.build Enterprise application "C:\Projects\KP_WME\CSR_Server\webapps\host-manager" loaded.
16-Oct-2018 15:03:18.037 INFO [localhost-startStop-1] org.apache.openejb.assembler.classic.Assembler.createApplication Assembling app: C:\Projects\KP_WME\CSR_Server\webapps\host-manager
16-Oct-2018 15:03:18.048 INFO [localhost-startStop-1] org.apache.tomee.catalina.TomcatWebAppBuilder.deployWebApps using context file C:\Projects\KP_WME\CSR_Server\webapps\host-manager\META-INF\context.xml
16-Oct-2018 15:03:18.051 INFO [localhost-startStop-1] org.apache.openejb.assembler.classic.Assembler.createApplication Deployed Application(path=C:\Projects\KP_WME\CSR_Server\webapps\host-manager)
16-Oct-2018 15:03:18.100 INFO [localhost-startStop-1] org.apache.jasper.servlet.TldScanner.scanJars At least one JAR was scanned for TLDs yet contained no TLDs. Enable debug logging for this logger for a complete list of JARs that were scanned but no TLDs were found in them. Skipping unneeded JARs during scanning can improve startup time and JSP compilation time.
16-Oct-2018 15:03:18.142 INFO [localhost-startStop-1] sun.reflect.DelegatingMethodAccessorImpl.invoke Deployment of web application directory [C:\Projects\KP_WME\CSR_Server\webapps\host-manager] has finished in [211] ms
16-Oct-2018 15:03:18.144 INFO [localhost-startStop-1] sun.reflect.DelegatingMethodAccessorImpl.invoke Deploying web application directory [C:\Projects\KP_WME\CSR_Server\webapps\manager]
16-Oct-2018 15:03:18.170 INFO [localhost-startStop-1] org.apache.tomee.catalina.TomcatWebAppBuilder.init ------------------------- localhost -> /manager
16-Oct-2018 15:03:18.253 INFO [localhost-startStop-1] org.apache.openejb.config.ConfigurationFactory.configureApplication Configuring enterprise application: C:\Projects\KP_WME\CSR_Server\webapps\manager
16-Oct-2018 15:03:18.269 INFO [localhost-startStop-1] org.apache.openejb.config.AppInfoBuilder.build Enterprise application "C:\Projects\KP_WME\CSR_Server\webapps\manager" loaded.
16-Oct-2018 15:03:18.269 INFO [localhost-startStop-1] org.apache.openejb.assembler.classic.Assembler.createApplication Assembling app: C:\Projects\KP_WME\CSR_Server\webapps\manager
16-Oct-2018 15:03:18.279 INFO [localhost-startStop-1] org.apache.tomee.catalina.TomcatWebAppBuilder.deployWebApps using context file C:\Projects\KP_WME\CSR_Server\webapps\manager\META-INF\context.xml
16-Oct-2018 15:03:18.281 INFO [localhost-startStop-1] org.apache.openejb.assembler.classic.Assembler.createApplication Deployed Application(path=C:\Projects\KP_WME\CSR_Server\webapps\manager)
16-Oct-2018 15:03:18.332 INFO [localhost-startStop-1] org.apache.jasper.servlet.TldScanner.scanJars At least one JAR was scanned for TLDs yet contained no TLDs. Enable debug logging for this logger for a complete list of JARs that were scanned but no TLDs were found in them. Skipping unneeded JARs during scanning can improve startup time and JSP compilation time.
16-Oct-2018 15:03:18.373 INFO [localhost-startStop-1] sun.reflect.DelegatingMethodAccessorImpl.invoke Deployment of web application directory [C:\Projects\KP_WME\CSR_Server\webapps\manager] has finished in [230] ms
16-Oct-2018 15:03:18.375 INFO [localhost-startStop-1] sun.reflect.DelegatingMethodAccessorImpl.invoke Deploying web application directory [C:\Projects\KP_WME\CSR_Server\webapps\ROOT]
16-Oct-2018 15:03:18.376 INFO [localhost-startStop-1] org.apache.tomee.catalina.TomcatWebAppBuilder.init ------------------------- localhost -> /
16-Oct-2018 15:03:18.450 INFO [localhost-startStop-1] org.apache.openejb.config.ConfigurationFactory.configureApplication Configuring enterprise application: C:\Projects\KP_WME\CSR_Server\webapps\ROOT
16-Oct-2018 15:03:18.466 INFO [localhost-startStop-1] org.apache.openejb.config.AppInfoBuilder.build Enterprise application "C:\Projects\KP_WME\CSR_Server\webapps\ROOT" loaded.
16-Oct-2018 15:03:18.468 INFO [localhost-startStop-1] org.apache.openejb.assembler.classic.Assembler.createApplication Assembling app: C:\Projects\KP_WME\CSR_Server\webapps\ROOT
16-Oct-2018 15:03:18.489 INFO [localhost-startStop-1] org.apache.openejb.assembler.classic.Assembler.createApplication Deployed Application(path=C:\Projects\KP_WME\CSR_Server\webapps\ROOT)
16-Oct-2018 15:03:18.558 INFO [localhost-startStop-1] org.apache.jasper.servlet.TldScanner.scanJars At least one JAR was scanned for TLDs yet contained no TLDs. Enable debug logging for this logger for a complete list of JARs that were scanned but no TLDs were found in them. Skipping unneeded JARs during scanning can improve startup time and JSP compilation time.
16-Oct-2018 15:03:18.620 INFO [localhost-startStop-1] sun.reflect.DelegatingMethodAccessorImpl.invoke Deployment of web application directory [C:\Projects\KP_WME\CSR_Server\webapps\ROOT] has finished in [246] ms
16-Oct-2018 15:03:18.631 INFO [main] sun.reflect.DelegatingMethodAccessorImpl.invoke Starting ProtocolHandler ["http-nio-8080"]
16-Oct-2018 15:03:18.633 INFO [hawtdispatch-DEFAULT-1] org.apache.activemq.apollo.util.Log$class.info Accepting connections at: tcp://0.0.0.0:8086
16-Oct-2018 15:03:18.646 INFO [main] sun.reflect.DelegatingMethodAccessorImpl.invoke Starting ProtocolHandler ["ajp-nio-8009"]
16-Oct-2018 15:03:18.656 INFO [main] sun.reflect.DelegatingMethodAccessorImpl.invoke Server startup in 18064 ms
16-Oct-2018 15:03:18.690 INFO [hawtdispatch-DEFAULT-1] org.apache.activemq.apollo.util.Log$class.info Accepting connections at: vm://localhost
16-Oct-2018 15:03:18.771 INFO [Apollo Task] org.eclipse.jetty.server.Server.doStart jetty-8.1.11.v20130520
16-Oct-2018 15:03:18.881 INFO [Apollo Task] org.eclipse.jetty.server.AbstractConnector.doStart Started SelectChannelConnector@0.0.0.0:8082
16-Oct-2018 15:03:18.881 INFO [Apollo Task] org.apache.activemq.apollo.util.Log$class.info Accepting connections at: ws://0.0.0.0:8082/
16-Oct-2018 15:03:19.034 INFO [hawtdispatch-DEFAULT-1] org.apache.activemq.apollo.util.Log$class.info connected: local:/127.0.0.1:8086, remote:/127.0.0.1:52802
16-Oct-2018 15:03:19.145 INFO [hawtdispatch-DEFAULT-1] org.apache.activemq.apollo.util.Log$class.info connected: local:/127.0.0.1:8086, remote:/127.0.0.1:52802
16-Oct-2018 15:06:56.010 INFO [Thread-19] sun.reflect.DelegatingMethodAccessorImpl.invoke Pausing ProtocolHandler ["http-nio-8080"]
16-Oct-2018 15:06:56.197 INFO [Thread-19] sun.reflect.DelegatingMethodAccessorImpl.invoke Pausing ProtocolHandler ["ajp-nio-8009"]
16-Oct-2018 15:06:56.385 INFO [Thread-19] sun.reflect.DelegatingMethodAccessorImpl.invoke Stopping service [Catalina]
16-Oct-2018 15:06:56.470 INFO [localhost-startStop-2] org.apache.openejb.assembler.classic.Assembler.destroyApplication Undeploying app: C:\Projects\KP_WME\CSR_Server\webapps\csr-server
16-Oct-2018 15:06:56.790 WARNING [localhost-startStop-2] org.apache.catalina.loader.WebappClassLoaderBase.clearReferencesThreads The web application [csr-server] appears to have started a thread named [hawtdispatch timer] but has failed to stop it. This is very likely to create a memory leak. Stack trace of thread:
 java.lang.Object.wait(Native Method)
 java.lang.Object.wait(Object.java:460)
 org.fusesource.hawtdispatch.internal.TimerThread.run(TimerThread.java:188)
16-Oct-2018 15:06:56.791 WARNING [localhost-startStop-2] org.apache.catalina.loader.WebappClassLoaderBase.clearReferencesThreads The web application [csr-server] appears to have started a thread named [hawtdispatch-DEFAULT-1] but has failed to stop it. This is very likely to create a memory leak. Stack trace of thread:
 sun.nio.ch.WindowsSelectorImpl$SubSelector.poll0(Native Method)
 sun.nio.ch.WindowsSelectorImpl$SubSelector.poll(WindowsSelectorImpl.java:296)
 sun.nio.ch.WindowsSelectorImpl$SubSelector.access$400(WindowsSelectorImpl.java:278)
 sun.nio.ch.WindowsSelectorImpl.doSelect(WindowsSelectorImpl.java:159)
 sun.nio.ch.SelectorImpl.lockAndDoSelect(SelectorImpl.java:86)
 sun.nio.ch.SelectorImpl.select(SelectorImpl.java:97)
 sun.nio.ch.SelectorImpl.select(SelectorImpl.java:101)
 org.fusesource.hawtdispatch.internal.NioManager$SelectStrategy.select(NioManager.java:52)
 org.fusesource.hawtdispatch.internal.NioManager.select(NioManager.java:182)
 org.fusesource.hawtdispatch.internal.pool.SimplePool.park(SimplePool.java:130)
 org.fusesource.hawtdispatch.internal.pool.SimpleThread.run(SimpleThread.java:75)
16-Oct-2018 15:06:56.793 WARNING [localhost-startStop-2] org.apache.catalina.loader.WebappClassLoaderBase.clearReferencesThreads The web application [csr-server] appears to have started a thread named [hawtdispatch-DEFAULT-2] but has failed to stop it. This is very likely to create a memory leak. Stack trace of thread:
 sun.nio.ch.WindowsSelectorImpl.setWakeupSocket0(Native Method)
 sun.nio.ch.WindowsSelectorImpl.setWakeupSocket(WindowsSelectorImpl.java:464)
 sun.nio.ch.WindowsSelectorImpl.wakeup(WindowsSelectorImpl.java:606)
 org.fusesource.hawtdispatch.internal.NioManager.wakeupIfSelecting(NioManager.java:157)
 org.fusesource.hawtdispatch.internal.pool.SimplePool.execute(SimplePool.java:121)
 org.fusesource.hawtdispatch.internal.GlobalDispatchQueue.execute(GlobalDispatchQueue.java:100)
 org.fusesource.hawtdispatch.internal.SerialDispatchQueue.triggerExecution(SerialDispatchQueue.java:128)
 org.fusesource.hawtdispatch.internal.SerialDispatchQueue.enqueue(SerialDispatchQueue.java:75)
 org.fusesource.hawtdispatch.internal.SerialDispatchQueue.execute(SerialDispatchQueue.java:52)
 org.fusesource.hawtdispatch.internal.NioDispatchSource.fire(NioDispatchSource.java:204)
 org.fusesource.hawtdispatch.internal.NioAttachment.selected(NioAttachment.java:45)
 org.fusesource.hawtdispatch.internal.NioManager.processSelected(NioManager.java:217)
 org.fusesource.hawtdispatch.internal.NioManager.select(NioManager.java:193)
 org.fusesource.hawtdispatch.internal.pool.SimplePool.park(SimplePool.java:130)
 org.fusesource.hawtdispatch.internal.pool.SimpleThread.run(SimpleThread.java:75)
16-Oct-2018 15:06:56.794 WARNING [localhost-startStop-2] org.apache.catalina.loader.WebappClassLoaderBase.clearReferencesThreads The web application [csr-server] appears to have started a thread named [hawtdispatch-DEFAULT-3] but has failed to stop it. This is very likely to create a memory leak. Stack trace of thread:
 sun.nio.ch.WindowsSelectorImpl$SubSelector.poll0(Native Method)
 sun.nio.ch.WindowsSelectorImpl$SubSelector.poll(WindowsSelectorImpl.java:296)
 sun.nio.ch.WindowsSelectorImpl$SubSelector.access$400(WindowsSelectorImpl.java:278)
 sun.nio.ch.WindowsSelectorImpl.doSelect(WindowsSelectorImpl.java:159)
 sun.nio.ch.SelectorImpl.lockAndDoSelect(SelectorImpl.java:86)
 sun.nio.ch.SelectorImpl.select(SelectorImpl.java:97)
 sun.nio.ch.SelectorImpl.select(SelectorImpl.java:101)
 org.fusesource.hawtdispatch.internal.NioManager$SelectStrategy.select(NioManager.java:52)
 org.fusesource.hawtdispatch.internal.NioManager.select(NioManager.java:182)
 org.fusesource.hawtdispatch.internal.pool.SimplePool.park(SimplePool.java:130)
 org.fusesource.hawtdispatch.internal.pool.SimpleThread.run(SimpleThread.java:75)
16-Oct-2018 15:06:56.795 WARNING [localhost-startStop-2] org.apache.catalina.loader.WebappClassLoaderBase.clearReferencesThreads The web application [csr-server] appears to have started a thread named [hawtdispatch-DEFAULT-4] but has failed to stop it. This is very likely to create a memory leak. Stack trace of thread:
 sun.nio.ch.WindowsSelectorImpl$SubSelector.poll0(Native Method)
 sun.nio.ch.WindowsSelectorImpl$SubSelector.poll(WindowsSelectorImpl.java:296)
 sun.nio.ch.WindowsSelectorImpl$SubSelector.access$400(WindowsSelectorImpl.java:278)
 sun.nio.ch.WindowsSelectorImpl.doSelect(WindowsSelectorImpl.java:159)
 sun.nio.ch.SelectorImpl.lockAndDoSelect(SelectorImpl.java:86)
 sun.nio.ch.SelectorImpl.select(SelectorImpl.java:97)
 sun.nio.ch.SelectorImpl.select(SelectorImpl.java:101)
 org.fusesource.hawtdispatch.internal.NioManager$SelectStrategy.select(NioManager.java:52)
 org.fusesource.hawtdispatch.internal.NioManager.select(NioManager.java:182)
 org.fusesource.hawtdispatch.internal.pool.SimplePool.park(SimplePool.java:130)
 org.fusesource.hawtdispatch.internal.pool.SimpleThread.run(SimpleThread.java:75)
16-Oct-2018 15:06:56.795 WARNING [localhost-startStop-2] org.apache.catalina.loader.WebappClassLoaderBase.clearReferencesThreads The web application [csr-server] appears to have started a thread named [Apollo Task Selector0] but has failed to stop it. This is very likely to create a memory leak. Stack trace of thread:
 sun.nio.ch.WindowsSelectorImpl$SubSelector.poll0(Native Method)
 sun.nio.ch.WindowsSelectorImpl$SubSelector.poll(WindowsSelectorImpl.java:296)
 sun.nio.ch.WindowsSelectorImpl$SubSelector.access$400(WindowsSelectorImpl.java:278)
 sun.nio.ch.WindowsSelectorImpl.doSelect(WindowsSelectorImpl.java:159)
 sun.nio.ch.SelectorImpl.lockAndDoSelect(SelectorImpl.java:86)
 sun.nio.ch.SelectorImpl.select(SelectorImpl.java:97)
 org.eclipse.jetty.io.nio.SelectorManager$SelectSet.doSelect(SelectorManager.java:569)
 org.eclipse.jetty.io.nio.SelectorManager$1.run(SelectorManager.java:290)
 java.util.concurrent.ThreadPoolExecutor.runWorker(ThreadPoolExecutor.java:1142)
 java.util.concurrent.ThreadPoolExecutor$Worker.run(ThreadPoolExecutor.java:617)
 java.lang.Thread.run(Thread.java:745)
16-Oct-2018 15:06:56.796 WARNING [localhost-startStop-2] org.apache.catalina.loader.WebappClassLoaderBase.clearReferencesThreads The web application [csr-server] appears to have started a thread named [Apollo Task Acceptor0 SelectChannelConnector@0.0.0.0:8082] but has failed to stop it. This is very likely to create a memory leak. Stack trace of thread:
 sun.nio.ch.ServerSocketChannelImpl.accept0(Native Method)
 sun.nio.ch.ServerSocketChannelImpl.accept(ServerSocketChannelImpl.java:422)
 sun.nio.ch.ServerSocketChannelImpl.accept(ServerSocketChannelImpl.java:250)
 org.eclipse.jetty.server.nio.SelectChannelConnector.accept(SelectChannelConnector.java:109)
 org.eclipse.jetty.server.AbstractConnector$Acceptor.run(AbstractConnector.java:938)
 java.util.concurrent.ThreadPoolExecutor.runWorker(ThreadPoolExecutor.java:1142)
 java.util.concurrent.ThreadPoolExecutor$Worker.run(ThreadPoolExecutor.java:617)
 java.lang.Thread.run(Thread.java:745)
16-Oct-2018 15:06:56.797 WARNING [localhost-startStop-2] org.apache.catalina.loader.WebappClassLoaderBase.clearReferencesThreads The web application [csr-server] appears to have started a thread named [Apollo Task] but has failed to stop it. This is very likely to create a memory leak. Stack trace of thread:
 sun.misc.Unsafe.park(Native Method)
 java.util.concurrent.locks.LockSupport.parkNanos(LockSupport.java:215)
 java.util.concurrent.SynchronousQueue$TransferStack.awaitFulfill(SynchronousQueue.java:460)
 java.util.concurrent.SynchronousQueue$TransferStack.transfer(SynchronousQueue.java:362)
 java.util.concurrent.SynchronousQueue.poll(SynchronousQueue.java:941)
 java.util.concurrent.ThreadPoolExecutor.getTask(ThreadPoolExecutor.java:1066)
 java.util.concurrent.ThreadPoolExecutor.runWorker(ThreadPoolExecutor.java:1127)
 java.util.concurrent.ThreadPoolExecutor$Worker.run(ThreadPoolExecutor.java:617)
 java.lang.Thread.run(Thread.java:745)
16-Oct-2018 15:06:56.797 WARNING [localhost-startStop-2] org.apache.catalina.loader.WebappClassLoaderBase.clearReferencesThreads The web application [csr-server] appears to have started a thread named [Apollo Task] but has failed to stop it. This is very likely to create a memory leak. Stack trace of thread:
 sun.misc.Unsafe.park(Native Method)
 java.util.concurrent.locks.LockSupport.parkNanos(LockSupport.java:215)
 java.util.concurrent.SynchronousQueue$TransferStack.awaitFulfill(SynchronousQueue.java:460)
 java.util.concurrent.SynchronousQueue$TransferStack.transfer(SynchronousQueue.java:362)
 java.util.concurrent.SynchronousQueue.poll(SynchronousQueue.java:941)
 java.util.concurrent.ThreadPoolExecutor.getTask(ThreadPoolExecutor.java:1066)
 java.util.concurrent.ThreadPoolExecutor.runWorker(ThreadPoolExecutor.java:1127)
 java.util.concurrent.ThreadPoolExecutor$Worker.run(ThreadPoolExecutor.java:617)
 java.lang.Thread.run(Thread.java:745)
16-Oct-2018 15:06:56.800 SEVERE [localhost-startStop-2] org.apache.catalina.loader.WebappClassLoaderBase.checkThreadLocalMapForLeaks The web application [csr-server] created a ThreadLocal with key of type [java.lang.ThreadLocal] (value [java.lang.ThreadLocal@1f314dff]) and a value of type [org.fusesource.hawtdispatch.internal.NioDispatchSource.KeyState] (value [{ready: [] }]) but failed to remove it when the web application was stopped. Threads are going to be renewed over time to try and avoid a probable memory leak.
16-Oct-2018 15:06:56.800 SEVERE [localhost-startStop-2] org.apache.catalina.loader.WebappClassLoaderBase.checkThreadLocalMapForLeaks The web application [csr-server] created a ThreadLocal with key of type [java.lang.ThreadLocal] (value [java.lang.ThreadLocal@2608707]) and a value of type [org.fusesource.hawtdispatch.util.ThreadLocalPool.Pool] (value [org.fusesource.hawtdispatch.util.ThreadLocalPool$Pool@2c5b9791]) but failed to remove it when the web application was stopped. Threads are going to be renewed over time to try and avoid a probable memory leak.
16-Oct-2018 15:06:56.801 SEVERE [localhost-startStop-2] org.apache.catalina.loader.WebappClassLoaderBase.checkThreadLocalMapForLeaks The web application [csr-server] created a ThreadLocal with key of type [java.lang.ThreadLocal] (value [java.lang.ThreadLocal@5c23ea97]) and a value of type [org.fusesource.hawtdispatch.util.ThreadLocalPool.Pool] (value [org.fusesource.hawtdispatch.util.ThreadLocalPool$Pool@49e80a59]) but failed to remove it when the web application was stopped. Threads are going to be renewed over time to try and avoid a probable memory leak.
16-Oct-2018 15:06:56.801 SEVERE [localhost-startStop-2] org.apache.catalina.loader.WebappClassLoaderBase.checkThreadLocalMapForLeaks The web application [csr-server] created a ThreadLocal with key of type [java.lang.ThreadLocal] (value [java.lang.ThreadLocal@4fb6f4dc]) and a value of type [org.fusesource.hawtdispatch.internal.NioDispatchSource.KeyState] (value [{ready: [] }]) but failed to remove it when the web application was stopped. Threads are going to be renewed over time to try and avoid a probable memory leak.
16-Oct-2018 15:06:56.801 SEVERE [localhost-startStop-2] org.apache.catalina.loader.WebappClassLoaderBase.checkThreadLocalMapForLeaks The web application [csr-server] created a ThreadLocal with key of type [java.lang.ThreadLocal] (value [java.lang.ThreadLocal@3f2115a4]) and a value of type [org.fusesource.hawtdispatch.internal.SerialDispatchQueue] (value [serial queue { label: "connection 1 to /127.0.0.1:52802" }]) but failed to remove it when the web application was stopped. Threads are going to be renewed over time to try and avoid a probable memory leak.
16-Oct-2018 15:06:56.801 SEVERE [localhost-startStop-2] org.apache.catalina.loader.WebappClassLoaderBase.checkThreadLocalMapForLeaks The web application [csr-server] created a ThreadLocal with key of type [java.lang.ThreadLocal] (value [java.lang.ThreadLocal@2608707]) and a value of type [org.fusesource.hawtdispatch.util.ThreadLocalPool.Pool] (value [org.fusesource.hawtdispatch.util.ThreadLocalPool$Pool@7c152785]) but failed to remove it when the web application was stopped. Threads are going to be renewed over time to try and avoid a probable memory leak.
16-Oct-2018 15:06:56.801 SEVERE [localhost-startStop-2] org.apache.catalina.loader.WebappClassLoaderBase.checkThreadLocalMapForLeaks The web application [csr-server] created a ThreadLocal with key of type [java.lang.ThreadLocal] (value [java.lang.ThreadLocal@5c23ea97]) and a value of type [org.fusesource.hawtdispatch.util.ThreadLocalPool.Pool] (value [org.fusesource.hawtdispatch.util.ThreadLocalPool$Pool@7526409c]) but failed to remove it when the web application was stopped. Threads are going to be renewed over time to try and avoid a probable memory leak.
16-Oct-2018 15:06:56.801 SEVERE [localhost-startStop-2] org.apache.catalina.loader.WebappClassLoaderBase.checkThreadLocalMapForLeaks The web application [csr-server] created a ThreadLocal with key of type [java.lang.ThreadLocal] (value [java.lang.ThreadLocal@2608707]) and a value of type [org.fusesource.hawtdispatch.util.ThreadLocalPool.Pool] (value [org.fusesource.hawtdispatch.util.ThreadLocalPool$Pool@d4e4af0]) but failed to remove it when the web application was stopped. Threads are going to be renewed over time to try and avoid a probable memory leak.
16-Oct-2018 15:06:56.802 SEVERE [localhost-startStop-2] org.apache.catalina.loader.WebappClassLoaderBase.checkThreadLocalMapForLeaks The web application [csr-server] created a ThreadLocal with key of type [org.eclipse.jetty.http.HttpFields$1] (value [org.eclipse.jetty.http.HttpFields$1@3a75f2c8]) and a value of type [org.eclipse.jetty.http.HttpFields.DateGenerator] (value [org.eclipse.jetty.http.HttpFields$DateGenerator@570a9ae6]) but failed to remove it when the web application was stopped. Threads are going to be renewed over time to try and avoid a probable memory leak.
16-Oct-2018 15:06:56.871 INFO [localhost-startStop-2] org.apache.openejb.assembler.classic.Assembler.destroyApplication Undeploying app: C:\Projects\KP_WME\CSR_Server\webapps\DEV_CSR_CLIENT_KP_AWE201617
16-Oct-2018 15:06:57.035 INFO [localhost-startStop-2] org.apache.openejb.assembler.classic.Assembler.destroyApplication Undeploying app: C:\Projects\KP_WME\CSR_Server\webapps\docs
16-Oct-2018 15:06:57.190 INFO [localhost-startStop-2] org.apache.openejb.assembler.classic.Assembler.destroyApplication Undeploying app: C:\Projects\KP_WME\CSR_Server\webapps\host-manager
16-Oct-2018 15:06:57.325 INFO [localhost-startStop-2] org.apache.openejb.assembler.classic.Assembler.destroyApplication Undeploying app: C:\Projects\KP_WME\CSR_Server\webapps\manager
16-Oct-2018 15:06:57.433 INFO [localhost-startStop-2] org.apache.openejb.assembler.classic.Assembler.destroyApplication Undeploying app: C:\Projects\KP_WME\CSR_Server\webapps\ROOT
16-Oct-2018 15:06:57.560 INFO [Thread-19] sun.reflect.DelegatingMethodAccessorImpl.invoke Stopping ProtocolHandler ["http-nio-8080"]
16-Oct-2018 15:06:57.567 INFO [Thread-19] sun.reflect.DelegatingMethodAccessorImpl.invoke Stopping ProtocolHandler ["ajp-nio-8009"]
16-Oct-2018 15:06:57.573 INFO [Thread-19] org.apache.openejb.server.SimpleServiceManager.stop Stopping server services
16-Oct-2018 15:06:57.604 INFO [Thread-19] sun.reflect.DelegatingMethodAccessorImpl.invoke Destroying ProtocolHandler ["http-nio-8080"]
16-Oct-2018 15:06:57.606 INFO [Thread-19] sun.reflect.DelegatingMethodAccessorImpl.invoke Destroying ProtocolHandler ["ajp-nio-8009"]
