13-Feb-2019 02:16:42.066 INFO [main] sun.reflect.NativeMethodAccessorImpl.invoke Server version:        Apache Tomcat (TomEE)/8.5.32 (7.1.0)
13-Feb-2019 02:16:42.067 INFO [main] sun.reflect.NativeMethodAccessorImpl.invoke Server built:          Jun 20 2018 19:50:35 UTC
13-Feb-2019 02:16:42.067 INFO [main] sun.reflect.NativeMethodAccessorImpl.invoke Server number:         8.5.32.0
13-Feb-2019 02:16:42.067 INFO [main] sun.reflect.NativeMethodAccessorImpl.invoke OS Name:               Windows 10
13-Feb-2019 02:16:42.067 INFO [main] sun.reflect.NativeMethodAccessorImpl.invoke OS Version:            10.0
13-Feb-2019 02:16:42.067 INFO [main] sun.reflect.NativeMethodAccessorImpl.invoke Architecture:          amd64
13-Feb-2019 02:16:42.067 INFO [main] sun.reflect.NativeMethodAccessorImpl.invoke Java Home:             C:\Program Files\Java\jdk1.8.0_72\jre
13-Feb-2019 02:16:42.067 INFO [main] sun.reflect.NativeMethodAccessorImpl.invoke JVM Version:           1.8.0_72-b15
13-Feb-2019 02:16:42.068 INFO [main] sun.reflect.NativeMethodAccessorImpl.invoke JVM Vendor:            Oracle Corporation
13-Feb-2019 02:16:42.068 INFO [main] sun.reflect.NativeMethodAccessorImpl.invoke CATALINA_BASE:         C:\Projects\KP_WME\CSR_Server
13-Feb-2019 02:16:42.068 INFO [main] sun.reflect.NativeMethodAccessorImpl.invoke CATALINA_HOME:         C:\Projects\KP_WME\CSR_Server
13-Feb-2019 02:16:42.068 INFO [main] sun.reflect.NativeMethodAccessorImpl.invoke Command line argument: -Djava.util.logging.config.file=C:\Projects\KP_WME\CSR_Server\conf\logging.properties
13-Feb-2019 02:16:42.068 INFO [main] sun.reflect.NativeMethodAccessorImpl.invoke Command line argument: -Djava.util.logging.manager=org.apache.juli.ClassLoaderLogManager
13-Feb-2019 02:16:42.068 INFO [main] sun.reflect.NativeMethodAccessorImpl.invoke Command line argument: -javaagent:C:\Projects\KP_WME\CSR_Server\lib\openejb-javaagent.jar
13-Feb-2019 02:16:42.068 INFO [main] sun.reflect.NativeMethodAccessorImpl.invoke Command line argument: -Djdk.tls.ephemeralDHKeySize=2048
13-Feb-2019 02:16:42.069 INFO [main] sun.reflect.NativeMethodAccessorImpl.invoke Command line argument: -Djava.protocol.handler.pkgs=org.apache.catalina.webresources
13-Feb-2019 02:16:42.069 INFO [main] sun.reflect.DelegatingMethodAccessorImpl.invoke Command line argument: -Dignore.endorsed.dirs=
13-Feb-2019 02:16:42.069 INFO [main] sun.reflect.DelegatingMethodAccessorImpl.invoke Command line argument: -Dcatalina.base=C:\Projects\KP_WME\CSR_Server
13-Feb-2019 02:16:42.069 INFO [main] sun.reflect.DelegatingMethodAccessorImpl.invoke Command line argument: -Dcatalina.home=C:\Projects\KP_WME\CSR_Server
13-Feb-2019 02:16:42.069 INFO [main] sun.reflect.DelegatingMethodAccessorImpl.invoke Command line argument: -Djava.io.tmpdir=C:\Projects\KP_WME\CSR_Server\temp
13-Feb-2019 02:16:42.069 INFO [main] sun.reflect.DelegatingMethodAccessorImpl.invoke The APR based Apache Tomcat Native library which allows optimal performance in production environments was not found on the java.library.path: [C:\Program Files\Java\jdk1.8.0_72\bin;C:\WINDOWS\Sun\Java\bin;C:\WINDOWS\system32;C:\WINDOWS;C:\Python27\;C:\Python27\Scripts;C:\Program Files (x86)\Common Files\Oracle\Java\javapath;C:\Program Files (x86)\Intel\iCLS Client\;C:\PROGRAM FILES\INTEL\ICLS CLIENT\;C:\libs\Qt\5.7\msvc2015_64\BIN;C:\PROGRAMDATA\ORACLE\JAVA\JAVAPATH;C:\PROGRAM FILES\DELL\DW WLAN CARD;C:\WINDOWS\SYSTEM32;C:\WINDOWS;C:\WINDOWS\SYSTEM32\WBEM;C:\WINDOWS\SYSTEM32\WINDOWSPOWERSHELL\V1.0\;C:\PROGRAMDATA\CHOCOLATEY\BIN;C:\PROGRAM FILES\GIT\CMD;C:\PROGRAM FILES\SLIKSVN\BIN;C:\PROGRAM FILES\OPENVPN\BIN;C:\WINDOWS\SYSTEM32;C:\WINDOWS;C:\WINDOWS\SYSTEM32\WBEM;C:\WINDOWS\SYSTEM32\WINDOWSPOWERSHELL\V1.0\;C:\tools\opencv\build\x64\vc14\BIN;C:\PROGRAM FILES\CMAKE\BIN;C:\libs\tbb2017_20160916oss\BIN\INTEL64\VC14;C:\Program Files\WIDCOMM\Bluetooth Software\;C:\Program Files\WIDCOMM\Bluetooth Software\syswow64;C:\WINDOWS\system32;C:\WINDOWS;C:\WINDOWS\System32\Wbem;C:\WINDOWS\System32\WindowsPowerShell\v1.0\;C:\Program Files\Microsoft SQL Server\130\Tools\Binn\;C:\Program Files\dotnet\;C:\Program Files (x86)\Intel\Intel(R) Management Engine Components\DAL;C:\Program Files\Intel\Intel(R) Management Engine Components\DAL;C:\Program Files (x86)\Intel\Intel(R) Management Engine Components\IPT;C:\Program Files\Intel\Intel(R) Management Engine Components\IPT;C:\WINDOWS\System32\OpenSSH\;C:\Program Files\MiKTeX 2.9\miktex\bin\x64\;C:\Program Files\Microsoft VS Code\bin;C:\Program Files\Git\cmd;C:\Program Files\nodejs\;C:\Users\witzbould\AppData\Local\Microsoft\WindowsApps;C:\Users\witzbould\AppData\Local\Microsoft\WindowsApps;C:\Program Files\Microsoft VS Code\bin;C:\Program Files\Java\jdk1.8.0_72;C:\Users\witzbould\AppData\Roaming\npm;.]
13-Feb-2019 02:16:43.556 INFO [main] sun.reflect.DelegatingMethodAccessorImpl.invoke Initializing ProtocolHandler ["http-nio-8080"]
13-Feb-2019 02:16:43.593 SEVERE [main] sun.reflect.NativeMethodAccessorImpl.invoke Failed to initialize connector [Connector[HTTP/1.1-8080]]
 org.apache.catalina.LifecycleException: Failed to initialize component [Connector[HTTP/1.1-8080]]
	at org.apache.catalina.util.LifecycleBase.init(LifecycleBase.java:112)
	at org.apache.catalina.core.StandardService.initInternal(StandardService.java:549)
	at org.apache.catalina.util.LifecycleBase.init(LifecycleBase.java:107)
	at org.apache.catalina.core.StandardServer.initInternal(StandardServer.java:875)
	at org.apache.catalina.util.LifecycleBase.init(LifecycleBase.java:107)
	at org.apache.catalina.startup.Catalina.load(Catalina.java:632)
	at org.apache.catalina.startup.Catalina.load(Catalina.java:655)
	at sun.reflect.NativeMethodAccessorImpl.invoke0(Native Method)
	at sun.reflect.NativeMethodAccessorImpl.invoke(NativeMethodAccessorImpl.java:62)
	at sun.reflect.DelegatingMethodAccessorImpl.invoke(DelegatingMethodAccessorImpl.java:43)
	at java.lang.reflect.Method.invoke(Method.java:498)
	at org.apache.catalina.startup.Bootstrap.load(Bootstrap.java:309)
	at org.apache.catalina.startup.Bootstrap.main(Bootstrap.java:492)
Caused by: org.apache.catalina.LifecycleException: Protocol handler initialization failed
	at org.apache.catalina.connector.Connector.initInternal(Connector.java:995)
	at org.apache.catalina.util.LifecycleBase.init(LifecycleBase.java:107)
	... 12 more
Caused by: java.net.BindException: Address already in use: bind
	at sun.nio.ch.Net.bind0(Native Method)
	at sun.nio.ch.Net.bind(Net.java:433)
	at sun.nio.ch.Net.bind(Net.java:425)
	at sun.nio.ch.ServerSocketChannelImpl.bind(ServerSocketChannelImpl.java:223)
	at sun.nio.ch.ServerSocketAdaptor.bind(ServerSocketAdaptor.java:74)
	at org.apache.tomcat.util.net.NioEndpoint.bind(NioEndpoint.java:210)
	at org.apache.tomcat.util.net.AbstractEndpoint.init(AbstractEndpoint.java:1086)
	at org.apache.tomcat.util.net.AbstractJsseEndpoint.init(AbstractJsseEndpoint.java:268)
	at org.apache.coyote.AbstractProtocol.init(AbstractProtocol.java:581)
	at org.apache.coyote.http11.AbstractHttp11Protocol.init(AbstractHttp11Protocol.java:68)
	at org.apache.catalina.connector.Connector.initInternal(Connector.java:993)
	... 13 more

13-Feb-2019 02:16:43.595 INFO [main] sun.reflect.DelegatingMethodAccessorImpl.invoke Initializing ProtocolHandler ["ajp-nio-8009"]
13-Feb-2019 02:16:43.707 INFO [main] sun.reflect.DelegatingMethodAccessorImpl.invoke Using a shared selector for servlet write/read
13-Feb-2019 02:16:44.310 INFO [main] org.apache.openejb.util.OptionsLog.info Using 'openejb.jdbc.datasource-creator=org.apache.tomee.jdbc.TomEEDataSourceCreator'
13-Feb-2019 02:16:44.447 INFO [main] org.apache.openejb.OpenEJB$Instance.<init> ********************************************************************************
13-Feb-2019 02:16:44.447 INFO [main] org.apache.openejb.OpenEJB$Instance.<init> OpenEJB http://tomee.apache.org/
13-Feb-2019 02:16:44.447 INFO [main] org.apache.openejb.OpenEJB$Instance.<init> Startup: Wed Feb 13 02:16:44 CET 2019
13-Feb-2019 02:16:44.447 INFO [main] org.apache.openejb.OpenEJB$Instance.<init> Copyright 1999-2018 (C) Apache OpenEJB Project, All Rights Reserved.
13-Feb-2019 02:16:44.447 INFO [main] org.apache.openejb.OpenEJB$Instance.<init> Version: 7.1.0
13-Feb-2019 02:16:44.448 INFO [main] org.apache.openejb.OpenEJB$Instance.<init> Build date: 20180902
13-Feb-2019 02:16:44.448 INFO [main] org.apache.openejb.OpenEJB$Instance.<init> Build time: 09:50
13-Feb-2019 02:16:44.448 INFO [main] org.apache.openejb.OpenEJB$Instance.<init> ********************************************************************************
13-Feb-2019 02:16:44.448 INFO [main] org.apache.openejb.OpenEJB$Instance.<init> openejb.home = C:\Projects\KP_WME\CSR_Server
13-Feb-2019 02:16:44.448 INFO [main] org.apache.openejb.OpenEJB$Instance.<init> openejb.base = C:\Projects\KP_WME\CSR_Server
13-Feb-2019 02:16:44.454 INFO [main] org.apache.openejb.cdi.CdiBuilder.initializeOWB Created new singletonService org.apache.openejb.cdi.ThreadSingletonServiceImpl@2b6faea6
13-Feb-2019 02:16:44.455 INFO [main] org.apache.openejb.cdi.CdiBuilder.initializeOWB Succeeded in installing singleton service
13-Feb-2019 02:16:44.531 INFO [main] org.apache.openejb.config.ConfigurationFactory.init TomEE configuration file is 'C:\Projects\KP_WME\CSR_Server\conf\tomee.xml'
13-Feb-2019 02:16:44.591 INFO [main] org.apache.openejb.config.ConfigurationFactory.configureService Configuring Service(id=Tomcat Security Service, type=SecurityService, provider-id=Tomcat Security Service)
13-Feb-2019 02:16:44.594 INFO [main] org.apache.openejb.config.ConfigurationFactory.configureService Configuring Service(id=Default Transaction Manager, type=TransactionManager, provider-id=Default Transaction Manager)
13-Feb-2019 02:16:44.598 INFO [main] org.apache.openejb.util.OptionsLog.info Using 'openejb.deployments.classpath=false'
13-Feb-2019 02:16:44.623 INFO [main] org.apache.openejb.assembler.classic.Assembler.createRecipe Creating TransactionManager(id=Default Transaction Manager)
13-Feb-2019 02:16:44.687 INFO [main] org.apache.openejb.assembler.classic.Assembler.createRecipe Creating SecurityService(id=Tomcat Security Service)
13-Feb-2019 02:16:44.814 INFO [main] org.apache.openejb.server.ServiceManager.initServer Creating ServerService(id=cxf)
13-Feb-2019 02:16:45.115 INFO [main] org.apache.openejb.server.ServiceManager.initServer Creating ServerService(id=cxf-rs)
13-Feb-2019 02:16:45.211 INFO [main] org.apache.openejb.server.SimpleServiceManager.start   ** Bound Services **
13-Feb-2019 02:16:45.211 INFO [main] org.apache.openejb.server.SimpleServiceManager.printRow   NAME                 IP              PORT  
13-Feb-2019 02:16:45.211 INFO [main] org.apache.openejb.server.SimpleServiceManager.start -------
13-Feb-2019 02:16:45.211 INFO [main] org.apache.openejb.server.SimpleServiceManager.start Ready!
13-Feb-2019 02:16:45.211 INFO [main] sun.reflect.DelegatingMethodAccessorImpl.invoke Initialization processed in 3830 ms
13-Feb-2019 02:16:45.280 INFO [main] org.apache.tomee.catalina.OpenEJBNamingContextListener.bindResource Importing a Tomcat Resource with id 'UserDatabase' of type 'org.apache.catalina.UserDatabase'.
13-Feb-2019 02:16:45.282 INFO [main] org.apache.openejb.assembler.classic.Assembler.createRecipe Creating Resource(id=UserDatabase)
13-Feb-2019 02:16:45.296 INFO [main] sun.reflect.DelegatingMethodAccessorImpl.invoke Starting service [Catalina]
13-Feb-2019 02:16:45.296 INFO [main] sun.reflect.DelegatingMethodAccessorImpl.invoke Starting Servlet Engine: Apache Tomcat (TomEE)/8.5.32 (7.1.0)
13-Feb-2019 02:16:45.356 INFO [localhost-startStop-1] sun.reflect.DelegatingMethodAccessorImpl.invoke Deploying web application archive [C:\Projects\KP_WME\CSR_Server\webapps\csr-server.war]
13-Feb-2019 02:16:45.370 INFO [localhost-startStop-1] org.apache.tomee.catalina.TomcatWebAppBuilder.init ------------------------- localhost -> /csr-server
13-Feb-2019 02:16:45.418 WARNING [localhost-startStop-1] org.apache.catalina.startup.SetContextPropertiesRule.begin [SetContextPropertiesRule]{Context} Setting property 'antiJARLocking' to 'true' did not find a matching property.
13-Feb-2019 02:16:57.210 INFO [localhost-startStop-1] org.apache.openejb.config.ConfigurationFactory.configureApplication Configuring enterprise application: C:\Projects\KP_WME\CSR_Server\webapps\csr-server
13-Feb-2019 02:16:58.652 INFO [localhost-startStop-1] org.apache.openejb.config.InitEjbDeployments.deploy Auto-deploying ejb ApolloMessageBrokerImpl: EjbDeployment(deployment-id=ApolloMessageBrokerImpl)
13-Feb-2019 02:16:58.652 INFO [localhost-startStop-1] org.apache.openejb.config.InitEjbDeployments.deploy Auto-deploying ejb RuntimeManager: EjbDeployment(deployment-id=RuntimeManager)
13-Feb-2019 02:16:58.653 INFO [localhost-startStop-1] org.apache.openejb.config.InitEjbDeployments.deploy Auto-deploying ejb AccessControlManagerFactory: EjbDeployment(deployment-id=AccessControlManagerFactory)
13-Feb-2019 02:16:58.653 INFO [localhost-startStop-1] org.apache.openejb.config.InitEjbDeployments.deploy Auto-deploying ejb DeviceServiceManagerImpl: EjbDeployment(deployment-id=DeviceServiceManagerImpl)
13-Feb-2019 02:16:58.653 INFO [localhost-startStop-1] org.apache.openejb.config.InitEjbDeployments.deploy Auto-deploying ejb DeviceRoleRepositoryImpl: EjbDeployment(deployment-id=DeviceRoleRepositoryImpl)
13-Feb-2019 02:16:58.653 INFO [localhost-startStop-1] org.apache.openejb.config.InitEjbDeployments.deploy Auto-deploying ejb SmcdCacheImpl: EjbDeployment(deployment-id=SmcdCacheImpl)
13-Feb-2019 02:16:58.654 INFO [localhost-startStop-1] org.apache.openejb.config.InitEjbDeployments.deploy Auto-deploying ejb ContextManagerImpl: EjbDeployment(deployment-id=ContextManagerImpl)
13-Feb-2019 02:16:58.654 INFO [localhost-startStop-1] org.apache.openejb.config.InitEjbDeployments.deploy Auto-deploying ejb ClientSessionFactoryImpl: EjbDeployment(deployment-id=ClientSessionFactoryImpl)
13-Feb-2019 02:16:58.654 INFO [localhost-startStop-1] org.apache.openejb.config.InitEjbDeployments.deploy Auto-deploying ejb ApplicationManagerFactory: EjbDeployment(deployment-id=ApplicationManagerFactory)
13-Feb-2019 02:16:58.655 INFO [localhost-startStop-1] org.apache.openejb.config.InitEjbDeployments.deploy Auto-deploying ejb MemoryClientRegistryService: EjbDeployment(deployment-id=MemoryClientRegistryService)
13-Feb-2019 02:16:58.656 INFO [localhost-startStop-1] org.apache.openejb.config.InitEjbDeployments.deploy Auto-deploying ejb TriggerRequestProcessorImpl: EjbDeployment(deployment-id=TriggerRequestProcessorImpl)
13-Feb-2019 02:16:58.656 INFO [localhost-startStop-1] org.apache.openejb.config.InitEjbDeployments.deploy Auto-deploying ejb CoRepositoryImpl: EjbDeployment(deployment-id=CoRepositoryImpl)
13-Feb-2019 02:16:58.657 INFO [localhost-startStop-1] org.apache.openejb.config.InitEjbDeployments.deploy Auto-deploying ejb IdResponseHandler: EjbDeployment(deployment-id=IdResponseHandler)
13-Feb-2019 02:16:58.657 INFO [localhost-startStop-1] org.apache.openejb.config.InitEjbDeployments.deploy Auto-deploying ejb DistributionServiceImpl: EjbDeployment(deployment-id=DistributionServiceImpl)
13-Feb-2019 02:16:58.657 INFO [localhost-startStop-1] org.apache.openejb.config.InitEjbDeployments.deploy Auto-deploying ejb ServiceAccessImpl: EjbDeployment(deployment-id=ServiceAccessImpl)
13-Feb-2019 02:16:58.657 INFO [localhost-startStop-1] org.apache.openejb.config.InitEjbDeployments.deploy Auto-deploying ejb TemplateResponseHandler: EjbDeployment(deployment-id=TemplateResponseHandler)
13-Feb-2019 02:16:58.657 INFO [localhost-startStop-1] org.apache.openejb.config.InitEjbDeployments.deploy Auto-deploying ejb RecommendationServiceImpl: EjbDeployment(deployment-id=RecommendationServiceImpl)
13-Feb-2019 02:16:58.658 INFO [localhost-startStop-1] org.apache.openejb.config.InitEjbDeployments.deploy Auto-deploying ejb AppRe: EjbDeployment(deployment-id=AppRe)
13-Feb-2019 02:16:58.658 INFO [localhost-startStop-1] org.apache.openejb.config.InitEjbDeployments.deploy Auto-deploying ejb ExchangeIdResponseHandler: EjbDeployment(deployment-id=ExchangeIdResponseHandler)
13-Feb-2019 02:16:58.658 INFO [localhost-startStop-1] org.apache.openejb.config.InitEjbDeployments.deploy Auto-deploying ejb Responder: EjbDeployment(deployment-id=Responder)
13-Feb-2019 02:16:58.658 INFO [localhost-startStop-1] org.apache.openejb.config.InitEjbDeployments.deploy Auto-deploying ejb Dummy: EjbDeployment(deployment-id=Dummy)
13-Feb-2019 02:16:58.658 INFO [localhost-startStop-1] org.apache.openejb.config.InitEjbDeployments.deploy Auto-deploying ejb EventBrokerImpl: EjbDeployment(deployment-id=EventBrokerImpl)
13-Feb-2019 02:16:58.659 INFO [localhost-startStop-1] org.apache.openejb.config.InitEjbDeployments.deploy Auto-deploying ejb DistributionModelInterpreterImpl: EjbDeployment(deployment-id=DistributionModelInterpreterImpl)
13-Feb-2019 02:16:58.659 INFO [localhost-startStop-1] org.apache.openejb.config.InitEjbDeployments.deploy Auto-deploying ejb RecommendationManagerImpl: EjbDeployment(deployment-id=RecommendationManagerImpl)
13-Feb-2019 02:16:58.659 INFO [localhost-startStop-1] org.apache.openejb.config.InitEjbDeployments.deploy Auto-deploying ejb LayoutModelInterpreter: EjbDeployment(deployment-id=LayoutModelInterpreter)
13-Feb-2019 02:16:58.660 INFO [localhost-startStop-1] org.apache.openejb.config.InitEjbDeployments.deploy Auto-deploying ejb DistributionManagerImpl: EjbDeployment(deployment-id=DistributionManagerImpl)
13-Feb-2019 02:16:58.660 INFO [localhost-startStop-1] org.apache.openejb.config.InitEjbDeployments.deploy Auto-deploying ejb EventDispatcherImpl: EjbDeployment(deployment-id=EventDispatcherImpl)
13-Feb-2019 02:16:58.660 INFO [localhost-startStop-1] org.apache.openejb.config.InitEjbDeployments.deploy Auto-deploying ejb CommunicationManagerImpl: EjbDeployment(deployment-id=CommunicationManagerImpl)
13-Feb-2019 02:16:58.660 INFO [localhost-startStop-1] org.apache.openejb.config.InitEjbDeployments.deploy Auto-deploying ejb DistributionRecommender: EjbDeployment(deployment-id=DistributionRecommender)
13-Feb-2019 02:16:58.661 INFO [localhost-startStop-1] org.apache.openejb.config.InitEjbDeployments.deploy Auto-deploying ejb TriggerManagerImpl: EjbDeployment(deployment-id=TriggerManagerImpl)
13-Feb-2019 02:16:58.662 INFO [localhost-startStop-1] org.apache.openejb.config.InitEjbDeployments.deploy Auto-deploying ejb ApplicationManagerImpl: EjbDeployment(deployment-id=ApplicationManagerImpl)
13-Feb-2019 02:16:58.662 INFO [localhost-startStop-1] org.apache.openejb.config.InitEjbDeployments.deploy Auto-deploying ejb ConceptualModelInterpreterImpl: EjbDeployment(deployment-id=ConceptualModelInterpreterImpl)
13-Feb-2019 02:16:58.662 INFO [localhost-startStop-1] org.apache.openejb.config.InitEjbDeployments.deploy Auto-deploying ejb ComponentManagerImpl: EjbDeployment(deployment-id=ComponentManagerImpl)
13-Feb-2019 02:16:58.663 INFO [localhost-startStop-1] org.apache.openejb.config.InitEjbDeployments.deploy Auto-deploying ejb AccessControlManagerImpl: EjbDeployment(deployment-id=AccessControlManagerImpl)
13-Feb-2019 02:16:58.663 INFO [localhost-startStop-1] org.apache.openejb.config.InitEjbDeployments.deploy Auto-deploying ejb AwarenessManagerImpl: EjbDeployment(deployment-id=AwarenessManagerImpl)
13-Feb-2019 02:16:58.663 INFO [localhost-startStop-1] org.apache.openejb.config.InitEjbDeployments.deploy Auto-deploying ejb ChannelCommunicationModelInterpreter: EjbDeployment(deployment-id=ChannelCommunicationModelInterpreter)
13-Feb-2019 02:16:58.678 INFO [localhost-startStop-1] org.apache.openejb.config.ConfigurationFactory.configureService Configuring Service(id=Default Singleton Container, type=Container, provider-id=Default Singleton Container)
13-Feb-2019 02:16:58.678 INFO [localhost-startStop-1] org.apache.openejb.config.AutoConfig.createContainer Auto-creating a container for bean ApolloMessageBrokerImpl: Container(type=SINGLETON, id=Default Singleton Container)
13-Feb-2019 02:16:58.679 INFO [localhost-startStop-1] org.apache.openejb.assembler.classic.Assembler.createRecipe Creating Container(id=Default Singleton Container)
13-Feb-2019 02:16:58.717 INFO [localhost-startStop-1] org.apache.openejb.config.ConfigurationFactory.configureService Configuring Service(id=Default Stateless Container, type=Container, provider-id=Default Stateless Container)
13-Feb-2019 02:16:58.717 INFO [localhost-startStop-1] org.apache.openejb.config.AutoConfig.createContainer Auto-creating a container for bean TriggerRequestProcessorImpl: Container(type=STATELESS, id=Default Stateless Container)
13-Feb-2019 02:16:58.718 INFO [localhost-startStop-1] org.apache.openejb.assembler.classic.Assembler.createRecipe Creating Container(id=Default Stateless Container)
13-Feb-2019 02:16:58.735 INFO [localhost-startStop-1] org.apache.openejb.config.ConfigurationFactory.configureService Configuring Service(id=Default Stateful Container, type=Container, provider-id=Default Stateful Container)
13-Feb-2019 02:16:58.735 INFO [localhost-startStop-1] org.apache.openejb.config.AutoConfig.createContainer Auto-creating a container for bean Dummy: Container(type=STATEFUL, id=Default Stateful Container)
13-Feb-2019 02:16:58.735 INFO [localhost-startStop-1] org.apache.openejb.assembler.classic.Assembler.createRecipe Creating Container(id=Default Stateful Container)
13-Feb-2019 02:16:58.791 INFO [localhost-startStop-1] org.apache.openejb.core.stateful.SimplePassivater.init Using directory C:\Projects\KP_WME\CSR_Server\temp for stateful session passivation
13-Feb-2019 02:16:58.802 INFO [localhost-startStop-1] org.apache.openejb.config.ConfigurationFactory.configureService Configuring Service(id=Default Managed Container, type=Container, provider-id=Default Managed Container)
13-Feb-2019 02:16:58.802 INFO [localhost-startStop-1] org.apache.openejb.config.AutoConfig.createContainer Auto-creating a container for bean csr-server.Comp942825835: Container(type=MANAGED, id=Default Managed Container)
13-Feb-2019 02:16:58.802 INFO [localhost-startStop-1] org.apache.openejb.assembler.classic.Assembler.createRecipe Creating Container(id=Default Managed Container)
13-Feb-2019 02:16:58.815 INFO [localhost-startStop-1] org.apache.openejb.core.managed.SimplePassivater.init Using directory C:\Projects\KP_WME\CSR_Server\temp for stateful session passivation
13-Feb-2019 02:16:58.922 INFO [localhost-startStop-1] org.apache.openejb.config.AppInfoBuilder.build Enterprise application "C:\Projects\KP_WME\CSR_Server\webapps\csr-server" loaded.
13-Feb-2019 02:16:59.107 INFO [localhost-startStop-1] org.apache.openejb.assembler.classic.Assembler.createApplication Assembling app: C:\Projects\KP_WME\CSR_Server\webapps\csr-server
13-Feb-2019 02:16:59.117 INFO [localhost-startStop-1] org.apache.openejb.util.OptionsLog.info Using 'AsynchronousPool.Size=15'
13-Feb-2019 02:16:59.117 INFO [localhost-startStop-1] org.apache.openejb.util.OptionsLog.info Using 'AsynchronousPool.MaximumPoolSize=25'
13-Feb-2019 02:16:59.117 INFO [localhost-startStop-1] org.apache.openejb.util.OptionsLog.info Using 'AsynchronousPool.QueueSize=10'
13-Feb-2019 02:17:02.038 INFO [localhost-startStop-1] org.apache.openejb.assembler.classic.JndiBuilder.bind Jndi(name=ApolloMessageBrokerImplLocal) --> Ejb(deployment-id=ApolloMessageBrokerImpl)
13-Feb-2019 02:17:02.038 INFO [localhost-startStop-1] org.apache.openejb.assembler.classic.JndiBuilder.bind Jndi(name=global/csr-server/ApolloMessageBrokerImpl!de.tudresden.inf.documa.communication.messaging.MessageBroker) --> Ejb(deployment-id=ApolloMessageBrokerImpl)
13-Feb-2019 02:17:02.039 INFO [localhost-startStop-1] org.apache.openejb.assembler.classic.JndiBuilder.bind Jndi(name=global/csr-server/ApolloMessageBrokerImpl) --> Ejb(deployment-id=ApolloMessageBrokerImpl)
13-Feb-2019 02:17:02.041 INFO [localhost-startStop-1] org.apache.openejb.assembler.classic.JndiBuilder.bind Jndi(name=RuntimeManagerLocalBean) --> Ejb(deployment-id=RuntimeManager)
13-Feb-2019 02:17:02.041 INFO [localhost-startStop-1] org.apache.openejb.assembler.classic.JndiBuilder.bind Jndi(name=global/csr-server/RuntimeManager!de.tudresden.inf.documa.runtime.RuntimeManager) --> Ejb(deployment-id=RuntimeManager)
13-Feb-2019 02:17:02.041 INFO [localhost-startStop-1] org.apache.openejb.assembler.classic.JndiBuilder.bind Jndi(name=RuntimeManagerLocal) --> Ejb(deployment-id=RuntimeManager)
13-Feb-2019 02:17:02.041 INFO [localhost-startStop-1] org.apache.openejb.assembler.classic.JndiBuilder.bind Jndi(name=global/csr-server/RuntimeManager!de.tudresden.inf.documa.communication.messaging.ClientSessionListener) --> Ejb(deployment-id=RuntimeManager)
13-Feb-2019 02:17:02.041 INFO [localhost-startStop-1] org.apache.openejb.assembler.classic.JndiBuilder.bind Jndi(name=global/csr-server/RuntimeManager) --> Ejb(deployment-id=RuntimeManager)
13-Feb-2019 02:17:02.042 INFO [localhost-startStop-1] org.apache.openejb.assembler.classic.JndiBuilder.bind Jndi(name=AccessControlManagerFactoryLocal) --> Ejb(deployment-id=AccessControlManagerFactory)
13-Feb-2019 02:17:02.042 INFO [localhost-startStop-1] org.apache.openejb.assembler.classic.JndiBuilder.bind Jndi(name=global/csr-server/AccessControlManagerFactory!de.tudresden.inf.documa.application.collaboration.AccessControlManagerFactory) --> Ejb(deployment-id=AccessControlManagerFactory)
13-Feb-2019 02:17:02.042 INFO [localhost-startStop-1] org.apache.openejb.assembler.classic.JndiBuilder.bind Jndi(name=global/csr-server/AccessControlManagerFactory) --> Ejb(deployment-id=AccessControlManagerFactory)
13-Feb-2019 02:17:02.042 INFO [localhost-startStop-1] org.apache.openejb.assembler.classic.JndiBuilder.bind Jndi(name=DeviceServiceManagerImplLocal) --> Ejb(deployment-id=DeviceServiceManagerImpl)
13-Feb-2019 02:17:02.042 INFO [localhost-startStop-1] org.apache.openejb.assembler.classic.JndiBuilder.bind Jndi(name=global/csr-server/DeviceServiceManagerImpl!de.tudresden.inf.documa.services.DeviceServiceManager) --> Ejb(deployment-id=DeviceServiceManagerImpl)
13-Feb-2019 02:17:02.043 INFO [localhost-startStop-1] org.apache.openejb.assembler.classic.JndiBuilder.bind Jndi(name=global/csr-server/DeviceServiceManagerImpl) --> Ejb(deployment-id=DeviceServiceManagerImpl)
13-Feb-2019 02:17:02.043 INFO [localhost-startStop-1] org.apache.openejb.assembler.classic.JndiBuilder.bind Jndi(name=DeviceRoleRepositoryImplLocal) --> Ejb(deployment-id=DeviceRoleRepositoryImpl)
13-Feb-2019 02:17:02.043 INFO [localhost-startStop-1] org.apache.openejb.assembler.classic.JndiBuilder.bind Jndi(name=global/csr-server/DeviceRoleRepositoryImpl!de.tudresden.inf.documa.registry.role.DeviceRoleRepository) --> Ejb(deployment-id=DeviceRoleRepositoryImpl)
13-Feb-2019 02:17:02.043 INFO [localhost-startStop-1] org.apache.openejb.assembler.classic.JndiBuilder.bind Jndi(name=global/csr-server/DeviceRoleRepositoryImpl!de.tudresden.inf.documa.registry.role.JSONRoleRepository) --> Ejb(deployment-id=DeviceRoleRepositoryImpl)
13-Feb-2019 02:17:02.044 INFO [localhost-startStop-1] org.apache.openejb.assembler.classic.JndiBuilder.bind Jndi(name=global/csr-server/DeviceRoleRepositoryImpl) --> Ejb(deployment-id=DeviceRoleRepositoryImpl)
13-Feb-2019 02:17:02.045 INFO [localhost-startStop-1] org.apache.openejb.assembler.classic.JndiBuilder.bind Jndi(name=SmcdCacheImplLocal) --> Ejb(deployment-id=SmcdCacheImpl)
13-Feb-2019 02:17:02.045 INFO [localhost-startStop-1] org.apache.openejb.assembler.classic.JndiBuilder.bind Jndi(name=global/csr-server/SmcdCacheImpl!de.tudresden.inf.documa.utility.SmcdCache) --> Ejb(deployment-id=SmcdCacheImpl)
13-Feb-2019 02:17:02.045 INFO [localhost-startStop-1] org.apache.openejb.assembler.classic.JndiBuilder.bind Jndi(name=global/csr-server/SmcdCacheImpl) --> Ejb(deployment-id=SmcdCacheImpl)
13-Feb-2019 02:17:02.046 INFO [localhost-startStop-1] org.apache.openejb.assembler.classic.JndiBuilder.bind Jndi(name=ContextManagerImplLocal) --> Ejb(deployment-id=ContextManagerImpl)
13-Feb-2019 02:17:02.046 INFO [localhost-startStop-1] org.apache.openejb.assembler.classic.JndiBuilder.bind Jndi(name=global/csr-server/ContextManagerImpl!de.tudresden.inf.documa.context.ContextManager) --> Ejb(deployment-id=ContextManagerImpl)
13-Feb-2019 02:17:02.046 INFO [localhost-startStop-1] org.apache.openejb.assembler.classic.JndiBuilder.bind Jndi(name=global/csr-server/ContextManagerImpl) --> Ejb(deployment-id=ContextManagerImpl)
13-Feb-2019 02:17:02.046 INFO [localhost-startStop-1] org.apache.openejb.assembler.classic.JndiBuilder.bind Jndi(name=ClientSessionFactoryImplLocal) --> Ejb(deployment-id=ClientSessionFactoryImpl)
13-Feb-2019 02:17:02.046 INFO [localhost-startStop-1] org.apache.openejb.assembler.classic.JndiBuilder.bind Jndi(name=global/csr-server/ClientSessionFactoryImpl!de.tudresden.inf.documa.communication.messaging.ClientSessionFactory) --> Ejb(deployment-id=ClientSessionFactoryImpl)
13-Feb-2019 02:17:02.046 INFO [localhost-startStop-1] org.apache.openejb.assembler.classic.JndiBuilder.bind Jndi(name=global/csr-server/ClientSessionFactoryImpl) --> Ejb(deployment-id=ClientSessionFactoryImpl)
13-Feb-2019 02:17:02.047 INFO [localhost-startStop-1] org.apache.openejb.assembler.classic.JndiBuilder.bind Jndi(name=ApplicationManagerFactoryLocal) --> Ejb(deployment-id=ApplicationManagerFactory)
13-Feb-2019 02:17:02.047 INFO [localhost-startStop-1] org.apache.openejb.assembler.classic.JndiBuilder.bind Jndi(name=global/csr-server/ApplicationManagerFactory!de.tudresden.inf.documa.application.ApplicationManagerFactory) --> Ejb(deployment-id=ApplicationManagerFactory)
13-Feb-2019 02:17:02.047 INFO [localhost-startStop-1] org.apache.openejb.assembler.classic.JndiBuilder.bind Jndi(name=global/csr-server/ApplicationManagerFactory) --> Ejb(deployment-id=ApplicationManagerFactory)
13-Feb-2019 02:17:02.047 INFO [localhost-startStop-1] org.apache.openejb.assembler.classic.JndiBuilder.bind Jndi(name=MemoryClientRegistryServiceLocal) --> Ejb(deployment-id=MemoryClientRegistryService)
13-Feb-2019 02:17:02.047 INFO [localhost-startStop-1] org.apache.openejb.assembler.classic.JndiBuilder.bind Jndi(name=global/csr-server/MemoryClientRegistryService!de.tudresden.inf.documa.registry.ClientRegistryService) --> Ejb(deployment-id=MemoryClientRegistryService)
13-Feb-2019 02:17:02.048 INFO [localhost-startStop-1] org.apache.openejb.assembler.classic.JndiBuilder.bind Jndi(name=global/csr-server/MemoryClientRegistryService) --> Ejb(deployment-id=MemoryClientRegistryService)
13-Feb-2019 02:17:02.049 INFO [localhost-startStop-1] org.apache.openejb.assembler.classic.JndiBuilder.bind Jndi(name=TriggerRequestProcessorImplLocal) --> Ejb(deployment-id=TriggerRequestProcessorImpl)
13-Feb-2019 02:17:02.049 INFO [localhost-startStop-1] org.apache.openejb.assembler.classic.JndiBuilder.bind Jndi(name=global/csr-server/TriggerRequestProcessorImpl!de.tudresden.inf.documa.application.recommendation.trigger.TriggerRequestProcessor) --> Ejb(deployment-id=TriggerRequestProcessorImpl)
13-Feb-2019 02:17:02.049 INFO [localhost-startStop-1] org.apache.openejb.assembler.classic.JndiBuilder.bind Jndi(name=global/csr-server/TriggerRequestProcessorImpl) --> Ejb(deployment-id=TriggerRequestProcessorImpl)
13-Feb-2019 02:17:02.050 INFO [localhost-startStop-1] org.apache.openejb.assembler.classic.JndiBuilder.bind Jndi(name=CoRepositoryImplLocal) --> Ejb(deployment-id=CoRepositoryImpl)
13-Feb-2019 02:17:02.050 INFO [localhost-startStop-1] org.apache.openejb.assembler.classic.JndiBuilder.bind Jndi(name=global/csr-server/CoRepositoryImpl!de.tudresden.inf.documa.repository.CoRepository) --> Ejb(deployment-id=CoRepositoryImpl)
13-Feb-2019 02:17:02.050 INFO [localhost-startStop-1] org.apache.openejb.assembler.classic.JndiBuilder.bind Jndi(name=global/csr-server/CoRepositoryImpl) --> Ejb(deployment-id=CoRepositoryImpl)
13-Feb-2019 02:17:02.051 INFO [localhost-startStop-1] org.apache.openejb.assembler.classic.JndiBuilder.bind Jndi(name=IdResponseHandlerLocal) --> Ejb(deployment-id=IdResponseHandler)
13-Feb-2019 02:17:02.051 INFO [localhost-startStop-1] org.apache.openejb.assembler.classic.JndiBuilder.bind Jndi(name=global/csr-server/IdResponseHandler!de.tudresden.inf.documa.application.ResponseHandler) --> Ejb(deployment-id=IdResponseHandler)
13-Feb-2019 02:17:02.051 INFO [localhost-startStop-1] org.apache.openejb.assembler.classic.JndiBuilder.bind Jndi(name=global/csr-server/IdResponseHandler) --> Ejb(deployment-id=IdResponseHandler)
13-Feb-2019 02:17:02.052 INFO [localhost-startStop-1] org.apache.openejb.assembler.classic.JndiBuilder.bind Jndi(name=DistributionServiceImplLocal) --> Ejb(deployment-id=DistributionServiceImpl)
13-Feb-2019 02:17:02.052 INFO [localhost-startStop-1] org.apache.openejb.assembler.classic.JndiBuilder.bind Jndi(name=global/csr-server/DistributionServiceImpl!de.tudresden.inf.documa.repository.DistributionService) --> Ejb(deployment-id=DistributionServiceImpl)
13-Feb-2019 02:17:02.052 INFO [localhost-startStop-1] org.apache.openejb.assembler.classic.JndiBuilder.bind Jndi(name=global/csr-server/DistributionServiceImpl) --> Ejb(deployment-id=DistributionServiceImpl)
13-Feb-2019 02:17:02.053 INFO [localhost-startStop-1] org.apache.openejb.assembler.classic.JndiBuilder.bind Jndi(name=ServiceAccessImplLocal) --> Ejb(deployment-id=ServiceAccessImpl)
13-Feb-2019 02:17:02.053 INFO [localhost-startStop-1] org.apache.openejb.assembler.classic.JndiBuilder.bind Jndi(name=global/csr-server/ServiceAccessImpl!de.tudresden.inf.documa.communication.messaging.ServiceAccess) --> Ejb(deployment-id=ServiceAccessImpl)
13-Feb-2019 02:17:02.053 INFO [localhost-startStop-1] org.apache.openejb.assembler.classic.JndiBuilder.bind Jndi(name=global/csr-server/ServiceAccessImpl) --> Ejb(deployment-id=ServiceAccessImpl)
13-Feb-2019 02:17:02.053 INFO [localhost-startStop-1] org.apache.openejb.assembler.classic.JndiBuilder.bind Jndi(name=TemplateResponseHandlerLocal) --> Ejb(deployment-id=TemplateResponseHandler)
13-Feb-2019 02:17:02.054 INFO [localhost-startStop-1] org.apache.openejb.assembler.classic.JndiBuilder.bind Jndi(name=global/csr-server/TemplateResponseHandler!de.tudresden.inf.documa.application.ResponseHandler) --> Ejb(deployment-id=TemplateResponseHandler)
13-Feb-2019 02:17:02.054 INFO [localhost-startStop-1] org.apache.openejb.assembler.classic.JndiBuilder.bind Jndi(name=global/csr-server/TemplateResponseHandler) --> Ejb(deployment-id=TemplateResponseHandler)
13-Feb-2019 02:17:02.054 INFO [localhost-startStop-1] org.apache.openejb.assembler.classic.JndiBuilder.bind Jndi(name=RecommendationServiceImplLocal) --> Ejb(deployment-id=RecommendationServiceImpl)
13-Feb-2019 02:17:02.054 INFO [localhost-startStop-1] org.apache.openejb.assembler.classic.JndiBuilder.bind Jndi(name=global/csr-server/RecommendationServiceImpl!de.tudresden.inf.documa.repository.RecommendationService) --> Ejb(deployment-id=RecommendationServiceImpl)
13-Feb-2019 02:17:02.054 INFO [localhost-startStop-1] org.apache.openejb.assembler.classic.JndiBuilder.bind Jndi(name=global/csr-server/RecommendationServiceImpl) --> Ejb(deployment-id=RecommendationServiceImpl)
13-Feb-2019 02:17:02.055 INFO [localhost-startStop-1] org.apache.openejb.assembler.classic.JndiBuilder.bind Jndi(name=AppReLocal) --> Ejb(deployment-id=AppRe)
13-Feb-2019 02:17:02.055 INFO [localhost-startStop-1] org.apache.openejb.assembler.classic.JndiBuilder.bind Jndi(name=global/csr-server/AppRe!de.tudresden.inf.documa.repository.AppRepository) --> Ejb(deployment-id=AppRe)
13-Feb-2019 02:17:02.055 INFO [localhost-startStop-1] org.apache.openejb.assembler.classic.JndiBuilder.bind Jndi(name=global/csr-server/AppRe) --> Ejb(deployment-id=AppRe)
13-Feb-2019 02:17:02.056 INFO [localhost-startStop-1] org.apache.openejb.assembler.classic.JndiBuilder.bind Jndi(name=ExchangeIdResponseHandlerLocal) --> Ejb(deployment-id=ExchangeIdResponseHandler)
13-Feb-2019 02:17:02.056 INFO [localhost-startStop-1] org.apache.openejb.assembler.classic.JndiBuilder.bind Jndi(name=global/csr-server/ExchangeIdResponseHandler!de.tudresden.inf.documa.application.ResponseHandler) --> Ejb(deployment-id=ExchangeIdResponseHandler)
13-Feb-2019 02:17:02.056 INFO [localhost-startStop-1] org.apache.openejb.assembler.classic.JndiBuilder.bind Jndi(name=global/csr-server/ExchangeIdResponseHandler) --> Ejb(deployment-id=ExchangeIdResponseHandler)
13-Feb-2019 02:17:02.057 INFO [localhost-startStop-1] org.apache.openejb.assembler.classic.JndiBuilder.bind Jndi(name=ResponderLocalBean) --> Ejb(deployment-id=Responder)
13-Feb-2019 02:17:02.057 INFO [localhost-startStop-1] org.apache.openejb.assembler.classic.JndiBuilder.bind Jndi(name=global/csr-server/Responder!de.tudresden.inf.documa.communication.messaging.Responder) --> Ejb(deployment-id=Responder)
13-Feb-2019 02:17:02.057 INFO [localhost-startStop-1] org.apache.openejb.assembler.classic.JndiBuilder.bind Jndi(name=global/csr-server/Responder) --> Ejb(deployment-id=Responder)
13-Feb-2019 02:17:02.061 INFO [localhost-startStop-1] org.apache.openejb.assembler.classic.JndiBuilder.bind Jndi(name=DummyLocal) --> Ejb(deployment-id=Dummy)
13-Feb-2019 02:17:02.061 INFO [localhost-startStop-1] org.apache.openejb.assembler.classic.JndiBuilder.bind Jndi(name=global/csr-server/Dummy!de.tudresden.inf.documa.application.recommendation.distribution.DistributionRecommender) --> Ejb(deployment-id=Dummy)
13-Feb-2019 02:17:02.061 INFO [localhost-startStop-1] org.apache.openejb.assembler.classic.JndiBuilder.bind Jndi(name=global/csr-server/Dummy) --> Ejb(deployment-id=Dummy)
13-Feb-2019 02:17:02.065 INFO [localhost-startStop-1] org.apache.openejb.assembler.classic.JndiBuilder.bind Jndi(name=EventBrokerImplLocal) --> Ejb(deployment-id=EventBrokerImpl)
13-Feb-2019 02:17:02.066 INFO [localhost-startStop-1] org.apache.openejb.assembler.classic.JndiBuilder.bind Jndi(name=global/csr-server/EventBrokerImpl!de.tudresden.inf.documa.application.messaging.EventBroker) --> Ejb(deployment-id=EventBrokerImpl)
13-Feb-2019 02:17:02.067 INFO [localhost-startStop-1] org.apache.openejb.assembler.classic.JndiBuilder.bind Jndi(name=global/csr-server/EventBrokerImpl) --> Ejb(deployment-id=EventBrokerImpl)
13-Feb-2019 02:17:02.068 INFO [localhost-startStop-1] org.apache.openejb.assembler.classic.JndiBuilder.bind Jndi(name=DistributionModelInterpreterImplLocal) --> Ejb(deployment-id=DistributionModelInterpreterImpl)
13-Feb-2019 02:17:02.069 INFO [localhost-startStop-1] org.apache.openejb.assembler.classic.JndiBuilder.bind Jndi(name=global/csr-server/DistributionModelInterpreterImpl!de.tudresden.inf.documa.application.interpretation.DistributionModelInterpreter) --> Ejb(deployment-id=DistributionModelInterpreterImpl)
13-Feb-2019 02:17:02.069 INFO [localhost-startStop-1] org.apache.openejb.assembler.classic.JndiBuilder.bind Jndi(name=global/csr-server/DistributionModelInterpreterImpl) --> Ejb(deployment-id=DistributionModelInterpreterImpl)
13-Feb-2019 02:17:02.070 INFO [localhost-startStop-1] org.apache.openejb.assembler.classic.JndiBuilder.bind Jndi(name=RecommendationManagerImplLocal) --> Ejb(deployment-id=RecommendationManagerImpl)
13-Feb-2019 02:17:02.070 INFO [localhost-startStop-1] org.apache.openejb.assembler.classic.JndiBuilder.bind Jndi(name=global/csr-server/RecommendationManagerImpl!de.tudresden.inf.documa.application.recommendation.RecommendationManager) --> Ejb(deployment-id=RecommendationManagerImpl)
13-Feb-2019 02:17:02.071 INFO [localhost-startStop-1] org.apache.openejb.assembler.classic.JndiBuilder.bind Jndi(name=global/csr-server/RecommendationManagerImpl) --> Ejb(deployment-id=RecommendationManagerImpl)
13-Feb-2019 02:17:02.072 INFO [localhost-startStop-1] org.apache.openejb.assembler.classic.JndiBuilder.bind Jndi(name=LayoutModelInterpreterLocal) --> Ejb(deployment-id=LayoutModelInterpreter)
13-Feb-2019 02:17:02.076 INFO [localhost-startStop-1] org.apache.openejb.assembler.classic.JndiBuilder.bind Jndi(name=global/csr-server/LayoutModelInterpreter!de.tudresden.inf.documa.application.interpretation.ModelInterpreter) --> Ejb(deployment-id=LayoutModelInterpreter)
13-Feb-2019 02:17:02.077 INFO [localhost-startStop-1] org.apache.openejb.assembler.classic.JndiBuilder.bind Jndi(name=global/csr-server/LayoutModelInterpreter!de.tudresden.inf.documa.application.interpretation.LayoutModelInterpreter) --> Ejb(deployment-id=LayoutModelInterpreter)
13-Feb-2019 02:17:02.078 INFO [localhost-startStop-1] org.apache.openejb.assembler.classic.JndiBuilder.bind Jndi(name=global/csr-server/LayoutModelInterpreter) --> Ejb(deployment-id=LayoutModelInterpreter)
13-Feb-2019 02:17:02.080 INFO [localhost-startStop-1] org.apache.openejb.assembler.classic.JndiBuilder.bind Jndi(name=DistributionManagerImplLocal) --> Ejb(deployment-id=DistributionManagerImpl)
13-Feb-2019 02:17:02.081 INFO [localhost-startStop-1] org.apache.openejb.assembler.classic.JndiBuilder.bind Jndi(name=global/csr-server/DistributionManagerImpl!de.tudresden.inf.documa.application.distribution.DistributionManager) --> Ejb(deployment-id=DistributionManagerImpl)
13-Feb-2019 02:17:02.081 INFO [localhost-startStop-1] org.apache.openejb.assembler.classic.JndiBuilder.bind Jndi(name=global/csr-server/DistributionManagerImpl) --> Ejb(deployment-id=DistributionManagerImpl)
13-Feb-2019 02:17:02.082 INFO [localhost-startStop-1] org.apache.openejb.assembler.classic.JndiBuilder.bind Jndi(name=EventDispatcherImplLocal) --> Ejb(deployment-id=EventDispatcherImpl)
13-Feb-2019 02:17:02.082 INFO [localhost-startStop-1] org.apache.openejb.assembler.classic.JndiBuilder.bind Jndi(name=global/csr-server/EventDispatcherImpl!de.tudresden.inf.documa.application.messaging.events.EventDispatcher) --> Ejb(deployment-id=EventDispatcherImpl)
13-Feb-2019 02:17:02.082 INFO [localhost-startStop-1] org.apache.openejb.assembler.classic.JndiBuilder.bind Jndi(name=global/csr-server/EventDispatcherImpl) --> Ejb(deployment-id=EventDispatcherImpl)
13-Feb-2019 02:17:02.083 INFO [localhost-startStop-1] org.apache.openejb.assembler.classic.JndiBuilder.bind Jndi(name=CommunicationManagerImplLocal) --> Ejb(deployment-id=CommunicationManagerImpl)
13-Feb-2019 02:17:02.083 INFO [localhost-startStop-1] org.apache.openejb.assembler.classic.JndiBuilder.bind Jndi(name=global/csr-server/CommunicationManagerImpl!de.tudresden.inf.documa.application.CommunicationManager) --> Ejb(deployment-id=CommunicationManagerImpl)
13-Feb-2019 02:17:02.084 INFO [localhost-startStop-1] org.apache.openejb.assembler.classic.JndiBuilder.bind Jndi(name=global/csr-server/CommunicationManagerImpl) --> Ejb(deployment-id=CommunicationManagerImpl)
13-Feb-2019 02:17:02.099 INFO [localhost-startStop-1] org.apache.openejb.assembler.classic.JndiBuilder.bind Jndi(name=DistributionRecommenderLocal) --> Ejb(deployment-id=DistributionRecommender)
13-Feb-2019 02:17:02.104 INFO [localhost-startStop-1] org.apache.openejb.assembler.classic.JndiBuilder.bind Jndi(name=global/csr-server/DistributionRecommender!de.tudresden.inf.documa.application.recommendation.distribution.DistributionRecommender) --> Ejb(deployment-id=DistributionRecommender)
13-Feb-2019 02:17:02.104 INFO [localhost-startStop-1] org.apache.openejb.assembler.classic.JndiBuilder.bind Jndi(name=global/csr-server/DistributionRecommender) --> Ejb(deployment-id=DistributionRecommender)
13-Feb-2019 02:17:02.105 INFO [localhost-startStop-1] org.apache.openejb.assembler.classic.JndiBuilder.bind Jndi(name=TriggerManagerImplLocal) --> Ejb(deployment-id=TriggerManagerImpl)
13-Feb-2019 02:17:02.106 INFO [localhost-startStop-1] org.apache.openejb.assembler.classic.JndiBuilder.bind Jndi(name=global/csr-server/TriggerManagerImpl!de.tudresden.inf.documa.application.recommendation.trigger.TriggerManager) --> Ejb(deployment-id=TriggerManagerImpl)
13-Feb-2019 02:17:02.106 INFO [localhost-startStop-1] org.apache.openejb.assembler.classic.JndiBuilder.bind Jndi(name=global/csr-server/TriggerManagerImpl) --> Ejb(deployment-id=TriggerManagerImpl)
13-Feb-2019 02:17:02.107 INFO [localhost-startStop-1] org.apache.openejb.assembler.classic.JndiBuilder.bind Jndi(name=ApplicationManagerImplLocal) --> Ejb(deployment-id=ApplicationManagerImpl)
13-Feb-2019 02:17:02.108 INFO [localhost-startStop-1] org.apache.openejb.assembler.classic.JndiBuilder.bind Jndi(name=global/csr-server/ApplicationManagerImpl!de.tudresden.inf.documa.application.ApplicationManager) --> Ejb(deployment-id=ApplicationManagerImpl)
13-Feb-2019 02:17:02.108 INFO [localhost-startStop-1] org.apache.openejb.assembler.classic.JndiBuilder.bind Jndi(name=global/csr-server/ApplicationManagerImpl) --> Ejb(deployment-id=ApplicationManagerImpl)
13-Feb-2019 02:17:02.108 INFO [localhost-startStop-1] org.apache.openejb.assembler.classic.JndiBuilder.bind Jndi(name=ConceptualModelInterpreterImplLocal) --> Ejb(deployment-id=ConceptualModelInterpreterImpl)
13-Feb-2019 02:17:02.109 INFO [localhost-startStop-1] org.apache.openejb.assembler.classic.JndiBuilder.bind Jndi(name=global/csr-server/ConceptualModelInterpreterImpl!de.tudresden.inf.documa.application.interpretation.ConceptualModelInterpreter) --> Ejb(deployment-id=ConceptualModelInterpreterImpl)
13-Feb-2019 02:17:02.109 INFO [localhost-startStop-1] org.apache.openejb.assembler.classic.JndiBuilder.bind Jndi(name=global/csr-server/ConceptualModelInterpreterImpl) --> Ejb(deployment-id=ConceptualModelInterpreterImpl)
13-Feb-2019 02:17:02.109 INFO [localhost-startStop-1] org.apache.openejb.assembler.classic.JndiBuilder.bind Jndi(name=ComponentManagerImplLocal) --> Ejb(deployment-id=ComponentManagerImpl)
13-Feb-2019 02:17:02.109 INFO [localhost-startStop-1] org.apache.openejb.assembler.classic.JndiBuilder.bind Jndi(name=global/csr-server/ComponentManagerImpl!de.tudresden.inf.documa.application.ComponentManager) --> Ejb(deployment-id=ComponentManagerImpl)
13-Feb-2019 02:17:02.110 INFO [localhost-startStop-1] org.apache.openejb.assembler.classic.JndiBuilder.bind Jndi(name=global/csr-server/ComponentManagerImpl!de.tudresden.inf.documa.application.interpretation.ModelInterpreter) --> Ejb(deployment-id=ComponentManagerImpl)
13-Feb-2019 02:17:02.110 INFO [localhost-startStop-1] org.apache.openejb.assembler.classic.JndiBuilder.bind Jndi(name=global/csr-server/ComponentManagerImpl) --> Ejb(deployment-id=ComponentManagerImpl)
13-Feb-2019 02:17:02.116 INFO [localhost-startStop-1] org.apache.openejb.assembler.classic.JndiBuilder.bind Jndi(name=AccessControlManagerImplLocal) --> Ejb(deployment-id=AccessControlManagerImpl)
13-Feb-2019 02:17:02.117 INFO [localhost-startStop-1] org.apache.openejb.assembler.classic.JndiBuilder.bind Jndi(name=global/csr-server/AccessControlManagerImpl!de.tudresden.inf.documa.application.collaboration.AccessControlManager) --> Ejb(deployment-id=AccessControlManagerImpl)
13-Feb-2019 02:17:02.117 INFO [localhost-startStop-1] org.apache.openejb.assembler.classic.JndiBuilder.bind Jndi(name=global/csr-server/AccessControlManagerImpl) --> Ejb(deployment-id=AccessControlManagerImpl)
13-Feb-2019 02:17:02.119 INFO [localhost-startStop-1] org.apache.openejb.assembler.classic.JndiBuilder.bind Jndi(name=AwarenessManagerImplLocal) --> Ejb(deployment-id=AwarenessManagerImpl)
13-Feb-2019 02:17:02.119 INFO [localhost-startStop-1] org.apache.openejb.assembler.classic.JndiBuilder.bind Jndi(name=global/csr-server/AwarenessManagerImpl!de.tudresden.inf.documa.application.collaboration.AwarenessManager) --> Ejb(deployment-id=AwarenessManagerImpl)
13-Feb-2019 02:17:02.120 INFO [localhost-startStop-1] org.apache.openejb.assembler.classic.JndiBuilder.bind Jndi(name=global/csr-server/AwarenessManagerImpl) --> Ejb(deployment-id=AwarenessManagerImpl)
13-Feb-2019 02:17:02.121 INFO [localhost-startStop-1] org.apache.openejb.assembler.classic.JndiBuilder.bind Jndi(name=ChannelCommunicationModelInterpreterLocal) --> Ejb(deployment-id=ChannelCommunicationModelInterpreter)
13-Feb-2019 02:17:02.121 INFO [localhost-startStop-1] org.apache.openejb.assembler.classic.JndiBuilder.bind Jndi(name=global/csr-server/ChannelCommunicationModelInterpreter!de.tudresden.inf.documa.application.interpretation.CommunicationModelInterpreter) --> Ejb(deployment-id=ChannelCommunicationModelInterpreter)
13-Feb-2019 02:17:02.121 INFO [localhost-startStop-1] org.apache.openejb.assembler.classic.JndiBuilder.bind Jndi(name=global/csr-server/ChannelCommunicationModelInterpreter) --> Ejb(deployment-id=ChannelCommunicationModelInterpreter)
13-Feb-2019 02:17:02.599 INFO [localhost-startStop-1] org.apache.openejb.cdi.CdiBuilder.initSingleton Existing thread singleton service in SystemInstance(): org.apache.openejb.cdi.ThreadSingletonServiceImpl@2b6faea6
13-Feb-2019 02:17:03.101 INFO [localhost-startStop-1] org.apache.openejb.cdi.OpenEJBLifecycle.startApplication OpenWebBeans Container is starting...
13-Feb-2019 02:17:03.132 INFO [localhost-startStop-1] org.apache.webbeans.plugins.PluginLoader.startUp Adding OpenWebBeansPlugin : [CdiPlugin]
13-Feb-2019 02:17:03.140 INFO [localhost-startStop-1] org.apache.openejb.cdi.CdiScanner.handleBda Using annotated mode for file:/C:/Projects/KP_WME/CSR_Server/webapps/csr-server/WEB-INF/lib/csr-util-0.0.1.jar looking all classes to find CDI beans, maybe think to add a beans.xml if not there or add the jar to exclusions.list
13-Feb-2019 02:17:03.159 INFO [localhost-startStop-1] org.apache.openejb.cdi.CdiScanner.handleBda Using annotated mode for file:/C:/Projects/KP_WME/CSR_Server/webapps/csr-server/WEB-INF/lib/csr-discovery-0.0.1.jar looking all classes to find CDI beans, maybe think to add a beans.xml if not there or add the jar to exclusions.list
13-Feb-2019 02:17:03.184 INFO [localhost-startStop-1] org.apache.openejb.cdi.CdiScanner.handleBda Using annotated mode for file:/C:/Projects/KP_WME/CSR_Server/webapps/csr-server/WEB-INF/lib/csr-runtime-0.0.1.jar looking all classes to find CDI beans, maybe think to add a beans.xml if not there or add the jar to exclusions.list
13-Feb-2019 02:17:03.270 INFO [localhost-startStop-1] org.apache.openejb.cdi.CdiScanner.handleBda Using annotated mode for file:/C:/Projects/KP_WME/CSR_Server/webapps/csr-server/WEB-INF/lib/csr-services-0.0.1.jar looking all classes to find CDI beans, maybe think to add a beans.xml if not there or add the jar to exclusions.list
13-Feb-2019 02:17:03.320 INFO [localhost-startStop-1] org.apache.openejb.cdi.CdiScanner.handleBda Using annotated mode for file:/C:/Projects/KP_WME/CSR_Server/webapps/csr-server/WEB-INF/lib/csr-communication-0.0.1.jar looking all classes to find CDI beans, maybe think to add a beans.xml if not there or add the jar to exclusions.list
13-Feb-2019 02:17:04.109 INFO [localhost-startStop-1] org.apache.webbeans.config.BeansDeployer.validateInjectionPoints All injection points were validated successfully.
13-Feb-2019 02:17:04.123 INFO [localhost-startStop-1] org.apache.openejb.cdi.OpenEJBLifecycle.startApplication OpenWebBeans Container has started, it took 1021 ms.
13-Feb-2019 02:17:04.142 INFO [localhost-startStop-1] org.apache.openejb.assembler.classic.Assembler.startEjbs Created Ejb(deployment-id=RecommendationManagerImpl, ejb-name=RecommendationManagerImpl, container=Default Stateful Container)
13-Feb-2019 02:17:04.144 INFO [localhost-startStop-1] org.apache.openejb.assembler.classic.Assembler.startEjbs Created Ejb(deployment-id=EventDispatcherImpl, ejb-name=EventDispatcherImpl, container=Default Stateful Container)
13-Feb-2019 02:17:04.146 INFO [localhost-startStop-1] org.apache.openejb.assembler.classic.Assembler.startEjbs Created Ejb(deployment-id=ApplicationManagerImpl, ejb-name=ApplicationManagerImpl, container=Default Stateful Container)
13-Feb-2019 02:17:04.146 INFO [localhost-startStop-1] org.apache.openejb.assembler.classic.Assembler.startEjbs Created Ejb(deployment-id=DistributionServiceImpl, ejb-name=DistributionServiceImpl, container=Default Stateless Container)
13-Feb-2019 02:17:04.147 INFO [localhost-startStop-1] org.apache.openejb.assembler.classic.Assembler.startEjbs Created Ejb(deployment-id=RecommendationServiceImpl, ejb-name=RecommendationServiceImpl, container=Default Stateless Container)
13-Feb-2019 02:17:04.158 INFO [localhost-startStop-1] org.apache.openejb.assembler.classic.Assembler.startEjbs Created Ejb(deployment-id=TriggerManagerImpl, ejb-name=TriggerManagerImpl, container=Default Stateful Container)
13-Feb-2019 02:17:04.162 INFO [localhost-startStop-1] org.apache.openejb.assembler.classic.Assembler.startEjbs Created Ejb(deployment-id=LayoutModelInterpreter, ejb-name=LayoutModelInterpreter, container=Default Stateful Container)
13-Feb-2019 02:17:04.167 INFO [localhost-startStop-1] org.apache.openejb.assembler.classic.Assembler.startEjbs Created Ejb(deployment-id=DistributionManagerImpl, ejb-name=DistributionManagerImpl, container=Default Stateful Container)
13-Feb-2019 02:17:04.168 INFO [localhost-startStop-1] org.apache.openejb.assembler.classic.Assembler.startEjbs Created Ejb(deployment-id=IdResponseHandler, ejb-name=IdResponseHandler, container=Default Stateless Container)
13-Feb-2019 02:17:04.168 INFO [localhost-startStop-1] org.apache.openejb.assembler.classic.Assembler.startEjbs Created Ejb(deployment-id=CoRepositoryImpl, ejb-name=CoRepositoryImpl, container=Default Stateless Container)
13-Feb-2019 02:17:04.169 INFO [localhost-startStop-1] org.apache.openejb.assembler.classic.Assembler.startEjbs Created Ejb(deployment-id=AppRe, ejb-name=AppRe, container=Default Stateless Container)
13-Feb-2019 02:17:04.169 INFO [localhost-startStop-1] org.apache.openejb.assembler.classic.Assembler.startEjbs Created Ejb(deployment-id=TemplateResponseHandler, ejb-name=TemplateResponseHandler, container=Default Stateless Container)
13-Feb-2019 02:17:04.169 INFO [localhost-startStop-1] org.apache.openejb.assembler.classic.Assembler.startEjbs Created Ejb(deployment-id=ExchangeIdResponseHandler, ejb-name=ExchangeIdResponseHandler, container=Default Stateless Container)
13-Feb-2019 02:17:04.170 INFO [localhost-startStop-1] org.apache.openejb.assembler.classic.Assembler.startEjbs Created Ejb(deployment-id=DistributionModelInterpreterImpl, ejb-name=DistributionModelInterpreterImpl, container=Default Stateful Container)
13-Feb-2019 02:17:04.171 INFO [localhost-startStop-1] org.apache.openejb.assembler.classic.Assembler.startEjbs Created Ejb(deployment-id=AccessControlManagerImpl, ejb-name=AccessControlManagerImpl, container=Default Stateful Container)
13-Feb-2019 02:17:04.171 INFO [localhost-startStop-1] org.apache.openejb.assembler.classic.Assembler.startEjbs Created Ejb(deployment-id=TriggerRequestProcessorImpl, ejb-name=TriggerRequestProcessorImpl, container=Default Stateless Container)
13-Feb-2019 02:17:04.174 INFO [localhost-startStop-1] org.apache.openejb.assembler.classic.Assembler.startEjbs Created Ejb(deployment-id=ComponentManagerImpl, ejb-name=ComponentManagerImpl, container=Default Stateful Container)
13-Feb-2019 02:17:04.176 INFO [localhost-startStop-1] org.apache.openejb.assembler.classic.Assembler.startEjbs Created Ejb(deployment-id=AwarenessManagerImpl, ejb-name=AwarenessManagerImpl, container=Default Stateful Container)
13-Feb-2019 02:17:04.176 INFO [localhost-startStop-1] org.apache.openejb.assembler.classic.Assembler.startEjbs Created Ejb(deployment-id=ServiceAccessImpl, ejb-name=ServiceAccessImpl, container=Default Stateless Container)
13-Feb-2019 02:17:04.188 INFO [localhost-startStop-1] org.apache.openejb.assembler.classic.Assembler.startEjbs Created Ejb(deployment-id=CommunicationManagerImpl, ejb-name=CommunicationManagerImpl, container=Default Stateful Container)
13-Feb-2019 02:17:04.190 INFO [localhost-startStop-1] org.apache.openejb.assembler.classic.Assembler.startEjbs Created Ejb(deployment-id=ConceptualModelInterpreterImpl, ejb-name=ConceptualModelInterpreterImpl, container=Default Stateful Container)
13-Feb-2019 02:17:04.198 INFO [localhost-startStop-1] org.apache.openejb.assembler.classic.Assembler.startEjbs Created Ejb(deployment-id=ChannelCommunicationModelInterpreter, ejb-name=ChannelCommunicationModelInterpreter, container=Default Stateful Container)
13-Feb-2019 02:17:04.199 INFO [localhost-startStop-1] org.apache.openejb.assembler.classic.Assembler.startEjbs Created Ejb(deployment-id=DistributionRecommender, ejb-name=DistributionRecommender, container=Default Stateful Container)
13-Feb-2019 02:17:04.200 INFO [localhost-startStop-1] org.apache.openejb.assembler.classic.Assembler.startEjbs Created Ejb(deployment-id=Dummy, ejb-name=Dummy, container=Default Stateful Container)
13-Feb-2019 02:17:04.202 INFO [localhost-startStop-1] org.apache.openejb.assembler.classic.Assembler.startEjbs Created Ejb(deployment-id=EventBrokerImpl, ejb-name=EventBrokerImpl, container=Default Stateful Container)
13-Feb-2019 02:17:04.202 INFO [localhost-startStop-1] org.apache.openejb.assembler.classic.Assembler.startEjbs Created Ejb(deployment-id=Responder, ejb-name=Responder, container=Default Stateless Container)
13-Feb-2019 02:17:04.208 INFO [localhost-startStop-1] org.apache.openejb.assembler.classic.Assembler.startEjbs Created Ejb(deployment-id=DeviceServiceManagerImpl, ejb-name=DeviceServiceManagerImpl, container=Default Singleton Container)
13-Feb-2019 02:17:04.210 INFO [localhost-startStop-1] org.apache.openejb.assembler.classic.Assembler.startEjbs Created Ejb(deployment-id=SmcdCacheImpl, ejb-name=SmcdCacheImpl, container=Default Singleton Container)
13-Feb-2019 02:17:04.210 INFO [localhost-startStop-1] org.apache.openejb.assembler.classic.Assembler.startEjbs Created Ejb(deployment-id=ContextManagerImpl, ejb-name=ContextManagerImpl, container=Default Singleton Container)
13-Feb-2019 02:17:04.214 INFO [localhost-startStop-1] org.apache.openejb.assembler.classic.Assembler.startEjbs Created Ejb(deployment-id=MemoryClientRegistryService, ejb-name=MemoryClientRegistryService, container=Default Singleton Container)
13-Feb-2019 02:17:04.218 INFO [localhost-startStop-1] org.apache.openejb.assembler.classic.Assembler.startEjbs Created Ejb(deployment-id=ClientSessionFactoryImpl, ejb-name=ClientSessionFactoryImpl, container=Default Singleton Container)
13-Feb-2019 02:17:04.221 INFO [localhost-startStop-1] org.apache.openejb.assembler.classic.Assembler.startEjbs Created Ejb(deployment-id=ApolloMessageBrokerImpl, ejb-name=ApolloMessageBrokerImpl, container=Default Singleton Container)
13-Feb-2019 02:17:04.223 INFO [localhost-startStop-1] org.apache.openejb.assembler.classic.Assembler.startEjbs Created Ejb(deployment-id=ApplicationManagerFactory, ejb-name=ApplicationManagerFactory, container=Default Singleton Container)
13-Feb-2019 02:17:04.225 INFO [localhost-startStop-1] org.apache.openejb.assembler.classic.Assembler.startEjbs Created Ejb(deployment-id=RuntimeManager, ejb-name=RuntimeManager, container=Default Singleton Container)
13-Feb-2019 02:17:04.226 INFO [localhost-startStop-1] org.apache.openejb.assembler.classic.Assembler.startEjbs Created Ejb(deployment-id=DeviceRoleRepositoryImpl, ejb-name=DeviceRoleRepositoryImpl, container=Default Singleton Container)
13-Feb-2019 02:17:04.227 INFO [localhost-startStop-1] org.apache.openejb.assembler.classic.Assembler.startEjbs Created Ejb(deployment-id=AccessControlManagerFactory, ejb-name=AccessControlManagerFactory, container=Default Singleton Container)
13-Feb-2019 02:17:04.227 INFO [localhost-startStop-1] org.apache.openejb.assembler.classic.Assembler.startEjbs Started Ejb(deployment-id=RecommendationManagerImpl, ejb-name=RecommendationManagerImpl, container=Default Stateful Container)
13-Feb-2019 02:17:04.227 INFO [localhost-startStop-1] org.apache.openejb.assembler.classic.Assembler.startEjbs Started Ejb(deployment-id=EventDispatcherImpl, ejb-name=EventDispatcherImpl, container=Default Stateful Container)
13-Feb-2019 02:17:04.227 INFO [localhost-startStop-1] org.apache.openejb.assembler.classic.Assembler.startEjbs Started Ejb(deployment-id=ApplicationManagerImpl, ejb-name=ApplicationManagerImpl, container=Default Stateful Container)
13-Feb-2019 02:17:04.277 INFO [localhost-startStop-1] org.apache.openejb.assembler.classic.Assembler.startEjbs Started Ejb(deployment-id=DistributionServiceImpl, ejb-name=DistributionServiceImpl, container=Default Stateless Container)
13-Feb-2019 02:17:04.285 INFO [localhost-startStop-1] org.apache.openejb.assembler.classic.Assembler.startEjbs Started Ejb(deployment-id=RecommendationServiceImpl, ejb-name=RecommendationServiceImpl, container=Default Stateless Container)
13-Feb-2019 02:17:04.286 INFO [localhost-startStop-1] org.apache.openejb.assembler.classic.Assembler.startEjbs Started Ejb(deployment-id=TriggerManagerImpl, ejb-name=TriggerManagerImpl, container=Default Stateful Container)
13-Feb-2019 02:17:04.286 INFO [localhost-startStop-1] org.apache.openejb.assembler.classic.Assembler.startEjbs Started Ejb(deployment-id=LayoutModelInterpreter, ejb-name=LayoutModelInterpreter, container=Default Stateful Container)
13-Feb-2019 02:17:04.286 INFO [localhost-startStop-1] org.apache.openejb.assembler.classic.Assembler.startEjbs Started Ejb(deployment-id=DistributionManagerImpl, ejb-name=DistributionManagerImpl, container=Default Stateful Container)
13-Feb-2019 02:17:04.300 INFO [localhost-startStop-1] org.apache.openejb.assembler.classic.Assembler.startEjbs Started Ejb(deployment-id=IdResponseHandler, ejb-name=IdResponseHandler, container=Default Stateless Container)
13-Feb-2019 02:17:04.308 INFO [localhost-startStop-1] org.apache.openejb.assembler.classic.Assembler.startEjbs Started Ejb(deployment-id=CoRepositoryImpl, ejb-name=CoRepositoryImpl, container=Default Stateless Container)
13-Feb-2019 02:17:04.314 INFO [localhost-startStop-1] org.apache.openejb.assembler.classic.Assembler.startEjbs Started Ejb(deployment-id=AppRe, ejb-name=AppRe, container=Default Stateless Container)
13-Feb-2019 02:17:04.322 INFO [localhost-startStop-1] org.apache.openejb.assembler.classic.Assembler.startEjbs Started Ejb(deployment-id=TemplateResponseHandler, ejb-name=TemplateResponseHandler, container=Default Stateless Container)
13-Feb-2019 02:17:04.326 INFO [localhost-startStop-1] org.apache.openejb.assembler.classic.Assembler.startEjbs Started Ejb(deployment-id=ExchangeIdResponseHandler, ejb-name=ExchangeIdResponseHandler, container=Default Stateless Container)
13-Feb-2019 02:17:04.326 INFO [localhost-startStop-1] org.apache.openejb.assembler.classic.Assembler.startEjbs Started Ejb(deployment-id=DistributionModelInterpreterImpl, ejb-name=DistributionModelInterpreterImpl, container=Default Stateful Container)
13-Feb-2019 02:17:04.326 INFO [localhost-startStop-1] org.apache.openejb.assembler.classic.Assembler.startEjbs Started Ejb(deployment-id=AccessControlManagerImpl, ejb-name=AccessControlManagerImpl, container=Default Stateful Container)
13-Feb-2019 02:17:04.329 INFO [localhost-startStop-1] org.apache.openejb.assembler.classic.Assembler.startEjbs Started Ejb(deployment-id=TriggerRequestProcessorImpl, ejb-name=TriggerRequestProcessorImpl, container=Default Stateless Container)
13-Feb-2019 02:17:04.330 INFO [localhost-startStop-1] org.apache.openejb.assembler.classic.Assembler.startEjbs Started Ejb(deployment-id=ComponentManagerImpl, ejb-name=ComponentManagerImpl, container=Default Stateful Container)
13-Feb-2019 02:17:04.330 INFO [localhost-startStop-1] org.apache.openejb.assembler.classic.Assembler.startEjbs Started Ejb(deployment-id=AwarenessManagerImpl, ejb-name=AwarenessManagerImpl, container=Default Stateful Container)
13-Feb-2019 02:17:04.337 INFO [localhost-startStop-1] org.apache.openejb.assembler.classic.Assembler.startEjbs Started Ejb(deployment-id=ServiceAccessImpl, ejb-name=ServiceAccessImpl, container=Default Stateless Container)
13-Feb-2019 02:17:04.337 INFO [localhost-startStop-1] org.apache.openejb.assembler.classic.Assembler.startEjbs Started Ejb(deployment-id=CommunicationManagerImpl, ejb-name=CommunicationManagerImpl, container=Default Stateful Container)
13-Feb-2019 02:17:04.337 INFO [localhost-startStop-1] org.apache.openejb.assembler.classic.Assembler.startEjbs Started Ejb(deployment-id=ConceptualModelInterpreterImpl, ejb-name=ConceptualModelInterpreterImpl, container=Default Stateful Container)
13-Feb-2019 02:17:04.338 INFO [localhost-startStop-1] org.apache.openejb.assembler.classic.Assembler.startEjbs Started Ejb(deployment-id=ChannelCommunicationModelInterpreter, ejb-name=ChannelCommunicationModelInterpreter, container=Default Stateful Container)
13-Feb-2019 02:17:04.338 INFO [localhost-startStop-1] org.apache.openejb.assembler.classic.Assembler.startEjbs Started Ejb(deployment-id=DistributionRecommender, ejb-name=DistributionRecommender, container=Default Stateful Container)
13-Feb-2019 02:17:04.338 INFO [localhost-startStop-1] org.apache.openejb.assembler.classic.Assembler.startEjbs Started Ejb(deployment-id=Dummy, ejb-name=Dummy, container=Default Stateful Container)
13-Feb-2019 02:17:04.338 INFO [localhost-startStop-1] org.apache.openejb.assembler.classic.Assembler.startEjbs Started Ejb(deployment-id=EventBrokerImpl, ejb-name=EventBrokerImpl, container=Default Stateful Container)
13-Feb-2019 02:17:04.344 INFO [localhost-startStop-1] org.apache.openejb.assembler.classic.Assembler.startEjbs Started Ejb(deployment-id=Responder, ejb-name=Responder, container=Default Stateless Container)
13-Feb-2019 02:17:04.345 INFO [localhost-startStop-1] org.apache.openejb.assembler.classic.Assembler.startEjbs Started Ejb(deployment-id=DeviceServiceManagerImpl, ejb-name=DeviceServiceManagerImpl, container=Default Singleton Container)
13-Feb-2019 02:17:04.345 INFO [localhost-startStop-1] org.apache.openejb.assembler.classic.Assembler.startEjbs Started Ejb(deployment-id=SmcdCacheImpl, ejb-name=SmcdCacheImpl, container=Default Singleton Container)
13-Feb-2019 02:17:04.345 INFO [localhost-startStop-1] org.apache.openejb.assembler.classic.Assembler.startEjbs Started Ejb(deployment-id=ContextManagerImpl, ejb-name=ContextManagerImpl, container=Default Singleton Container)
13-Feb-2019 02:17:04.345 INFO [localhost-startStop-1] org.apache.openejb.assembler.classic.Assembler.startEjbs Started Ejb(deployment-id=MemoryClientRegistryService, ejb-name=MemoryClientRegistryService, container=Default Singleton Container)
13-Feb-2019 02:17:04.345 INFO [localhost-startStop-1] org.apache.openejb.assembler.classic.Assembler.startEjbs Started Ejb(deployment-id=ClientSessionFactoryImpl, ejb-name=ClientSessionFactoryImpl, container=Default Singleton Container)
13-Feb-2019 02:17:04.345 INFO [localhost-startStop-1] org.apache.openejb.assembler.classic.Assembler.startEjbs Started Ejb(deployment-id=ApolloMessageBrokerImpl, ejb-name=ApolloMessageBrokerImpl, container=Default Singleton Container)
13-Feb-2019 02:17:04.345 INFO [localhost-startStop-1] org.apache.openejb.assembler.classic.Assembler.startEjbs Started Ejb(deployment-id=ApplicationManagerFactory, ejb-name=ApplicationManagerFactory, container=Default Singleton Container)
13-Feb-2019 02:17:04.569 INFO [localhost-startStop-1] org.apache.openejb.assembler.classic.Assembler.startEjbs Started Ejb(deployment-id=RuntimeManager, ejb-name=RuntimeManager, container=Default Singleton Container)
13-Feb-2019 02:17:04.570 INFO [localhost-startStop-1] org.apache.openejb.assembler.classic.Assembler.startEjbs Started Ejb(deployment-id=DeviceRoleRepositoryImpl, ejb-name=DeviceRoleRepositoryImpl, container=Default Singleton Container)
13-Feb-2019 02:17:04.570 INFO [localhost-startStop-1] org.apache.openejb.assembler.classic.Assembler.startEjbs Started Ejb(deployment-id=AccessControlManagerFactory, ejb-name=AccessControlManagerFactory, container=Default Singleton Container)
13-Feb-2019 02:17:04.577 INFO [localhost-startStop-1] org.apache.tomee.catalina.TomcatWebAppBuilder.deployWebApps using context file C:\Projects\KP_WME\CSR_Server\webapps\csr-server\META-INF\context.xml
13-Feb-2019 02:17:04.622 INFO [localhost-startStop-1] org.apache.openejb.assembler.classic.Assembler.createApplication Deployed Application(path=C:\Projects\KP_WME\CSR_Server\webapps\csr-server)
13-Feb-2019 02:17:05.354 INFO [localhost-startStop-1] org.apache.jasper.servlet.TldScanner.scanJars At least one JAR was scanned for TLDs yet contained no TLDs. Enable debug logging for this logger for a complete list of JARs that were scanned but no TLDs were found in them. Skipping unneeded JARs during scanning can improve startup time and JSP compilation time.
13-Feb-2019 02:17:05.586 INFO [localhost-startStop-1] sun.reflect.DelegatingMethodAccessorImpl.invoke Deployment of web application archive [C:\Projects\KP_WME\CSR_Server\webapps\csr-server.war] has finished in [20,229] ms
13-Feb-2019 02:17:05.588 INFO [localhost-startStop-1] sun.reflect.DelegatingMethodAccessorImpl.invoke Deploying web application directory [C:\Projects\KP_WME\CSR_Server\webapps\docs]
13-Feb-2019 02:17:05.588 INFO [localhost-startStop-1] org.apache.tomee.catalina.TomcatWebAppBuilder.init ------------------------- localhost -> /docs
13-Feb-2019 02:17:05.666 INFO [localhost-startStop-1] org.apache.openejb.config.ConfigurationFactory.configureApplication Configuring enterprise application: C:\Projects\KP_WME\CSR_Server\webapps\docs
13-Feb-2019 02:17:05.678 INFO [localhost-startStop-1] org.apache.openejb.config.AppInfoBuilder.build Enterprise application "C:\Projects\KP_WME\CSR_Server\webapps\docs" loaded.
13-Feb-2019 02:17:05.678 INFO [localhost-startStop-1] org.apache.openejb.assembler.classic.Assembler.createApplication Assembling app: C:\Projects\KP_WME\CSR_Server\webapps\docs
13-Feb-2019 02:17:05.698 INFO [localhost-startStop-1] org.apache.openejb.assembler.classic.Assembler.createApplication Deployed Application(path=C:\Projects\KP_WME\CSR_Server\webapps\docs)
13-Feb-2019 02:17:05.766 INFO [localhost-startStop-1] org.apache.jasper.servlet.TldScanner.scanJars At least one JAR was scanned for TLDs yet contained no TLDs. Enable debug logging for this logger for a complete list of JARs that were scanned but no TLDs were found in them. Skipping unneeded JARs during scanning can improve startup time and JSP compilation time.
13-Feb-2019 02:17:05.807 INFO [localhost-startStop-1] sun.reflect.DelegatingMethodAccessorImpl.invoke Deployment of web application directory [C:\Projects\KP_WME\CSR_Server\webapps\docs] has finished in [219] ms
13-Feb-2019 02:17:05.807 INFO [localhost-startStop-1] sun.reflect.DelegatingMethodAccessorImpl.invoke Deploying web application directory [C:\Projects\KP_WME\CSR_Server\webapps\host-manager]
13-Feb-2019 02:17:05.821 INFO [localhost-startStop-1] org.apache.tomee.catalina.TomcatWebAppBuilder.init ------------------------- localhost -> /host-manager
13-Feb-2019 02:17:05.918 INFO [localhost-startStop-1] org.apache.openejb.config.ConfigurationFactory.configureApplication Configuring enterprise application: C:\Projects\KP_WME\CSR_Server\webapps\host-manager
13-Feb-2019 02:17:05.937 INFO [localhost-startStop-1] org.apache.openejb.config.AppInfoBuilder.build Enterprise application "C:\Projects\KP_WME\CSR_Server\webapps\host-manager" loaded.
13-Feb-2019 02:17:05.937 INFO [localhost-startStop-1] org.apache.openejb.assembler.classic.Assembler.createApplication Assembling app: C:\Projects\KP_WME\CSR_Server\webapps\host-manager
13-Feb-2019 02:17:05.948 INFO [localhost-startStop-1] org.apache.tomee.catalina.TomcatWebAppBuilder.deployWebApps using context file C:\Projects\KP_WME\CSR_Server\webapps\host-manager\META-INF\context.xml
13-Feb-2019 02:17:05.954 INFO [localhost-startStop-1] org.apache.openejb.assembler.classic.Assembler.createApplication Deployed Application(path=C:\Projects\KP_WME\CSR_Server\webapps\host-manager)
13-Feb-2019 02:17:06.014 INFO [localhost-startStop-1] org.apache.jasper.servlet.TldScanner.scanJars At least one JAR was scanned for TLDs yet contained no TLDs. Enable debug logging for this logger for a complete list of JARs that were scanned but no TLDs were found in them. Skipping unneeded JARs during scanning can improve startup time and JSP compilation time.
13-Feb-2019 02:17:06.064 INFO [localhost-startStop-1] sun.reflect.DelegatingMethodAccessorImpl.invoke Deployment of web application directory [C:\Projects\KP_WME\CSR_Server\webapps\host-manager] has finished in [257] ms
13-Feb-2019 02:17:06.064 INFO [localhost-startStop-1] sun.reflect.DelegatingMethodAccessorImpl.invoke Deploying web application directory [C:\Projects\KP_WME\CSR_Server\webapps\manager]
13-Feb-2019 02:17:06.080 INFO [localhost-startStop-1] org.apache.tomee.catalina.TomcatWebAppBuilder.init ------------------------- localhost -> /manager
13-Feb-2019 02:17:06.162 INFO [localhost-startStop-1] org.apache.openejb.config.ConfigurationFactory.configureApplication Configuring enterprise application: C:\Projects\KP_WME\CSR_Server\webapps\manager
13-Feb-2019 02:17:06.177 INFO [localhost-startStop-1] org.apache.openejb.config.AppInfoBuilder.build Enterprise application "C:\Projects\KP_WME\CSR_Server\webapps\manager" loaded.
13-Feb-2019 02:17:06.178 INFO [localhost-startStop-1] org.apache.openejb.assembler.classic.Assembler.createApplication Assembling app: C:\Projects\KP_WME\CSR_Server\webapps\manager
13-Feb-2019 02:17:06.200 INFO [localhost-startStop-1] org.apache.tomee.catalina.TomcatWebAppBuilder.deployWebApps using context file C:\Projects\KP_WME\CSR_Server\webapps\manager\META-INF\context.xml
13-Feb-2019 02:17:06.204 INFO [localhost-startStop-1] org.apache.openejb.assembler.classic.Assembler.createApplication Deployed Application(path=C:\Projects\KP_WME\CSR_Server\webapps\manager)
13-Feb-2019 02:17:06.304 INFO [localhost-startStop-1] org.apache.jasper.servlet.TldScanner.scanJars At least one JAR was scanned for TLDs yet contained no TLDs. Enable debug logging for this logger for a complete list of JARs that were scanned but no TLDs were found in them. Skipping unneeded JARs during scanning can improve startup time and JSP compilation time.
13-Feb-2019 02:17:06.348 INFO [localhost-startStop-1] sun.reflect.DelegatingMethodAccessorImpl.invoke Deployment of web application directory [C:\Projects\KP_WME\CSR_Server\webapps\manager] has finished in [284] ms
13-Feb-2019 02:17:06.348 INFO [localhost-startStop-1] sun.reflect.DelegatingMethodAccessorImpl.invoke Deploying web application directory [C:\Projects\KP_WME\CSR_Server\webapps\ROOT]
13-Feb-2019 02:17:06.349 INFO [localhost-startStop-1] org.apache.tomee.catalina.TomcatWebAppBuilder.init ------------------------- localhost -> /
13-Feb-2019 02:17:06.432 INFO [localhost-startStop-1] org.apache.openejb.config.ConfigurationFactory.configureApplication Configuring enterprise application: C:\Projects\KP_WME\CSR_Server\webapps\ROOT
13-Feb-2019 02:17:06.440 INFO [localhost-startStop-1] org.apache.openejb.config.AppInfoBuilder.build Enterprise application "C:\Projects\KP_WME\CSR_Server\webapps\ROOT" loaded.
13-Feb-2019 02:17:06.441 INFO [localhost-startStop-1] org.apache.openejb.assembler.classic.Assembler.createApplication Assembling app: C:\Projects\KP_WME\CSR_Server\webapps\ROOT
13-Feb-2019 02:17:06.461 INFO [localhost-startStop-1] org.apache.openejb.assembler.classic.Assembler.createApplication Deployed Application(path=C:\Projects\KP_WME\CSR_Server\webapps\ROOT)
13-Feb-2019 02:17:06.509 INFO [localhost-startStop-1] org.apache.jasper.servlet.TldScanner.scanJars At least one JAR was scanned for TLDs yet contained no TLDs. Enable debug logging for this logger for a complete list of JARs that were scanned but no TLDs were found in them. Skipping unneeded JARs during scanning can improve startup time and JSP compilation time.
13-Feb-2019 02:17:06.574 INFO [localhost-startStop-1] sun.reflect.DelegatingMethodAccessorImpl.invoke Deployment of web application directory [C:\Projects\KP_WME\CSR_Server\webapps\ROOT] has finished in [226] ms
13-Feb-2019 02:17:06.589 INFO [main] sun.reflect.DelegatingMethodAccessorImpl.invoke Starting ProtocolHandler ["ajp-nio-8009"]
13-Feb-2019 02:17:06.596 INFO [hawtdispatch-DEFAULT-1] org.apache.activemq.apollo.util.Log$class.info OS     : Windows 10 10.0
13-Feb-2019 02:17:06.605 INFO [hawtdispatch-DEFAULT-1] org.apache.activemq.apollo.util.Log$class.info JVM    : Java HotSpot(TM) 64-Bit Server VM 1.8.0_72 (Oracle Corporation)
13-Feb-2019 02:17:06.609 INFO [hawtdispatch-DEFAULT-1] org.apache.activemq.apollo.util.Log$class.info Apollo : 1.7.1
13-Feb-2019 02:17:06.610 INFO [main] sun.reflect.DelegatingMethodAccessorImpl.invoke Server startup in 21397 ms
13-Feb-2019 02:17:07.066 INFO [hawtdispatch-DEFAULT-1] org.apache.activemq.apollo.util.Log$class.info Accepting connections at: tcp://0.0.0.0:8086
13-Feb-2019 02:17:07.111 INFO [hawtdispatch-DEFAULT-1] org.apache.activemq.apollo.util.Log$class.info Accepting connections at: vm://localhost
13-Feb-2019 02:17:07.200 INFO [Apollo Task] org.eclipse.jetty.server.Server.doStart jetty-8.1.11.v20130520
13-Feb-2019 02:17:07.272 INFO [Apollo Task] org.eclipse.jetty.server.AbstractConnector.doStart Started SelectChannelConnector@0.0.0.0:8082
13-Feb-2019 02:17:07.273 INFO [Apollo Task] org.apache.activemq.apollo.util.Log$class.info Accepting connections at: ws://0.0.0.0:8082/
13-Feb-2019 02:17:07.456 INFO [hawtdispatch-DEFAULT-2] org.apache.activemq.apollo.util.Log$class.info connected: local:/127.0.0.1:8086, remote:/127.0.0.1:50078
13-Feb-2019 02:17:07.546 INFO [hawtdispatch-DEFAULT-2] org.apache.activemq.apollo.util.Log$class.info connected: local:/127.0.0.1:8086, remote:/127.0.0.1:50078
13-Feb-2019 02:17:37.659 INFO [hawtdispatch-DEFAULT-2] org.apache.activemq.apollo.util.Log$class.info connected: local:/0:0:0:0:0:0:0:1:8082, remote:/0:0:0:0:0:0:0:1:50086
13-Feb-2019 02:17:37.681 INFO [hawtdispatch-DEFAULT-1] org.apache.activemq.apollo.util.Log$class.info connected: local:/0:0:0:0:0:0:0:1:8082, remote:/0:0:0:0:0:0:0:1:50086
13-Feb-2019 02:17:39.222 INFO [hawtdispatch-DEFAULT-1] org.apache.activemq.apollo.util.Log$class.info connected: local:/127.0.0.1:8086, remote:/127.0.0.1:50088
13-Feb-2019 02:17:39.223 INFO [hawtdispatch-DEFAULT-1] org.apache.activemq.apollo.util.Log$class.info connected: local:/127.0.0.1:8086, remote:/127.0.0.1:50088
13-Feb-2019 02:17:39.345 INFO [hawtdispatch-DEFAULT-1] org.apache.activemq.apollo.util.Log$class.info connected: local:/127.0.0.1:8086, remote:/127.0.0.1:50089
13-Feb-2019 02:17:39.345 INFO [hawtdispatch-DEFAULT-1] org.apache.activemq.apollo.util.Log$class.info connected: local:/127.0.0.1:8086, remote:/127.0.0.1:50089
13-Feb-2019 02:17:48.864 INFO [@Asynchronous csr-server - 3] org.apache.axis2.deployment.ModuleDeployer.deploy Deploying module: addressing-1.5.1 - file:/C:/Projects/KP_WME/CSR_Server/webapps/csr-server/WEB-INF/lib/axis2-1.5.1.jar
13-Feb-2019 02:19:03.736 INFO [hawtdispatch-DEFAULT-1] org.apache.activemq.apollo.util.Log$class.info Shutting connection '/0:0:0:0:0:0:0:1:50086'  down due to: java.io.EOFException: Peer disconnected
13-Feb-2019 02:19:03.782 INFO [hawtdispatch-DEFAULT-1] org.apache.activemq.apollo.util.Log$class.info disconnected: local:/0:0:0:0:0:0:0:1:8082, remote:/0:0:0:0:0:0:0:1:50086
13-Feb-2019 02:19:09.380 INFO [hawtdispatch-DEFAULT-2] org.apache.activemq.apollo.util.Log$class.info disconnected: local:/127.0.0.1:8086, remote:/127.0.0.1:50088
13-Feb-2019 02:19:13.580 INFO [hawtdispatch-DEFAULT-1] org.apache.activemq.apollo.util.Log$class.info connected: local:/0:0:0:0:0:0:0:1:8082, remote:/0:0:0:0:0:0:0:1:50187
13-Feb-2019 02:19:13.587 INFO [hawtdispatch-DEFAULT-1] org.apache.activemq.apollo.util.Log$class.info connected: local:/0:0:0:0:0:0:0:1:8082, remote:/0:0:0:0:0:0:0:1:50187
13-Feb-2019 02:19:13.937 INFO [hawtdispatch-DEFAULT-2] org.apache.activemq.apollo.util.Log$class.info connected: local:/127.0.0.1:8086, remote:/127.0.0.1:50189
13-Feb-2019 02:19:13.938 INFO [hawtdispatch-DEFAULT-2] org.apache.activemq.apollo.util.Log$class.info connected: local:/127.0.0.1:8086, remote:/127.0.0.1:50189
13-Feb-2019 02:52:44.376 INFO [hawtdispatch-DEFAULT-1] org.apache.activemq.apollo.util.Log$class.info Shutting connection '/0:0:0:0:0:0:0:1:50187'  down due to: java.io.EOFException: Peer disconnected
13-Feb-2019 02:52:44.377 INFO [hawtdispatch-DEFAULT-1] org.apache.activemq.apollo.util.Log$class.info disconnected: local:/0:0:0:0:0:0:0:1:8082, remote:/0:0:0:0:0:0:0:1:50187
13-Feb-2019 02:52:49.397 INFO [hawtdispatch-DEFAULT-3] org.apache.activemq.apollo.util.Log$class.info disconnected: local:/127.0.0.1:8086, remote:/127.0.0.1:50089
13-Feb-2019 02:53:54.146 INFO [hawtdispatch-DEFAULT-2] org.apache.activemq.apollo.util.Log$class.info connected: local:/0:0:0:0:0:0:0:1:8082, remote:/0:0:0:0:0:0:0:1:52033
13-Feb-2019 02:53:54.151 INFO [hawtdispatch-DEFAULT-1] org.apache.activemq.apollo.util.Log$class.info connected: local:/0:0:0:0:0:0:0:1:8082, remote:/0:0:0:0:0:0:0:1:52033
13-Feb-2019 02:53:54.437 INFO [hawtdispatch-DEFAULT-2] org.apache.activemq.apollo.util.Log$class.info connected: local:/127.0.0.1:8086, remote:/127.0.0.1:52035
13-Feb-2019 02:53:54.437 INFO [hawtdispatch-DEFAULT-2] org.apache.activemq.apollo.util.Log$class.info connected: local:/127.0.0.1:8086, remote:/127.0.0.1:52035
13-Feb-2019 03:37:43.463 INFO [Thread-18] sun.reflect.DelegatingMethodAccessorImpl.invoke Pausing ProtocolHandler ["http-nio-8080"]
13-Feb-2019 03:37:43.463 INFO [Thread-18] sun.reflect.DelegatingMethodAccessorImpl.invoke Pausing ProtocolHandler ["ajp-nio-8009"]
13-Feb-2019 03:37:43.633 INFO [Thread-18] sun.reflect.DelegatingMethodAccessorImpl.invoke Stopping service [Catalina]
13-Feb-2019 03:37:43.661 INFO [localhost-startStop-2] org.apache.openejb.assembler.classic.Assembler.destroyApplication Undeploying app: C:\Projects\KP_WME\CSR_Server\webapps\csr-server
13-Feb-2019 03:37:44.269 WARNING [localhost-startStop-2] org.apache.catalina.loader.WebappClassLoaderBase.clearReferencesThreads The web application [csr-server] appears to have started a thread named [hawtdispatch timer] but has failed to stop it. This is very likely to create a memory leak. Stack trace of thread:
 java.lang.Object.wait(Native Method)
 java.lang.Object.wait(Object.java:460)
 org.fusesource.hawtdispatch.internal.TimerThread.run(TimerThread.java:188)
13-Feb-2019 03:37:44.279 WARNING [localhost-startStop-2] org.apache.catalina.loader.WebappClassLoaderBase.clearReferencesThreads The web application [csr-server] appears to have started a thread named [MultiThreadedHttpConnectionManager cleanup] but has failed to stop it. This is very likely to create a memory leak. Stack trace of thread:
 java.lang.Object.wait(Native Method)
 java.lang.ref.ReferenceQueue.remove(ReferenceQueue.java:143)
 java.lang.ref.ReferenceQueue.remove(ReferenceQueue.java:164)
 org.apache.commons.httpclient.MultiThreadedHttpConnectionManager$ReferenceQueueThread.run(MultiThreadedHttpConnectionManager.java:1122)
13-Feb-2019 03:37:44.281 WARNING [localhost-startStop-2] org.apache.catalina.loader.WebappClassLoaderBase.clearReferencesThreads The web application [csr-server] appears to have started a thread named [hawtdispatch-DEFAULT-1] but has failed to stop it. This is very likely to create a memory leak. Stack trace of thread:
 sun.nio.ch.WindowsSelectorImpl$SubSelector.poll0(Native Method)
 sun.nio.ch.WindowsSelectorImpl$SubSelector.poll(WindowsSelectorImpl.java:296)
 sun.nio.ch.WindowsSelectorImpl$SubSelector.access$400(WindowsSelectorImpl.java:278)
 sun.nio.ch.WindowsSelectorImpl.doSelect(WindowsSelectorImpl.java:159)
 sun.nio.ch.SelectorImpl.lockAndDoSelect(SelectorImpl.java:86)
 sun.nio.ch.SelectorImpl.select(SelectorImpl.java:97)
 sun.nio.ch.SelectorImpl.select(SelectorImpl.java:101)
 org.fusesource.hawtdispatch.internal.NioManager$SelectStrategy.select(NioManager.java:52)
 org.fusesource.hawtdispatch.internal.NioManager.select(NioManager.java:182)
 org.fusesource.hawtdispatch.internal.pool.SimplePool.park(SimplePool.java:130)
 org.fusesource.hawtdispatch.internal.pool.SimpleThread.run(SimpleThread.java:75)
13-Feb-2019 03:37:44.282 WARNING [localhost-startStop-2] org.apache.catalina.loader.WebappClassLoaderBase.clearReferencesThreads The web application [csr-server] appears to have started a thread named [hawtdispatch-DEFAULT-2] but has failed to stop it. This is very likely to create a memory leak. Stack trace of thread:
 sun.nio.ch.WindowsSelectorImpl.setWakeupSocket0(Native Method)
 sun.nio.ch.WindowsSelectorImpl.setWakeupSocket(WindowsSelectorImpl.java:464)
 sun.nio.ch.WindowsSelectorImpl.wakeup(WindowsSelectorImpl.java:606)
 org.fusesource.hawtdispatch.internal.NioManager.wakeupIfSelecting(NioManager.java:157)
 org.fusesource.hawtdispatch.internal.pool.SimplePool.execute(SimplePool.java:121)
 org.fusesource.hawtdispatch.internal.GlobalDispatchQueue.execute(GlobalDispatchQueue.java:100)
 org.fusesource.hawtdispatch.internal.SerialDispatchQueue.triggerExecution(SerialDispatchQueue.java:128)
 org.fusesource.hawtdispatch.internal.SerialDispatchQueue.enqueue(SerialDispatchQueue.java:75)
 org.fusesource.hawtdispatch.internal.SerialDispatchQueue.execute(SerialDispatchQueue.java:52)
 org.fusesource.hawtdispatch.internal.NioDispatchSource.fire(NioDispatchSource.java:204)
 org.fusesource.hawtdispatch.internal.NioAttachment.selected(NioAttachment.java:45)
 org.fusesource.hawtdispatch.internal.NioManager.processSelected(NioManager.java:217)
 org.fusesource.hawtdispatch.internal.NioManager.select(NioManager.java:193)
 org.fusesource.hawtdispatch.internal.pool.SimplePool.park(SimplePool.java:130)
 org.fusesource.hawtdispatch.internal.pool.SimpleThread.run(SimpleThread.java:75)
13-Feb-2019 03:37:44.283 WARNING [localhost-startStop-2] org.apache.catalina.loader.WebappClassLoaderBase.clearReferencesThreads The web application [csr-server] appears to have started a thread named [hawtdispatch-DEFAULT-3] but has failed to stop it. This is very likely to create a memory leak. Stack trace of thread:
 sun.nio.ch.WindowsSelectorImpl$SubSelector.poll0(Native Method)
 sun.nio.ch.WindowsSelectorImpl$SubSelector.poll(WindowsSelectorImpl.java:296)
 sun.nio.ch.WindowsSelectorImpl$SubSelector.access$400(WindowsSelectorImpl.java:278)
 sun.nio.ch.WindowsSelectorImpl.doSelect(WindowsSelectorImpl.java:159)
 sun.nio.ch.SelectorImpl.lockAndDoSelect(SelectorImpl.java:86)
 sun.nio.ch.SelectorImpl.select(SelectorImpl.java:97)
 sun.nio.ch.SelectorImpl.select(SelectorImpl.java:101)
 org.fusesource.hawtdispatch.internal.NioManager$SelectStrategy.select(NioManager.java:52)
 org.fusesource.hawtdispatch.internal.NioManager.select(NioManager.java:182)
 org.fusesource.hawtdispatch.internal.pool.SimplePool.park(SimplePool.java:130)
 org.fusesource.hawtdispatch.internal.pool.SimpleThread.run(SimpleThread.java:75)
13-Feb-2019 03:37:44.284 WARNING [localhost-startStop-2] org.apache.catalina.loader.WebappClassLoaderBase.clearReferencesThreads The web application [csr-server] appears to have started a thread named [hawtdispatch-DEFAULT-4] but has failed to stop it. This is very likely to create a memory leak. Stack trace of thread:
 sun.nio.ch.WindowsSelectorImpl$SubSelector.poll0(Native Method)
 sun.nio.ch.WindowsSelectorImpl$SubSelector.poll(WindowsSelectorImpl.java:296)
 sun.nio.ch.WindowsSelectorImpl$SubSelector.access$400(WindowsSelectorImpl.java:278)
 sun.nio.ch.WindowsSelectorImpl.doSelect(WindowsSelectorImpl.java:159)
 sun.nio.ch.SelectorImpl.lockAndDoSelect(SelectorImpl.java:86)
 sun.nio.ch.SelectorImpl.select(SelectorImpl.java:97)
 sun.nio.ch.SelectorImpl.select(SelectorImpl.java:101)
 org.fusesource.hawtdispatch.internal.NioManager$SelectStrategy.select(NioManager.java:52)
 org.fusesource.hawtdispatch.internal.NioManager.select(NioManager.java:182)
 org.fusesource.hawtdispatch.internal.pool.SimplePool.park(SimplePool.java:130)
 org.fusesource.hawtdispatch.internal.pool.SimpleThread.run(SimpleThread.java:75)
13-Feb-2019 03:37:44.285 WARNING [localhost-startStop-2] org.apache.catalina.loader.WebappClassLoaderBase.clearReferencesThreads The web application [csr-server] appears to have started a thread named [Apollo Task Selector0] but has failed to stop it. This is very likely to create a memory leak. Stack trace of thread:
 sun.nio.ch.WindowsSelectorImpl$SubSelector.poll0(Native Method)
 sun.nio.ch.WindowsSelectorImpl$SubSelector.poll(WindowsSelectorImpl.java:296)
 sun.nio.ch.WindowsSelectorImpl$SubSelector.access$400(WindowsSelectorImpl.java:278)
 sun.nio.ch.WindowsSelectorImpl.doSelect(WindowsSelectorImpl.java:159)
 sun.nio.ch.SelectorImpl.lockAndDoSelect(SelectorImpl.java:86)
 sun.nio.ch.SelectorImpl.select(SelectorImpl.java:97)
 org.eclipse.jetty.io.nio.SelectorManager$SelectSet.doSelect(SelectorManager.java:569)
 org.eclipse.jetty.io.nio.SelectorManager$1.run(SelectorManager.java:290)
 java.util.concurrent.ThreadPoolExecutor.runWorker(ThreadPoolExecutor.java:1142)
 java.util.concurrent.ThreadPoolExecutor$Worker.run(ThreadPoolExecutor.java:617)
 java.lang.Thread.run(Thread.java:745)
13-Feb-2019 03:37:44.286 WARNING [localhost-startStop-2] org.apache.catalina.loader.WebappClassLoaderBase.clearReferencesThreads The web application [csr-server] appears to have started a thread named [Apollo Task Acceptor0 SelectChannelConnector@0.0.0.0:8082] but has failed to stop it. This is very likely to create a memory leak. Stack trace of thread:
 sun.nio.ch.ServerSocketChannelImpl.accept0(Native Method)
 sun.nio.ch.ServerSocketChannelImpl.accept(ServerSocketChannelImpl.java:422)
 sun.nio.ch.ServerSocketChannelImpl.accept(ServerSocketChannelImpl.java:250)
 org.eclipse.jetty.server.nio.SelectChannelConnector.accept(SelectChannelConnector.java:109)
 org.eclipse.jetty.server.AbstractConnector$Acceptor.run(AbstractConnector.java:938)
 java.util.concurrent.ThreadPoolExecutor.runWorker(ThreadPoolExecutor.java:1142)
 java.util.concurrent.ThreadPoolExecutor$Worker.run(ThreadPoolExecutor.java:617)
 java.lang.Thread.run(Thread.java:745)
13-Feb-2019 03:37:44.287 WARNING [localhost-startStop-2] org.apache.catalina.loader.WebappClassLoaderBase.clearReferencesThreads The web application [csr-server] appears to have started a thread named [Apollo Task] but has failed to stop it. This is very likely to create a memory leak. Stack trace of thread:
 sun.misc.Unsafe.park(Native Method)
 java.util.concurrent.locks.LockSupport.parkNanos(LockSupport.java:215)
 java.util.concurrent.SynchronousQueue$TransferStack.awaitFulfill(SynchronousQueue.java:460)
 java.util.concurrent.SynchronousQueue$TransferStack.transfer(SynchronousQueue.java:362)
 java.util.concurrent.SynchronousQueue.poll(SynchronousQueue.java:941)
 java.util.concurrent.ThreadPoolExecutor.getTask(ThreadPoolExecutor.java:1066)
 java.util.concurrent.ThreadPoolExecutor.runWorker(ThreadPoolExecutor.java:1127)
 java.util.concurrent.ThreadPoolExecutor$Worker.run(ThreadPoolExecutor.java:617)
 java.lang.Thread.run(Thread.java:745)
13-Feb-2019 03:37:44.294 SEVERE [localhost-startStop-2] org.apache.catalina.loader.WebappClassLoaderBase.checkThreadLocalMapForLeaks The web application [csr-server] created a ThreadLocal with key of type [java.lang.ThreadLocal] (value [java.lang.ThreadLocal@347df51b]) and a value of type [org.fusesource.hawtdispatch.util.ThreadLocalPool.Pool] (value [org.fusesource.hawtdispatch.util.ThreadLocalPool$Pool@2fc86e36]) but failed to remove it when the web application was stopped. Threads are going to be renewed over time to try and avoid a probable memory leak.
13-Feb-2019 03:37:44.295 SEVERE [localhost-startStop-2] org.apache.catalina.loader.WebappClassLoaderBase.checkThreadLocalMapForLeaks The web application [csr-server] created a ThreadLocal with key of type [java.lang.ThreadLocal] (value [java.lang.ThreadLocal@22b6ef0a]) and a value of type [org.fusesource.hawtdispatch.util.ThreadLocalPool.Pool] (value [org.fusesource.hawtdispatch.util.ThreadLocalPool$Pool@3dc186fd]) but failed to remove it when the web application was stopped. Threads are going to be renewed over time to try and avoid a probable memory leak.
13-Feb-2019 03:37:44.296 SEVERE [localhost-startStop-2] org.apache.catalina.loader.WebappClassLoaderBase.checkThreadLocalMapForLeaks The web application [csr-server] created a ThreadLocal with key of type [java.lang.ThreadLocal] (value [java.lang.ThreadLocal@664f7973]) and a value of type [org.fusesource.hawtdispatch.internal.NioDispatchSource.KeyState] (value [{ready: [] }]) but failed to remove it when the web application was stopped. Threads are going to be renewed over time to try and avoid a probable memory leak.
13-Feb-2019 03:37:44.296 SEVERE [localhost-startStop-2] org.apache.catalina.loader.WebappClassLoaderBase.checkThreadLocalMapForLeaks The web application [csr-server] created a ThreadLocal with key of type [java.lang.ThreadLocal] (value [java.lang.ThreadLocal@a9a1252]) and a value of type [org.fusesource.hawtdispatch.internal.NioDispatchSource.KeyState] (value [{ready: [] }]) but failed to remove it when the web application was stopped. Threads are going to be renewed over time to try and avoid a probable memory leak.
13-Feb-2019 03:37:44.296 SEVERE [localhost-startStop-2] org.apache.catalina.loader.WebappClassLoaderBase.checkThreadLocalMapForLeaks The web application [csr-server] created a ThreadLocal with key of type [java.lang.ThreadLocal] (value [java.lang.ThreadLocal@347df51b]) and a value of type [org.fusesource.hawtdispatch.util.ThreadLocalPool.Pool] (value [org.fusesource.hawtdispatch.util.ThreadLocalPool$Pool@1f4162b4]) but failed to remove it when the web application was stopped. Threads are going to be renewed over time to try and avoid a probable memory leak.
13-Feb-2019 03:37:44.297 SEVERE [localhost-startStop-2] org.apache.catalina.loader.WebappClassLoaderBase.checkThreadLocalMapForLeaks The web application [csr-server] created a ThreadLocal with key of type [java.lang.ThreadLocal] (value [java.lang.ThreadLocal@22b6ef0a]) and a value of type [org.fusesource.hawtdispatch.util.ThreadLocalPool.Pool] (value [org.fusesource.hawtdispatch.util.ThreadLocalPool$Pool@2e86f9cf]) but failed to remove it when the web application was stopped. Threads are going to be renewed over time to try and avoid a probable memory leak.
13-Feb-2019 03:37:44.298 SEVERE [localhost-startStop-2] org.apache.catalina.loader.WebappClassLoaderBase.checkThreadLocalMapForLeaks The web application [csr-server] created a ThreadLocal with key of type [java.lang.ThreadLocal] (value [java.lang.ThreadLocal@331f998d]) and a value of type [org.fusesource.hawtdispatch.internal.NioDispatchSource.KeyState] (value [{ready: [] }]) but failed to remove it when the web application was stopped. Threads are going to be renewed over time to try and avoid a probable memory leak.
13-Feb-2019 03:37:44.298 SEVERE [localhost-startStop-2] org.apache.catalina.loader.WebappClassLoaderBase.checkThreadLocalMapForLeaks The web application [csr-server] created a ThreadLocal with key of type [java.lang.ThreadLocal] (value [java.lang.ThreadLocal@347df51b]) and a value of type [org.fusesource.hawtdispatch.util.ThreadLocalPool.Pool] (value [org.fusesource.hawtdispatch.util.ThreadLocalPool$Pool@69cd153e]) but failed to remove it when the web application was stopped. Threads are going to be renewed over time to try and avoid a probable memory leak.
13-Feb-2019 03:37:44.299 SEVERE [localhost-startStop-2] org.apache.catalina.loader.WebappClassLoaderBase.checkThreadLocalMapForLeaks The web application [csr-server] created a ThreadLocal with key of type [java.lang.ThreadLocal] (value [java.lang.ThreadLocal@22b6ef0a]) and a value of type [org.fusesource.hawtdispatch.util.ThreadLocalPool.Pool] (value [org.fusesource.hawtdispatch.util.ThreadLocalPool$Pool@7d8d9e71]) but failed to remove it when the web application was stopped. Threads are going to be renewed over time to try and avoid a probable memory leak.
13-Feb-2019 03:37:44.299 SEVERE [localhost-startStop-2] org.apache.catalina.loader.WebappClassLoaderBase.checkThreadLocalMapForLeaks The web application [csr-server] created a ThreadLocal with key of type [java.lang.ThreadLocal] (value [java.lang.ThreadLocal@22b6ef0a]) and a value of type [org.fusesource.hawtdispatch.util.ThreadLocalPool.Pool] (value [org.fusesource.hawtdispatch.util.ThreadLocalPool$Pool@64dc488e]) but failed to remove it when the web application was stopped. Threads are going to be renewed over time to try and avoid a probable memory leak.
13-Feb-2019 03:37:44.300 SEVERE [localhost-startStop-2] org.apache.catalina.loader.WebappClassLoaderBase.checkThreadLocalMapForLeaks The web application [csr-server] created a ThreadLocal with key of type [java.lang.ThreadLocal] (value [java.lang.ThreadLocal@2bc07669]) and a value of type [org.fusesource.hawtdispatch.internal.NioDispatchSource.KeyState] (value [{ready: [] }]) but failed to remove it when the web application was stopped. Threads are going to be renewed over time to try and avoid a probable memory leak.
13-Feb-2019 03:37:44.300 SEVERE [localhost-startStop-2] org.apache.catalina.loader.WebappClassLoaderBase.checkThreadLocalMapForLeaks The web application [csr-server] created a ThreadLocal with key of type [java.lang.ThreadLocal] (value [java.lang.ThreadLocal@347df51b]) and a value of type [org.fusesource.hawtdispatch.util.ThreadLocalPool.Pool] (value [org.fusesource.hawtdispatch.util.ThreadLocalPool$Pool@2a25f2ca]) but failed to remove it when the web application was stopped. Threads are going to be renewed over time to try and avoid a probable memory leak.
13-Feb-2019 03:37:44.383 SEVERE [localhost-startStop-2] org.apache.catalina.loader.WebappClassLoaderBase.checkThreadLocalMapForLeaks The web application [csr-server] created a ThreadLocal with key of type [org.eclipse.jetty.http.HttpFields$1] (value [org.eclipse.jetty.http.HttpFields$1@3bca8fe9]) and a value of type [org.eclipse.jetty.http.HttpFields.DateGenerator] (value [org.eclipse.jetty.http.HttpFields$DateGenerator@10397112]) but failed to remove it when the web application was stopped. Threads are going to be renewed over time to try and avoid a probable memory leak.
13-Feb-2019 03:37:44.384 SEVERE [localhost-startStop-2] org.apache.catalina.loader.WebappClassLoaderBase.checkThreadLocalMapForLeaks The web application [csr-server] created a ThreadLocal with key of type [org.eclipse.jetty.io.ThreadLocalBuffers$1] (value [org.eclipse.jetty.io.ThreadLocalBuffers$1@7fe3113b]) and a value of type [org.eclipse.jetty.io.ThreadLocalBuffers.ThreadBuffers] (value [org.eclipse.jetty.io.ThreadLocalBuffers$ThreadBuffers@636a03f9]) but failed to remove it when the web application was stopped. Threads are going to be renewed over time to try and avoid a probable memory leak.
13-Feb-2019 03:37:44.439 INFO [localhost-startStop-2] org.apache.openejb.assembler.classic.Assembler.destroyApplication Undeploying app: C:\Projects\KP_WME\CSR_Server\webapps\docs
13-Feb-2019 03:37:44.673 INFO [localhost-startStop-2] org.apache.openejb.assembler.classic.Assembler.destroyApplication Undeploying app: C:\Projects\KP_WME\CSR_Server\webapps\host-manager
13-Feb-2019 03:37:44.906 INFO [localhost-startStop-2] org.apache.openejb.assembler.classic.Assembler.destroyApplication Undeploying app: C:\Projects\KP_WME\CSR_Server\webapps\manager
13-Feb-2019 03:37:45.113 INFO [localhost-startStop-2] org.apache.openejb.assembler.classic.Assembler.destroyApplication Undeploying app: C:\Projects\KP_WME\CSR_Server\webapps\ROOT
13-Feb-2019 03:37:45.384 INFO [Thread-18] sun.reflect.DelegatingMethodAccessorImpl.invoke Stopping ProtocolHandler ["ajp-nio-8009"]
13-Feb-2019 03:37:45.396 INFO [Thread-18] org.apache.openejb.server.SimpleServiceManager.stop Stopping server services
13-Feb-2019 03:37:45.450 INFO [Thread-18] sun.reflect.DelegatingMethodAccessorImpl.invoke Stopping ProtocolHandler ["http-nio-8080"]
13-Feb-2019 03:37:45.450 INFO [Thread-18] sun.reflect.DelegatingMethodAccessorImpl.invoke Destroying ProtocolHandler ["http-nio-8080"]
13-Feb-2019 03:37:45.450 INFO [Thread-18] sun.reflect.DelegatingMethodAccessorImpl.invoke Destroying ProtocolHandler ["ajp-nio-8009"]
