18-Oct-2018 10:29:19.968 INFO [main] sun.reflect.NativeMethodAccessorImpl.invoke Server version:        Apache Tomcat (TomEE)/8.5.32 (7.1.0)
18-Oct-2018 10:29:19.969 INFO [main] sun.reflect.NativeMethodAccessorImpl.invoke Server built:          Jun 20 2018 19:50:35 UTC
18-Oct-2018 10:29:19.969 INFO [main] sun.reflect.NativeMethodAccessorImpl.invoke Server number:         8.5.32.0
18-Oct-2018 10:29:19.969 INFO [main] sun.reflect.NativeMethodAccessorImpl.invoke OS Name:               Windows 10
18-Oct-2018 10:29:19.970 INFO [main] sun.reflect.NativeMethodAccessorImpl.invoke OS Version:            10.0
18-Oct-2018 10:29:19.970 INFO [main] sun.reflect.NativeMethodAccessorImpl.invoke Architecture:          amd64
18-Oct-2018 10:29:19.970 INFO [main] sun.reflect.NativeMethodAccessorImpl.invoke Java Home:             C:\Program Files\Java\jdk1.8.0_72\jre
18-Oct-2018 10:29:19.970 INFO [main] sun.reflect.NativeMethodAccessorImpl.invoke JVM Version:           1.8.0_72-b15
18-Oct-2018 10:29:19.970 INFO [main] sun.reflect.NativeMethodAccessorImpl.invoke JVM Vendor:            Oracle Corporation
18-Oct-2018 10:29:19.970 INFO [main] sun.reflect.NativeMethodAccessorImpl.invoke CATALINA_BASE:         C:\Projects\KP_WME\CSR_Server
18-Oct-2018 10:29:19.970 INFO [main] sun.reflect.NativeMethodAccessorImpl.invoke CATALINA_HOME:         C:\Projects\KP_WME\CSR_Server
18-Oct-2018 10:29:19.971 INFO [main] sun.reflect.NativeMethodAccessorImpl.invoke Command line argument: -Djava.util.logging.config.file=C:\Projects\KP_WME\CSR_Server\conf\logging.properties
18-Oct-2018 10:29:19.971 INFO [main] sun.reflect.NativeMethodAccessorImpl.invoke Command line argument: -Djava.util.logging.manager=org.apache.juli.ClassLoaderLogManager
18-Oct-2018 10:29:19.971 INFO [main] sun.reflect.NativeMethodAccessorImpl.invoke Command line argument: -javaagent:C:\Projects\KP_WME\CSR_Server\lib\openejb-javaagent.jar
18-Oct-2018 10:29:19.971 INFO [main] sun.reflect.NativeMethodAccessorImpl.invoke Command line argument: -Djdk.tls.ephemeralDHKeySize=2048
18-Oct-2018 10:29:19.972 INFO [main] sun.reflect.NativeMethodAccessorImpl.invoke Command line argument: -Djava.protocol.handler.pkgs=org.apache.catalina.webresources
18-Oct-2018 10:29:19.972 INFO [main] sun.reflect.DelegatingMethodAccessorImpl.invoke Command line argument: -Dignore.endorsed.dirs=
18-Oct-2018 10:29:19.972 INFO [main] sun.reflect.DelegatingMethodAccessorImpl.invoke Command line argument: -Dcatalina.base=C:\Projects\KP_WME\CSR_Server
18-Oct-2018 10:29:19.972 INFO [main] sun.reflect.DelegatingMethodAccessorImpl.invoke Command line argument: -Dcatalina.home=C:\Projects\KP_WME\CSR_Server
18-Oct-2018 10:29:19.972 INFO [main] sun.reflect.DelegatingMethodAccessorImpl.invoke Command line argument: -Djava.io.tmpdir=C:\Projects\KP_WME\CSR_Server\temp
18-Oct-2018 10:29:19.973 INFO [main] sun.reflect.DelegatingMethodAccessorImpl.invoke The APR based Apache Tomcat Native library which allows optimal performance in production environments was not found on the java.library.path: [C:\Program Files\Java\jdk1.8.0_72\bin;C:\WINDOWS\Sun\Java\bin;C:\WINDOWS\system32;C:\WINDOWS;C:\Python27\;C:\Python27\Scripts;C:\Program Files (x86)\Common Files\Oracle\Java\javapath;C:\Program Files (x86)\Intel\iCLS Client\;C:\PROGRAM FILES\INTEL\ICLS CLIENT\;C:\libs\Qt\5.7\msvc2015_64\BIN;C:\PROGRAMDATA\ORACLE\JAVA\JAVAPATH;C:\PROGRAM FILES\DELL\DW WLAN CARD;C:\WINDOWS\SYSTEM32;C:\WINDOWS;C:\WINDOWS\SYSTEM32\WBEM;C:\WINDOWS\SYSTEM32\WINDOWSPOWERSHELL\V1.0\;C:\PROGRAMDATA\CHOCOLATEY\BIN;C:\PROGRAM FILES\GIT\CMD;C:\PROGRAM FILES\SLIKSVN\BIN;C:\PROGRAM FILES\OPENVPN\BIN;C:\WINDOWS\SYSTEM32;C:\WINDOWS;C:\WINDOWS\SYSTEM32\WBEM;C:\WINDOWS\SYSTEM32\WINDOWSPOWERSHELL\V1.0\;C:\tools\opencv\build\x64\vc14\BIN;C:\PROGRAM FILES\CMAKE\BIN;C:\libs\tbb2017_20160916oss\BIN\INTEL64\VC14;C:\Program Files\WIDCOMM\Bluetooth Software\;C:\Program Files\WIDCOMM\Bluetooth Software\syswow64;C:\WINDOWS\system32;C:\WINDOWS;C:\WINDOWS\System32\Wbem;C:\WINDOWS\System32\WindowsPowerShell\v1.0\;C:\Program Files\Microsoft SQL Server\130\Tools\Binn\;C:\Program Files\dotnet\;C:\Program Files (x86)\Intel\Intel(R) Management Engine Components\DAL;C:\Program Files\Intel\Intel(R) Management Engine Components\DAL;C:\Program Files (x86)\Intel\Intel(R) Management Engine Components\IPT;C:\Program Files\Intel\Intel(R) Management Engine Components\IPT;C:\WINDOWS\System32\OpenSSH\;C:\Program Files\MiKTeX 2.9\miktex\bin\x64\;C:\Program Files\Microsoft VS Code\bin;C:\Program Files\Git\cmd;C:\Program Files\nodejs\;C:\Users\witzbould\AppData\Local\Microsoft\WindowsApps;C:\Users\witzbould\AppData\Local\Microsoft\WindowsApps;C:\Program Files\Microsoft VS Code\bin;C:\Users\witzbould\AppData\Roaming\npm;C:\Program Files\Java\jdk1.8.0_72;;.]
18-Oct-2018 10:29:20.514 INFO [main] sun.reflect.DelegatingMethodAccessorImpl.invoke Initializing ProtocolHandler ["http-nio-8080"]
18-Oct-2018 10:29:20.611 INFO [main] sun.reflect.DelegatingMethodAccessorImpl.invoke Using a shared selector for servlet write/read
18-Oct-2018 10:29:20.625 INFO [main] sun.reflect.DelegatingMethodAccessorImpl.invoke Initializing ProtocolHandler ["ajp-nio-8009"]
18-Oct-2018 10:29:20.630 INFO [main] sun.reflect.DelegatingMethodAccessorImpl.invoke Using a shared selector for servlet write/read
18-Oct-2018 10:29:21.246 INFO [main] org.apache.openejb.util.OptionsLog.info Using 'openejb.jdbc.datasource-creator=org.apache.tomee.jdbc.TomEEDataSourceCreator'
18-Oct-2018 10:29:21.368 INFO [main] org.apache.openejb.OpenEJB$Instance.<init> ********************************************************************************
18-Oct-2018 10:29:21.368 INFO [main] org.apache.openejb.OpenEJB$Instance.<init> OpenEJB http://tomee.apache.org/
18-Oct-2018 10:29:21.369 INFO [main] org.apache.openejb.OpenEJB$Instance.<init> Startup: Thu Oct 18 10:29:21 CEST 2018
18-Oct-2018 10:29:21.369 INFO [main] org.apache.openejb.OpenEJB$Instance.<init> Copyright 1999-2018 (C) Apache OpenEJB Project, All Rights Reserved.
18-Oct-2018 10:29:21.369 INFO [main] org.apache.openejb.OpenEJB$Instance.<init> Version: 7.1.0
18-Oct-2018 10:29:21.369 INFO [main] org.apache.openejb.OpenEJB$Instance.<init> Build date: 20180902
18-Oct-2018 10:29:21.369 INFO [main] org.apache.openejb.OpenEJB$Instance.<init> Build time: 09:50
18-Oct-2018 10:29:21.369 INFO [main] org.apache.openejb.OpenEJB$Instance.<init> ********************************************************************************
18-Oct-2018 10:29:21.370 INFO [main] org.apache.openejb.OpenEJB$Instance.<init> openejb.home = C:\Projects\KP_WME\CSR_Server
18-Oct-2018 10:29:21.370 INFO [main] org.apache.openejb.OpenEJB$Instance.<init> openejb.base = C:\Projects\KP_WME\CSR_Server
18-Oct-2018 10:29:21.373 INFO [main] org.apache.openejb.cdi.CdiBuilder.initializeOWB Created new singletonService org.apache.openejb.cdi.ThreadSingletonServiceImpl@2b6faea6
18-Oct-2018 10:29:21.373 INFO [main] org.apache.openejb.cdi.CdiBuilder.initializeOWB Succeeded in installing singleton service
18-Oct-2018 10:29:21.448 INFO [main] org.apache.openejb.config.ConfigurationFactory.init TomEE configuration file is 'C:\Projects\KP_WME\CSR_Server\conf\tomee.xml'
18-Oct-2018 10:29:21.513 INFO [main] org.apache.openejb.config.ConfigurationFactory.configureService Configuring Service(id=Tomcat Security Service, type=SecurityService, provider-id=Tomcat Security Service)
18-Oct-2018 10:29:21.516 INFO [main] org.apache.openejb.config.ConfigurationFactory.configureService Configuring Service(id=Default Transaction Manager, type=TransactionManager, provider-id=Default Transaction Manager)
18-Oct-2018 10:29:21.520 INFO [main] org.apache.openejb.util.OptionsLog.info Using 'openejb.deployments.classpath=false'
18-Oct-2018 10:29:21.544 INFO [main] org.apache.openejb.assembler.classic.Assembler.createRecipe Creating TransactionManager(id=Default Transaction Manager)
18-Oct-2018 10:29:21.610 INFO [main] org.apache.openejb.assembler.classic.Assembler.createRecipe Creating SecurityService(id=Tomcat Security Service)
18-Oct-2018 10:29:21.796 INFO [main] org.apache.openejb.server.ServiceManager.initServer Creating ServerService(id=cxf)
18-Oct-2018 10:29:22.087 INFO [main] org.apache.openejb.server.ServiceManager.initServer Creating ServerService(id=cxf-rs)
18-Oct-2018 10:29:22.171 INFO [main] org.apache.openejb.server.SimpleServiceManager.start   ** Bound Services **
18-Oct-2018 10:29:22.171 INFO [main] org.apache.openejb.server.SimpleServiceManager.printRow   NAME                 IP              PORT  
18-Oct-2018 10:29:22.172 INFO [main] org.apache.openejb.server.SimpleServiceManager.start -------
18-Oct-2018 10:29:22.172 INFO [main] org.apache.openejb.server.SimpleServiceManager.start Ready!
18-Oct-2018 10:29:22.172 INFO [main] sun.reflect.DelegatingMethodAccessorImpl.invoke Initialization processed in 2809 ms
18-Oct-2018 10:29:22.228 INFO [main] org.apache.tomee.catalina.OpenEJBNamingContextListener.bindResource Importing a Tomcat Resource with id 'UserDatabase' of type 'org.apache.catalina.UserDatabase'.
18-Oct-2018 10:29:22.230 INFO [main] org.apache.openejb.assembler.classic.Assembler.createRecipe Creating Resource(id=UserDatabase)
18-Oct-2018 10:29:22.237 INFO [main] sun.reflect.DelegatingMethodAccessorImpl.invoke Starting service [Catalina]
18-Oct-2018 10:29:22.237 INFO [main] sun.reflect.DelegatingMethodAccessorImpl.invoke Starting Servlet Engine: Apache Tomcat (TomEE)/8.5.32 (7.1.0)
18-Oct-2018 10:29:22.284 INFO [localhost-startStop-1] sun.reflect.DelegatingMethodAccessorImpl.invoke Deploying web application archive [C:\Projects\KP_WME\CSR_Server\webapps\csr-server.war]
18-Oct-2018 10:29:22.294 INFO [localhost-startStop-1] org.apache.tomee.catalina.TomcatWebAppBuilder.init ------------------------- localhost -> /csr-server
18-Oct-2018 10:29:22.328 WARNING [localhost-startStop-1] org.apache.catalina.startup.SetContextPropertiesRule.begin [SetContextPropertiesRule]{Context} Setting property 'antiJARLocking' to 'true' did not find a matching property.
18-Oct-2018 10:29:32.107 INFO [localhost-startStop-1] org.apache.openejb.config.ConfigurationFactory.configureApplication Configuring enterprise application: C:\Projects\KP_WME\CSR_Server\webapps\csr-server
18-Oct-2018 10:29:33.067 INFO [localhost-startStop-1] org.apache.openejb.config.InitEjbDeployments.deploy Auto-deploying ejb DeviceServiceManagerImpl: EjbDeployment(deployment-id=DeviceServiceManagerImpl)
18-Oct-2018 10:29:33.067 INFO [localhost-startStop-1] org.apache.openejb.config.InitEjbDeployments.deploy Auto-deploying ejb MemoryClientRegistryService: EjbDeployment(deployment-id=MemoryClientRegistryService)
18-Oct-2018 10:29:33.067 INFO [localhost-startStop-1] org.apache.openejb.config.InitEjbDeployments.deploy Auto-deploying ejb ApplicationManagerFactory: EjbDeployment(deployment-id=ApplicationManagerFactory)
18-Oct-2018 10:29:33.068 INFO [localhost-startStop-1] org.apache.openejb.config.InitEjbDeployments.deploy Auto-deploying ejb ApolloMessageBrokerImpl: EjbDeployment(deployment-id=ApolloMessageBrokerImpl)
18-Oct-2018 10:29:33.068 INFO [localhost-startStop-1] org.apache.openejb.config.InitEjbDeployments.deploy Auto-deploying ejb ContextManagerImpl: EjbDeployment(deployment-id=ContextManagerImpl)
18-Oct-2018 10:29:33.068 INFO [localhost-startStop-1] org.apache.openejb.config.InitEjbDeployments.deploy Auto-deploying ejb SmcdCacheImpl: EjbDeployment(deployment-id=SmcdCacheImpl)
18-Oct-2018 10:29:33.068 INFO [localhost-startStop-1] org.apache.openejb.config.InitEjbDeployments.deploy Auto-deploying ejb AccessControlManagerFactory: EjbDeployment(deployment-id=AccessControlManagerFactory)
18-Oct-2018 10:29:33.068 INFO [localhost-startStop-1] org.apache.openejb.config.InitEjbDeployments.deploy Auto-deploying ejb ClientSessionFactoryImpl: EjbDeployment(deployment-id=ClientSessionFactoryImpl)
18-Oct-2018 10:29:33.068 INFO [localhost-startStop-1] org.apache.openejb.config.InitEjbDeployments.deploy Auto-deploying ejb RuntimeManager: EjbDeployment(deployment-id=RuntimeManager)
18-Oct-2018 10:29:33.069 INFO [localhost-startStop-1] org.apache.openejb.config.InitEjbDeployments.deploy Auto-deploying ejb DeviceRoleRepositoryImpl: EjbDeployment(deployment-id=DeviceRoleRepositoryImpl)
18-Oct-2018 10:29:33.070 INFO [localhost-startStop-1] org.apache.openejb.config.InitEjbDeployments.deploy Auto-deploying ejb AppRe: EjbDeployment(deployment-id=AppRe)
18-Oct-2018 10:29:33.070 INFO [localhost-startStop-1] org.apache.openejb.config.InitEjbDeployments.deploy Auto-deploying ejb Responder: EjbDeployment(deployment-id=Responder)
18-Oct-2018 10:29:33.070 INFO [localhost-startStop-1] org.apache.openejb.config.InitEjbDeployments.deploy Auto-deploying ejb IdResponseHandler: EjbDeployment(deployment-id=IdResponseHandler)
18-Oct-2018 10:29:33.070 INFO [localhost-startStop-1] org.apache.openejb.config.InitEjbDeployments.deploy Auto-deploying ejb ExchangeIdResponseHandler: EjbDeployment(deployment-id=ExchangeIdResponseHandler)
18-Oct-2018 10:29:33.070 INFO [localhost-startStop-1] org.apache.openejb.config.InitEjbDeployments.deploy Auto-deploying ejb TemplateResponseHandler: EjbDeployment(deployment-id=TemplateResponseHandler)
18-Oct-2018 10:29:33.070 INFO [localhost-startStop-1] org.apache.openejb.config.InitEjbDeployments.deploy Auto-deploying ejb CoRepositoryImpl: EjbDeployment(deployment-id=CoRepositoryImpl)
18-Oct-2018 10:29:33.070 INFO [localhost-startStop-1] org.apache.openejb.config.InitEjbDeployments.deploy Auto-deploying ejb RecommendationServiceImpl: EjbDeployment(deployment-id=RecommendationServiceImpl)
18-Oct-2018 10:29:33.070 INFO [localhost-startStop-1] org.apache.openejb.config.InitEjbDeployments.deploy Auto-deploying ejb DistributionServiceImpl: EjbDeployment(deployment-id=DistributionServiceImpl)
18-Oct-2018 10:29:33.070 INFO [localhost-startStop-1] org.apache.openejb.config.InitEjbDeployments.deploy Auto-deploying ejb TriggerRequestProcessorImpl: EjbDeployment(deployment-id=TriggerRequestProcessorImpl)
18-Oct-2018 10:29:33.071 INFO [localhost-startStop-1] org.apache.openejb.config.InitEjbDeployments.deploy Auto-deploying ejb ServiceAccessImpl: EjbDeployment(deployment-id=ServiceAccessImpl)
18-Oct-2018 10:29:33.071 INFO [localhost-startStop-1] org.apache.openejb.config.InitEjbDeployments.deploy Auto-deploying ejb Dummy: EjbDeployment(deployment-id=Dummy)
18-Oct-2018 10:29:33.071 INFO [localhost-startStop-1] org.apache.openejb.config.InitEjbDeployments.deploy Auto-deploying ejb DistributionRecommender: EjbDeployment(deployment-id=DistributionRecommender)
18-Oct-2018 10:29:33.071 INFO [localhost-startStop-1] org.apache.openejb.config.InitEjbDeployments.deploy Auto-deploying ejb AccessControlManagerImpl: EjbDeployment(deployment-id=AccessControlManagerImpl)
18-Oct-2018 10:29:33.071 INFO [localhost-startStop-1] org.apache.openejb.config.InitEjbDeployments.deploy Auto-deploying ejb ConceptualModelInterpreterImpl: EjbDeployment(deployment-id=ConceptualModelInterpreterImpl)
18-Oct-2018 10:29:33.072 INFO [localhost-startStop-1] org.apache.openejb.config.InitEjbDeployments.deploy Auto-deploying ejb LayoutModelInterpreter: EjbDeployment(deployment-id=LayoutModelInterpreter)
18-Oct-2018 10:29:33.072 INFO [localhost-startStop-1] org.apache.openejb.config.InitEjbDeployments.deploy Auto-deploying ejb DistributionModelInterpreterImpl: EjbDeployment(deployment-id=DistributionModelInterpreterImpl)
18-Oct-2018 10:29:33.072 INFO [localhost-startStop-1] org.apache.openejb.config.InitEjbDeployments.deploy Auto-deploying ejb ChannelCommunicationModelInterpreter: EjbDeployment(deployment-id=ChannelCommunicationModelInterpreter)
18-Oct-2018 10:29:33.072 INFO [localhost-startStop-1] org.apache.openejb.config.InitEjbDeployments.deploy Auto-deploying ejb ComponentManagerImpl: EjbDeployment(deployment-id=ComponentManagerImpl)
18-Oct-2018 10:29:33.072 INFO [localhost-startStop-1] org.apache.openejb.config.InitEjbDeployments.deploy Auto-deploying ejb CommunicationManagerImpl: EjbDeployment(deployment-id=CommunicationManagerImpl)
18-Oct-2018 10:29:33.072 INFO [localhost-startStop-1] org.apache.openejb.config.InitEjbDeployments.deploy Auto-deploying ejb EventDispatcherImpl: EjbDeployment(deployment-id=EventDispatcherImpl)
18-Oct-2018 10:29:33.073 INFO [localhost-startStop-1] org.apache.openejb.config.InitEjbDeployments.deploy Auto-deploying ejb DistributionManagerImpl: EjbDeployment(deployment-id=DistributionManagerImpl)
18-Oct-2018 10:29:33.073 INFO [localhost-startStop-1] org.apache.openejb.config.InitEjbDeployments.deploy Auto-deploying ejb EventBrokerImpl: EjbDeployment(deployment-id=EventBrokerImpl)
18-Oct-2018 10:29:33.073 INFO [localhost-startStop-1] org.apache.openejb.config.InitEjbDeployments.deploy Auto-deploying ejb TriggerManagerImpl: EjbDeployment(deployment-id=TriggerManagerImpl)
18-Oct-2018 10:29:33.073 INFO [localhost-startStop-1] org.apache.openejb.config.InitEjbDeployments.deploy Auto-deploying ejb ApplicationManagerImpl: EjbDeployment(deployment-id=ApplicationManagerImpl)
18-Oct-2018 10:29:33.073 INFO [localhost-startStop-1] org.apache.openejb.config.InitEjbDeployments.deploy Auto-deploying ejb RecommendationManagerImpl: EjbDeployment(deployment-id=RecommendationManagerImpl)
18-Oct-2018 10:29:33.073 INFO [localhost-startStop-1] org.apache.openejb.config.InitEjbDeployments.deploy Auto-deploying ejb AwarenessManagerImpl: EjbDeployment(deployment-id=AwarenessManagerImpl)
18-Oct-2018 10:29:33.086 INFO [localhost-startStop-1] org.apache.openejb.config.ConfigurationFactory.configureService Configuring Service(id=Default Singleton Container, type=Container, provider-id=Default Singleton Container)
18-Oct-2018 10:29:33.087 INFO [localhost-startStop-1] org.apache.openejb.config.AutoConfig.createContainer Auto-creating a container for bean DeviceServiceManagerImpl: Container(type=SINGLETON, id=Default Singleton Container)
18-Oct-2018 10:29:33.087 INFO [localhost-startStop-1] org.apache.openejb.assembler.classic.Assembler.createRecipe Creating Container(id=Default Singleton Container)
18-Oct-2018 10:29:33.131 INFO [localhost-startStop-1] org.apache.openejb.config.ConfigurationFactory.configureService Configuring Service(id=Default Stateless Container, type=Container, provider-id=Default Stateless Container)
18-Oct-2018 10:29:33.131 INFO [localhost-startStop-1] org.apache.openejb.config.AutoConfig.createContainer Auto-creating a container for bean AppRe: Container(type=STATELESS, id=Default Stateless Container)
18-Oct-2018 10:29:33.131 INFO [localhost-startStop-1] org.apache.openejb.assembler.classic.Assembler.createRecipe Creating Container(id=Default Stateless Container)
18-Oct-2018 10:29:33.152 INFO [localhost-startStop-1] org.apache.openejb.config.ConfigurationFactory.configureService Configuring Service(id=Default Stateful Container, type=Container, provider-id=Default Stateful Container)
18-Oct-2018 10:29:33.152 INFO [localhost-startStop-1] org.apache.openejb.config.AutoConfig.createContainer Auto-creating a container for bean Dummy: Container(type=STATEFUL, id=Default Stateful Container)
18-Oct-2018 10:29:33.152 INFO [localhost-startStop-1] org.apache.openejb.assembler.classic.Assembler.createRecipe Creating Container(id=Default Stateful Container)
18-Oct-2018 10:29:33.215 INFO [localhost-startStop-1] org.apache.openejb.core.stateful.SimplePassivater.init Using directory C:\Projects\KP_WME\CSR_Server\temp for stateful session passivation
18-Oct-2018 10:29:33.234 INFO [localhost-startStop-1] org.apache.openejb.config.ConfigurationFactory.configureService Configuring Service(id=Default Managed Container, type=Container, provider-id=Default Managed Container)
18-Oct-2018 10:29:33.235 INFO [localhost-startStop-1] org.apache.openejb.config.AutoConfig.createContainer Auto-creating a container for bean csr-server.Comp1272939665: Container(type=MANAGED, id=Default Managed Container)
18-Oct-2018 10:29:33.235 INFO [localhost-startStop-1] org.apache.openejb.assembler.classic.Assembler.createRecipe Creating Container(id=Default Managed Container)
18-Oct-2018 10:29:33.249 INFO [localhost-startStop-1] org.apache.openejb.core.managed.SimplePassivater.init Using directory C:\Projects\KP_WME\CSR_Server\temp for stateful session passivation
18-Oct-2018 10:29:33.410 INFO [localhost-startStop-1] org.apache.openejb.config.AppInfoBuilder.build Enterprise application "C:\Projects\KP_WME\CSR_Server\webapps\csr-server" loaded.
18-Oct-2018 10:29:33.679 INFO [localhost-startStop-1] org.apache.openejb.assembler.classic.Assembler.createApplication Assembling app: C:\Projects\KP_WME\CSR_Server\webapps\csr-server
18-Oct-2018 10:29:33.693 INFO [localhost-startStop-1] org.apache.openejb.util.OptionsLog.info Using 'AsynchronousPool.Size=15'
18-Oct-2018 10:29:33.693 INFO [localhost-startStop-1] org.apache.openejb.util.OptionsLog.info Using 'AsynchronousPool.MaximumPoolSize=25'
18-Oct-2018 10:29:33.693 INFO [localhost-startStop-1] org.apache.openejb.util.OptionsLog.info Using 'AsynchronousPool.QueueSize=10'
18-Oct-2018 10:29:36.648 INFO [localhost-startStop-1] org.apache.openejb.assembler.classic.JndiBuilder.bind Jndi(name=DeviceServiceManagerImplLocal) --> Ejb(deployment-id=DeviceServiceManagerImpl)
18-Oct-2018 10:29:36.648 INFO [localhost-startStop-1] org.apache.openejb.assembler.classic.JndiBuilder.bind Jndi(name=global/csr-server/DeviceServiceManagerImpl!de.tudresden.inf.documa.services.DeviceServiceManager) --> Ejb(deployment-id=DeviceServiceManagerImpl)
18-Oct-2018 10:29:36.650 INFO [localhost-startStop-1] org.apache.openejb.assembler.classic.JndiBuilder.bind Jndi(name=global/csr-server/DeviceServiceManagerImpl) --> Ejb(deployment-id=DeviceServiceManagerImpl)
18-Oct-2018 10:29:36.651 INFO [localhost-startStop-1] org.apache.openejb.assembler.classic.JndiBuilder.bind Jndi(name=MemoryClientRegistryServiceLocal) --> Ejb(deployment-id=MemoryClientRegistryService)
18-Oct-2018 10:29:36.651 INFO [localhost-startStop-1] org.apache.openejb.assembler.classic.JndiBuilder.bind Jndi(name=global/csr-server/MemoryClientRegistryService!de.tudresden.inf.documa.registry.ClientRegistryService) --> Ejb(deployment-id=MemoryClientRegistryService)
18-Oct-2018 10:29:36.651 INFO [localhost-startStop-1] org.apache.openejb.assembler.classic.JndiBuilder.bind Jndi(name=global/csr-server/MemoryClientRegistryService) --> Ejb(deployment-id=MemoryClientRegistryService)
18-Oct-2018 10:29:36.652 INFO [localhost-startStop-1] org.apache.openejb.assembler.classic.JndiBuilder.bind Jndi(name=ApplicationManagerFactoryLocal) --> Ejb(deployment-id=ApplicationManagerFactory)
18-Oct-2018 10:29:36.652 INFO [localhost-startStop-1] org.apache.openejb.assembler.classic.JndiBuilder.bind Jndi(name=global/csr-server/ApplicationManagerFactory!de.tudresden.inf.documa.application.ApplicationManagerFactory) --> Ejb(deployment-id=ApplicationManagerFactory)
18-Oct-2018 10:29:36.652 INFO [localhost-startStop-1] org.apache.openejb.assembler.classic.JndiBuilder.bind Jndi(name=global/csr-server/ApplicationManagerFactory) --> Ejb(deployment-id=ApplicationManagerFactory)
18-Oct-2018 10:29:36.653 INFO [localhost-startStop-1] org.apache.openejb.assembler.classic.JndiBuilder.bind Jndi(name=ApolloMessageBrokerImplLocal) --> Ejb(deployment-id=ApolloMessageBrokerImpl)
18-Oct-2018 10:29:36.653 INFO [localhost-startStop-1] org.apache.openejb.assembler.classic.JndiBuilder.bind Jndi(name=global/csr-server/ApolloMessageBrokerImpl!de.tudresden.inf.documa.communication.messaging.MessageBroker) --> Ejb(deployment-id=ApolloMessageBrokerImpl)
18-Oct-2018 10:29:36.653 INFO [localhost-startStop-1] org.apache.openejb.assembler.classic.JndiBuilder.bind Jndi(name=global/csr-server/ApolloMessageBrokerImpl) --> Ejb(deployment-id=ApolloMessageBrokerImpl)
18-Oct-2018 10:29:36.653 INFO [localhost-startStop-1] org.apache.openejb.assembler.classic.JndiBuilder.bind Jndi(name=ContextManagerImplLocal) --> Ejb(deployment-id=ContextManagerImpl)
18-Oct-2018 10:29:36.653 INFO [localhost-startStop-1] org.apache.openejb.assembler.classic.JndiBuilder.bind Jndi(name=global/csr-server/ContextManagerImpl!de.tudresden.inf.documa.context.ContextManager) --> Ejb(deployment-id=ContextManagerImpl)
18-Oct-2018 10:29:36.653 INFO [localhost-startStop-1] org.apache.openejb.assembler.classic.JndiBuilder.bind Jndi(name=global/csr-server/ContextManagerImpl) --> Ejb(deployment-id=ContextManagerImpl)
18-Oct-2018 10:29:36.654 INFO [localhost-startStop-1] org.apache.openejb.assembler.classic.JndiBuilder.bind Jndi(name=SmcdCacheImplLocal) --> Ejb(deployment-id=SmcdCacheImpl)
18-Oct-2018 10:29:36.654 INFO [localhost-startStop-1] org.apache.openejb.assembler.classic.JndiBuilder.bind Jndi(name=global/csr-server/SmcdCacheImpl!de.tudresden.inf.documa.utility.SmcdCache) --> Ejb(deployment-id=SmcdCacheImpl)
18-Oct-2018 10:29:36.654 INFO [localhost-startStop-1] org.apache.openejb.assembler.classic.JndiBuilder.bind Jndi(name=global/csr-server/SmcdCacheImpl) --> Ejb(deployment-id=SmcdCacheImpl)
18-Oct-2018 10:29:36.654 INFO [localhost-startStop-1] org.apache.openejb.assembler.classic.JndiBuilder.bind Jndi(name=AccessControlManagerFactoryLocal) --> Ejb(deployment-id=AccessControlManagerFactory)
18-Oct-2018 10:29:36.654 INFO [localhost-startStop-1] org.apache.openejb.assembler.classic.JndiBuilder.bind Jndi(name=global/csr-server/AccessControlManagerFactory!de.tudresden.inf.documa.application.collaboration.AccessControlManagerFactory) --> Ejb(deployment-id=AccessControlManagerFactory)
18-Oct-2018 10:29:36.654 INFO [localhost-startStop-1] org.apache.openejb.assembler.classic.JndiBuilder.bind Jndi(name=global/csr-server/AccessControlManagerFactory) --> Ejb(deployment-id=AccessControlManagerFactory)
18-Oct-2018 10:29:36.655 INFO [localhost-startStop-1] org.apache.openejb.assembler.classic.JndiBuilder.bind Jndi(name=ClientSessionFactoryImplLocal) --> Ejb(deployment-id=ClientSessionFactoryImpl)
18-Oct-2018 10:29:36.655 INFO [localhost-startStop-1] org.apache.openejb.assembler.classic.JndiBuilder.bind Jndi(name=global/csr-server/ClientSessionFactoryImpl!de.tudresden.inf.documa.communication.messaging.ClientSessionFactory) --> Ejb(deployment-id=ClientSessionFactoryImpl)
18-Oct-2018 10:29:36.655 INFO [localhost-startStop-1] org.apache.openejb.assembler.classic.JndiBuilder.bind Jndi(name=global/csr-server/ClientSessionFactoryImpl) --> Ejb(deployment-id=ClientSessionFactoryImpl)
18-Oct-2018 10:29:36.656 INFO [localhost-startStop-1] org.apache.openejb.assembler.classic.JndiBuilder.bind Jndi(name=RuntimeManagerLocalBean) --> Ejb(deployment-id=RuntimeManager)
18-Oct-2018 10:29:36.656 INFO [localhost-startStop-1] org.apache.openejb.assembler.classic.JndiBuilder.bind Jndi(name=global/csr-server/RuntimeManager!de.tudresden.inf.documa.runtime.RuntimeManager) --> Ejb(deployment-id=RuntimeManager)
18-Oct-2018 10:29:36.657 INFO [localhost-startStop-1] org.apache.openejb.assembler.classic.JndiBuilder.bind Jndi(name=RuntimeManagerLocal) --> Ejb(deployment-id=RuntimeManager)
18-Oct-2018 10:29:36.657 INFO [localhost-startStop-1] org.apache.openejb.assembler.classic.JndiBuilder.bind Jndi(name=global/csr-server/RuntimeManager!de.tudresden.inf.documa.communication.messaging.ClientSessionListener) --> Ejb(deployment-id=RuntimeManager)
18-Oct-2018 10:29:36.657 INFO [localhost-startStop-1] org.apache.openejb.assembler.classic.JndiBuilder.bind Jndi(name=global/csr-server/RuntimeManager) --> Ejb(deployment-id=RuntimeManager)
18-Oct-2018 10:29:36.657 INFO [localhost-startStop-1] org.apache.openejb.assembler.classic.JndiBuilder.bind Jndi(name=DeviceRoleRepositoryImplLocal) --> Ejb(deployment-id=DeviceRoleRepositoryImpl)
18-Oct-2018 10:29:36.657 INFO [localhost-startStop-1] org.apache.openejb.assembler.classic.JndiBuilder.bind Jndi(name=global/csr-server/DeviceRoleRepositoryImpl!de.tudresden.inf.documa.registry.role.DeviceRoleRepository) --> Ejb(deployment-id=DeviceRoleRepositoryImpl)
18-Oct-2018 10:29:36.658 INFO [localhost-startStop-1] org.apache.openejb.assembler.classic.JndiBuilder.bind Jndi(name=global/csr-server/DeviceRoleRepositoryImpl!de.tudresden.inf.documa.registry.role.JSONRoleRepository) --> Ejb(deployment-id=DeviceRoleRepositoryImpl)
18-Oct-2018 10:29:36.658 INFO [localhost-startStop-1] org.apache.openejb.assembler.classic.JndiBuilder.bind Jndi(name=global/csr-server/DeviceRoleRepositoryImpl) --> Ejb(deployment-id=DeviceRoleRepositoryImpl)
18-Oct-2018 10:29:36.658 INFO [localhost-startStop-1] org.apache.openejb.assembler.classic.JndiBuilder.bind Jndi(name=AppReLocal) --> Ejb(deployment-id=AppRe)
18-Oct-2018 10:29:36.658 INFO [localhost-startStop-1] org.apache.openejb.assembler.classic.JndiBuilder.bind Jndi(name=global/csr-server/AppRe!de.tudresden.inf.documa.repository.AppRepository) --> Ejb(deployment-id=AppRe)
18-Oct-2018 10:29:36.659 INFO [localhost-startStop-1] org.apache.openejb.assembler.classic.JndiBuilder.bind Jndi(name=global/csr-server/AppRe) --> Ejb(deployment-id=AppRe)
18-Oct-2018 10:29:36.659 INFO [localhost-startStop-1] org.apache.openejb.assembler.classic.JndiBuilder.bind Jndi(name=ResponderLocalBean) --> Ejb(deployment-id=Responder)
18-Oct-2018 10:29:36.659 INFO [localhost-startStop-1] org.apache.openejb.assembler.classic.JndiBuilder.bind Jndi(name=global/csr-server/Responder!de.tudresden.inf.documa.communication.messaging.Responder) --> Ejb(deployment-id=Responder)
18-Oct-2018 10:29:36.659 INFO [localhost-startStop-1] org.apache.openejb.assembler.classic.JndiBuilder.bind Jndi(name=global/csr-server/Responder) --> Ejb(deployment-id=Responder)
18-Oct-2018 10:29:36.659 INFO [localhost-startStop-1] org.apache.openejb.assembler.classic.JndiBuilder.bind Jndi(name=IdResponseHandlerLocal) --> Ejb(deployment-id=IdResponseHandler)
18-Oct-2018 10:29:36.660 INFO [localhost-startStop-1] org.apache.openejb.assembler.classic.JndiBuilder.bind Jndi(name=global/csr-server/IdResponseHandler!de.tudresden.inf.documa.application.ResponseHandler) --> Ejb(deployment-id=IdResponseHandler)
18-Oct-2018 10:29:36.660 INFO [localhost-startStop-1] org.apache.openejb.assembler.classic.JndiBuilder.bind Jndi(name=global/csr-server/IdResponseHandler) --> Ejb(deployment-id=IdResponseHandler)
18-Oct-2018 10:29:36.660 INFO [localhost-startStop-1] org.apache.openejb.assembler.classic.JndiBuilder.bind Jndi(name=ExchangeIdResponseHandlerLocal) --> Ejb(deployment-id=ExchangeIdResponseHandler)
18-Oct-2018 10:29:36.660 INFO [localhost-startStop-1] org.apache.openejb.assembler.classic.JndiBuilder.bind Jndi(name=global/csr-server/ExchangeIdResponseHandler!de.tudresden.inf.documa.application.ResponseHandler) --> Ejb(deployment-id=ExchangeIdResponseHandler)
18-Oct-2018 10:29:36.660 INFO [localhost-startStop-1] org.apache.openejb.assembler.classic.JndiBuilder.bind Jndi(name=global/csr-server/ExchangeIdResponseHandler) --> Ejb(deployment-id=ExchangeIdResponseHandler)
18-Oct-2018 10:29:36.660 INFO [localhost-startStop-1] org.apache.openejb.assembler.classic.JndiBuilder.bind Jndi(name=TemplateResponseHandlerLocal) --> Ejb(deployment-id=TemplateResponseHandler)
18-Oct-2018 10:29:36.661 INFO [localhost-startStop-1] org.apache.openejb.assembler.classic.JndiBuilder.bind Jndi(name=global/csr-server/TemplateResponseHandler!de.tudresden.inf.documa.application.ResponseHandler) --> Ejb(deployment-id=TemplateResponseHandler)
18-Oct-2018 10:29:36.661 INFO [localhost-startStop-1] org.apache.openejb.assembler.classic.JndiBuilder.bind Jndi(name=global/csr-server/TemplateResponseHandler) --> Ejb(deployment-id=TemplateResponseHandler)
18-Oct-2018 10:29:36.661 INFO [localhost-startStop-1] org.apache.openejb.assembler.classic.JndiBuilder.bind Jndi(name=CoRepositoryImplLocal) --> Ejb(deployment-id=CoRepositoryImpl)
18-Oct-2018 10:29:36.661 INFO [localhost-startStop-1] org.apache.openejb.assembler.classic.JndiBuilder.bind Jndi(name=global/csr-server/CoRepositoryImpl!de.tudresden.inf.documa.repository.CoRepository) --> Ejb(deployment-id=CoRepositoryImpl)
18-Oct-2018 10:29:36.661 INFO [localhost-startStop-1] org.apache.openejb.assembler.classic.JndiBuilder.bind Jndi(name=global/csr-server/CoRepositoryImpl) --> Ejb(deployment-id=CoRepositoryImpl)
18-Oct-2018 10:29:36.662 INFO [localhost-startStop-1] org.apache.openejb.assembler.classic.JndiBuilder.bind Jndi(name=RecommendationServiceImplLocal) --> Ejb(deployment-id=RecommendationServiceImpl)
18-Oct-2018 10:29:36.662 INFO [localhost-startStop-1] org.apache.openejb.assembler.classic.JndiBuilder.bind Jndi(name=global/csr-server/RecommendationServiceImpl!de.tudresden.inf.documa.repository.RecommendationService) --> Ejb(deployment-id=RecommendationServiceImpl)
18-Oct-2018 10:29:36.662 INFO [localhost-startStop-1] org.apache.openejb.assembler.classic.JndiBuilder.bind Jndi(name=global/csr-server/RecommendationServiceImpl) --> Ejb(deployment-id=RecommendationServiceImpl)
18-Oct-2018 10:29:36.662 INFO [localhost-startStop-1] org.apache.openejb.assembler.classic.JndiBuilder.bind Jndi(name=DistributionServiceImplLocal) --> Ejb(deployment-id=DistributionServiceImpl)
18-Oct-2018 10:29:36.662 INFO [localhost-startStop-1] org.apache.openejb.assembler.classic.JndiBuilder.bind Jndi(name=global/csr-server/DistributionServiceImpl!de.tudresden.inf.documa.repository.DistributionService) --> Ejb(deployment-id=DistributionServiceImpl)
18-Oct-2018 10:29:36.662 INFO [localhost-startStop-1] org.apache.openejb.assembler.classic.JndiBuilder.bind Jndi(name=global/csr-server/DistributionServiceImpl) --> Ejb(deployment-id=DistributionServiceImpl)
18-Oct-2018 10:29:36.663 INFO [localhost-startStop-1] org.apache.openejb.assembler.classic.JndiBuilder.bind Jndi(name=TriggerRequestProcessorImplLocal) --> Ejb(deployment-id=TriggerRequestProcessorImpl)
18-Oct-2018 10:29:36.663 INFO [localhost-startStop-1] org.apache.openejb.assembler.classic.JndiBuilder.bind Jndi(name=global/csr-server/TriggerRequestProcessorImpl!de.tudresden.inf.documa.application.recommendation.trigger.TriggerRequestProcessor) --> Ejb(deployment-id=TriggerRequestProcessorImpl)
18-Oct-2018 10:29:36.663 INFO [localhost-startStop-1] org.apache.openejb.assembler.classic.JndiBuilder.bind Jndi(name=global/csr-server/TriggerRequestProcessorImpl) --> Ejb(deployment-id=TriggerRequestProcessorImpl)
18-Oct-2018 10:29:36.663 INFO [localhost-startStop-1] org.apache.openejb.assembler.classic.JndiBuilder.bind Jndi(name=ServiceAccessImplLocal) --> Ejb(deployment-id=ServiceAccessImpl)
18-Oct-2018 10:29:36.663 INFO [localhost-startStop-1] org.apache.openejb.assembler.classic.JndiBuilder.bind Jndi(name=global/csr-server/ServiceAccessImpl!de.tudresden.inf.documa.communication.messaging.ServiceAccess) --> Ejb(deployment-id=ServiceAccessImpl)
18-Oct-2018 10:29:36.664 INFO [localhost-startStop-1] org.apache.openejb.assembler.classic.JndiBuilder.bind Jndi(name=global/csr-server/ServiceAccessImpl) --> Ejb(deployment-id=ServiceAccessImpl)
18-Oct-2018 10:29:36.667 INFO [localhost-startStop-1] org.apache.openejb.assembler.classic.JndiBuilder.bind Jndi(name=DummyLocal) --> Ejb(deployment-id=Dummy)
18-Oct-2018 10:29:36.667 INFO [localhost-startStop-1] org.apache.openejb.assembler.classic.JndiBuilder.bind Jndi(name=global/csr-server/Dummy!de.tudresden.inf.documa.application.recommendation.distribution.DistributionRecommender) --> Ejb(deployment-id=Dummy)
18-Oct-2018 10:29:36.667 INFO [localhost-startStop-1] org.apache.openejb.assembler.classic.JndiBuilder.bind Jndi(name=global/csr-server/Dummy) --> Ejb(deployment-id=Dummy)
18-Oct-2018 10:29:36.668 INFO [localhost-startStop-1] org.apache.openejb.assembler.classic.JndiBuilder.bind Jndi(name=DistributionRecommenderLocal) --> Ejb(deployment-id=DistributionRecommender)
18-Oct-2018 10:29:36.668 INFO [localhost-startStop-1] org.apache.openejb.assembler.classic.JndiBuilder.bind Jndi(name=global/csr-server/DistributionRecommender!de.tudresden.inf.documa.application.recommendation.distribution.DistributionRecommender) --> Ejb(deployment-id=DistributionRecommender)
18-Oct-2018 10:29:36.668 INFO [localhost-startStop-1] org.apache.openejb.assembler.classic.JndiBuilder.bind Jndi(name=global/csr-server/DistributionRecommender) --> Ejb(deployment-id=DistributionRecommender)
18-Oct-2018 10:29:36.668 INFO [localhost-startStop-1] org.apache.openejb.assembler.classic.JndiBuilder.bind Jndi(name=AccessControlManagerImplLocal) --> Ejb(deployment-id=AccessControlManagerImpl)
18-Oct-2018 10:29:36.669 INFO [localhost-startStop-1] org.apache.openejb.assembler.classic.JndiBuilder.bind Jndi(name=global/csr-server/AccessControlManagerImpl!de.tudresden.inf.documa.application.collaboration.AccessControlManager) --> Ejb(deployment-id=AccessControlManagerImpl)
18-Oct-2018 10:29:36.669 INFO [localhost-startStop-1] org.apache.openejb.assembler.classic.JndiBuilder.bind Jndi(name=global/csr-server/AccessControlManagerImpl) --> Ejb(deployment-id=AccessControlManagerImpl)
18-Oct-2018 10:29:36.669 INFO [localhost-startStop-1] org.apache.openejb.assembler.classic.JndiBuilder.bind Jndi(name=ConceptualModelInterpreterImplLocal) --> Ejb(deployment-id=ConceptualModelInterpreterImpl)
18-Oct-2018 10:29:36.670 INFO [localhost-startStop-1] org.apache.openejb.assembler.classic.JndiBuilder.bind Jndi(name=global/csr-server/ConceptualModelInterpreterImpl!de.tudresden.inf.documa.application.interpretation.ConceptualModelInterpreter) --> Ejb(deployment-id=ConceptualModelInterpreterImpl)
18-Oct-2018 10:29:36.670 INFO [localhost-startStop-1] org.apache.openejb.assembler.classic.JndiBuilder.bind Jndi(name=global/csr-server/ConceptualModelInterpreterImpl) --> Ejb(deployment-id=ConceptualModelInterpreterImpl)
18-Oct-2018 10:29:36.670 INFO [localhost-startStop-1] org.apache.openejb.assembler.classic.JndiBuilder.bind Jndi(name=LayoutModelInterpreterLocal) --> Ejb(deployment-id=LayoutModelInterpreter)
18-Oct-2018 10:29:36.670 INFO [localhost-startStop-1] org.apache.openejb.assembler.classic.JndiBuilder.bind Jndi(name=global/csr-server/LayoutModelInterpreter!de.tudresden.inf.documa.application.interpretation.ModelInterpreter) --> Ejb(deployment-id=LayoutModelInterpreter)
18-Oct-2018 10:29:36.670 INFO [localhost-startStop-1] org.apache.openejb.assembler.classic.JndiBuilder.bind Jndi(name=global/csr-server/LayoutModelInterpreter!de.tudresden.inf.documa.application.interpretation.LayoutModelInterpreter) --> Ejb(deployment-id=LayoutModelInterpreter)
18-Oct-2018 10:29:36.671 INFO [localhost-startStop-1] org.apache.openejb.assembler.classic.JndiBuilder.bind Jndi(name=global/csr-server/LayoutModelInterpreter) --> Ejb(deployment-id=LayoutModelInterpreter)
18-Oct-2018 10:29:36.671 INFO [localhost-startStop-1] org.apache.openejb.assembler.classic.JndiBuilder.bind Jndi(name=DistributionModelInterpreterImplLocal) --> Ejb(deployment-id=DistributionModelInterpreterImpl)
18-Oct-2018 10:29:36.672 INFO [localhost-startStop-1] org.apache.openejb.assembler.classic.JndiBuilder.bind Jndi(name=global/csr-server/DistributionModelInterpreterImpl!de.tudresden.inf.documa.application.interpretation.DistributionModelInterpreter) --> Ejb(deployment-id=DistributionModelInterpreterImpl)
18-Oct-2018 10:29:36.672 INFO [localhost-startStop-1] org.apache.openejb.assembler.classic.JndiBuilder.bind Jndi(name=global/csr-server/DistributionModelInterpreterImpl) --> Ejb(deployment-id=DistributionModelInterpreterImpl)
18-Oct-2018 10:29:36.673 INFO [localhost-startStop-1] org.apache.openejb.assembler.classic.JndiBuilder.bind Jndi(name=ChannelCommunicationModelInterpreterLocal) --> Ejb(deployment-id=ChannelCommunicationModelInterpreter)
18-Oct-2018 10:29:36.673 INFO [localhost-startStop-1] org.apache.openejb.assembler.classic.JndiBuilder.bind Jndi(name=global/csr-server/ChannelCommunicationModelInterpreter!de.tudresden.inf.documa.application.interpretation.CommunicationModelInterpreter) --> Ejb(deployment-id=ChannelCommunicationModelInterpreter)
18-Oct-2018 10:29:36.674 INFO [localhost-startStop-1] org.apache.openejb.assembler.classic.JndiBuilder.bind Jndi(name=global/csr-server/ChannelCommunicationModelInterpreter) --> Ejb(deployment-id=ChannelCommunicationModelInterpreter)
18-Oct-2018 10:29:36.675 INFO [localhost-startStop-1] org.apache.openejb.assembler.classic.JndiBuilder.bind Jndi(name=ComponentManagerImplLocal) --> Ejb(deployment-id=ComponentManagerImpl)
18-Oct-2018 10:29:36.675 INFO [localhost-startStop-1] org.apache.openejb.assembler.classic.JndiBuilder.bind Jndi(name=global/csr-server/ComponentManagerImpl!de.tudresden.inf.documa.application.ComponentManager) --> Ejb(deployment-id=ComponentManagerImpl)
18-Oct-2018 10:29:36.676 INFO [localhost-startStop-1] org.apache.openejb.assembler.classic.JndiBuilder.bind Jndi(name=global/csr-server/ComponentManagerImpl!de.tudresden.inf.documa.application.interpretation.ModelInterpreter) --> Ejb(deployment-id=ComponentManagerImpl)
18-Oct-2018 10:29:36.676 INFO [localhost-startStop-1] org.apache.openejb.assembler.classic.JndiBuilder.bind Jndi(name=global/csr-server/ComponentManagerImpl) --> Ejb(deployment-id=ComponentManagerImpl)
18-Oct-2018 10:29:36.677 INFO [localhost-startStop-1] org.apache.openejb.assembler.classic.JndiBuilder.bind Jndi(name=CommunicationManagerImplLocal) --> Ejb(deployment-id=CommunicationManagerImpl)
18-Oct-2018 10:29:36.678 INFO [localhost-startStop-1] org.apache.openejb.assembler.classic.JndiBuilder.bind Jndi(name=global/csr-server/CommunicationManagerImpl!de.tudresden.inf.documa.application.CommunicationManager) --> Ejb(deployment-id=CommunicationManagerImpl)
18-Oct-2018 10:29:36.678 INFO [localhost-startStop-1] org.apache.openejb.assembler.classic.JndiBuilder.bind Jndi(name=global/csr-server/CommunicationManagerImpl) --> Ejb(deployment-id=CommunicationManagerImpl)
18-Oct-2018 10:29:36.679 INFO [localhost-startStop-1] org.apache.openejb.assembler.classic.JndiBuilder.bind Jndi(name=EventDispatcherImplLocal) --> Ejb(deployment-id=EventDispatcherImpl)
18-Oct-2018 10:29:36.679 INFO [localhost-startStop-1] org.apache.openejb.assembler.classic.JndiBuilder.bind Jndi(name=global/csr-server/EventDispatcherImpl!de.tudresden.inf.documa.application.messaging.events.EventDispatcher) --> Ejb(deployment-id=EventDispatcherImpl)
18-Oct-2018 10:29:36.679 INFO [localhost-startStop-1] org.apache.openejb.assembler.classic.JndiBuilder.bind Jndi(name=global/csr-server/EventDispatcherImpl) --> Ejb(deployment-id=EventDispatcherImpl)
18-Oct-2018 10:29:36.680 INFO [localhost-startStop-1] org.apache.openejb.assembler.classic.JndiBuilder.bind Jndi(name=DistributionManagerImplLocal) --> Ejb(deployment-id=DistributionManagerImpl)
18-Oct-2018 10:29:36.683 INFO [localhost-startStop-1] org.apache.openejb.assembler.classic.JndiBuilder.bind Jndi(name=global/csr-server/DistributionManagerImpl!de.tudresden.inf.documa.application.distribution.DistributionManager) --> Ejb(deployment-id=DistributionManagerImpl)
18-Oct-2018 10:29:36.683 INFO [localhost-startStop-1] org.apache.openejb.assembler.classic.JndiBuilder.bind Jndi(name=global/csr-server/DistributionManagerImpl) --> Ejb(deployment-id=DistributionManagerImpl)
18-Oct-2018 10:29:36.684 INFO [localhost-startStop-1] org.apache.openejb.assembler.classic.JndiBuilder.bind Jndi(name=EventBrokerImplLocal) --> Ejb(deployment-id=EventBrokerImpl)
18-Oct-2018 10:29:36.684 INFO [localhost-startStop-1] org.apache.openejb.assembler.classic.JndiBuilder.bind Jndi(name=global/csr-server/EventBrokerImpl!de.tudresden.inf.documa.application.messaging.EventBroker) --> Ejb(deployment-id=EventBrokerImpl)
18-Oct-2018 10:29:36.685 INFO [localhost-startStop-1] org.apache.openejb.assembler.classic.JndiBuilder.bind Jndi(name=global/csr-server/EventBrokerImpl) --> Ejb(deployment-id=EventBrokerImpl)
18-Oct-2018 10:29:36.686 INFO [localhost-startStop-1] org.apache.openejb.assembler.classic.JndiBuilder.bind Jndi(name=TriggerManagerImplLocal) --> Ejb(deployment-id=TriggerManagerImpl)
18-Oct-2018 10:29:36.686 INFO [localhost-startStop-1] org.apache.openejb.assembler.classic.JndiBuilder.bind Jndi(name=global/csr-server/TriggerManagerImpl!de.tudresden.inf.documa.application.recommendation.trigger.TriggerManager) --> Ejb(deployment-id=TriggerManagerImpl)
18-Oct-2018 10:29:36.687 INFO [localhost-startStop-1] org.apache.openejb.assembler.classic.JndiBuilder.bind Jndi(name=global/csr-server/TriggerManagerImpl) --> Ejb(deployment-id=TriggerManagerImpl)
18-Oct-2018 10:29:36.687 INFO [localhost-startStop-1] org.apache.openejb.assembler.classic.JndiBuilder.bind Jndi(name=ApplicationManagerImplLocal) --> Ejb(deployment-id=ApplicationManagerImpl)
18-Oct-2018 10:29:36.688 INFO [localhost-startStop-1] org.apache.openejb.assembler.classic.JndiBuilder.bind Jndi(name=global/csr-server/ApplicationManagerImpl!de.tudresden.inf.documa.application.ApplicationManager) --> Ejb(deployment-id=ApplicationManagerImpl)
18-Oct-2018 10:29:36.688 INFO [localhost-startStop-1] org.apache.openejb.assembler.classic.JndiBuilder.bind Jndi(name=global/csr-server/ApplicationManagerImpl) --> Ejb(deployment-id=ApplicationManagerImpl)
18-Oct-2018 10:29:36.688 INFO [localhost-startStop-1] org.apache.openejb.assembler.classic.JndiBuilder.bind Jndi(name=RecommendationManagerImplLocal) --> Ejb(deployment-id=RecommendationManagerImpl)
18-Oct-2018 10:29:36.689 INFO [localhost-startStop-1] org.apache.openejb.assembler.classic.JndiBuilder.bind Jndi(name=global/csr-server/RecommendationManagerImpl!de.tudresden.inf.documa.application.recommendation.RecommendationManager) --> Ejb(deployment-id=RecommendationManagerImpl)
18-Oct-2018 10:29:36.689 INFO [localhost-startStop-1] org.apache.openejb.assembler.classic.JndiBuilder.bind Jndi(name=global/csr-server/RecommendationManagerImpl) --> Ejb(deployment-id=RecommendationManagerImpl)
18-Oct-2018 10:29:36.689 INFO [localhost-startStop-1] org.apache.openejb.assembler.classic.JndiBuilder.bind Jndi(name=AwarenessManagerImplLocal) --> Ejb(deployment-id=AwarenessManagerImpl)
18-Oct-2018 10:29:36.689 INFO [localhost-startStop-1] org.apache.openejb.assembler.classic.JndiBuilder.bind Jndi(name=global/csr-server/AwarenessManagerImpl!de.tudresden.inf.documa.application.collaboration.AwarenessManager) --> Ejb(deployment-id=AwarenessManagerImpl)
18-Oct-2018 10:29:36.689 INFO [localhost-startStop-1] org.apache.openejb.assembler.classic.JndiBuilder.bind Jndi(name=global/csr-server/AwarenessManagerImpl) --> Ejb(deployment-id=AwarenessManagerImpl)
18-Oct-2018 10:29:37.113 INFO [localhost-startStop-1] org.apache.openejb.cdi.CdiBuilder.initSingleton Existing thread singleton service in SystemInstance(): org.apache.openejb.cdi.ThreadSingletonServiceImpl@2b6faea6
18-Oct-2018 10:29:37.281 INFO [localhost-startStop-1] org.apache.openejb.cdi.OpenEJBLifecycle.startApplication OpenWebBeans Container is starting...
18-Oct-2018 10:29:37.299 INFO [localhost-startStop-1] org.apache.webbeans.plugins.PluginLoader.startUp Adding OpenWebBeansPlugin : [CdiPlugin]
18-Oct-2018 10:29:37.305 INFO [localhost-startStop-1] org.apache.openejb.cdi.CdiScanner.handleBda Using annotated mode for file:/C:/Projects/KP_WME/CSR_Server/webapps/csr-server/WEB-INF/lib/csr-util-0.0.1.jar looking all classes to find CDI beans, maybe think to add a beans.xml if not there or add the jar to exclusions.list
18-Oct-2018 10:29:37.311 INFO [localhost-startStop-1] org.apache.openejb.cdi.CdiScanner.handleBda Using annotated mode for file:/C:/Projects/KP_WME/CSR_Server/webapps/csr-server/WEB-INF/lib/csr-discovery-0.0.1.jar looking all classes to find CDI beans, maybe think to add a beans.xml if not there or add the jar to exclusions.list
18-Oct-2018 10:29:37.322 INFO [localhost-startStop-1] org.apache.openejb.cdi.CdiScanner.handleBda Using annotated mode for file:/C:/Projects/KP_WME/CSR_Server/webapps/csr-server/WEB-INF/lib/csr-runtime-0.0.1.jar looking all classes to find CDI beans, maybe think to add a beans.xml if not there or add the jar to exclusions.list
18-Oct-2018 10:29:37.346 INFO [localhost-startStop-1] org.apache.openejb.cdi.CdiScanner.handleBda Using annotated mode for file:/C:/Projects/KP_WME/CSR_Server/webapps/csr-server/WEB-INF/lib/csr-services-0.0.1.jar looking all classes to find CDI beans, maybe think to add a beans.xml if not there or add the jar to exclusions.list
18-Oct-2018 10:29:37.366 INFO [localhost-startStop-1] org.apache.openejb.cdi.CdiScanner.handleBda Using annotated mode for file:/C:/Projects/KP_WME/CSR_Server/webapps/csr-server/WEB-INF/lib/csr-communication-0.0.1.jar looking all classes to find CDI beans, maybe think to add a beans.xml if not there or add the jar to exclusions.list
18-Oct-2018 10:29:38.573 INFO [localhost-startStop-1] org.apache.webbeans.config.BeansDeployer.validateInjectionPoints All injection points were validated successfully.
18-Oct-2018 10:29:38.587 INFO [localhost-startStop-1] org.apache.openejb.cdi.OpenEJBLifecycle.startApplication OpenWebBeans Container has started, it took 1306 ms.
18-Oct-2018 10:29:38.602 INFO [localhost-startStop-1] org.apache.openejb.assembler.classic.Assembler.startEjbs Created Ejb(deployment-id=EventDispatcherImpl, ejb-name=EventDispatcherImpl, container=Default Stateful Container)
18-Oct-2018 10:29:38.604 INFO [localhost-startStop-1] org.apache.openejb.assembler.classic.Assembler.startEjbs Created Ejb(deployment-id=RecommendationManagerImpl, ejb-name=RecommendationManagerImpl, container=Default Stateful Container)
18-Oct-2018 10:29:38.605 INFO [localhost-startStop-1] org.apache.openejb.assembler.classic.Assembler.startEjbs Created Ejb(deployment-id=ApplicationManagerImpl, ejb-name=ApplicationManagerImpl, container=Default Stateful Container)
18-Oct-2018 10:29:38.605 INFO [localhost-startStop-1] org.apache.openejb.assembler.classic.Assembler.startEjbs Created Ejb(deployment-id=DistributionServiceImpl, ejb-name=DistributionServiceImpl, container=Default Stateless Container)
18-Oct-2018 10:29:38.606 INFO [localhost-startStop-1] org.apache.openejb.assembler.classic.Assembler.startEjbs Created Ejb(deployment-id=RecommendationServiceImpl, ejb-name=RecommendationServiceImpl, container=Default Stateless Container)
18-Oct-2018 10:29:38.607 INFO [localhost-startStop-1] org.apache.openejb.assembler.classic.Assembler.startEjbs Created Ejb(deployment-id=TriggerManagerImpl, ejb-name=TriggerManagerImpl, container=Default Stateful Container)
18-Oct-2018 10:29:38.608 INFO [localhost-startStop-1] org.apache.openejb.assembler.classic.Assembler.startEjbs Created Ejb(deployment-id=LayoutModelInterpreter, ejb-name=LayoutModelInterpreter, container=Default Stateful Container)
18-Oct-2018 10:29:38.609 INFO [localhost-startStop-1] org.apache.openejb.assembler.classic.Assembler.startEjbs Created Ejb(deployment-id=DistributionManagerImpl, ejb-name=DistributionManagerImpl, container=Default Stateful Container)
18-Oct-2018 10:29:38.609 INFO [localhost-startStop-1] org.apache.openejb.assembler.classic.Assembler.startEjbs Created Ejb(deployment-id=IdResponseHandler, ejb-name=IdResponseHandler, container=Default Stateless Container)
18-Oct-2018 10:29:38.610 INFO [localhost-startStop-1] org.apache.openejb.assembler.classic.Assembler.startEjbs Created Ejb(deployment-id=CoRepositoryImpl, ejb-name=CoRepositoryImpl, container=Default Stateless Container)
18-Oct-2018 10:29:38.610 INFO [localhost-startStop-1] org.apache.openejb.assembler.classic.Assembler.startEjbs Created Ejb(deployment-id=AppRe, ejb-name=AppRe, container=Default Stateless Container)
18-Oct-2018 10:29:38.610 INFO [localhost-startStop-1] org.apache.openejb.assembler.classic.Assembler.startEjbs Created Ejb(deployment-id=TemplateResponseHandler, ejb-name=TemplateResponseHandler, container=Default Stateless Container)
18-Oct-2018 10:29:38.610 INFO [localhost-startStop-1] org.apache.openejb.assembler.classic.Assembler.startEjbs Created Ejb(deployment-id=ExchangeIdResponseHandler, ejb-name=ExchangeIdResponseHandler, container=Default Stateless Container)
18-Oct-2018 10:29:38.611 INFO [localhost-startStop-1] org.apache.openejb.assembler.classic.Assembler.startEjbs Created Ejb(deployment-id=DistributionModelInterpreterImpl, ejb-name=DistributionModelInterpreterImpl, container=Default Stateful Container)
18-Oct-2018 10:29:38.612 INFO [localhost-startStop-1] org.apache.openejb.assembler.classic.Assembler.startEjbs Created Ejb(deployment-id=AccessControlManagerImpl, ejb-name=AccessControlManagerImpl, container=Default Stateful Container)
18-Oct-2018 10:29:38.613 INFO [localhost-startStop-1] org.apache.openejb.assembler.classic.Assembler.startEjbs Created Ejb(deployment-id=TriggerRequestProcessorImpl, ejb-name=TriggerRequestProcessorImpl, container=Default Stateless Container)
18-Oct-2018 10:29:38.614 INFO [localhost-startStop-1] org.apache.openejb.assembler.classic.Assembler.startEjbs Created Ejb(deployment-id=ComponentManagerImpl, ejb-name=ComponentManagerImpl, container=Default Stateful Container)
18-Oct-2018 10:29:38.616 INFO [localhost-startStop-1] org.apache.openejb.assembler.classic.Assembler.startEjbs Created Ejb(deployment-id=AwarenessManagerImpl, ejb-name=AwarenessManagerImpl, container=Default Stateful Container)
18-Oct-2018 10:29:38.617 INFO [localhost-startStop-1] org.apache.openejb.assembler.classic.Assembler.startEjbs Created Ejb(deployment-id=ServiceAccessImpl, ejb-name=ServiceAccessImpl, container=Default Stateless Container)
18-Oct-2018 10:29:38.620 INFO [localhost-startStop-1] org.apache.openejb.assembler.classic.Assembler.startEjbs Created Ejb(deployment-id=CommunicationManagerImpl, ejb-name=CommunicationManagerImpl, container=Default Stateful Container)
18-Oct-2018 10:29:38.621 INFO [localhost-startStop-1] org.apache.openejb.assembler.classic.Assembler.startEjbs Created Ejb(deployment-id=ConceptualModelInterpreterImpl, ejb-name=ConceptualModelInterpreterImpl, container=Default Stateful Container)
18-Oct-2018 10:29:38.622 INFO [localhost-startStop-1] org.apache.openejb.assembler.classic.Assembler.startEjbs Created Ejb(deployment-id=ChannelCommunicationModelInterpreter, ejb-name=ChannelCommunicationModelInterpreter, container=Default Stateful Container)
18-Oct-2018 10:29:38.630 INFO [localhost-startStop-1] org.apache.openejb.assembler.classic.Assembler.startEjbs Created Ejb(deployment-id=DistributionRecommender, ejb-name=DistributionRecommender, container=Default Stateful Container)
18-Oct-2018 10:29:38.635 INFO [localhost-startStop-1] org.apache.openejb.assembler.classic.Assembler.startEjbs Created Ejb(deployment-id=Dummy, ejb-name=Dummy, container=Default Stateful Container)
18-Oct-2018 10:29:38.638 INFO [localhost-startStop-1] org.apache.openejb.assembler.classic.Assembler.startEjbs Created Ejb(deployment-id=EventBrokerImpl, ejb-name=EventBrokerImpl, container=Default Stateful Container)
18-Oct-2018 10:29:38.639 INFO [localhost-startStop-1] org.apache.openejb.assembler.classic.Assembler.startEjbs Created Ejb(deployment-id=Responder, ejb-name=Responder, container=Default Stateless Container)
18-Oct-2018 10:29:38.647 INFO [localhost-startStop-1] org.apache.openejb.assembler.classic.Assembler.startEjbs Created Ejb(deployment-id=DeviceServiceManagerImpl, ejb-name=DeviceServiceManagerImpl, container=Default Singleton Container)
18-Oct-2018 10:29:38.647 INFO [localhost-startStop-1] org.apache.openejb.assembler.classic.Assembler.startEjbs Created Ejb(deployment-id=SmcdCacheImpl, ejb-name=SmcdCacheImpl, container=Default Singleton Container)
18-Oct-2018 10:29:38.649 INFO [localhost-startStop-1] org.apache.openejb.assembler.classic.Assembler.startEjbs Created Ejb(deployment-id=ContextManagerImpl, ejb-name=ContextManagerImpl, container=Default Singleton Container)
18-Oct-2018 10:29:38.651 INFO [localhost-startStop-1] org.apache.openejb.assembler.classic.Assembler.startEjbs Created Ejb(deployment-id=MemoryClientRegistryService, ejb-name=MemoryClientRegistryService, container=Default Singleton Container)
18-Oct-2018 10:29:38.658 INFO [localhost-startStop-1] org.apache.openejb.assembler.classic.Assembler.startEjbs Created Ejb(deployment-id=ClientSessionFactoryImpl, ejb-name=ClientSessionFactoryImpl, container=Default Singleton Container)
18-Oct-2018 10:29:38.659 INFO [localhost-startStop-1] org.apache.openejb.assembler.classic.Assembler.startEjbs Created Ejb(deployment-id=ApolloMessageBrokerImpl, ejb-name=ApolloMessageBrokerImpl, container=Default Singleton Container)
18-Oct-2018 10:29:38.662 INFO [localhost-startStop-1] org.apache.openejb.assembler.classic.Assembler.startEjbs Created Ejb(deployment-id=ApplicationManagerFactory, ejb-name=ApplicationManagerFactory, container=Default Singleton Container)
18-Oct-2018 10:29:38.664 INFO [localhost-startStop-1] org.apache.openejb.assembler.classic.Assembler.startEjbs Created Ejb(deployment-id=RuntimeManager, ejb-name=RuntimeManager, container=Default Singleton Container)
18-Oct-2018 10:29:38.666 INFO [localhost-startStop-1] org.apache.openejb.assembler.classic.Assembler.startEjbs Created Ejb(deployment-id=DeviceRoleRepositoryImpl, ejb-name=DeviceRoleRepositoryImpl, container=Default Singleton Container)
18-Oct-2018 10:29:38.666 INFO [localhost-startStop-1] org.apache.openejb.assembler.classic.Assembler.startEjbs Created Ejb(deployment-id=AccessControlManagerFactory, ejb-name=AccessControlManagerFactory, container=Default Singleton Container)
18-Oct-2018 10:29:38.666 INFO [localhost-startStop-1] org.apache.openejb.assembler.classic.Assembler.startEjbs Started Ejb(deployment-id=EventDispatcherImpl, ejb-name=EventDispatcherImpl, container=Default Stateful Container)
18-Oct-2018 10:29:38.667 INFO [localhost-startStop-1] org.apache.openejb.assembler.classic.Assembler.startEjbs Started Ejb(deployment-id=RecommendationManagerImpl, ejb-name=RecommendationManagerImpl, container=Default Stateful Container)
18-Oct-2018 10:29:38.667 INFO [localhost-startStop-1] org.apache.openejb.assembler.classic.Assembler.startEjbs Started Ejb(deployment-id=ApplicationManagerImpl, ejb-name=ApplicationManagerImpl, container=Default Stateful Container)
18-Oct-2018 10:29:38.712 INFO [localhost-startStop-1] org.apache.openejb.assembler.classic.Assembler.startEjbs Started Ejb(deployment-id=DistributionServiceImpl, ejb-name=DistributionServiceImpl, container=Default Stateless Container)
18-Oct-2018 10:29:38.743 INFO [localhost-startStop-1] org.apache.openejb.assembler.classic.Assembler.startEjbs Started Ejb(deployment-id=RecommendationServiceImpl, ejb-name=RecommendationServiceImpl, container=Default Stateless Container)
18-Oct-2018 10:29:38.743 INFO [localhost-startStop-1] org.apache.openejb.assembler.classic.Assembler.startEjbs Started Ejb(deployment-id=TriggerManagerImpl, ejb-name=TriggerManagerImpl, container=Default Stateful Container)
18-Oct-2018 10:29:38.743 INFO [localhost-startStop-1] org.apache.openejb.assembler.classic.Assembler.startEjbs Started Ejb(deployment-id=LayoutModelInterpreter, ejb-name=LayoutModelInterpreter, container=Default Stateful Container)
18-Oct-2018 10:29:38.743 INFO [localhost-startStop-1] org.apache.openejb.assembler.classic.Assembler.startEjbs Started Ejb(deployment-id=DistributionManagerImpl, ejb-name=DistributionManagerImpl, container=Default Stateful Container)
18-Oct-2018 10:29:38.781 INFO [localhost-startStop-1] org.apache.openejb.assembler.classic.Assembler.startEjbs Started Ejb(deployment-id=IdResponseHandler, ejb-name=IdResponseHandler, container=Default Stateless Container)
18-Oct-2018 10:29:38.800 INFO [localhost-startStop-1] org.apache.openejb.assembler.classic.Assembler.startEjbs Started Ejb(deployment-id=CoRepositoryImpl, ejb-name=CoRepositoryImpl, container=Default Stateless Container)
18-Oct-2018 10:29:38.824 INFO [localhost-startStop-1] org.apache.openejb.assembler.classic.Assembler.startEjbs Started Ejb(deployment-id=AppRe, ejb-name=AppRe, container=Default Stateless Container)
18-Oct-2018 10:29:38.830 INFO [localhost-startStop-1] org.apache.openejb.assembler.classic.Assembler.startEjbs Started Ejb(deployment-id=TemplateResponseHandler, ejb-name=TemplateResponseHandler, container=Default Stateless Container)
18-Oct-2018 10:29:38.836 INFO [localhost-startStop-1] org.apache.openejb.assembler.classic.Assembler.startEjbs Started Ejb(deployment-id=ExchangeIdResponseHandler, ejb-name=ExchangeIdResponseHandler, container=Default Stateless Container)
18-Oct-2018 10:29:38.836 INFO [localhost-startStop-1] org.apache.openejb.assembler.classic.Assembler.startEjbs Started Ejb(deployment-id=DistributionModelInterpreterImpl, ejb-name=DistributionModelInterpreterImpl, container=Default Stateful Container)
18-Oct-2018 10:29:38.837 INFO [localhost-startStop-1] org.apache.openejb.assembler.classic.Assembler.startEjbs Started Ejb(deployment-id=AccessControlManagerImpl, ejb-name=AccessControlManagerImpl, container=Default Stateful Container)
18-Oct-2018 10:29:38.844 INFO [localhost-startStop-1] org.apache.openejb.assembler.classic.Assembler.startEjbs Started Ejb(deployment-id=TriggerRequestProcessorImpl, ejb-name=TriggerRequestProcessorImpl, container=Default Stateless Container)
18-Oct-2018 10:29:38.844 INFO [localhost-startStop-1] org.apache.openejb.assembler.classic.Assembler.startEjbs Started Ejb(deployment-id=ComponentManagerImpl, ejb-name=ComponentManagerImpl, container=Default Stateful Container)
18-Oct-2018 10:29:38.844 INFO [localhost-startStop-1] org.apache.openejb.assembler.classic.Assembler.startEjbs Started Ejb(deployment-id=AwarenessManagerImpl, ejb-name=AwarenessManagerImpl, container=Default Stateful Container)
18-Oct-2018 10:29:38.854 INFO [localhost-startStop-1] org.apache.openejb.assembler.classic.Assembler.startEjbs Started Ejb(deployment-id=ServiceAccessImpl, ejb-name=ServiceAccessImpl, container=Default Stateless Container)
18-Oct-2018 10:29:38.854 INFO [localhost-startStop-1] org.apache.openejb.assembler.classic.Assembler.startEjbs Started Ejb(deployment-id=CommunicationManagerImpl, ejb-name=CommunicationManagerImpl, container=Default Stateful Container)
18-Oct-2018 10:29:38.854 INFO [localhost-startStop-1] org.apache.openejb.assembler.classic.Assembler.startEjbs Started Ejb(deployment-id=ConceptualModelInterpreterImpl, ejb-name=ConceptualModelInterpreterImpl, container=Default Stateful Container)
18-Oct-2018 10:29:38.855 INFO [localhost-startStop-1] org.apache.openejb.assembler.classic.Assembler.startEjbs Started Ejb(deployment-id=ChannelCommunicationModelInterpreter, ejb-name=ChannelCommunicationModelInterpreter, container=Default Stateful Container)
18-Oct-2018 10:29:38.855 INFO [localhost-startStop-1] org.apache.openejb.assembler.classic.Assembler.startEjbs Started Ejb(deployment-id=DistributionRecommender, ejb-name=DistributionRecommender, container=Default Stateful Container)
18-Oct-2018 10:29:38.855 INFO [localhost-startStop-1] org.apache.openejb.assembler.classic.Assembler.startEjbs Started Ejb(deployment-id=Dummy, ejb-name=Dummy, container=Default Stateful Container)
18-Oct-2018 10:29:38.855 INFO [localhost-startStop-1] org.apache.openejb.assembler.classic.Assembler.startEjbs Started Ejb(deployment-id=EventBrokerImpl, ejb-name=EventBrokerImpl, container=Default Stateful Container)
18-Oct-2018 10:29:38.860 INFO [localhost-startStop-1] org.apache.openejb.assembler.classic.Assembler.startEjbs Started Ejb(deployment-id=Responder, ejb-name=Responder, container=Default Stateless Container)
18-Oct-2018 10:29:38.860 INFO [localhost-startStop-1] org.apache.openejb.assembler.classic.Assembler.startEjbs Started Ejb(deployment-id=DeviceServiceManagerImpl, ejb-name=DeviceServiceManagerImpl, container=Default Singleton Container)
18-Oct-2018 10:29:38.861 INFO [localhost-startStop-1] org.apache.openejb.assembler.classic.Assembler.startEjbs Started Ejb(deployment-id=SmcdCacheImpl, ejb-name=SmcdCacheImpl, container=Default Singleton Container)
18-Oct-2018 10:29:38.861 INFO [localhost-startStop-1] org.apache.openejb.assembler.classic.Assembler.startEjbs Started Ejb(deployment-id=ContextManagerImpl, ejb-name=ContextManagerImpl, container=Default Singleton Container)
18-Oct-2018 10:29:38.861 INFO [localhost-startStop-1] org.apache.openejb.assembler.classic.Assembler.startEjbs Started Ejb(deployment-id=MemoryClientRegistryService, ejb-name=MemoryClientRegistryService, container=Default Singleton Container)
18-Oct-2018 10:29:38.861 INFO [localhost-startStop-1] org.apache.openejb.assembler.classic.Assembler.startEjbs Started Ejb(deployment-id=ClientSessionFactoryImpl, ejb-name=ClientSessionFactoryImpl, container=Default Singleton Container)
18-Oct-2018 10:29:38.862 INFO [localhost-startStop-1] org.apache.openejb.assembler.classic.Assembler.startEjbs Started Ejb(deployment-id=ApolloMessageBrokerImpl, ejb-name=ApolloMessageBrokerImpl, container=Default Singleton Container)
18-Oct-2018 10:29:38.862 INFO [localhost-startStop-1] org.apache.openejb.assembler.classic.Assembler.startEjbs Started Ejb(deployment-id=ApplicationManagerFactory, ejb-name=ApplicationManagerFactory, container=Default Singleton Container)
18-Oct-2018 10:29:39.260 INFO [localhost-startStop-1] org.apache.openejb.assembler.classic.Assembler.startEjbs Started Ejb(deployment-id=RuntimeManager, ejb-name=RuntimeManager, container=Default Singleton Container)
18-Oct-2018 10:29:39.261 INFO [localhost-startStop-1] org.apache.openejb.assembler.classic.Assembler.startEjbs Started Ejb(deployment-id=DeviceRoleRepositoryImpl, ejb-name=DeviceRoleRepositoryImpl, container=Default Singleton Container)
18-Oct-2018 10:29:39.264 INFO [localhost-startStop-1] org.apache.openejb.assembler.classic.Assembler.startEjbs Started Ejb(deployment-id=AccessControlManagerFactory, ejb-name=AccessControlManagerFactory, container=Default Singleton Container)
18-Oct-2018 10:29:39.267 INFO [localhost-startStop-1] org.apache.tomee.catalina.TomcatWebAppBuilder.deployWebApps using context file C:\Projects\KP_WME\CSR_Server\webapps\csr-server\META-INF\context.xml
18-Oct-2018 10:29:39.318 INFO [localhost-startStop-1] org.apache.openejb.assembler.classic.Assembler.createApplication Deployed Application(path=C:\Projects\KP_WME\CSR_Server\webapps\csr-server)
18-Oct-2018 10:29:40.641 INFO [localhost-startStop-1] org.apache.jasper.servlet.TldScanner.scanJars At least one JAR was scanned for TLDs yet contained no TLDs. Enable debug logging for this logger for a complete list of JARs that were scanned but no TLDs were found in them. Skipping unneeded JARs during scanning can improve startup time and JSP compilation time.
18-Oct-2018 10:29:40.981 INFO [localhost-startStop-1] sun.reflect.DelegatingMethodAccessorImpl.invoke Deployment of web application archive [C:\Projects\KP_WME\CSR_Server\webapps\csr-server.war] has finished in [18,695] ms
18-Oct-2018 10:29:40.987 INFO [localhost-startStop-1] sun.reflect.DelegatingMethodAccessorImpl.invoke Deploying web application directory [C:\Projects\KP_WME\CSR_Server\webapps\DEV_CSR_CLIENT_KP_AWE201617]
18-Oct-2018 10:29:40.988 INFO [localhost-startStop-1] org.apache.tomee.catalina.TomcatWebAppBuilder.init ------------------------- localhost -> /DEV_CSR_CLIENT_KP_AWE201617
18-Oct-2018 10:29:41.696 INFO [hawtdispatch-DEFAULT-1] org.apache.activemq.apollo.util.Log$class.info OS     : Windows 10 10.0
18-Oct-2018 10:29:41.698 INFO [hawtdispatch-DEFAULT-1] org.apache.activemq.apollo.util.Log$class.info JVM    : Java HotSpot(TM) 64-Bit Server VM 1.8.0_72 (Oracle Corporation)
18-Oct-2018 10:29:41.700 INFO [hawtdispatch-DEFAULT-1] org.apache.activemq.apollo.util.Log$class.info Apollo : 1.7.1
18-Oct-2018 10:29:42.019 INFO [localhost-startStop-1] org.apache.openejb.config.ConfigurationFactory.configureApplication Configuring enterprise application: C:\Projects\KP_WME\CSR_Server\webapps\DEV_CSR_CLIENT_KP_AWE201617
18-Oct-2018 10:29:42.084 INFO [localhost-startStop-1] org.apache.openejb.config.AppInfoBuilder.build Enterprise application "C:\Projects\KP_WME\CSR_Server\webapps\DEV_CSR_CLIENT_KP_AWE201617" loaded.
18-Oct-2018 10:29:42.085 INFO [localhost-startStop-1] org.apache.openejb.assembler.classic.Assembler.createApplication Assembling app: C:\Projects\KP_WME\CSR_Server\webapps\DEV_CSR_CLIENT_KP_AWE201617
18-Oct-2018 10:29:42.125 INFO [localhost-startStop-1] org.apache.openejb.assembler.classic.Assembler.createApplication Deployed Application(path=C:\Projects\KP_WME\CSR_Server\webapps\DEV_CSR_CLIENT_KP_AWE201617)
18-Oct-2018 10:29:42.196 INFO [localhost-startStop-1] org.apache.jasper.servlet.TldScanner.scanJars At least one JAR was scanned for TLDs yet contained no TLDs. Enable debug logging for this logger for a complete list of JARs that were scanned but no TLDs were found in them. Skipping unneeded JARs during scanning can improve startup time and JSP compilation time.
18-Oct-2018 10:29:42.306 INFO [localhost-startStop-1] sun.reflect.DelegatingMethodAccessorImpl.invoke Deployment of web application directory [C:\Projects\KP_WME\CSR_Server\webapps\DEV_CSR_CLIENT_KP_AWE201617] has finished in [1,319] ms
18-Oct-2018 10:29:42.307 INFO [localhost-startStop-1] sun.reflect.DelegatingMethodAccessorImpl.invoke Deploying web application directory [C:\Projects\KP_WME\CSR_Server\webapps\docs]
18-Oct-2018 10:29:42.308 INFO [localhost-startStop-1] org.apache.tomee.catalina.TomcatWebAppBuilder.init ------------------------- localhost -> /docs
18-Oct-2018 10:29:42.452 INFO [localhost-startStop-1] org.apache.openejb.config.ConfigurationFactory.configureApplication Configuring enterprise application: C:\Projects\KP_WME\CSR_Server\webapps\docs
18-Oct-2018 10:29:42.462 INFO [localhost-startStop-1] org.apache.openejb.config.AppInfoBuilder.build Enterprise application "C:\Projects\KP_WME\CSR_Server\webapps\docs" loaded.
18-Oct-2018 10:29:42.464 INFO [localhost-startStop-1] org.apache.openejb.assembler.classic.Assembler.createApplication Assembling app: C:\Projects\KP_WME\CSR_Server\webapps\docs
18-Oct-2018 10:29:42.490 INFO [localhost-startStop-1] org.apache.openejb.assembler.classic.Assembler.createApplication Deployed Application(path=C:\Projects\KP_WME\CSR_Server\webapps\docs)
18-Oct-2018 10:29:42.539 INFO [localhost-startStop-1] org.apache.jasper.servlet.TldScanner.scanJars At least one JAR was scanned for TLDs yet contained no TLDs. Enable debug logging for this logger for a complete list of JARs that were scanned but no TLDs were found in them. Skipping unneeded JARs during scanning can improve startup time and JSP compilation time.
18-Oct-2018 10:29:42.585 INFO [localhost-startStop-1] sun.reflect.DelegatingMethodAccessorImpl.invoke Deployment of web application directory [C:\Projects\KP_WME\CSR_Server\webapps\docs] has finished in [278] ms
18-Oct-2018 10:29:42.585 INFO [localhost-startStop-1] sun.reflect.DelegatingMethodAccessorImpl.invoke Deploying web application directory [C:\Projects\KP_WME\CSR_Server\webapps\host-manager]
18-Oct-2018 10:29:42.600 INFO [localhost-startStop-1] org.apache.tomee.catalina.TomcatWebAppBuilder.init ------------------------- localhost -> /host-manager
18-Oct-2018 10:29:42.723 INFO [localhost-startStop-1] org.apache.openejb.config.ConfigurationFactory.configureApplication Configuring enterprise application: C:\Projects\KP_WME\CSR_Server\webapps\host-manager
18-Oct-2018 10:29:42.748 INFO [localhost-startStop-1] org.apache.openejb.config.AppInfoBuilder.build Enterprise application "C:\Projects\KP_WME\CSR_Server\webapps\host-manager" loaded.
18-Oct-2018 10:29:42.748 INFO [localhost-startStop-1] org.apache.openejb.assembler.classic.Assembler.createApplication Assembling app: C:\Projects\KP_WME\CSR_Server\webapps\host-manager
18-Oct-2018 10:29:42.761 INFO [localhost-startStop-1] org.apache.tomee.catalina.TomcatWebAppBuilder.deployWebApps using context file C:\Projects\KP_WME\CSR_Server\webapps\host-manager\META-INF\context.xml
18-Oct-2018 10:29:42.762 INFO [localhost-startStop-1] org.apache.openejb.assembler.classic.Assembler.createApplication Deployed Application(path=C:\Projects\KP_WME\CSR_Server\webapps\host-manager)
18-Oct-2018 10:29:42.780 INFO [hawtdispatch-DEFAULT-1] org.apache.activemq.apollo.util.Log$class.info Accepting connections at: tcp://0.0.0.0:8086
18-Oct-2018 10:29:42.855 INFO [localhost-startStop-1] org.apache.jasper.servlet.TldScanner.scanJars At least one JAR was scanned for TLDs yet contained no TLDs. Enable debug logging for this logger for a complete list of JARs that were scanned but no TLDs were found in them. Skipping unneeded JARs during scanning can improve startup time and JSP compilation time.
18-Oct-2018 10:29:42.909 INFO [hawtdispatch-DEFAULT-1] org.apache.activemq.apollo.util.Log$class.info Accepting connections at: vm://localhost
18-Oct-2018 10:29:42.974 INFO [localhost-startStop-1] sun.reflect.DelegatingMethodAccessorImpl.invoke Deployment of web application directory [C:\Projects\KP_WME\CSR_Server\webapps\host-manager] has finished in [389] ms
18-Oct-2018 10:29:42.974 INFO [localhost-startStop-1] sun.reflect.DelegatingMethodAccessorImpl.invoke Deploying web application directory [C:\Projects\KP_WME\CSR_Server\webapps\manager]
18-Oct-2018 10:29:43.024 INFO [localhost-startStop-1] org.apache.tomee.catalina.TomcatWebAppBuilder.init ------------------------- localhost -> /manager
18-Oct-2018 10:29:43.131 INFO [Apollo Task] org.eclipse.jetty.server.Server.doStart jetty-8.1.11.v20130520
18-Oct-2018 10:29:43.268 INFO [localhost-startStop-1] org.apache.openejb.config.ConfigurationFactory.configureApplication Configuring enterprise application: C:\Projects\KP_WME\CSR_Server\webapps\manager
18-Oct-2018 10:29:43.282 INFO [localhost-startStop-1] org.apache.openejb.config.AppInfoBuilder.build Enterprise application "C:\Projects\KP_WME\CSR_Server\webapps\manager" loaded.
18-Oct-2018 10:29:43.283 INFO [localhost-startStop-1] org.apache.openejb.assembler.classic.Assembler.createApplication Assembling app: C:\Projects\KP_WME\CSR_Server\webapps\manager
18-Oct-2018 10:29:43.291 INFO [localhost-startStop-1] org.apache.tomee.catalina.TomcatWebAppBuilder.deployWebApps using context file C:\Projects\KP_WME\CSR_Server\webapps\manager\META-INF\context.xml
18-Oct-2018 10:29:43.331 INFO [localhost-startStop-1] org.apache.openejb.assembler.classic.Assembler.createApplication Deployed Application(path=C:\Projects\KP_WME\CSR_Server\webapps\manager)
18-Oct-2018 10:29:43.339 INFO [Apollo Task] org.eclipse.jetty.server.AbstractConnector.doStart Started SelectChannelConnector@0.0.0.0:8082
18-Oct-2018 10:29:43.339 INFO [Apollo Task] org.apache.activemq.apollo.util.Log$class.info Accepting connections at: ws://0.0.0.0:8082/
18-Oct-2018 10:29:43.477 INFO [localhost-startStop-1] org.apache.jasper.servlet.TldScanner.scanJars At least one JAR was scanned for TLDs yet contained no TLDs. Enable debug logging for this logger for a complete list of JARs that were scanned but no TLDs were found in them. Skipping unneeded JARs during scanning can improve startup time and JSP compilation time.
18-Oct-2018 10:29:43.590 INFO [localhost-startStop-1] sun.reflect.DelegatingMethodAccessorImpl.invoke Deployment of web application directory [C:\Projects\KP_WME\CSR_Server\webapps\manager] has finished in [616] ms
18-Oct-2018 10:29:43.591 INFO [localhost-startStop-1] sun.reflect.DelegatingMethodAccessorImpl.invoke Deploying web application directory [C:\Projects\KP_WME\CSR_Server\webapps\ROOT]
18-Oct-2018 10:29:43.591 INFO [localhost-startStop-1] org.apache.tomee.catalina.TomcatWebAppBuilder.init ------------------------- localhost -> /
18-Oct-2018 10:29:43.877 INFO [localhost-startStop-1] org.apache.openejb.config.ConfigurationFactory.configureApplication Configuring enterprise application: C:\Projects\KP_WME\CSR_Server\webapps\ROOT
18-Oct-2018 10:29:43.908 INFO [localhost-startStop-1] org.apache.openejb.config.AppInfoBuilder.build Enterprise application "C:\Projects\KP_WME\CSR_Server\webapps\ROOT" loaded.
18-Oct-2018 10:29:43.909 INFO [localhost-startStop-1] org.apache.openejb.assembler.classic.Assembler.createApplication Assembling app: C:\Projects\KP_WME\CSR_Server\webapps\ROOT
18-Oct-2018 10:29:43.921 INFO [hawtdispatch-DEFAULT-2] org.apache.activemq.apollo.util.Log$class.info connected: local:/127.0.0.1:8086, remote:/127.0.0.1:59119
18-Oct-2018 10:29:43.954 INFO [localhost-startStop-1] org.apache.openejb.assembler.classic.Assembler.createApplication Deployed Application(path=C:\Projects\KP_WME\CSR_Server\webapps\ROOT)
18-Oct-2018 10:29:44.012 INFO [localhost-startStop-1] org.apache.jasper.servlet.TldScanner.scanJars At least one JAR was scanned for TLDs yet contained no TLDs. Enable debug logging for this logger for a complete list of JARs that were scanned but no TLDs were found in them. Skipping unneeded JARs during scanning can improve startup time and JSP compilation time.
18-Oct-2018 10:29:44.088 INFO [localhost-startStop-1] sun.reflect.DelegatingMethodAccessorImpl.invoke Deployment of web application directory [C:\Projects\KP_WME\CSR_Server\webapps\ROOT] has finished in [496] ms
18-Oct-2018 10:29:44.125 INFO [main] sun.reflect.DelegatingMethodAccessorImpl.invoke Starting ProtocolHandler ["http-nio-8080"]
18-Oct-2018 10:29:44.145 INFO [main] sun.reflect.DelegatingMethodAccessorImpl.invoke Starting ProtocolHandler ["ajp-nio-8009"]
18-Oct-2018 10:29:44.167 INFO [main] sun.reflect.DelegatingMethodAccessorImpl.invoke Server startup in 21995 ms
18-Oct-2018 10:29:44.178 INFO [hawtdispatch-DEFAULT-2] org.apache.activemq.apollo.util.Log$class.info connected: local:/127.0.0.1:8086, remote:/127.0.0.1:59119
18-Oct-2018 10:30:52.198 INFO [hawtdispatch-DEFAULT-2] org.apache.activemq.apollo.util.Log$class.info connected: local:/0:0:0:0:0:0:0:1:8082, remote:/0:0:0:0:0:0:0:1:59166
18-Oct-2018 10:30:52.225 INFO [hawtdispatch-DEFAULT-1] org.apache.activemq.apollo.util.Log$class.info connected: local:/0:0:0:0:0:0:0:1:8082, remote:/0:0:0:0:0:0:0:1:59166
18-Oct-2018 10:30:54.342 INFO [hawtdispatch-DEFAULT-4] org.apache.activemq.apollo.util.Log$class.info connected: local:/127.0.0.1:8086, remote:/127.0.0.1:59168
18-Oct-2018 10:30:54.344 INFO [hawtdispatch-DEFAULT-4] org.apache.activemq.apollo.util.Log$class.info connected: local:/127.0.0.1:8086, remote:/127.0.0.1:59168
18-Oct-2018 10:30:54.498 INFO [hawtdispatch-DEFAULT-2] org.apache.activemq.apollo.util.Log$class.info connected: local:/127.0.0.1:8086, remote:/127.0.0.1:59169
18-Oct-2018 10:30:54.498 INFO [hawtdispatch-DEFAULT-2] org.apache.activemq.apollo.util.Log$class.info connected: local:/127.0.0.1:8086, remote:/127.0.0.1:59169
18-Oct-2018 10:31:09.457 INFO [@Asynchronous csr-server - 3] org.apache.axis2.deployment.ModuleDeployer.deploy Deploying module: addressing-1.5.1 - file:/C:/Projects/KP_WME/CSR_Server/webapps/csr-server/WEB-INF/lib/axis2-1.5.1.jar
18-Oct-2018 10:34:22.727 INFO [hawtdispatch-DEFAULT-2] org.apache.activemq.apollo.util.Log$class.info Shutting connection '/0:0:0:0:0:0:0:1:59166'  down due to: java.io.EOFException: Peer disconnected
18-Oct-2018 10:34:22.772 INFO [hawtdispatch-DEFAULT-1] org.apache.activemq.apollo.util.Log$class.info disconnected: local:/0:0:0:0:0:0:0:1:8082, remote:/0:0:0:0:0:0:0:1:59166
18-Oct-2018 10:34:27.756 INFO [hawtdispatch-DEFAULT-1] org.apache.activemq.apollo.util.Log$class.info disconnected: local:/127.0.0.1:8086, remote:/127.0.0.1:59168
18-Oct-2018 10:34:30.948 INFO [Thread-20] sun.reflect.DelegatingMethodAccessorImpl.invoke Pausing ProtocolHandler ["http-nio-8080"]
18-Oct-2018 10:34:31.129 INFO [Thread-20] sun.reflect.DelegatingMethodAccessorImpl.invoke Pausing ProtocolHandler ["ajp-nio-8009"]
18-Oct-2018 10:34:31.318 INFO [Thread-20] sun.reflect.DelegatingMethodAccessorImpl.invoke Stopping service [Catalina]
18-Oct-2018 10:34:31.339 INFO [localhost-startStop-2] org.apache.openejb.assembler.classic.Assembler.destroyApplication Undeploying app: C:\Projects\KP_WME\CSR_Server\webapps\csr-server
18-Oct-2018 10:34:31.707 WARNING [localhost-startStop-2] org.apache.catalina.loader.WebappClassLoaderBase.clearReferencesThreads The web application [csr-server] appears to have started a thread named [hawtdispatch timer] but has failed to stop it. This is very likely to create a memory leak. Stack trace of thread:
 java.lang.Object.wait(Native Method)
 java.lang.Object.wait(Object.java:460)
 org.fusesource.hawtdispatch.internal.TimerThread.run(TimerThread.java:188)
18-Oct-2018 10:34:31.715 WARNING [localhost-startStop-2] org.apache.catalina.loader.WebappClassLoaderBase.clearReferencesThreads The web application [csr-server] appears to have started a thread named [MultiThreadedHttpConnectionManager cleanup] but has failed to stop it. This is very likely to create a memory leak. Stack trace of thread:
 java.lang.Object.wait(Native Method)
 java.lang.ref.ReferenceQueue.remove(ReferenceQueue.java:143)
 java.lang.ref.ReferenceQueue.remove(ReferenceQueue.java:164)
 org.apache.commons.httpclient.MultiThreadedHttpConnectionManager$ReferenceQueueThread.run(MultiThreadedHttpConnectionManager.java:1122)
18-Oct-2018 10:34:31.720 WARNING [localhost-startStop-2] org.apache.catalina.loader.WebappClassLoaderBase.clearReferencesThreads The web application [csr-server] appears to have started a thread named [hawtdispatch-DEFAULT-1] but has failed to stop it. This is very likely to create a memory leak. Stack trace of thread:
 sun.nio.ch.SocketDispatcher.read0(Native Method)
 sun.nio.ch.SocketDispatcher.read(SocketDispatcher.java:43)
 sun.nio.ch.IOUtil.readIntoNativeBuffer(IOUtil.java:223)
 sun.nio.ch.IOUtil.read(IOUtil.java:197)
 sun.nio.ch.SocketChannelImpl.read(SocketChannelImpl.java:380)
 org.fusesource.hawtdispatch.transport.AbstractProtocolCodec.read(AbstractProtocolCodec.java:326)
 org.fusesource.hawtdispatch.transport.TcpTransport.drainInbound(TcpTransport.java:706)
 org.fusesource.hawtdispatch.transport.TcpTransport$6.run(TcpTransport.java:588)
 org.fusesource.hawtdispatch.internal.NioDispatchSource$3.run(NioDispatchSource.java:209)
 org.fusesource.hawtdispatch.internal.SerialDispatchQueue.run(SerialDispatchQueue.java:100)
 org.fusesource.hawtdispatch.internal.pool.SimpleThread.run(SimpleThread.java:77)
18-Oct-2018 10:34:31.721 WARNING [localhost-startStop-2] org.apache.catalina.loader.WebappClassLoaderBase.clearReferencesThreads The web application [csr-server] appears to have started a thread named [hawtdispatch-DEFAULT-2] but has failed to stop it. This is very likely to create a memory leak. Stack trace of thread:
 sun.nio.ch.WindowsSelectorImpl.setWakeupSocket0(Native Method)
 sun.nio.ch.WindowsSelectorImpl.setWakeupSocket(WindowsSelectorImpl.java:464)
 sun.nio.ch.WindowsSelectorImpl.wakeup(WindowsSelectorImpl.java:606)
 org.fusesource.hawtdispatch.internal.NioManager.wakeupIfSelecting(NioManager.java:157)
 org.fusesource.hawtdispatch.internal.pool.SimplePool.execute(SimplePool.java:121)
 org.fusesource.hawtdispatch.internal.GlobalDispatchQueue.execute(GlobalDispatchQueue.java:100)
 org.fusesource.hawtdispatch.internal.SerialDispatchQueue.triggerExecution(SerialDispatchQueue.java:128)
 org.fusesource.hawtdispatch.internal.SerialDispatchQueue.enqueue(SerialDispatchQueue.java:75)
 org.fusesource.hawtdispatch.internal.SerialDispatchQueue.execute(SerialDispatchQueue.java:52)
 org.fusesource.hawtdispatch.internal.NioDispatchSource.fire(NioDispatchSource.java:204)
 org.fusesource.hawtdispatch.internal.NioAttachment.selected(NioAttachment.java:45)
 org.fusesource.hawtdispatch.internal.NioManager.processSelected(NioManager.java:217)
 org.fusesource.hawtdispatch.internal.NioManager.select(NioManager.java:193)
 org.fusesource.hawtdispatch.internal.pool.SimplePool.park(SimplePool.java:130)
 org.fusesource.hawtdispatch.internal.pool.SimpleThread.run(SimpleThread.java:75)
18-Oct-2018 10:34:31.721 WARNING [localhost-startStop-2] org.apache.catalina.loader.WebappClassLoaderBase.clearReferencesThreads The web application [csr-server] appears to have started a thread named [hawtdispatch-DEFAULT-3] but has failed to stop it. This is very likely to create a memory leak. Stack trace of thread:
 sun.nio.ch.WindowsSelectorImpl$SubSelector.poll0(Native Method)
 sun.nio.ch.WindowsSelectorImpl$SubSelector.poll(WindowsSelectorImpl.java:296)
 sun.nio.ch.WindowsSelectorImpl$SubSelector.access$400(WindowsSelectorImpl.java:278)
 sun.nio.ch.WindowsSelectorImpl.doSelect(WindowsSelectorImpl.java:159)
 sun.nio.ch.SelectorImpl.lockAndDoSelect(SelectorImpl.java:86)
 sun.nio.ch.SelectorImpl.select(SelectorImpl.java:97)
 sun.nio.ch.SelectorImpl.select(SelectorImpl.java:101)
 org.fusesource.hawtdispatch.internal.NioManager$SelectStrategy.select(NioManager.java:52)
 org.fusesource.hawtdispatch.internal.NioManager.select(NioManager.java:182)
 org.fusesource.hawtdispatch.internal.pool.SimplePool.park(SimplePool.java:130)
 org.fusesource.hawtdispatch.internal.pool.SimpleThread.run(SimpleThread.java:75)
18-Oct-2018 10:34:31.723 WARNING [localhost-startStop-2] org.apache.catalina.loader.WebappClassLoaderBase.clearReferencesThreads The web application [csr-server] appears to have started a thread named [hawtdispatch-DEFAULT-4] but has failed to stop it. This is very likely to create a memory leak. Stack trace of thread:
 sun.nio.ch.WindowsSelectorImpl$SubSelector.poll0(Native Method)
 sun.nio.ch.WindowsSelectorImpl$SubSelector.poll(WindowsSelectorImpl.java:296)
 sun.nio.ch.WindowsSelectorImpl$SubSelector.access$400(WindowsSelectorImpl.java:278)
 sun.nio.ch.WindowsSelectorImpl.doSelect(WindowsSelectorImpl.java:159)
 sun.nio.ch.SelectorImpl.lockAndDoSelect(SelectorImpl.java:86)
 sun.nio.ch.SelectorImpl.select(SelectorImpl.java:97)
 sun.nio.ch.SelectorImpl.select(SelectorImpl.java:101)
 org.fusesource.hawtdispatch.internal.NioManager$SelectStrategy.select(NioManager.java:52)
 org.fusesource.hawtdispatch.internal.NioManager.select(NioManager.java:182)
 org.fusesource.hawtdispatch.internal.pool.SimplePool.park(SimplePool.java:130)
 org.fusesource.hawtdispatch.internal.pool.SimpleThread.run(SimpleThread.java:75)
18-Oct-2018 10:34:31.726 WARNING [localhost-startStop-2] org.apache.catalina.loader.WebappClassLoaderBase.clearReferencesThreads The web application [csr-server] appears to have started a thread named [Apollo Task Selector0] but has failed to stop it. This is very likely to create a memory leak. Stack trace of thread:
 sun.nio.ch.WindowsSelectorImpl$SubSelector.poll0(Native Method)
 sun.nio.ch.WindowsSelectorImpl$SubSelector.poll(WindowsSelectorImpl.java:296)
 sun.nio.ch.WindowsSelectorImpl$SubSelector.access$400(WindowsSelectorImpl.java:278)
 sun.nio.ch.WindowsSelectorImpl.doSelect(WindowsSelectorImpl.java:159)
 sun.nio.ch.SelectorImpl.lockAndDoSelect(SelectorImpl.java:86)
 sun.nio.ch.SelectorImpl.select(SelectorImpl.java:97)
 org.eclipse.jetty.io.nio.SelectorManager$SelectSet.doSelect(SelectorManager.java:569)
 org.eclipse.jetty.io.nio.SelectorManager$1.run(SelectorManager.java:290)
 java.util.concurrent.ThreadPoolExecutor.runWorker(ThreadPoolExecutor.java:1142)
 java.util.concurrent.ThreadPoolExecutor$Worker.run(ThreadPoolExecutor.java:617)
 java.lang.Thread.run(Thread.java:745)
18-Oct-2018 10:34:31.728 WARNING [localhost-startStop-2] org.apache.catalina.loader.WebappClassLoaderBase.clearReferencesThreads The web application [csr-server] appears to have started a thread named [Apollo Task Acceptor0 SelectChannelConnector@0.0.0.0:8082] but has failed to stop it. This is very likely to create a memory leak. Stack trace of thread:
 sun.nio.ch.ServerSocketChannelImpl.accept0(Native Method)
 sun.nio.ch.ServerSocketChannelImpl.accept(ServerSocketChannelImpl.java:422)
 sun.nio.ch.ServerSocketChannelImpl.accept(ServerSocketChannelImpl.java:250)
 org.eclipse.jetty.server.nio.SelectChannelConnector.accept(SelectChannelConnector.java:109)
 org.eclipse.jetty.server.AbstractConnector$Acceptor.run(AbstractConnector.java:938)
 java.util.concurrent.ThreadPoolExecutor.runWorker(ThreadPoolExecutor.java:1142)
 java.util.concurrent.ThreadPoolExecutor$Worker.run(ThreadPoolExecutor.java:617)
 java.lang.Thread.run(Thread.java:745)
18-Oct-2018 10:34:31.728 WARNING [localhost-startStop-2] org.apache.catalina.loader.WebappClassLoaderBase.clearReferencesThreads The web application [csr-server] appears to have started a thread named [Apollo Task] but has failed to stop it. This is very likely to create a memory leak. Stack trace of thread:
 sun.misc.Unsafe.park(Native Method)
 java.util.concurrent.locks.LockSupport.parkNanos(LockSupport.java:215)
 java.util.concurrent.SynchronousQueue$TransferStack.awaitFulfill(SynchronousQueue.java:460)
 java.util.concurrent.SynchronousQueue$TransferStack.transfer(SynchronousQueue.java:362)
 java.util.concurrent.SynchronousQueue.poll(SynchronousQueue.java:941)
 java.util.concurrent.ThreadPoolExecutor.getTask(ThreadPoolExecutor.java:1066)
 java.util.concurrent.ThreadPoolExecutor.runWorker(ThreadPoolExecutor.java:1127)
 java.util.concurrent.ThreadPoolExecutor$Worker.run(ThreadPoolExecutor.java:617)
 java.lang.Thread.run(Thread.java:745)
18-Oct-2018 10:34:31.729 WARNING [localhost-startStop-2] org.apache.catalina.loader.WebappClassLoaderBase.clearReferencesThreads The web application [csr-server] appears to have started a thread named [Apollo Task] but has failed to stop it. This is very likely to create a memory leak. Stack trace of thread:
 sun.misc.Unsafe.park(Native Method)
 java.util.concurrent.locks.LockSupport.parkNanos(LockSupport.java:215)
 java.util.concurrent.SynchronousQueue$TransferStack.awaitFulfill(SynchronousQueue.java:460)
 java.util.concurrent.SynchronousQueue$TransferStack.transfer(SynchronousQueue.java:362)
 java.util.concurrent.SynchronousQueue.poll(SynchronousQueue.java:941)
 java.util.concurrent.ThreadPoolExecutor.getTask(ThreadPoolExecutor.java:1066)
 java.util.concurrent.ThreadPoolExecutor.runWorker(ThreadPoolExecutor.java:1127)
 java.util.concurrent.ThreadPoolExecutor$Worker.run(ThreadPoolExecutor.java:617)
 java.lang.Thread.run(Thread.java:745)
18-Oct-2018 10:34:31.733 SEVERE [localhost-startStop-2] org.apache.catalina.loader.WebappClassLoaderBase.checkThreadLocalMapForLeaks The web application [csr-server] created a ThreadLocal with key of type [java.lang.ThreadLocal] (value [java.lang.ThreadLocal@54aa4dda]) and a value of type [org.fusesource.hawtdispatch.util.ThreadLocalPool.Pool] (value [org.fusesource.hawtdispatch.util.ThreadLocalPool$Pool@34cafded]) but failed to remove it when the web application was stopped. Threads are going to be renewed over time to try and avoid a probable memory leak.
18-Oct-2018 10:34:31.733 SEVERE [localhost-startStop-2] org.apache.catalina.loader.WebappClassLoaderBase.checkThreadLocalMapForLeaks The web application [csr-server] created a ThreadLocal with key of type [java.lang.ThreadLocal] (value [java.lang.ThreadLocal@427c3aaa]) and a value of type [org.fusesource.hawtdispatch.util.ThreadLocalPool.Pool] (value [org.fusesource.hawtdispatch.util.ThreadLocalPool$Pool@8631c5a]) but failed to remove it when the web application was stopped. Threads are going to be renewed over time to try and avoid a probable memory leak.
18-Oct-2018 10:34:31.734 SEVERE [localhost-startStop-2] org.apache.catalina.loader.WebappClassLoaderBase.checkThreadLocalMapForLeaks The web application [csr-server] created a ThreadLocal with key of type [java.lang.ThreadLocal] (value [java.lang.ThreadLocal@e215411]) and a value of type [org.fusesource.hawtdispatch.internal.NioDispatchSource.KeyState] (value [{ready: [] }]) but failed to remove it when the web application was stopped. Threads are going to be renewed over time to try and avoid a probable memory leak.
18-Oct-2018 10:34:31.734 SEVERE [localhost-startStop-2] org.apache.catalina.loader.WebappClassLoaderBase.checkThreadLocalMapForLeaks The web application [csr-server] created a ThreadLocal with key of type [java.lang.ThreadLocal] (value [java.lang.ThreadLocal@6de7e5ad]) and a value of type [org.fusesource.hawtdispatch.internal.NioDispatchSource.KeyState] (value [{ready: [] }]) but failed to remove it when the web application was stopped. Threads are going to be renewed over time to try and avoid a probable memory leak.
18-Oct-2018 10:34:31.734 SEVERE [localhost-startStop-2] org.apache.catalina.loader.WebappClassLoaderBase.checkThreadLocalMapForLeaks The web application [csr-server] created a ThreadLocal with key of type [java.lang.ThreadLocal] (value [java.lang.ThreadLocal@4eed3bd1]) and a value of type [org.fusesource.hawtdispatch.internal.NioDispatchSource.KeyState] (value [{ready: [] }]) but failed to remove it when the web application was stopped. Threads are going to be renewed over time to try and avoid a probable memory leak.
18-Oct-2018 10:34:31.734 SEVERE [localhost-startStop-2] org.apache.catalina.loader.WebappClassLoaderBase.checkThreadLocalMapForLeaks The web application [csr-server] created a ThreadLocal with key of type [java.lang.ThreadLocal] (value [java.lang.ThreadLocal@54aa4dda]) and a value of type [org.fusesource.hawtdispatch.util.ThreadLocalPool.Pool] (value [org.fusesource.hawtdispatch.util.ThreadLocalPool$Pool@5efc7f9a]) but failed to remove it when the web application was stopped. Threads are going to be renewed over time to try and avoid a probable memory leak.
18-Oct-2018 10:34:31.734 SEVERE [localhost-startStop-2] org.apache.catalina.loader.WebappClassLoaderBase.checkThreadLocalMapForLeaks The web application [csr-server] created a ThreadLocal with key of type [java.lang.ThreadLocal] (value [java.lang.ThreadLocal@427c3aaa]) and a value of type [org.fusesource.hawtdispatch.util.ThreadLocalPool.Pool] (value [org.fusesource.hawtdispatch.util.ThreadLocalPool$Pool@5a793988]) but failed to remove it when the web application was stopped. Threads are going to be renewed over time to try and avoid a probable memory leak.
18-Oct-2018 10:34:31.734 SEVERE [localhost-startStop-2] org.apache.catalina.loader.WebappClassLoaderBase.checkThreadLocalMapForLeaks The web application [csr-server] created a ThreadLocal with key of type [java.lang.ThreadLocal] (value [java.lang.ThreadLocal@54aa4dda]) and a value of type [org.fusesource.hawtdispatch.util.ThreadLocalPool.Pool] (value [org.fusesource.hawtdispatch.util.ThreadLocalPool$Pool@86165e7]) but failed to remove it when the web application was stopped. Threads are going to be renewed over time to try and avoid a probable memory leak.
18-Oct-2018 10:34:31.734 SEVERE [localhost-startStop-2] org.apache.catalina.loader.WebappClassLoaderBase.checkThreadLocalMapForLeaks The web application [csr-server] created a ThreadLocal with key of type [java.lang.ThreadLocal] (value [java.lang.ThreadLocal@427c3aaa]) and a value of type [org.fusesource.hawtdispatch.util.ThreadLocalPool.Pool] (value [org.fusesource.hawtdispatch.util.ThreadLocalPool$Pool@2f75e489]) but failed to remove it when the web application was stopped. Threads are going to be renewed over time to try and avoid a probable memory leak.
18-Oct-2018 10:34:31.735 SEVERE [localhost-startStop-2] org.apache.catalina.loader.WebappClassLoaderBase.checkThreadLocalMapForLeaks The web application [csr-server] created a ThreadLocal with key of type [java.lang.ThreadLocal] (value [java.lang.ThreadLocal@54aa4dda]) and a value of type [org.fusesource.hawtdispatch.util.ThreadLocalPool.Pool] (value [org.fusesource.hawtdispatch.util.ThreadLocalPool$Pool@12484e52]) but failed to remove it when the web application was stopped. Threads are going to be renewed over time to try and avoid a probable memory leak.
18-Oct-2018 10:34:31.735 SEVERE [localhost-startStop-2] org.apache.catalina.loader.WebappClassLoaderBase.checkThreadLocalMapForLeaks The web application [csr-server] created a ThreadLocal with key of type [java.lang.ThreadLocal] (value [java.lang.ThreadLocal@427c3aaa]) and a value of type [org.fusesource.hawtdispatch.util.ThreadLocalPool.Pool] (value [org.fusesource.hawtdispatch.util.ThreadLocalPool$Pool@1ee80ea]) but failed to remove it when the web application was stopped. Threads are going to be renewed over time to try and avoid a probable memory leak.
18-Oct-2018 10:34:31.823 SEVERE [localhost-startStop-2] org.apache.catalina.loader.WebappClassLoaderBase.checkThreadLocalMapForLeaks The web application [csr-server] created a ThreadLocal with key of type [org.eclipse.jetty.http.HttpFields$1] (value [org.eclipse.jetty.http.HttpFields$1@2a3936d]) and a value of type [org.eclipse.jetty.http.HttpFields.DateGenerator] (value [org.eclipse.jetty.http.HttpFields$DateGenerator@2784b9a7]) but failed to remove it when the web application was stopped. Threads are going to be renewed over time to try and avoid a probable memory leak.
18-Oct-2018 10:34:31.827 SEVERE [localhost-startStop-2] org.apache.catalina.loader.WebappClassLoaderBase.checkThreadLocalMapForLeaks The web application [csr-server] created a ThreadLocal with key of type [org.eclipse.jetty.io.ThreadLocalBuffers$1] (value [org.eclipse.jetty.io.ThreadLocalBuffers$1@39a26ec1]) and a value of type [org.eclipse.jetty.io.ThreadLocalBuffers.ThreadBuffers] (value [org.eclipse.jetty.io.ThreadLocalBuffers$ThreadBuffers@28b1f567]) but failed to remove it when the web application was stopped. Threads are going to be renewed over time to try and avoid a probable memory leak.
18-Oct-2018 10:34:31.901 INFO [localhost-startStop-2] org.apache.openejb.assembler.classic.Assembler.destroyApplication Undeploying app: C:\Projects\KP_WME\CSR_Server\webapps\DEV_CSR_CLIENT_KP_AWE201617
18-Oct-2018 10:34:32.082 INFO [localhost-startStop-2] org.apache.openejb.assembler.classic.Assembler.destroyApplication Undeploying app: C:\Projects\KP_WME\CSR_Server\webapps\docs
18-Oct-2018 10:34:32.297 INFO [localhost-startStop-2] org.apache.openejb.assembler.classic.Assembler.destroyApplication Undeploying app: C:\Projects\KP_WME\CSR_Server\webapps\host-manager
18-Oct-2018 10:34:32.468 INFO [localhost-startStop-2] org.apache.openejb.assembler.classic.Assembler.destroyApplication Undeploying app: C:\Projects\KP_WME\CSR_Server\webapps\manager
18-Oct-2018 10:34:32.601 INFO [localhost-startStop-2] org.apache.openejb.assembler.classic.Assembler.destroyApplication Undeploying app: C:\Projects\KP_WME\CSR_Server\webapps\ROOT
18-Oct-2018 10:34:32.750 INFO [Thread-20] sun.reflect.DelegatingMethodAccessorImpl.invoke Stopping ProtocolHandler ["http-nio-8080"]
18-Oct-2018 10:34:32.756 INFO [Thread-20] sun.reflect.DelegatingMethodAccessorImpl.invoke Stopping ProtocolHandler ["ajp-nio-8009"]
18-Oct-2018 10:34:32.763 INFO [Thread-20] org.apache.openejb.server.SimpleServiceManager.stop Stopping server services
18-Oct-2018 10:34:32.800 INFO [Thread-20] sun.reflect.DelegatingMethodAccessorImpl.invoke Destroying ProtocolHandler ["http-nio-8080"]
18-Oct-2018 10:34:32.813 INFO [Thread-20] sun.reflect.DelegatingMethodAccessorImpl.invoke Destroying ProtocolHandler ["ajp-nio-8009"]
