15-Oct-2018 19:30:28.872 INFO [main] sun.reflect.NativeMethodAccessorImpl.invoke Server version:        Apache Tomcat (TomEE)/8.5.32 (7.1.0)
15-Oct-2018 19:30:28.874 INFO [main] sun.reflect.NativeMethodAccessorImpl.invoke Server built:          Jun 20 2018 19:50:35 UTC
15-Oct-2018 19:30:28.874 INFO [main] sun.reflect.NativeMethodAccessorImpl.invoke Server number:         8.5.32.0
15-Oct-2018 19:30:28.874 INFO [main] sun.reflect.NativeMethodAccessorImpl.invoke OS Name:               Windows 10
15-Oct-2018 19:30:28.874 INFO [main] sun.reflect.NativeMethodAccessorImpl.invoke OS Version:            10.0
15-Oct-2018 19:30:28.875 INFO [main] sun.reflect.NativeMethodAccessorImpl.invoke Architecture:          amd64
15-Oct-2018 19:30:28.875 INFO [main] sun.reflect.NativeMethodAccessorImpl.invoke Java Home:             C:\Program Files\Java\jdk1.8.0_72\jre
15-Oct-2018 19:30:28.875 INFO [main] sun.reflect.NativeMethodAccessorImpl.invoke JVM Version:           1.8.0_72-b15
15-Oct-2018 19:30:28.875 INFO [main] sun.reflect.NativeMethodAccessorImpl.invoke JVM Vendor:            Oracle Corporation
15-Oct-2018 19:30:28.875 INFO [main] sun.reflect.NativeMethodAccessorImpl.invoke CATALINA_BASE:         C:\Users\witzbould\Downloads\apache-tomee-plus-7.1.0
15-Oct-2018 19:30:28.875 INFO [main] sun.reflect.NativeMethodAccessorImpl.invoke CATALINA_HOME:         C:\Users\witzbould\Downloads\apache-tomee-plus-7.1.0
15-Oct-2018 19:30:28.875 INFO [main] sun.reflect.NativeMethodAccessorImpl.invoke Command line argument: -Djava.util.logging.config.file=C:\Users\witzbould\Downloads\apache-tomee-plus-7.1.0\conf\logging.properties
15-Oct-2018 19:30:28.875 INFO [main] sun.reflect.NativeMethodAccessorImpl.invoke Command line argument: -Djava.util.logging.manager=org.apache.juli.ClassLoaderLogManager
15-Oct-2018 19:30:28.875 INFO [main] sun.reflect.NativeMethodAccessorImpl.invoke Command line argument: -javaagent:C:\Users\witzbould\Downloads\apache-tomee-plus-7.1.0\lib\openejb-javaagent.jar
15-Oct-2018 19:30:28.875 INFO [main] sun.reflect.NativeMethodAccessorImpl.invoke Command line argument: -Djdk.tls.ephemeralDHKeySize=2048
15-Oct-2018 19:30:28.876 INFO [main] sun.reflect.NativeMethodAccessorImpl.invoke Command line argument: -Djava.protocol.handler.pkgs=org.apache.catalina.webresources
15-Oct-2018 19:30:28.876 INFO [main] sun.reflect.DelegatingMethodAccessorImpl.invoke Command line argument: -Dignore.endorsed.dirs=
15-Oct-2018 19:30:28.876 INFO [main] sun.reflect.DelegatingMethodAccessorImpl.invoke Command line argument: -Dcatalina.base=C:\Users\witzbould\Downloads\apache-tomee-plus-7.1.0
15-Oct-2018 19:30:28.876 INFO [main] sun.reflect.DelegatingMethodAccessorImpl.invoke Command line argument: -Dcatalina.home=C:\Users\witzbould\Downloads\apache-tomee-plus-7.1.0
15-Oct-2018 19:30:28.876 INFO [main] sun.reflect.DelegatingMethodAccessorImpl.invoke Command line argument: -Djava.io.tmpdir=C:\Users\witzbould\Downloads\apache-tomee-plus-7.1.0\temp
15-Oct-2018 19:30:28.876 INFO [main] sun.reflect.DelegatingMethodAccessorImpl.invoke The APR based Apache Tomcat Native library which allows optimal performance in production environments was not found on the java.library.path: [C:\Program Files\Java\jdk1.8.0_72\bin;C:\WINDOWS\Sun\Java\bin;C:\WINDOWS\system32;C:\WINDOWS;C:\Python27\;C:\Python27\Scripts;C:\Program Files (x86)\Common Files\Oracle\Java\javapath;C:\Program Files (x86)\Intel\iCLS Client\;C:\PROGRAM FILES\INTEL\ICLS CLIENT\;C:\libs\Qt\5.7\msvc2015_64\BIN;C:\PROGRAMDATA\ORACLE\JAVA\JAVAPATH;C:\PROGRAM FILES\DELL\DW WLAN CARD;C:\WINDOWS\SYSTEM32;C:\WINDOWS;C:\WINDOWS\SYSTEM32\WBEM;C:\WINDOWS\SYSTEM32\WINDOWSPOWERSHELL\V1.0\;C:\PROGRAMDATA\CHOCOLATEY\BIN;C:\PROGRAM FILES\GIT\CMD;C:\PROGRAM FILES\SLIKSVN\BIN;C:\PROGRAM FILES\OPENVPN\BIN;C:\WINDOWS\SYSTEM32;C:\WINDOWS;C:\WINDOWS\SYSTEM32\WBEM;C:\WINDOWS\SYSTEM32\WINDOWSPOWERSHELL\V1.0\;C:\tools\opencv\build\x64\vc14\BIN;C:\PROGRAM FILES\CMAKE\BIN;C:\libs\tbb2017_20160916oss\BIN\INTEL64\VC14;C:\Program Files\WIDCOMM\Bluetooth Software\;C:\Program Files\WIDCOMM\Bluetooth Software\syswow64;C:\WINDOWS\system32;C:\WINDOWS;C:\WINDOWS\System32\Wbem;C:\WINDOWS\System32\WindowsPowerShell\v1.0\;C:\Program Files\Microsoft SQL Server\130\Tools\Binn\;C:\Program Files\dotnet\;C:\Program Files (x86)\Intel\Intel(R) Management Engine Components\DAL;C:\Program Files\Intel\Intel(R) Management Engine Components\DAL;C:\Program Files (x86)\Intel\Intel(R) Management Engine Components\IPT;C:\Program Files\Intel\Intel(R) Management Engine Components\IPT;C:\WINDOWS\System32\OpenSSH\;C:\Program Files\MiKTeX 2.9\miktex\bin\x64\;C:\Program Files\Microsoft VS Code\bin;C:\Program Files\Git\cmd;C:\Program Files\nodejs\;C:\Users\witzbould\AppData\Local\Microsoft\WindowsApps;C:\Users\witzbould\AppData\Local\Microsoft\WindowsApps;C:\Program Files\Microsoft VS Code\bin;C:\Users\witzbould\AppData\Roaming\npm;C:\Program Files\Java\jdk1.8.0_72;;.]
15-Oct-2018 19:30:30.156 INFO [main] sun.reflect.DelegatingMethodAccessorImpl.invoke Initializing ProtocolHandler ["http-nio-8080"]
15-Oct-2018 19:30:30.345 INFO [main] sun.reflect.DelegatingMethodAccessorImpl.invoke Using a shared selector for servlet write/read
15-Oct-2018 19:30:30.362 INFO [main] sun.reflect.DelegatingMethodAccessorImpl.invoke Initializing ProtocolHandler ["ajp-nio-8009"]
15-Oct-2018 19:30:30.367 INFO [main] sun.reflect.DelegatingMethodAccessorImpl.invoke Using a shared selector for servlet write/read
15-Oct-2018 19:30:30.961 INFO [main] org.apache.openejb.util.OptionsLog.info Using 'openejb.jdbc.datasource-creator=org.apache.tomee.jdbc.TomEEDataSourceCreator'
15-Oct-2018 19:30:31.143 INFO [main] org.apache.openejb.OpenEJB$Instance.<init> ********************************************************************************
15-Oct-2018 19:30:31.143 INFO [main] org.apache.openejb.OpenEJB$Instance.<init> OpenEJB http://tomee.apache.org/
15-Oct-2018 19:30:31.143 INFO [main] org.apache.openejb.OpenEJB$Instance.<init> Startup: Mon Oct 15 19:30:31 CEST 2018
15-Oct-2018 19:30:31.143 INFO [main] org.apache.openejb.OpenEJB$Instance.<init> Copyright 1999-2018 (C) Apache OpenEJB Project, All Rights Reserved.
15-Oct-2018 19:30:31.143 INFO [main] org.apache.openejb.OpenEJB$Instance.<init> Version: 7.1.0
15-Oct-2018 19:30:31.143 INFO [main] org.apache.openejb.OpenEJB$Instance.<init> Build date: 20180902
15-Oct-2018 19:30:31.143 INFO [main] org.apache.openejb.OpenEJB$Instance.<init> Build time: 09:50
15-Oct-2018 19:30:31.143 INFO [main] org.apache.openejb.OpenEJB$Instance.<init> ********************************************************************************
15-Oct-2018 19:30:31.143 INFO [main] org.apache.openejb.OpenEJB$Instance.<init> openejb.home = C:\Users\witzbould\Downloads\apache-tomee-plus-7.1.0
15-Oct-2018 19:30:31.143 INFO [main] org.apache.openejb.OpenEJB$Instance.<init> openejb.base = C:\Users\witzbould\Downloads\apache-tomee-plus-7.1.0
15-Oct-2018 19:30:31.149 INFO [main] org.apache.openejb.cdi.CdiBuilder.initializeOWB Created new singletonService org.apache.openejb.cdi.ThreadSingletonServiceImpl@2b6faea6
15-Oct-2018 19:30:31.149 INFO [main] org.apache.openejb.cdi.CdiBuilder.initializeOWB Succeeded in installing singleton service
15-Oct-2018 19:30:31.217 INFO [main] org.apache.openejb.config.ConfigurationFactory.init TomEE configuration file is 'C:\Users\witzbould\Downloads\apache-tomee-plus-7.1.0\conf\tomee.xml'
15-Oct-2018 19:30:31.279 INFO [main] org.apache.openejb.config.ConfigurationFactory.configureService Configuring Service(id=Tomcat Security Service, type=SecurityService, provider-id=Tomcat Security Service)
15-Oct-2018 19:30:31.283 INFO [main] org.apache.openejb.config.ConfigurationFactory.configureService Configuring Service(id=Default Transaction Manager, type=TransactionManager, provider-id=Default Transaction Manager)
15-Oct-2018 19:30:31.287 INFO [main] org.apache.openejb.util.OptionsLog.info Using 'openejb.deployments.classpath=false'
15-Oct-2018 19:30:31.308 INFO [main] org.apache.openejb.assembler.classic.Assembler.createRecipe Creating TransactionManager(id=Default Transaction Manager)
15-Oct-2018 19:30:31.375 INFO [main] org.apache.openejb.assembler.classic.Assembler.createRecipe Creating SecurityService(id=Tomcat Security Service)
15-Oct-2018 19:30:31.558 INFO [main] org.apache.openejb.server.ServiceManager.initServer Creating ServerService(id=cxf)
15-Oct-2018 19:30:31.916 INFO [main] org.apache.openejb.server.ServiceManager.initServer Creating ServerService(id=cxf-rs)
15-Oct-2018 19:30:32.007 INFO [main] org.apache.openejb.server.SimpleServiceManager.start   ** Bound Services **
15-Oct-2018 19:30:32.007 INFO [main] org.apache.openejb.server.SimpleServiceManager.printRow   NAME                 IP              PORT  
15-Oct-2018 19:30:32.007 INFO [main] org.apache.openejb.server.SimpleServiceManager.start -------
15-Oct-2018 19:30:32.007 INFO [main] org.apache.openejb.server.SimpleServiceManager.start Ready!
15-Oct-2018 19:30:32.007 INFO [main] sun.reflect.DelegatingMethodAccessorImpl.invoke Initialization processed in 4000 ms
15-Oct-2018 19:30:32.078 INFO [main] org.apache.tomee.catalina.OpenEJBNamingContextListener.bindResource Importing a Tomcat Resource with id 'UserDatabase' of type 'org.apache.catalina.UserDatabase'.
15-Oct-2018 19:30:32.080 INFO [main] org.apache.openejb.assembler.classic.Assembler.createRecipe Creating Resource(id=UserDatabase)
15-Oct-2018 19:30:32.090 INFO [main] sun.reflect.DelegatingMethodAccessorImpl.invoke Starting service [Catalina]
15-Oct-2018 19:30:32.090 INFO [main] sun.reflect.DelegatingMethodAccessorImpl.invoke Starting Servlet Engine: Apache Tomcat (TomEE)/8.5.32 (7.1.0)
15-Oct-2018 19:30:32.128 INFO [localhost-startStop-1] sun.reflect.DelegatingMethodAccessorImpl.invoke Deploying web application archive [C:\Users\witzbould\Downloads\apache-tomee-plus-7.1.0\webapps\csr-server.war]
15-Oct-2018 19:30:32.147 INFO [localhost-startStop-1] org.apache.tomee.catalina.TomcatWebAppBuilder.init ------------------------- localhost -> /csr-server
15-Oct-2018 19:30:32.147 INFO [localhost-startStop-1] org.apache.openejb.util.JarExtractor.extract Extracting jar: C:\Users\witzbould\Downloads\apache-tomee-plus-7.1.0\webapps\csr-server.war
15-Oct-2018 19:30:40.450 INFO [localhost-startStop-1] org.apache.openejb.util.JarExtractor.extract Extracted path: C:\Users\witzbould\Downloads\apache-tomee-plus-7.1.0\webapps\csr-server
15-Oct-2018 19:30:40.490 WARNING [localhost-startStop-1] org.apache.catalina.startup.SetContextPropertiesRule.begin [SetContextPropertiesRule]{Context} Setting property 'antiJARLocking' to 'true' did not find a matching property.
15-Oct-2018 19:30:43.507 INFO [localhost-startStop-1] org.apache.openejb.config.ConfigurationFactory.configureApplication Configuring enterprise application: C:\Users\witzbould\Downloads\apache-tomee-plus-7.1.0\webapps\csr-server
15-Oct-2018 19:30:44.594 INFO [localhost-startStop-1] org.apache.openejb.config.InitEjbDeployments.deploy Auto-deploying ejb SmcdCacheImpl: EjbDeployment(deployment-id=SmcdCacheImpl)
15-Oct-2018 19:30:44.594 INFO [localhost-startStop-1] org.apache.openejb.config.InitEjbDeployments.deploy Auto-deploying ejb ClientSessionFactoryImpl: EjbDeployment(deployment-id=ClientSessionFactoryImpl)
15-Oct-2018 19:30:44.594 INFO [localhost-startStop-1] org.apache.openejb.config.InitEjbDeployments.deploy Auto-deploying ejb DeviceServiceManagerImpl: EjbDeployment(deployment-id=DeviceServiceManagerImpl)
15-Oct-2018 19:30:44.594 INFO [localhost-startStop-1] org.apache.openejb.config.InitEjbDeployments.deploy Auto-deploying ejb DeviceRoleRepositoryImpl: EjbDeployment(deployment-id=DeviceRoleRepositoryImpl)
15-Oct-2018 19:30:44.594 INFO [localhost-startStop-1] org.apache.openejb.config.InitEjbDeployments.deploy Auto-deploying ejb MemoryClientRegistryService: EjbDeployment(deployment-id=MemoryClientRegistryService)
15-Oct-2018 19:30:44.594 INFO [localhost-startStop-1] org.apache.openejb.config.InitEjbDeployments.deploy Auto-deploying ejb RuntimeManager: EjbDeployment(deployment-id=RuntimeManager)
15-Oct-2018 19:30:44.594 INFO [localhost-startStop-1] org.apache.openejb.config.InitEjbDeployments.deploy Auto-deploying ejb AccessControlManagerFactory: EjbDeployment(deployment-id=AccessControlManagerFactory)
15-Oct-2018 19:30:44.594 INFO [localhost-startStop-1] org.apache.openejb.config.InitEjbDeployments.deploy Auto-deploying ejb ContextManagerImpl: EjbDeployment(deployment-id=ContextManagerImpl)
15-Oct-2018 19:30:44.594 INFO [localhost-startStop-1] org.apache.openejb.config.InitEjbDeployments.deploy Auto-deploying ejb ApplicationManagerFactory: EjbDeployment(deployment-id=ApplicationManagerFactory)
15-Oct-2018 19:30:44.594 INFO [localhost-startStop-1] org.apache.openejb.config.InitEjbDeployments.deploy Auto-deploying ejb ApolloMessageBrokerImpl: EjbDeployment(deployment-id=ApolloMessageBrokerImpl)
15-Oct-2018 19:30:44.594 INFO [localhost-startStop-1] org.apache.openejb.config.InitEjbDeployments.deploy Auto-deploying ejb Responder: EjbDeployment(deployment-id=Responder)
15-Oct-2018 19:30:44.594 INFO [localhost-startStop-1] org.apache.openejb.config.InitEjbDeployments.deploy Auto-deploying ejb CoRepositoryImpl: EjbDeployment(deployment-id=CoRepositoryImpl)
15-Oct-2018 19:30:44.594 INFO [localhost-startStop-1] org.apache.openejb.config.InitEjbDeployments.deploy Auto-deploying ejb RecommendationServiceImpl: EjbDeployment(deployment-id=RecommendationServiceImpl)
15-Oct-2018 19:30:44.594 INFO [localhost-startStop-1] org.apache.openejb.config.InitEjbDeployments.deploy Auto-deploying ejb DistributionServiceImpl: EjbDeployment(deployment-id=DistributionServiceImpl)
15-Oct-2018 19:30:44.594 INFO [localhost-startStop-1] org.apache.openejb.config.InitEjbDeployments.deploy Auto-deploying ejb AppRe: EjbDeployment(deployment-id=AppRe)
15-Oct-2018 19:30:44.594 INFO [localhost-startStop-1] org.apache.openejb.config.InitEjbDeployments.deploy Auto-deploying ejb TemplateResponseHandler: EjbDeployment(deployment-id=TemplateResponseHandler)
15-Oct-2018 19:30:44.594 INFO [localhost-startStop-1] org.apache.openejb.config.InitEjbDeployments.deploy Auto-deploying ejb IdResponseHandler: EjbDeployment(deployment-id=IdResponseHandler)
15-Oct-2018 19:30:44.594 INFO [localhost-startStop-1] org.apache.openejb.config.InitEjbDeployments.deploy Auto-deploying ejb TriggerRequestProcessorImpl: EjbDeployment(deployment-id=TriggerRequestProcessorImpl)
15-Oct-2018 19:30:44.594 INFO [localhost-startStop-1] org.apache.openejb.config.InitEjbDeployments.deploy Auto-deploying ejb ExchangeIdResponseHandler: EjbDeployment(deployment-id=ExchangeIdResponseHandler)
15-Oct-2018 19:30:44.594 INFO [localhost-startStop-1] org.apache.openejb.config.InitEjbDeployments.deploy Auto-deploying ejb ServiceAccessImpl: EjbDeployment(deployment-id=ServiceAccessImpl)
15-Oct-2018 19:30:44.594 INFO [localhost-startStop-1] org.apache.openejb.config.InitEjbDeployments.deploy Auto-deploying ejb EventDispatcherImpl: EjbDeployment(deployment-id=EventDispatcherImpl)
15-Oct-2018 19:30:44.600 INFO [localhost-startStop-1] org.apache.openejb.config.InitEjbDeployments.deploy Auto-deploying ejb LayoutModelInterpreter: EjbDeployment(deployment-id=LayoutModelInterpreter)
15-Oct-2018 19:30:44.600 INFO [localhost-startStop-1] org.apache.openejb.config.InitEjbDeployments.deploy Auto-deploying ejb ConceptualModelInterpreterImpl: EjbDeployment(deployment-id=ConceptualModelInterpreterImpl)
15-Oct-2018 19:30:44.600 INFO [localhost-startStop-1] org.apache.openejb.config.InitEjbDeployments.deploy Auto-deploying ejb DistributionManagerImpl: EjbDeployment(deployment-id=DistributionManagerImpl)
15-Oct-2018 19:30:44.600 INFO [localhost-startStop-1] org.apache.openejb.config.InitEjbDeployments.deploy Auto-deploying ejb Dummy: EjbDeployment(deployment-id=Dummy)
15-Oct-2018 19:30:44.600 INFO [localhost-startStop-1] org.apache.openejb.config.InitEjbDeployments.deploy Auto-deploying ejb DistributionRecommender: EjbDeployment(deployment-id=DistributionRecommender)
15-Oct-2018 19:30:44.600 INFO [localhost-startStop-1] org.apache.openejb.config.InitEjbDeployments.deploy Auto-deploying ejb ChannelCommunicationModelInterpreter: EjbDeployment(deployment-id=ChannelCommunicationModelInterpreter)
15-Oct-2018 19:30:44.600 INFO [localhost-startStop-1] org.apache.openejb.config.InitEjbDeployments.deploy Auto-deploying ejb RecommendationManagerImpl: EjbDeployment(deployment-id=RecommendationManagerImpl)
15-Oct-2018 19:30:44.600 INFO [localhost-startStop-1] org.apache.openejb.config.InitEjbDeployments.deploy Auto-deploying ejb EventBrokerImpl: EjbDeployment(deployment-id=EventBrokerImpl)
15-Oct-2018 19:30:44.600 INFO [localhost-startStop-1] org.apache.openejb.config.InitEjbDeployments.deploy Auto-deploying ejb DistributionModelInterpreterImpl: EjbDeployment(deployment-id=DistributionModelInterpreterImpl)
15-Oct-2018 19:30:44.600 INFO [localhost-startStop-1] org.apache.openejb.config.InitEjbDeployments.deploy Auto-deploying ejb AwarenessManagerImpl: EjbDeployment(deployment-id=AwarenessManagerImpl)
15-Oct-2018 19:30:44.600 INFO [localhost-startStop-1] org.apache.openejb.config.InitEjbDeployments.deploy Auto-deploying ejb AccessControlManagerImpl: EjbDeployment(deployment-id=AccessControlManagerImpl)
15-Oct-2018 19:30:44.600 INFO [localhost-startStop-1] org.apache.openejb.config.InitEjbDeployments.deploy Auto-deploying ejb CommunicationManagerImpl: EjbDeployment(deployment-id=CommunicationManagerImpl)
15-Oct-2018 19:30:44.600 INFO [localhost-startStop-1] org.apache.openejb.config.InitEjbDeployments.deploy Auto-deploying ejb ApplicationManagerImpl: EjbDeployment(deployment-id=ApplicationManagerImpl)
15-Oct-2018 19:30:44.600 INFO [localhost-startStop-1] org.apache.openejb.config.InitEjbDeployments.deploy Auto-deploying ejb ComponentManagerImpl: EjbDeployment(deployment-id=ComponentManagerImpl)
15-Oct-2018 19:30:44.600 INFO [localhost-startStop-1] org.apache.openejb.config.InitEjbDeployments.deploy Auto-deploying ejb TriggerManagerImpl: EjbDeployment(deployment-id=TriggerManagerImpl)
15-Oct-2018 19:30:44.608 INFO [localhost-startStop-1] org.apache.openejb.config.ConfigurationFactory.configureService Configuring Service(id=Default Singleton Container, type=Container, provider-id=Default Singleton Container)
15-Oct-2018 19:30:44.608 INFO [localhost-startStop-1] org.apache.openejb.config.AutoConfig.createContainer Auto-creating a container for bean SmcdCacheImpl: Container(type=SINGLETON, id=Default Singleton Container)
15-Oct-2018 19:30:44.608 INFO [localhost-startStop-1] org.apache.openejb.assembler.classic.Assembler.createRecipe Creating Container(id=Default Singleton Container)
15-Oct-2018 19:30:44.656 INFO [localhost-startStop-1] org.apache.openejb.config.ConfigurationFactory.configureService Configuring Service(id=Default Stateless Container, type=Container, provider-id=Default Stateless Container)
15-Oct-2018 19:30:44.657 INFO [localhost-startStop-1] org.apache.openejb.config.AutoConfig.createContainer Auto-creating a container for bean Responder: Container(type=STATELESS, id=Default Stateless Container)
15-Oct-2018 19:30:44.657 INFO [localhost-startStop-1] org.apache.openejb.assembler.classic.Assembler.createRecipe Creating Container(id=Default Stateless Container)
15-Oct-2018 19:30:44.673 INFO [localhost-startStop-1] org.apache.openejb.config.ConfigurationFactory.configureService Configuring Service(id=Default Stateful Container, type=Container, provider-id=Default Stateful Container)
15-Oct-2018 19:30:44.673 INFO [localhost-startStop-1] org.apache.openejb.config.AutoConfig.createContainer Auto-creating a container for bean EventDispatcherImpl: Container(type=STATEFUL, id=Default Stateful Container)
15-Oct-2018 19:30:44.673 INFO [localhost-startStop-1] org.apache.openejb.assembler.classic.Assembler.createRecipe Creating Container(id=Default Stateful Container)
15-Oct-2018 19:30:44.721 INFO [localhost-startStop-1] org.apache.openejb.core.stateful.SimplePassivater.init Using directory C:\Users\witzbould\Downloads\apache-tomee-plus-7.1.0\temp for stateful session passivation
15-Oct-2018 19:30:44.737 INFO [localhost-startStop-1] org.apache.openejb.config.ConfigurationFactory.configureService Configuring Service(id=Default Managed Container, type=Container, provider-id=Default Managed Container)
15-Oct-2018 19:30:44.737 INFO [localhost-startStop-1] org.apache.openejb.config.AutoConfig.createContainer Auto-creating a container for bean csr-server.Comp48525352: Container(type=MANAGED, id=Default Managed Container)
15-Oct-2018 19:30:44.737 INFO [localhost-startStop-1] org.apache.openejb.assembler.classic.Assembler.createRecipe Creating Container(id=Default Managed Container)
15-Oct-2018 19:30:44.754 INFO [localhost-startStop-1] org.apache.openejb.core.managed.SimplePassivater.init Using directory C:\Users\witzbould\Downloads\apache-tomee-plus-7.1.0\temp for stateful session passivation
15-Oct-2018 19:30:44.842 INFO [localhost-startStop-1] org.apache.openejb.config.AppInfoBuilder.build Enterprise application "C:\Users\witzbould\Downloads\apache-tomee-plus-7.1.0\webapps\csr-server" loaded.
15-Oct-2018 19:30:45.038 INFO [localhost-startStop-1] org.apache.openejb.assembler.classic.Assembler.createApplication Assembling app: C:\Users\witzbould\Downloads\apache-tomee-plus-7.1.0\webapps\csr-server
15-Oct-2018 19:30:45.054 INFO [localhost-startStop-1] org.apache.openejb.util.OptionsLog.info Using 'AsynchronousPool.Size=15'
15-Oct-2018 19:30:45.054 INFO [localhost-startStop-1] org.apache.openejb.util.OptionsLog.info Using 'AsynchronousPool.MaximumPoolSize=25'
15-Oct-2018 19:30:45.062 INFO [localhost-startStop-1] org.apache.openejb.util.OptionsLog.info Using 'AsynchronousPool.QueueSize=10'
15-Oct-2018 19:30:47.793 INFO [localhost-startStop-1] org.apache.openejb.assembler.classic.JndiBuilder.bind Jndi(name=SmcdCacheImplLocal) --> Ejb(deployment-id=SmcdCacheImpl)
15-Oct-2018 19:30:47.793 INFO [localhost-startStop-1] org.apache.openejb.assembler.classic.JndiBuilder.bind Jndi(name=global/csr-server/SmcdCacheImpl!de.tudresden.inf.documa.utility.SmcdCache) --> Ejb(deployment-id=SmcdCacheImpl)
15-Oct-2018 19:30:47.806 INFO [localhost-startStop-1] org.apache.openejb.assembler.classic.JndiBuilder.bind Jndi(name=global/csr-server/SmcdCacheImpl) --> Ejb(deployment-id=SmcdCacheImpl)
15-Oct-2018 19:30:47.807 INFO [localhost-startStop-1] org.apache.openejb.assembler.classic.JndiBuilder.bind Jndi(name=ClientSessionFactoryImplLocal) --> Ejb(deployment-id=ClientSessionFactoryImpl)
15-Oct-2018 19:30:47.807 INFO [localhost-startStop-1] org.apache.openejb.assembler.classic.JndiBuilder.bind Jndi(name=global/csr-server/ClientSessionFactoryImpl!de.tudresden.inf.documa.communication.messaging.ClientSessionFactory) --> Ejb(deployment-id=ClientSessionFactoryImpl)
15-Oct-2018 19:30:47.807 INFO [localhost-startStop-1] org.apache.openejb.assembler.classic.JndiBuilder.bind Jndi(name=global/csr-server/ClientSessionFactoryImpl) --> Ejb(deployment-id=ClientSessionFactoryImpl)
15-Oct-2018 19:30:47.807 INFO [localhost-startStop-1] org.apache.openejb.assembler.classic.JndiBuilder.bind Jndi(name=DeviceServiceManagerImplLocal) --> Ejb(deployment-id=DeviceServiceManagerImpl)
15-Oct-2018 19:30:47.807 INFO [localhost-startStop-1] org.apache.openejb.assembler.classic.JndiBuilder.bind Jndi(name=global/csr-server/DeviceServiceManagerImpl!de.tudresden.inf.documa.services.DeviceServiceManager) --> Ejb(deployment-id=DeviceServiceManagerImpl)
15-Oct-2018 19:30:47.807 INFO [localhost-startStop-1] org.apache.openejb.assembler.classic.JndiBuilder.bind Jndi(name=global/csr-server/DeviceServiceManagerImpl) --> Ejb(deployment-id=DeviceServiceManagerImpl)
15-Oct-2018 19:30:47.809 INFO [localhost-startStop-1] org.apache.openejb.assembler.classic.JndiBuilder.bind Jndi(name=DeviceRoleRepositoryImplLocal) --> Ejb(deployment-id=DeviceRoleRepositoryImpl)
15-Oct-2018 19:30:47.809 INFO [localhost-startStop-1] org.apache.openejb.assembler.classic.JndiBuilder.bind Jndi(name=global/csr-server/DeviceRoleRepositoryImpl!de.tudresden.inf.documa.registry.role.DeviceRoleRepository) --> Ejb(deployment-id=DeviceRoleRepositoryImpl)
15-Oct-2018 19:30:47.810 INFO [localhost-startStop-1] org.apache.openejb.assembler.classic.JndiBuilder.bind Jndi(name=global/csr-server/DeviceRoleRepositoryImpl!de.tudresden.inf.documa.registry.role.JSONRoleRepository) --> Ejb(deployment-id=DeviceRoleRepositoryImpl)
15-Oct-2018 19:30:47.811 INFO [localhost-startStop-1] org.apache.openejb.assembler.classic.JndiBuilder.bind Jndi(name=global/csr-server/DeviceRoleRepositoryImpl) --> Ejb(deployment-id=DeviceRoleRepositoryImpl)
15-Oct-2018 19:30:47.811 INFO [localhost-startStop-1] org.apache.openejb.assembler.classic.JndiBuilder.bind Jndi(name=MemoryClientRegistryServiceLocal) --> Ejb(deployment-id=MemoryClientRegistryService)
15-Oct-2018 19:30:47.811 INFO [localhost-startStop-1] org.apache.openejb.assembler.classic.JndiBuilder.bind Jndi(name=global/csr-server/MemoryClientRegistryService!de.tudresden.inf.documa.registry.ClientRegistryService) --> Ejb(deployment-id=MemoryClientRegistryService)
15-Oct-2018 19:30:47.811 INFO [localhost-startStop-1] org.apache.openejb.assembler.classic.JndiBuilder.bind Jndi(name=global/csr-server/MemoryClientRegistryService) --> Ejb(deployment-id=MemoryClientRegistryService)
15-Oct-2018 19:30:47.812 INFO [localhost-startStop-1] org.apache.openejb.assembler.classic.JndiBuilder.bind Jndi(name=RuntimeManagerLocalBean) --> Ejb(deployment-id=RuntimeManager)
15-Oct-2018 19:30:47.812 INFO [localhost-startStop-1] org.apache.openejb.assembler.classic.JndiBuilder.bind Jndi(name=global/csr-server/RuntimeManager!de.tudresden.inf.documa.runtime.RuntimeManager) --> Ejb(deployment-id=RuntimeManager)
15-Oct-2018 19:30:47.812 INFO [localhost-startStop-1] org.apache.openejb.assembler.classic.JndiBuilder.bind Jndi(name=RuntimeManagerLocal) --> Ejb(deployment-id=RuntimeManager)
15-Oct-2018 19:30:47.812 INFO [localhost-startStop-1] org.apache.openejb.assembler.classic.JndiBuilder.bind Jndi(name=global/csr-server/RuntimeManager!de.tudresden.inf.documa.communication.messaging.ClientSessionListener) --> Ejb(deployment-id=RuntimeManager)
15-Oct-2018 19:30:47.812 INFO [localhost-startStop-1] org.apache.openejb.assembler.classic.JndiBuilder.bind Jndi(name=global/csr-server/RuntimeManager) --> Ejb(deployment-id=RuntimeManager)
15-Oct-2018 19:30:47.812 INFO [localhost-startStop-1] org.apache.openejb.assembler.classic.JndiBuilder.bind Jndi(name=AccessControlManagerFactoryLocal) --> Ejb(deployment-id=AccessControlManagerFactory)
15-Oct-2018 19:30:47.813 INFO [localhost-startStop-1] org.apache.openejb.assembler.classic.JndiBuilder.bind Jndi(name=global/csr-server/AccessControlManagerFactory!de.tudresden.inf.documa.application.collaboration.AccessControlManagerFactory) --> Ejb(deployment-id=AccessControlManagerFactory)
15-Oct-2018 19:30:47.813 INFO [localhost-startStop-1] org.apache.openejb.assembler.classic.JndiBuilder.bind Jndi(name=global/csr-server/AccessControlManagerFactory) --> Ejb(deployment-id=AccessControlManagerFactory)
15-Oct-2018 19:30:47.813 INFO [localhost-startStop-1] org.apache.openejb.assembler.classic.JndiBuilder.bind Jndi(name=ContextManagerImplLocal) --> Ejb(deployment-id=ContextManagerImpl)
15-Oct-2018 19:30:47.813 INFO [localhost-startStop-1] org.apache.openejb.assembler.classic.JndiBuilder.bind Jndi(name=global/csr-server/ContextManagerImpl!de.tudresden.inf.documa.context.ContextManager) --> Ejb(deployment-id=ContextManagerImpl)
15-Oct-2018 19:30:47.813 INFO [localhost-startStop-1] org.apache.openejb.assembler.classic.JndiBuilder.bind Jndi(name=global/csr-server/ContextManagerImpl) --> Ejb(deployment-id=ContextManagerImpl)
15-Oct-2018 19:30:47.814 INFO [localhost-startStop-1] org.apache.openejb.assembler.classic.JndiBuilder.bind Jndi(name=ApplicationManagerFactoryLocal) --> Ejb(deployment-id=ApplicationManagerFactory)
15-Oct-2018 19:30:47.814 INFO [localhost-startStop-1] org.apache.openejb.assembler.classic.JndiBuilder.bind Jndi(name=global/csr-server/ApplicationManagerFactory!de.tudresden.inf.documa.application.ApplicationManagerFactory) --> Ejb(deployment-id=ApplicationManagerFactory)
15-Oct-2018 19:30:47.814 INFO [localhost-startStop-1] org.apache.openejb.assembler.classic.JndiBuilder.bind Jndi(name=global/csr-server/ApplicationManagerFactory) --> Ejb(deployment-id=ApplicationManagerFactory)
15-Oct-2018 19:30:47.815 INFO [localhost-startStop-1] org.apache.openejb.assembler.classic.JndiBuilder.bind Jndi(name=ApolloMessageBrokerImplLocal) --> Ejb(deployment-id=ApolloMessageBrokerImpl)
15-Oct-2018 19:30:47.815 INFO [localhost-startStop-1] org.apache.openejb.assembler.classic.JndiBuilder.bind Jndi(name=global/csr-server/ApolloMessageBrokerImpl!de.tudresden.inf.documa.communication.messaging.MessageBroker) --> Ejb(deployment-id=ApolloMessageBrokerImpl)
15-Oct-2018 19:30:47.815 INFO [localhost-startStop-1] org.apache.openejb.assembler.classic.JndiBuilder.bind Jndi(name=global/csr-server/ApolloMessageBrokerImpl) --> Ejb(deployment-id=ApolloMessageBrokerImpl)
15-Oct-2018 19:30:47.816 INFO [localhost-startStop-1] org.apache.openejb.assembler.classic.JndiBuilder.bind Jndi(name=ResponderLocalBean) --> Ejb(deployment-id=Responder)
15-Oct-2018 19:30:47.816 INFO [localhost-startStop-1] org.apache.openejb.assembler.classic.JndiBuilder.bind Jndi(name=global/csr-server/Responder!de.tudresden.inf.documa.communication.messaging.Responder) --> Ejb(deployment-id=Responder)
15-Oct-2018 19:30:47.816 INFO [localhost-startStop-1] org.apache.openejb.assembler.classic.JndiBuilder.bind Jndi(name=global/csr-server/Responder) --> Ejb(deployment-id=Responder)
15-Oct-2018 19:30:47.817 INFO [localhost-startStop-1] org.apache.openejb.assembler.classic.JndiBuilder.bind Jndi(name=CoRepositoryImplLocal) --> Ejb(deployment-id=CoRepositoryImpl)
15-Oct-2018 19:30:47.817 INFO [localhost-startStop-1] org.apache.openejb.assembler.classic.JndiBuilder.bind Jndi(name=global/csr-server/CoRepositoryImpl!de.tudresden.inf.documa.repository.CoRepository) --> Ejb(deployment-id=CoRepositoryImpl)
15-Oct-2018 19:30:47.817 INFO [localhost-startStop-1] org.apache.openejb.assembler.classic.JndiBuilder.bind Jndi(name=global/csr-server/CoRepositoryImpl) --> Ejb(deployment-id=CoRepositoryImpl)
15-Oct-2018 19:30:47.818 INFO [localhost-startStop-1] org.apache.openejb.assembler.classic.JndiBuilder.bind Jndi(name=RecommendationServiceImplLocal) --> Ejb(deployment-id=RecommendationServiceImpl)
15-Oct-2018 19:30:47.818 INFO [localhost-startStop-1] org.apache.openejb.assembler.classic.JndiBuilder.bind Jndi(name=global/csr-server/RecommendationServiceImpl!de.tudresden.inf.documa.repository.RecommendationService) --> Ejb(deployment-id=RecommendationServiceImpl)
15-Oct-2018 19:30:47.819 INFO [localhost-startStop-1] org.apache.openejb.assembler.classic.JndiBuilder.bind Jndi(name=global/csr-server/RecommendationServiceImpl) --> Ejb(deployment-id=RecommendationServiceImpl)
15-Oct-2018 19:30:47.819 INFO [localhost-startStop-1] org.apache.openejb.assembler.classic.JndiBuilder.bind Jndi(name=DistributionServiceImplLocal) --> Ejb(deployment-id=DistributionServiceImpl)
15-Oct-2018 19:30:47.820 INFO [localhost-startStop-1] org.apache.openejb.assembler.classic.JndiBuilder.bind Jndi(name=global/csr-server/DistributionServiceImpl!de.tudresden.inf.documa.repository.DistributionService) --> Ejb(deployment-id=DistributionServiceImpl)
15-Oct-2018 19:30:47.820 INFO [localhost-startStop-1] org.apache.openejb.assembler.classic.JndiBuilder.bind Jndi(name=global/csr-server/DistributionServiceImpl) --> Ejb(deployment-id=DistributionServiceImpl)
15-Oct-2018 19:30:47.820 INFO [localhost-startStop-1] org.apache.openejb.assembler.classic.JndiBuilder.bind Jndi(name=AppReLocal) --> Ejb(deployment-id=AppRe)
15-Oct-2018 19:30:47.820 INFO [localhost-startStop-1] org.apache.openejb.assembler.classic.JndiBuilder.bind Jndi(name=global/csr-server/AppRe!de.tudresden.inf.documa.repository.AppRepository) --> Ejb(deployment-id=AppRe)
15-Oct-2018 19:30:47.820 INFO [localhost-startStop-1] org.apache.openejb.assembler.classic.JndiBuilder.bind Jndi(name=global/csr-server/AppRe) --> Ejb(deployment-id=AppRe)
15-Oct-2018 19:30:47.823 INFO [localhost-startStop-1] org.apache.openejb.assembler.classic.JndiBuilder.bind Jndi(name=TemplateResponseHandlerLocal) --> Ejb(deployment-id=TemplateResponseHandler)
15-Oct-2018 19:30:47.823 INFO [localhost-startStop-1] org.apache.openejb.assembler.classic.JndiBuilder.bind Jndi(name=global/csr-server/TemplateResponseHandler!de.tudresden.inf.documa.application.ResponseHandler) --> Ejb(deployment-id=TemplateResponseHandler)
15-Oct-2018 19:30:47.824 INFO [localhost-startStop-1] org.apache.openejb.assembler.classic.JndiBuilder.bind Jndi(name=global/csr-server/TemplateResponseHandler) --> Ejb(deployment-id=TemplateResponseHandler)
15-Oct-2018 19:30:47.824 INFO [localhost-startStop-1] org.apache.openejb.assembler.classic.JndiBuilder.bind Jndi(name=IdResponseHandlerLocal) --> Ejb(deployment-id=IdResponseHandler)
15-Oct-2018 19:30:47.824 INFO [localhost-startStop-1] org.apache.openejb.assembler.classic.JndiBuilder.bind Jndi(name=global/csr-server/IdResponseHandler!de.tudresden.inf.documa.application.ResponseHandler) --> Ejb(deployment-id=IdResponseHandler)
15-Oct-2018 19:30:47.824 INFO [localhost-startStop-1] org.apache.openejb.assembler.classic.JndiBuilder.bind Jndi(name=global/csr-server/IdResponseHandler) --> Ejb(deployment-id=IdResponseHandler)
15-Oct-2018 19:30:47.824 INFO [localhost-startStop-1] org.apache.openejb.assembler.classic.JndiBuilder.bind Jndi(name=TriggerRequestProcessorImplLocal) --> Ejb(deployment-id=TriggerRequestProcessorImpl)
15-Oct-2018 19:30:47.824 INFO [localhost-startStop-1] org.apache.openejb.assembler.classic.JndiBuilder.bind Jndi(name=global/csr-server/TriggerRequestProcessorImpl!de.tudresden.inf.documa.application.recommendation.trigger.TriggerRequestProcessor) --> Ejb(deployment-id=TriggerRequestProcessorImpl)
15-Oct-2018 19:30:47.824 INFO [localhost-startStop-1] org.apache.openejb.assembler.classic.JndiBuilder.bind Jndi(name=global/csr-server/TriggerRequestProcessorImpl) --> Ejb(deployment-id=TriggerRequestProcessorImpl)
15-Oct-2018 19:30:47.824 INFO [localhost-startStop-1] org.apache.openejb.assembler.classic.JndiBuilder.bind Jndi(name=ExchangeIdResponseHandlerLocal) --> Ejb(deployment-id=ExchangeIdResponseHandler)
15-Oct-2018 19:30:47.824 INFO [localhost-startStop-1] org.apache.openejb.assembler.classic.JndiBuilder.bind Jndi(name=global/csr-server/ExchangeIdResponseHandler!de.tudresden.inf.documa.application.ResponseHandler) --> Ejb(deployment-id=ExchangeIdResponseHandler)
15-Oct-2018 19:30:47.824 INFO [localhost-startStop-1] org.apache.openejb.assembler.classic.JndiBuilder.bind Jndi(name=global/csr-server/ExchangeIdResponseHandler) --> Ejb(deployment-id=ExchangeIdResponseHandler)
15-Oct-2018 19:30:47.824 INFO [localhost-startStop-1] org.apache.openejb.assembler.classic.JndiBuilder.bind Jndi(name=ServiceAccessImplLocal) --> Ejb(deployment-id=ServiceAccessImpl)
15-Oct-2018 19:30:47.824 INFO [localhost-startStop-1] org.apache.openejb.assembler.classic.JndiBuilder.bind Jndi(name=global/csr-server/ServiceAccessImpl!de.tudresden.inf.documa.communication.messaging.ServiceAccess) --> Ejb(deployment-id=ServiceAccessImpl)
15-Oct-2018 19:30:47.824 INFO [localhost-startStop-1] org.apache.openejb.assembler.classic.JndiBuilder.bind Jndi(name=global/csr-server/ServiceAccessImpl) --> Ejb(deployment-id=ServiceAccessImpl)
15-Oct-2018 19:30:47.834 INFO [localhost-startStop-1] org.apache.openejb.assembler.classic.JndiBuilder.bind Jndi(name=EventDispatcherImplLocal) --> Ejb(deployment-id=EventDispatcherImpl)
15-Oct-2018 19:30:47.834 INFO [localhost-startStop-1] org.apache.openejb.assembler.classic.JndiBuilder.bind Jndi(name=global/csr-server/EventDispatcherImpl!de.tudresden.inf.documa.application.messaging.events.EventDispatcher) --> Ejb(deployment-id=EventDispatcherImpl)
15-Oct-2018 19:30:47.834 INFO [localhost-startStop-1] org.apache.openejb.assembler.classic.JndiBuilder.bind Jndi(name=global/csr-server/EventDispatcherImpl) --> Ejb(deployment-id=EventDispatcherImpl)
15-Oct-2018 19:30:47.834 INFO [localhost-startStop-1] org.apache.openejb.assembler.classic.JndiBuilder.bind Jndi(name=LayoutModelInterpreterLocal) --> Ejb(deployment-id=LayoutModelInterpreter)
15-Oct-2018 19:30:47.834 INFO [localhost-startStop-1] org.apache.openejb.assembler.classic.JndiBuilder.bind Jndi(name=global/csr-server/LayoutModelInterpreter!de.tudresden.inf.documa.application.interpretation.ModelInterpreter) --> Ejb(deployment-id=LayoutModelInterpreter)
15-Oct-2018 19:30:47.835 INFO [localhost-startStop-1] org.apache.openejb.assembler.classic.JndiBuilder.bind Jndi(name=global/csr-server/LayoutModelInterpreter!de.tudresden.inf.documa.application.interpretation.LayoutModelInterpreter) --> Ejb(deployment-id=LayoutModelInterpreter)
15-Oct-2018 19:30:47.835 INFO [localhost-startStop-1] org.apache.openejb.assembler.classic.JndiBuilder.bind Jndi(name=global/csr-server/LayoutModelInterpreter) --> Ejb(deployment-id=LayoutModelInterpreter)
15-Oct-2018 19:30:47.835 INFO [localhost-startStop-1] org.apache.openejb.assembler.classic.JndiBuilder.bind Jndi(name=ConceptualModelInterpreterImplLocal) --> Ejb(deployment-id=ConceptualModelInterpreterImpl)
15-Oct-2018 19:30:47.835 INFO [localhost-startStop-1] org.apache.openejb.assembler.classic.JndiBuilder.bind Jndi(name=global/csr-server/ConceptualModelInterpreterImpl!de.tudresden.inf.documa.application.interpretation.ConceptualModelInterpreter) --> Ejb(deployment-id=ConceptualModelInterpreterImpl)
15-Oct-2018 19:30:47.835 INFO [localhost-startStop-1] org.apache.openejb.assembler.classic.JndiBuilder.bind Jndi(name=global/csr-server/ConceptualModelInterpreterImpl) --> Ejb(deployment-id=ConceptualModelInterpreterImpl)
15-Oct-2018 19:30:47.835 INFO [localhost-startStop-1] org.apache.openejb.assembler.classic.JndiBuilder.bind Jndi(name=DistributionManagerImplLocal) --> Ejb(deployment-id=DistributionManagerImpl)
15-Oct-2018 19:30:47.838 INFO [localhost-startStop-1] org.apache.openejb.assembler.classic.JndiBuilder.bind Jndi(name=global/csr-server/DistributionManagerImpl!de.tudresden.inf.documa.application.distribution.DistributionManager) --> Ejb(deployment-id=DistributionManagerImpl)
15-Oct-2018 19:30:47.838 INFO [localhost-startStop-1] org.apache.openejb.assembler.classic.JndiBuilder.bind Jndi(name=global/csr-server/DistributionManagerImpl) --> Ejb(deployment-id=DistributionManagerImpl)
15-Oct-2018 19:30:47.839 INFO [localhost-startStop-1] org.apache.openejb.assembler.classic.JndiBuilder.bind Jndi(name=DummyLocal) --> Ejb(deployment-id=Dummy)
15-Oct-2018 19:30:47.839 INFO [localhost-startStop-1] org.apache.openejb.assembler.classic.JndiBuilder.bind Jndi(name=global/csr-server/Dummy!de.tudresden.inf.documa.application.recommendation.distribution.DistributionRecommender) --> Ejb(deployment-id=Dummy)
15-Oct-2018 19:30:47.839 INFO [localhost-startStop-1] org.apache.openejb.assembler.classic.JndiBuilder.bind Jndi(name=global/csr-server/Dummy) --> Ejb(deployment-id=Dummy)
15-Oct-2018 19:30:47.840 INFO [localhost-startStop-1] org.apache.openejb.assembler.classic.JndiBuilder.bind Jndi(name=DistributionRecommenderLocal) --> Ejb(deployment-id=DistributionRecommender)
15-Oct-2018 19:30:47.840 INFO [localhost-startStop-1] org.apache.openejb.assembler.classic.JndiBuilder.bind Jndi(name=global/csr-server/DistributionRecommender!de.tudresden.inf.documa.application.recommendation.distribution.DistributionRecommender) --> Ejb(deployment-id=DistributionRecommender)
15-Oct-2018 19:30:47.840 INFO [localhost-startStop-1] org.apache.openejb.assembler.classic.JndiBuilder.bind Jndi(name=global/csr-server/DistributionRecommender) --> Ejb(deployment-id=DistributionRecommender)
15-Oct-2018 19:30:47.840 INFO [localhost-startStop-1] org.apache.openejb.assembler.classic.JndiBuilder.bind Jndi(name=ChannelCommunicationModelInterpreterLocal) --> Ejb(deployment-id=ChannelCommunicationModelInterpreter)
15-Oct-2018 19:30:47.840 INFO [localhost-startStop-1] org.apache.openejb.assembler.classic.JndiBuilder.bind Jndi(name=global/csr-server/ChannelCommunicationModelInterpreter!de.tudresden.inf.documa.application.interpretation.CommunicationModelInterpreter) --> Ejb(deployment-id=ChannelCommunicationModelInterpreter)
15-Oct-2018 19:30:47.840 INFO [localhost-startStop-1] org.apache.openejb.assembler.classic.JndiBuilder.bind Jndi(name=global/csr-server/ChannelCommunicationModelInterpreter) --> Ejb(deployment-id=ChannelCommunicationModelInterpreter)
15-Oct-2018 19:30:47.843 INFO [localhost-startStop-1] org.apache.openejb.assembler.classic.JndiBuilder.bind Jndi(name=RecommendationManagerImplLocal) --> Ejb(deployment-id=RecommendationManagerImpl)
15-Oct-2018 19:30:47.843 INFO [localhost-startStop-1] org.apache.openejb.assembler.classic.JndiBuilder.bind Jndi(name=global/csr-server/RecommendationManagerImpl!de.tudresden.inf.documa.application.recommendation.RecommendationManager) --> Ejb(deployment-id=RecommendationManagerImpl)
15-Oct-2018 19:30:47.843 INFO [localhost-startStop-1] org.apache.openejb.assembler.classic.JndiBuilder.bind Jndi(name=global/csr-server/RecommendationManagerImpl) --> Ejb(deployment-id=RecommendationManagerImpl)
15-Oct-2018 19:30:47.844 INFO [localhost-startStop-1] org.apache.openejb.assembler.classic.JndiBuilder.bind Jndi(name=EventBrokerImplLocal) --> Ejb(deployment-id=EventBrokerImpl)
15-Oct-2018 19:30:47.844 INFO [localhost-startStop-1] org.apache.openejb.assembler.classic.JndiBuilder.bind Jndi(name=global/csr-server/EventBrokerImpl!de.tudresden.inf.documa.application.messaging.EventBroker) --> Ejb(deployment-id=EventBrokerImpl)
15-Oct-2018 19:30:47.844 INFO [localhost-startStop-1] org.apache.openejb.assembler.classic.JndiBuilder.bind Jndi(name=global/csr-server/EventBrokerImpl) --> Ejb(deployment-id=EventBrokerImpl)
15-Oct-2018 19:30:47.844 INFO [localhost-startStop-1] org.apache.openejb.assembler.classic.JndiBuilder.bind Jndi(name=DistributionModelInterpreterImplLocal) --> Ejb(deployment-id=DistributionModelInterpreterImpl)
15-Oct-2018 19:30:47.845 INFO [localhost-startStop-1] org.apache.openejb.assembler.classic.JndiBuilder.bind Jndi(name=global/csr-server/DistributionModelInterpreterImpl!de.tudresden.inf.documa.application.interpretation.DistributionModelInterpreter) --> Ejb(deployment-id=DistributionModelInterpreterImpl)
15-Oct-2018 19:30:47.845 INFO [localhost-startStop-1] org.apache.openejb.assembler.classic.JndiBuilder.bind Jndi(name=global/csr-server/DistributionModelInterpreterImpl) --> Ejb(deployment-id=DistributionModelInterpreterImpl)
15-Oct-2018 19:30:47.845 INFO [localhost-startStop-1] org.apache.openejb.assembler.classic.JndiBuilder.bind Jndi(name=AwarenessManagerImplLocal) --> Ejb(deployment-id=AwarenessManagerImpl)
15-Oct-2018 19:30:47.845 INFO [localhost-startStop-1] org.apache.openejb.assembler.classic.JndiBuilder.bind Jndi(name=global/csr-server/AwarenessManagerImpl!de.tudresden.inf.documa.application.collaboration.AwarenessManager) --> Ejb(deployment-id=AwarenessManagerImpl)
15-Oct-2018 19:30:47.846 INFO [localhost-startStop-1] org.apache.openejb.assembler.classic.JndiBuilder.bind Jndi(name=global/csr-server/AwarenessManagerImpl) --> Ejb(deployment-id=AwarenessManagerImpl)
15-Oct-2018 19:30:47.847 INFO [localhost-startStop-1] org.apache.openejb.assembler.classic.JndiBuilder.bind Jndi(name=AccessControlManagerImplLocal) --> Ejb(deployment-id=AccessControlManagerImpl)
15-Oct-2018 19:30:47.847 INFO [localhost-startStop-1] org.apache.openejb.assembler.classic.JndiBuilder.bind Jndi(name=global/csr-server/AccessControlManagerImpl!de.tudresden.inf.documa.application.collaboration.AccessControlManager) --> Ejb(deployment-id=AccessControlManagerImpl)
15-Oct-2018 19:30:47.847 INFO [localhost-startStop-1] org.apache.openejb.assembler.classic.JndiBuilder.bind Jndi(name=global/csr-server/AccessControlManagerImpl) --> Ejb(deployment-id=AccessControlManagerImpl)
15-Oct-2018 19:30:47.848 INFO [localhost-startStop-1] org.apache.openejb.assembler.classic.JndiBuilder.bind Jndi(name=CommunicationManagerImplLocal) --> Ejb(deployment-id=CommunicationManagerImpl)
15-Oct-2018 19:30:47.848 INFO [localhost-startStop-1] org.apache.openejb.assembler.classic.JndiBuilder.bind Jndi(name=global/csr-server/CommunicationManagerImpl!de.tudresden.inf.documa.application.CommunicationManager) --> Ejb(deployment-id=CommunicationManagerImpl)
15-Oct-2018 19:30:47.848 INFO [localhost-startStop-1] org.apache.openejb.assembler.classic.JndiBuilder.bind Jndi(name=global/csr-server/CommunicationManagerImpl) --> Ejb(deployment-id=CommunicationManagerImpl)
15-Oct-2018 19:30:47.849 INFO [localhost-startStop-1] org.apache.openejb.assembler.classic.JndiBuilder.bind Jndi(name=ApplicationManagerImplLocal) --> Ejb(deployment-id=ApplicationManagerImpl)
15-Oct-2018 19:30:47.849 INFO [localhost-startStop-1] org.apache.openejb.assembler.classic.JndiBuilder.bind Jndi(name=global/csr-server/ApplicationManagerImpl!de.tudresden.inf.documa.application.ApplicationManager) --> Ejb(deployment-id=ApplicationManagerImpl)
15-Oct-2018 19:30:47.849 INFO [localhost-startStop-1] org.apache.openejb.assembler.classic.JndiBuilder.bind Jndi(name=global/csr-server/ApplicationManagerImpl) --> Ejb(deployment-id=ApplicationManagerImpl)
15-Oct-2018 19:30:47.849 INFO [localhost-startStop-1] org.apache.openejb.assembler.classic.JndiBuilder.bind Jndi(name=ComponentManagerImplLocal) --> Ejb(deployment-id=ComponentManagerImpl)
15-Oct-2018 19:30:47.850 INFO [localhost-startStop-1] org.apache.openejb.assembler.classic.JndiBuilder.bind Jndi(name=global/csr-server/ComponentManagerImpl!de.tudresden.inf.documa.application.ComponentManager) --> Ejb(deployment-id=ComponentManagerImpl)
15-Oct-2018 19:30:47.850 INFO [localhost-startStop-1] org.apache.openejb.assembler.classic.JndiBuilder.bind Jndi(name=global/csr-server/ComponentManagerImpl!de.tudresden.inf.documa.application.interpretation.ModelInterpreter) --> Ejb(deployment-id=ComponentManagerImpl)
15-Oct-2018 19:30:47.851 INFO [localhost-startStop-1] org.apache.openejb.assembler.classic.JndiBuilder.bind Jndi(name=global/csr-server/ComponentManagerImpl) --> Ejb(deployment-id=ComponentManagerImpl)
15-Oct-2018 19:30:47.851 INFO [localhost-startStop-1] org.apache.openejb.assembler.classic.JndiBuilder.bind Jndi(name=TriggerManagerImplLocal) --> Ejb(deployment-id=TriggerManagerImpl)
15-Oct-2018 19:30:47.851 INFO [localhost-startStop-1] org.apache.openejb.assembler.classic.JndiBuilder.bind Jndi(name=global/csr-server/TriggerManagerImpl!de.tudresden.inf.documa.application.recommendation.trigger.TriggerManager) --> Ejb(deployment-id=TriggerManagerImpl)
15-Oct-2018 19:30:47.851 INFO [localhost-startStop-1] org.apache.openejb.assembler.classic.JndiBuilder.bind Jndi(name=global/csr-server/TriggerManagerImpl) --> Ejb(deployment-id=TriggerManagerImpl)
15-Oct-2018 19:30:47.926 INFO [localhost-startStop-1] org.apache.openejb.cdi.CdiBuilder.initSingleton Existing thread singleton service in SystemInstance(): org.apache.openejb.cdi.ThreadSingletonServiceImpl@2b6faea6
15-Oct-2018 19:30:48.248 INFO [localhost-startStop-1] org.apache.openejb.cdi.OpenEJBLifecycle.startApplication OpenWebBeans Container is starting...
15-Oct-2018 19:30:48.258 INFO [localhost-startStop-1] org.apache.webbeans.plugins.PluginLoader.startUp Adding OpenWebBeansPlugin : [CdiPlugin]
15-Oct-2018 19:30:48.267 INFO [localhost-startStop-1] org.apache.openejb.cdi.CdiScanner.handleBda Using annotated mode for file:/C:/Users/witzbould/Downloads/apache-tomee-plus-7.1.0/webapps/csr-server/WEB-INF/lib/csr-runtime-0.0.1.jar looking all classes to find CDI beans, maybe think to add a beans.xml if not there or add the jar to exclusions.list
15-Oct-2018 19:30:48.289 INFO [localhost-startStop-1] org.apache.openejb.cdi.CdiScanner.handleBda Using annotated mode for file:/C:/Users/witzbould/Downloads/apache-tomee-plus-7.1.0/webapps/csr-server/WEB-INF/lib/csr-services-0.0.1.jar looking all classes to find CDI beans, maybe think to add a beans.xml if not there or add the jar to exclusions.list
15-Oct-2018 19:30:48.307 INFO [localhost-startStop-1] org.apache.openejb.cdi.CdiScanner.handleBda Using annotated mode for file:/C:/Users/witzbould/Downloads/apache-tomee-plus-7.1.0/webapps/csr-server/WEB-INF/lib/csr-discovery-0.0.1.jar looking all classes to find CDI beans, maybe think to add a beans.xml if not there or add the jar to exclusions.list
15-Oct-2018 19:30:48.311 INFO [localhost-startStop-1] org.apache.openejb.cdi.CdiScanner.handleBda Using annotated mode for file:/C:/Users/witzbould/Downloads/apache-tomee-plus-7.1.0/webapps/csr-server/WEB-INF/lib/csr-util-0.0.1.jar looking all classes to find CDI beans, maybe think to add a beans.xml if not there or add the jar to exclusions.list
15-Oct-2018 19:30:48.311 INFO [localhost-startStop-1] org.apache.openejb.cdi.CdiScanner.handleBda Using annotated mode for file:/C:/Users/witzbould/Downloads/apache-tomee-plus-7.1.0/webapps/csr-server/WEB-INF/lib/csr-communication-0.0.1.jar looking all classes to find CDI beans, maybe think to add a beans.xml if not there or add the jar to exclusions.list
15-Oct-2018 19:30:48.968 INFO [localhost-startStop-1] org.apache.webbeans.config.BeansDeployer.validateInjectionPoints All injection points were validated successfully.
15-Oct-2018 19:30:48.985 INFO [localhost-startStop-1] org.apache.openejb.cdi.OpenEJBLifecycle.startApplication OpenWebBeans Container has started, it took 737 ms.
15-Oct-2018 19:30:48.999 INFO [localhost-startStop-1] org.apache.openejb.assembler.classic.Assembler.startEjbs Created Ejb(deployment-id=EventDispatcherImpl, ejb-name=EventDispatcherImpl, container=Default Stateful Container)
15-Oct-2018 19:30:48.999 INFO [localhost-startStop-1] org.apache.openejb.assembler.classic.Assembler.startEjbs Created Ejb(deployment-id=RecommendationManagerImpl, ejb-name=RecommendationManagerImpl, container=Default Stateful Container)
15-Oct-2018 19:30:48.999 INFO [localhost-startStop-1] org.apache.openejb.assembler.classic.Assembler.startEjbs Created Ejb(deployment-id=ApplicationManagerImpl, ejb-name=ApplicationManagerImpl, container=Default Stateful Container)
15-Oct-2018 19:30:48.999 INFO [localhost-startStop-1] org.apache.openejb.assembler.classic.Assembler.startEjbs Created Ejb(deployment-id=DistributionServiceImpl, ejb-name=DistributionServiceImpl, container=Default Stateless Container)
15-Oct-2018 19:30:48.999 INFO [localhost-startStop-1] org.apache.openejb.assembler.classic.Assembler.startEjbs Created Ejb(deployment-id=RecommendationServiceImpl, ejb-name=RecommendationServiceImpl, container=Default Stateless Container)
15-Oct-2018 19:30:48.999 INFO [localhost-startStop-1] org.apache.openejb.assembler.classic.Assembler.startEjbs Created Ejb(deployment-id=TriggerManagerImpl, ejb-name=TriggerManagerImpl, container=Default Stateful Container)
15-Oct-2018 19:30:48.999 INFO [localhost-startStop-1] org.apache.openejb.assembler.classic.Assembler.startEjbs Created Ejb(deployment-id=LayoutModelInterpreter, ejb-name=LayoutModelInterpreter, container=Default Stateful Container)
15-Oct-2018 19:30:48.999 INFO [localhost-startStop-1] org.apache.openejb.assembler.classic.Assembler.startEjbs Created Ejb(deployment-id=DistributionManagerImpl, ejb-name=DistributionManagerImpl, container=Default Stateful Container)
15-Oct-2018 19:30:48.999 INFO [localhost-startStop-1] org.apache.openejb.assembler.classic.Assembler.startEjbs Created Ejb(deployment-id=IdResponseHandler, ejb-name=IdResponseHandler, container=Default Stateless Container)
15-Oct-2018 19:30:48.999 INFO [localhost-startStop-1] org.apache.openejb.assembler.classic.Assembler.startEjbs Created Ejb(deployment-id=CoRepositoryImpl, ejb-name=CoRepositoryImpl, container=Default Stateless Container)
15-Oct-2018 19:30:48.999 INFO [localhost-startStop-1] org.apache.openejb.assembler.classic.Assembler.startEjbs Created Ejb(deployment-id=AppRe, ejb-name=AppRe, container=Default Stateless Container)
15-Oct-2018 19:30:48.999 INFO [localhost-startStop-1] org.apache.openejb.assembler.classic.Assembler.startEjbs Created Ejb(deployment-id=TemplateResponseHandler, ejb-name=TemplateResponseHandler, container=Default Stateless Container)
15-Oct-2018 19:30:48.999 INFO [localhost-startStop-1] org.apache.openejb.assembler.classic.Assembler.startEjbs Created Ejb(deployment-id=ExchangeIdResponseHandler, ejb-name=ExchangeIdResponseHandler, container=Default Stateless Container)
15-Oct-2018 19:30:48.999 INFO [localhost-startStop-1] org.apache.openejb.assembler.classic.Assembler.startEjbs Created Ejb(deployment-id=DistributionModelInterpreterImpl, ejb-name=DistributionModelInterpreterImpl, container=Default Stateful Container)
15-Oct-2018 19:30:48.999 INFO [localhost-startStop-1] org.apache.openejb.assembler.classic.Assembler.startEjbs Created Ejb(deployment-id=AccessControlManagerImpl, ejb-name=AccessControlManagerImpl, container=Default Stateful Container)
15-Oct-2018 19:30:48.999 INFO [localhost-startStop-1] org.apache.openejb.assembler.classic.Assembler.startEjbs Created Ejb(deployment-id=TriggerRequestProcessorImpl, ejb-name=TriggerRequestProcessorImpl, container=Default Stateless Container)
15-Oct-2018 19:30:48.999 INFO [localhost-startStop-1] org.apache.openejb.assembler.classic.Assembler.startEjbs Created Ejb(deployment-id=AwarenessManagerImpl, ejb-name=AwarenessManagerImpl, container=Default Stateful Container)
15-Oct-2018 19:30:49.014 INFO [localhost-startStop-1] org.apache.openejb.assembler.classic.Assembler.startEjbs Created Ejb(deployment-id=ComponentManagerImpl, ejb-name=ComponentManagerImpl, container=Default Stateful Container)
15-Oct-2018 19:30:49.014 INFO [localhost-startStop-1] org.apache.openejb.assembler.classic.Assembler.startEjbs Created Ejb(deployment-id=ServiceAccessImpl, ejb-name=ServiceAccessImpl, container=Default Stateless Container)
15-Oct-2018 19:30:49.014 INFO [localhost-startStop-1] org.apache.openejb.assembler.classic.Assembler.startEjbs Created Ejb(deployment-id=CommunicationManagerImpl, ejb-name=CommunicationManagerImpl, container=Default Stateful Container)
15-Oct-2018 19:30:49.014 INFO [localhost-startStop-1] org.apache.openejb.assembler.classic.Assembler.startEjbs Created Ejb(deployment-id=ConceptualModelInterpreterImpl, ejb-name=ConceptualModelInterpreterImpl, container=Default Stateful Container)
15-Oct-2018 19:30:49.014 INFO [localhost-startStop-1] org.apache.openejb.assembler.classic.Assembler.startEjbs Created Ejb(deployment-id=ChannelCommunicationModelInterpreter, ejb-name=ChannelCommunicationModelInterpreter, container=Default Stateful Container)
15-Oct-2018 19:30:49.014 INFO [localhost-startStop-1] org.apache.openejb.assembler.classic.Assembler.startEjbs Created Ejb(deployment-id=DistributionRecommender, ejb-name=DistributionRecommender, container=Default Stateful Container)
15-Oct-2018 19:30:49.014 INFO [localhost-startStop-1] org.apache.openejb.assembler.classic.Assembler.startEjbs Created Ejb(deployment-id=Dummy, ejb-name=Dummy, container=Default Stateful Container)
15-Oct-2018 19:30:49.014 INFO [localhost-startStop-1] org.apache.openejb.assembler.classic.Assembler.startEjbs Created Ejb(deployment-id=EventBrokerImpl, ejb-name=EventBrokerImpl, container=Default Stateful Container)
15-Oct-2018 19:30:49.014 INFO [localhost-startStop-1] org.apache.openejb.assembler.classic.Assembler.startEjbs Created Ejb(deployment-id=Responder, ejb-name=Responder, container=Default Stateless Container)
15-Oct-2018 19:30:49.014 INFO [localhost-startStop-1] org.apache.openejb.assembler.classic.Assembler.startEjbs Created Ejb(deployment-id=DeviceServiceManagerImpl, ejb-name=DeviceServiceManagerImpl, container=Default Singleton Container)
15-Oct-2018 19:30:49.014 INFO [localhost-startStop-1] org.apache.openejb.assembler.classic.Assembler.startEjbs Created Ejb(deployment-id=SmcdCacheImpl, ejb-name=SmcdCacheImpl, container=Default Singleton Container)
15-Oct-2018 19:30:49.014 INFO [localhost-startStop-1] org.apache.openejb.assembler.classic.Assembler.startEjbs Created Ejb(deployment-id=ContextManagerImpl, ejb-name=ContextManagerImpl, container=Default Singleton Container)
15-Oct-2018 19:30:49.030 INFO [localhost-startStop-1] org.apache.openejb.assembler.classic.Assembler.startEjbs Created Ejb(deployment-id=MemoryClientRegistryService, ejb-name=MemoryClientRegistryService, container=Default Singleton Container)
15-Oct-2018 19:30:49.030 INFO [localhost-startStop-1] org.apache.openejb.assembler.classic.Assembler.startEjbs Created Ejb(deployment-id=ClientSessionFactoryImpl, ejb-name=ClientSessionFactoryImpl, container=Default Singleton Container)
15-Oct-2018 19:30:49.030 INFO [localhost-startStop-1] org.apache.openejb.assembler.classic.Assembler.startEjbs Created Ejb(deployment-id=ApolloMessageBrokerImpl, ejb-name=ApolloMessageBrokerImpl, container=Default Singleton Container)
15-Oct-2018 19:30:49.030 INFO [localhost-startStop-1] org.apache.openejb.assembler.classic.Assembler.startEjbs Created Ejb(deployment-id=ApplicationManagerFactory, ejb-name=ApplicationManagerFactory, container=Default Singleton Container)
15-Oct-2018 19:30:49.030 INFO [localhost-startStop-1] org.apache.openejb.assembler.classic.Assembler.startEjbs Created Ejb(deployment-id=RuntimeManager, ejb-name=RuntimeManager, container=Default Singleton Container)
15-Oct-2018 19:30:49.030 INFO [localhost-startStop-1] org.apache.openejb.assembler.classic.Assembler.startEjbs Created Ejb(deployment-id=DeviceRoleRepositoryImpl, ejb-name=DeviceRoleRepositoryImpl, container=Default Singleton Container)
15-Oct-2018 19:30:49.030 INFO [localhost-startStop-1] org.apache.openejb.assembler.classic.Assembler.startEjbs Created Ejb(deployment-id=AccessControlManagerFactory, ejb-name=AccessControlManagerFactory, container=Default Singleton Container)
15-Oct-2018 19:30:49.043 INFO [localhost-startStop-1] org.apache.openejb.assembler.classic.Assembler.startEjbs Started Ejb(deployment-id=EventDispatcherImpl, ejb-name=EventDispatcherImpl, container=Default Stateful Container)
15-Oct-2018 19:30:49.043 INFO [localhost-startStop-1] org.apache.openejb.assembler.classic.Assembler.startEjbs Started Ejb(deployment-id=RecommendationManagerImpl, ejb-name=RecommendationManagerImpl, container=Default Stateful Container)
15-Oct-2018 19:30:49.043 INFO [localhost-startStop-1] org.apache.openejb.assembler.classic.Assembler.startEjbs Started Ejb(deployment-id=ApplicationManagerImpl, ejb-name=ApplicationManagerImpl, container=Default Stateful Container)
15-Oct-2018 19:30:49.065 INFO [localhost-startStop-1] org.apache.openejb.assembler.classic.Assembler.startEjbs Started Ejb(deployment-id=DistributionServiceImpl, ejb-name=DistributionServiceImpl, container=Default Stateless Container)
15-Oct-2018 19:30:49.089 INFO [localhost-startStop-1] org.apache.openejb.assembler.classic.Assembler.startEjbs Started Ejb(deployment-id=RecommendationServiceImpl, ejb-name=RecommendationServiceImpl, container=Default Stateless Container)
15-Oct-2018 19:30:49.089 INFO [localhost-startStop-1] org.apache.openejb.assembler.classic.Assembler.startEjbs Started Ejb(deployment-id=TriggerManagerImpl, ejb-name=TriggerManagerImpl, container=Default Stateful Container)
15-Oct-2018 19:30:49.089 INFO [localhost-startStop-1] org.apache.openejb.assembler.classic.Assembler.startEjbs Started Ejb(deployment-id=LayoutModelInterpreter, ejb-name=LayoutModelInterpreter, container=Default Stateful Container)
15-Oct-2018 19:30:49.089 INFO [localhost-startStop-1] org.apache.openejb.assembler.classic.Assembler.startEjbs Started Ejb(deployment-id=DistributionManagerImpl, ejb-name=DistributionManagerImpl, container=Default Stateful Container)
15-Oct-2018 19:30:49.089 INFO [localhost-startStop-1] org.apache.openejb.assembler.classic.Assembler.startEjbs Started Ejb(deployment-id=IdResponseHandler, ejb-name=IdResponseHandler, container=Default Stateless Container)
15-Oct-2018 19:30:49.089 INFO [localhost-startStop-1] org.apache.openejb.assembler.classic.Assembler.startEjbs Started Ejb(deployment-id=CoRepositoryImpl, ejb-name=CoRepositoryImpl, container=Default Stateless Container)
15-Oct-2018 19:30:49.089 INFO [localhost-startStop-1] org.apache.openejb.assembler.classic.Assembler.startEjbs Started Ejb(deployment-id=AppRe, ejb-name=AppRe, container=Default Stateless Container)
15-Oct-2018 19:30:49.105 INFO [localhost-startStop-1] org.apache.openejb.assembler.classic.Assembler.startEjbs Started Ejb(deployment-id=TemplateResponseHandler, ejb-name=TemplateResponseHandler, container=Default Stateless Container)
15-Oct-2018 19:30:49.105 INFO [localhost-startStop-1] org.apache.openejb.assembler.classic.Assembler.startEjbs Started Ejb(deployment-id=ExchangeIdResponseHandler, ejb-name=ExchangeIdResponseHandler, container=Default Stateless Container)
15-Oct-2018 19:30:49.105 INFO [localhost-startStop-1] org.apache.openejb.assembler.classic.Assembler.startEjbs Started Ejb(deployment-id=DistributionModelInterpreterImpl, ejb-name=DistributionModelInterpreterImpl, container=Default Stateful Container)
15-Oct-2018 19:30:49.105 INFO [localhost-startStop-1] org.apache.openejb.assembler.classic.Assembler.startEjbs Started Ejb(deployment-id=AccessControlManagerImpl, ejb-name=AccessControlManagerImpl, container=Default Stateful Container)
15-Oct-2018 19:30:49.120 INFO [localhost-startStop-1] org.apache.openejb.assembler.classic.Assembler.startEjbs Started Ejb(deployment-id=TriggerRequestProcessorImpl, ejb-name=TriggerRequestProcessorImpl, container=Default Stateless Container)
15-Oct-2018 19:30:49.120 INFO [localhost-startStop-1] org.apache.openejb.assembler.classic.Assembler.startEjbs Started Ejb(deployment-id=AwarenessManagerImpl, ejb-name=AwarenessManagerImpl, container=Default Stateful Container)
15-Oct-2018 19:30:49.120 INFO [localhost-startStop-1] org.apache.openejb.assembler.classic.Assembler.startEjbs Started Ejb(deployment-id=ComponentManagerImpl, ejb-name=ComponentManagerImpl, container=Default Stateful Container)
15-Oct-2018 19:30:49.128 INFO [localhost-startStop-1] org.apache.openejb.assembler.classic.Assembler.startEjbs Started Ejb(deployment-id=ServiceAccessImpl, ejb-name=ServiceAccessImpl, container=Default Stateless Container)
15-Oct-2018 19:30:49.128 INFO [localhost-startStop-1] org.apache.openejb.assembler.classic.Assembler.startEjbs Started Ejb(deployment-id=CommunicationManagerImpl, ejb-name=CommunicationManagerImpl, container=Default Stateful Container)
15-Oct-2018 19:30:49.128 INFO [localhost-startStop-1] org.apache.openejb.assembler.classic.Assembler.startEjbs Started Ejb(deployment-id=ConceptualModelInterpreterImpl, ejb-name=ConceptualModelInterpreterImpl, container=Default Stateful Container)
15-Oct-2018 19:30:49.128 INFO [localhost-startStop-1] org.apache.openejb.assembler.classic.Assembler.startEjbs Started Ejb(deployment-id=ChannelCommunicationModelInterpreter, ejb-name=ChannelCommunicationModelInterpreter, container=Default Stateful Container)
15-Oct-2018 19:30:49.128 INFO [localhost-startStop-1] org.apache.openejb.assembler.classic.Assembler.startEjbs Started Ejb(deployment-id=DistributionRecommender, ejb-name=DistributionRecommender, container=Default Stateful Container)
15-Oct-2018 19:30:49.128 INFO [localhost-startStop-1] org.apache.openejb.assembler.classic.Assembler.startEjbs Started Ejb(deployment-id=Dummy, ejb-name=Dummy, container=Default Stateful Container)
15-Oct-2018 19:30:49.128 INFO [localhost-startStop-1] org.apache.openejb.assembler.classic.Assembler.startEjbs Started Ejb(deployment-id=EventBrokerImpl, ejb-name=EventBrokerImpl, container=Default Stateful Container)
15-Oct-2018 19:30:49.128 INFO [localhost-startStop-1] org.apache.openejb.assembler.classic.Assembler.startEjbs Started Ejb(deployment-id=Responder, ejb-name=Responder, container=Default Stateless Container)
15-Oct-2018 19:30:49.128 INFO [localhost-startStop-1] org.apache.openejb.assembler.classic.Assembler.startEjbs Started Ejb(deployment-id=DeviceServiceManagerImpl, ejb-name=DeviceServiceManagerImpl, container=Default Singleton Container)
15-Oct-2018 19:30:49.128 INFO [localhost-startStop-1] org.apache.openejb.assembler.classic.Assembler.startEjbs Started Ejb(deployment-id=SmcdCacheImpl, ejb-name=SmcdCacheImpl, container=Default Singleton Container)
15-Oct-2018 19:30:49.128 INFO [localhost-startStop-1] org.apache.openejb.assembler.classic.Assembler.startEjbs Started Ejb(deployment-id=ContextManagerImpl, ejb-name=ContextManagerImpl, container=Default Singleton Container)
15-Oct-2018 19:30:49.128 INFO [localhost-startStop-1] org.apache.openejb.assembler.classic.Assembler.startEjbs Started Ejb(deployment-id=MemoryClientRegistryService, ejb-name=MemoryClientRegistryService, container=Default Singleton Container)
15-Oct-2018 19:30:49.128 INFO [localhost-startStop-1] org.apache.openejb.assembler.classic.Assembler.startEjbs Started Ejb(deployment-id=ClientSessionFactoryImpl, ejb-name=ClientSessionFactoryImpl, container=Default Singleton Container)
15-Oct-2018 19:30:49.128 INFO [localhost-startStop-1] org.apache.openejb.assembler.classic.Assembler.startEjbs Started Ejb(deployment-id=ApolloMessageBrokerImpl, ejb-name=ApolloMessageBrokerImpl, container=Default Singleton Container)
15-Oct-2018 19:30:49.128 INFO [localhost-startStop-1] org.apache.openejb.assembler.classic.Assembler.startEjbs Started Ejb(deployment-id=ApplicationManagerFactory, ejb-name=ApplicationManagerFactory, container=Default Singleton Container)
15-Oct-2018 19:30:49.276 INFO [localhost-startStop-1] org.apache.openejb.assembler.classic.Assembler.startEjbs Started Ejb(deployment-id=RuntimeManager, ejb-name=RuntimeManager, container=Default Singleton Container)
15-Oct-2018 19:30:49.276 INFO [localhost-startStop-1] org.apache.openejb.assembler.classic.Assembler.startEjbs Started Ejb(deployment-id=DeviceRoleRepositoryImpl, ejb-name=DeviceRoleRepositoryImpl, container=Default Singleton Container)
15-Oct-2018 19:30:49.276 INFO [localhost-startStop-1] org.apache.openejb.assembler.classic.Assembler.startEjbs Started Ejb(deployment-id=AccessControlManagerFactory, ejb-name=AccessControlManagerFactory, container=Default Singleton Container)
15-Oct-2018 19:30:49.276 INFO [localhost-startStop-1] org.apache.tomee.catalina.TomcatWebAppBuilder.deployWebApps using context file C:\Users\witzbould\Downloads\apache-tomee-plus-7.1.0\webapps\csr-server\META-INF\context.xml
15-Oct-2018 19:30:49.294 INFO [localhost-startStop-1] org.apache.openejb.assembler.classic.Assembler.createApplication Deployed Application(path=C:\Users\witzbould\Downloads\apache-tomee-plus-7.1.0\webapps\csr-server)
15-Oct-2018 19:30:49.890 INFO [localhost-startStop-1] org.apache.jasper.servlet.TldScanner.scanJars At least one JAR was scanned for TLDs yet contained no TLDs. Enable debug logging for this logger for a complete list of JARs that were scanned but no TLDs were found in them. Skipping unneeded JARs during scanning can improve startup time and JSP compilation time.
15-Oct-2018 19:30:50.099 INFO [localhost-startStop-1] sun.reflect.DelegatingMethodAccessorImpl.invoke Deployment of web application archive [C:\Users\witzbould\Downloads\apache-tomee-plus-7.1.0\webapps\csr-server.war] has finished in [17,971] ms
15-Oct-2018 19:30:50.099 INFO [localhost-startStop-1] sun.reflect.DelegatingMethodAccessorImpl.invoke Deploying web application directory [C:\Users\witzbould\Downloads\apache-tomee-plus-7.1.0\webapps\docs]
15-Oct-2018 19:30:50.099 INFO [localhost-startStop-1] org.apache.tomee.catalina.TomcatWebAppBuilder.init ------------------------- localhost -> /docs
15-Oct-2018 19:30:50.176 INFO [localhost-startStop-1] org.apache.openejb.config.ConfigurationFactory.configureApplication Configuring enterprise application: C:\Users\witzbould\Downloads\apache-tomee-plus-7.1.0\webapps\docs
15-Oct-2018 19:30:50.189 INFO [localhost-startStop-1] org.apache.openejb.config.AppInfoBuilder.build Enterprise application "C:\Users\witzbould\Downloads\apache-tomee-plus-7.1.0\webapps\docs" loaded.
15-Oct-2018 19:30:50.190 INFO [localhost-startStop-1] org.apache.openejb.assembler.classic.Assembler.createApplication Assembling app: C:\Users\witzbould\Downloads\apache-tomee-plus-7.1.0\webapps\docs
15-Oct-2018 19:30:50.202 INFO [localhost-startStop-1] org.apache.openejb.assembler.classic.Assembler.createApplication Deployed Application(path=C:\Users\witzbould\Downloads\apache-tomee-plus-7.1.0\webapps\docs)
15-Oct-2018 19:30:50.236 INFO [localhost-startStop-1] org.apache.jasper.servlet.TldScanner.scanJars At least one JAR was scanned for TLDs yet contained no TLDs. Enable debug logging for this logger for a complete list of JARs that were scanned but no TLDs were found in them. Skipping unneeded JARs during scanning can improve startup time and JSP compilation time.
15-Oct-2018 19:30:50.264 INFO [localhost-startStop-1] sun.reflect.DelegatingMethodAccessorImpl.invoke Deployment of web application directory [C:\Users\witzbould\Downloads\apache-tomee-plus-7.1.0\webapps\docs] has finished in [165] ms
15-Oct-2018 19:30:50.264 INFO [localhost-startStop-1] sun.reflect.DelegatingMethodAccessorImpl.invoke Deploying web application directory [C:\Users\witzbould\Downloads\apache-tomee-plus-7.1.0\webapps\host-manager]
15-Oct-2018 19:30:50.278 INFO [localhost-startStop-1] org.apache.tomee.catalina.TomcatWebAppBuilder.init ------------------------- localhost -> /host-manager
15-Oct-2018 19:30:50.379 INFO [localhost-startStop-1] org.apache.openejb.config.ConfigurationFactory.configureApplication Configuring enterprise application: C:\Users\witzbould\Downloads\apache-tomee-plus-7.1.0\webapps\host-manager
15-Oct-2018 19:30:50.392 INFO [localhost-startStop-1] org.apache.openejb.config.AppInfoBuilder.build Enterprise application "C:\Users\witzbould\Downloads\apache-tomee-plus-7.1.0\webapps\host-manager" loaded.
15-Oct-2018 19:30:50.393 INFO [localhost-startStop-1] org.apache.openejb.assembler.classic.Assembler.createApplication Assembling app: C:\Users\witzbould\Downloads\apache-tomee-plus-7.1.0\webapps\host-manager
15-Oct-2018 19:30:50.396 INFO [localhost-startStop-1] org.apache.tomee.catalina.TomcatWebAppBuilder.deployWebApps using context file C:\Users\witzbould\Downloads\apache-tomee-plus-7.1.0\webapps\host-manager\META-INF\context.xml
15-Oct-2018 19:30:50.400 INFO [localhost-startStop-1] org.apache.openejb.assembler.classic.Assembler.createApplication Deployed Application(path=C:\Users\witzbould\Downloads\apache-tomee-plus-7.1.0\webapps\host-manager)
15-Oct-2018 19:30:50.432 INFO [localhost-startStop-1] org.apache.jasper.servlet.TldScanner.scanJars At least one JAR was scanned for TLDs yet contained no TLDs. Enable debug logging for this logger for a complete list of JARs that were scanned but no TLDs were found in them. Skipping unneeded JARs during scanning can improve startup time and JSP compilation time.
15-Oct-2018 19:30:50.474 INFO [localhost-startStop-1] sun.reflect.DelegatingMethodAccessorImpl.invoke Deployment of web application directory [C:\Users\witzbould\Downloads\apache-tomee-plus-7.1.0\webapps\host-manager] has finished in [210] ms
15-Oct-2018 19:30:50.474 INFO [localhost-startStop-1] sun.reflect.DelegatingMethodAccessorImpl.invoke Deploying web application directory [C:\Users\witzbould\Downloads\apache-tomee-plus-7.1.0\webapps\manager]
15-Oct-2018 19:30:50.480 INFO [localhost-startStop-1] org.apache.tomee.catalina.TomcatWebAppBuilder.init ------------------------- localhost -> /manager
15-Oct-2018 19:30:50.545 INFO [localhost-startStop-1] org.apache.openejb.config.ConfigurationFactory.configureApplication Configuring enterprise application: C:\Users\witzbould\Downloads\apache-tomee-plus-7.1.0\webapps\manager
15-Oct-2018 19:30:50.564 INFO [localhost-startStop-1] org.apache.openejb.config.AppInfoBuilder.build Enterprise application "C:\Users\witzbould\Downloads\apache-tomee-plus-7.1.0\webapps\manager" loaded.
15-Oct-2018 19:30:50.564 INFO [localhost-startStop-1] org.apache.openejb.assembler.classic.Assembler.createApplication Assembling app: C:\Users\witzbould\Downloads\apache-tomee-plus-7.1.0\webapps\manager
15-Oct-2018 19:30:50.574 INFO [localhost-startStop-1] org.apache.tomee.catalina.TomcatWebAppBuilder.deployWebApps using context file C:\Users\witzbould\Downloads\apache-tomee-plus-7.1.0\webapps\manager\META-INF\context.xml
15-Oct-2018 19:30:50.575 INFO [localhost-startStop-1] org.apache.openejb.assembler.classic.Assembler.createApplication Deployed Application(path=C:\Users\witzbould\Downloads\apache-tomee-plus-7.1.0\webapps\manager)
15-Oct-2018 19:30:50.621 INFO [localhost-startStop-1] org.apache.jasper.servlet.TldScanner.scanJars At least one JAR was scanned for TLDs yet contained no TLDs. Enable debug logging for this logger for a complete list of JARs that were scanned but no TLDs were found in them. Skipping unneeded JARs during scanning can improve startup time and JSP compilation time.
15-Oct-2018 19:30:50.671 INFO [localhost-startStop-1] sun.reflect.DelegatingMethodAccessorImpl.invoke Deployment of web application directory [C:\Users\witzbould\Downloads\apache-tomee-plus-7.1.0\webapps\manager] has finished in [197] ms
15-Oct-2018 19:30:50.671 INFO [localhost-startStop-1] sun.reflect.DelegatingMethodAccessorImpl.invoke Deploying web application directory [C:\Users\witzbould\Downloads\apache-tomee-plus-7.1.0\webapps\ROOT]
15-Oct-2018 19:30:50.671 INFO [localhost-startStop-1] org.apache.tomee.catalina.TomcatWebAppBuilder.init ------------------------- localhost -> /
15-Oct-2018 19:30:50.714 INFO [hawtdispatch-DEFAULT-1] org.apache.activemq.apollo.util.Log$class.info OS     : Windows 10 10.0
15-Oct-2018 19:30:50.716 INFO [hawtdispatch-DEFAULT-1] org.apache.activemq.apollo.util.Log$class.info JVM    : Java HotSpot(TM) 64-Bit Server VM 1.8.0_72 (Oracle Corporation)
15-Oct-2018 19:30:50.719 INFO [hawtdispatch-DEFAULT-1] org.apache.activemq.apollo.util.Log$class.info Apollo : 1.7.1
15-Oct-2018 19:30:50.782 INFO [localhost-startStop-1] org.apache.openejb.config.ConfigurationFactory.configureApplication Configuring enterprise application: C:\Users\witzbould\Downloads\apache-tomee-plus-7.1.0\webapps\ROOT
15-Oct-2018 19:30:50.794 INFO [localhost-startStop-1] org.apache.openejb.config.AppInfoBuilder.build Enterprise application "C:\Users\witzbould\Downloads\apache-tomee-plus-7.1.0\webapps\ROOT" loaded.
15-Oct-2018 19:30:50.794 INFO [localhost-startStop-1] org.apache.openejb.assembler.classic.Assembler.createApplication Assembling app: C:\Users\witzbould\Downloads\apache-tomee-plus-7.1.0\webapps\ROOT
15-Oct-2018 19:30:50.814 INFO [localhost-startStop-1] org.apache.openejb.assembler.classic.Assembler.createApplication Deployed Application(path=C:\Users\witzbould\Downloads\apache-tomee-plus-7.1.0\webapps\ROOT)
15-Oct-2018 19:30:50.863 INFO [localhost-startStop-1] org.apache.jasper.servlet.TldScanner.scanJars At least one JAR was scanned for TLDs yet contained no TLDs. Enable debug logging for this logger for a complete list of JARs that were scanned but no TLDs were found in them. Skipping unneeded JARs during scanning can improve startup time and JSP compilation time.
15-Oct-2018 19:30:50.903 INFO [localhost-startStop-1] sun.reflect.DelegatingMethodAccessorImpl.invoke Deployment of web application directory [C:\Users\witzbould\Downloads\apache-tomee-plus-7.1.0\webapps\ROOT] has finished in [232] ms
15-Oct-2018 19:30:50.910 INFO [main] sun.reflect.DelegatingMethodAccessorImpl.invoke Starting ProtocolHandler ["http-nio-8080"]
15-Oct-2018 19:30:50.925 INFO [main] sun.reflect.DelegatingMethodAccessorImpl.invoke Starting ProtocolHandler ["ajp-nio-8009"]
15-Oct-2018 19:30:50.935 INFO [main] sun.reflect.DelegatingMethodAccessorImpl.invoke Server startup in 18912 ms
15-Oct-2018 19:30:51.312 INFO [hawtdispatch-DEFAULT-1] org.apache.activemq.apollo.util.Log$class.info Accepting connections at: tcp://0.0.0.0:8086
15-Oct-2018 19:30:51.362 INFO [hawtdispatch-DEFAULT-1] org.apache.activemq.apollo.util.Log$class.info Accepting connections at: vm://localhost
15-Oct-2018 19:30:51.441 INFO [Apollo Task] org.eclipse.jetty.server.Server.doStart jetty-8.1.11.v20130520
15-Oct-2018 19:30:51.530 INFO [Apollo Task] org.eclipse.jetty.server.AbstractConnector.doStart Started SelectChannelConnector@0.0.0.0:8082
15-Oct-2018 19:30:51.530 INFO [Apollo Task] org.apache.activemq.apollo.util.Log$class.info Accepting connections at: ws://0.0.0.0:8082/
15-Oct-2018 19:30:51.718 INFO [hawtdispatch-DEFAULT-2] org.apache.activemq.apollo.util.Log$class.info connected: local:/127.0.0.1:8086, remote:/127.0.0.1:50140
15-Oct-2018 19:30:51.830 INFO [hawtdispatch-DEFAULT-2] org.apache.activemq.apollo.util.Log$class.info connected: local:/127.0.0.1:8086, remote:/127.0.0.1:50140
15-Oct-2018 19:32:22.769 INFO [Thread-19] sun.reflect.DelegatingMethodAccessorImpl.invoke Pausing ProtocolHandler ["http-nio-8080"]
15-Oct-2018 19:32:22.992 INFO [Thread-19] sun.reflect.DelegatingMethodAccessorImpl.invoke Pausing ProtocolHandler ["ajp-nio-8009"]
15-Oct-2018 19:32:23.155 INFO [Thread-19] sun.reflect.DelegatingMethodAccessorImpl.invoke Stopping service [Catalina]
15-Oct-2018 19:32:23.193 INFO [localhost-startStop-2] org.apache.openejb.assembler.classic.Assembler.destroyApplication Undeploying app: C:\Users\witzbould\Downloads\apache-tomee-plus-7.1.0\webapps\csr-server
15-Oct-2018 19:32:23.532 WARNING [localhost-startStop-2] org.apache.catalina.loader.WebappClassLoaderBase.clearReferencesThreads The web application [csr-server] appears to have started a thread named [hawtdispatch timer] but has failed to stop it. This is very likely to create a memory leak. Stack trace of thread:
 java.lang.Object.wait(Native Method)
 java.lang.Object.wait(Object.java:460)
 org.fusesource.hawtdispatch.internal.TimerThread.run(TimerThread.java:188)
15-Oct-2018 19:32:23.533 WARNING [localhost-startStop-2] org.apache.catalina.loader.WebappClassLoaderBase.clearReferencesThreads The web application [csr-server] appears to have started a thread named [hawtdispatch-DEFAULT-1] but has failed to stop it. This is very likely to create a memory leak. Stack trace of thread:
 sun.nio.ch.WindowsSelectorImpl$SubSelector.poll0(Native Method)
 sun.nio.ch.WindowsSelectorImpl$SubSelector.poll(WindowsSelectorImpl.java:296)
 sun.nio.ch.WindowsSelectorImpl$SubSelector.access$400(WindowsSelectorImpl.java:278)
 sun.nio.ch.WindowsSelectorImpl.doSelect(WindowsSelectorImpl.java:159)
 sun.nio.ch.SelectorImpl.lockAndDoSelect(SelectorImpl.java:86)
 sun.nio.ch.SelectorImpl.select(SelectorImpl.java:97)
 sun.nio.ch.SelectorImpl.select(SelectorImpl.java:101)
 org.fusesource.hawtdispatch.internal.NioManager$SelectStrategy.select(NioManager.java:52)
 org.fusesource.hawtdispatch.internal.NioManager.select(NioManager.java:182)
 org.fusesource.hawtdispatch.internal.pool.SimplePool.park(SimplePool.java:130)
 org.fusesource.hawtdispatch.internal.pool.SimpleThread.run(SimpleThread.java:75)
15-Oct-2018 19:32:23.535 WARNING [localhost-startStop-2] org.apache.catalina.loader.WebappClassLoaderBase.clearReferencesThreads The web application [csr-server] appears to have started a thread named [hawtdispatch-DEFAULT-2] but has failed to stop it. This is very likely to create a memory leak. Stack trace of thread:
 sun.nio.ch.SocketDispatcher.read0(Native Method)
 sun.nio.ch.SocketDispatcher.read(SocketDispatcher.java:43)
 sun.nio.ch.IOUtil.readIntoNativeBuffer(IOUtil.java:223)
 sun.nio.ch.IOUtil.read(IOUtil.java:197)
 sun.nio.ch.SocketChannelImpl.read(SocketChannelImpl.java:380)
 org.fusesource.hawtdispatch.transport.AbstractProtocolCodec.read(AbstractProtocolCodec.java:326)
 org.fusesource.hawtdispatch.transport.TcpTransport.drainInbound(TcpTransport.java:706)
 org.fusesource.hawtdispatch.transport.TcpTransport$6.run(TcpTransport.java:588)
 org.fusesource.hawtdispatch.internal.NioDispatchSource$3.run(NioDispatchSource.java:209)
 org.fusesource.hawtdispatch.internal.SerialDispatchQueue.run(SerialDispatchQueue.java:100)
 org.fusesource.hawtdispatch.internal.pool.SimpleThread.run(SimpleThread.java:77)
15-Oct-2018 19:32:23.535 WARNING [localhost-startStop-2] org.apache.catalina.loader.WebappClassLoaderBase.clearReferencesThreads The web application [csr-server] appears to have started a thread named [hawtdispatch-DEFAULT-3] but has failed to stop it. This is very likely to create a memory leak. Stack trace of thread:
 sun.nio.ch.WindowsSelectorImpl$SubSelector.poll0(Native Method)
 sun.nio.ch.WindowsSelectorImpl$SubSelector.poll(WindowsSelectorImpl.java:296)
 sun.nio.ch.WindowsSelectorImpl$SubSelector.access$400(WindowsSelectorImpl.java:278)
 sun.nio.ch.WindowsSelectorImpl.doSelect(WindowsSelectorImpl.java:159)
 sun.nio.ch.SelectorImpl.lockAndDoSelect(SelectorImpl.java:86)
 sun.nio.ch.SelectorImpl.select(SelectorImpl.java:97)
 sun.nio.ch.SelectorImpl.select(SelectorImpl.java:101)
 org.fusesource.hawtdispatch.internal.NioManager$SelectStrategy.select(NioManager.java:52)
 org.fusesource.hawtdispatch.internal.NioManager.select(NioManager.java:182)
 org.fusesource.hawtdispatch.internal.pool.SimplePool.park(SimplePool.java:130)
 org.fusesource.hawtdispatch.internal.pool.SimpleThread.run(SimpleThread.java:75)
15-Oct-2018 19:32:23.536 WARNING [localhost-startStop-2] org.apache.catalina.loader.WebappClassLoaderBase.clearReferencesThreads The web application [csr-server] appears to have started a thread named [hawtdispatch-DEFAULT-4] but has failed to stop it. This is very likely to create a memory leak. Stack trace of thread:
 sun.nio.ch.WindowsSelectorImpl$SubSelector.poll0(Native Method)
 sun.nio.ch.WindowsSelectorImpl$SubSelector.poll(WindowsSelectorImpl.java:296)
 sun.nio.ch.WindowsSelectorImpl$SubSelector.access$400(WindowsSelectorImpl.java:278)
 sun.nio.ch.WindowsSelectorImpl.doSelect(WindowsSelectorImpl.java:159)
 sun.nio.ch.SelectorImpl.lockAndDoSelect(SelectorImpl.java:86)
 sun.nio.ch.SelectorImpl.select(SelectorImpl.java:97)
 sun.nio.ch.SelectorImpl.select(SelectorImpl.java:101)
 org.fusesource.hawtdispatch.internal.NioManager$SelectStrategy.select(NioManager.java:52)
 org.fusesource.hawtdispatch.internal.NioManager.select(NioManager.java:182)
 org.fusesource.hawtdispatch.internal.pool.SimplePool.park(SimplePool.java:130)
 org.fusesource.hawtdispatch.internal.pool.SimpleThread.run(SimpleThread.java:75)
15-Oct-2018 19:32:23.538 WARNING [localhost-startStop-2] org.apache.catalina.loader.WebappClassLoaderBase.clearReferencesThreads The web application [csr-server] appears to have started a thread named [Apollo Task] but has failed to stop it. This is very likely to create a memory leak. Stack trace of thread:
 sun.misc.Unsafe.park(Native Method)
 java.util.concurrent.locks.LockSupport.parkNanos(LockSupport.java:215)
 java.util.concurrent.SynchronousQueue$TransferStack.awaitFulfill(SynchronousQueue.java:460)
 java.util.concurrent.SynchronousQueue$TransferStack.transfer(SynchronousQueue.java:362)
 java.util.concurrent.SynchronousQueue.poll(SynchronousQueue.java:941)
 java.util.concurrent.ThreadPoolExecutor.getTask(ThreadPoolExecutor.java:1066)
 java.util.concurrent.ThreadPoolExecutor.runWorker(ThreadPoolExecutor.java:1127)
 java.util.concurrent.ThreadPoolExecutor$Worker.run(ThreadPoolExecutor.java:617)
 java.lang.Thread.run(Thread.java:745)
15-Oct-2018 19:32:23.539 WARNING [localhost-startStop-2] org.apache.catalina.loader.WebappClassLoaderBase.clearReferencesThreads The web application [csr-server] appears to have started a thread named [Apollo Task Selector0] but has failed to stop it. This is very likely to create a memory leak. Stack trace of thread:
 sun.nio.ch.WindowsSelectorImpl$SubSelector.poll0(Native Method)
 sun.nio.ch.WindowsSelectorImpl$SubSelector.poll(WindowsSelectorImpl.java:296)
 sun.nio.ch.WindowsSelectorImpl$SubSelector.access$400(WindowsSelectorImpl.java:278)
 sun.nio.ch.WindowsSelectorImpl.doSelect(WindowsSelectorImpl.java:159)
 sun.nio.ch.SelectorImpl.lockAndDoSelect(SelectorImpl.java:86)
 sun.nio.ch.SelectorImpl.select(SelectorImpl.java:97)
 org.eclipse.jetty.io.nio.SelectorManager$SelectSet.doSelect(SelectorManager.java:569)
 org.eclipse.jetty.io.nio.SelectorManager$1.run(SelectorManager.java:290)
 java.util.concurrent.ThreadPoolExecutor.runWorker(ThreadPoolExecutor.java:1142)
 java.util.concurrent.ThreadPoolExecutor$Worker.run(ThreadPoolExecutor.java:617)
 java.lang.Thread.run(Thread.java:745)
15-Oct-2018 19:32:23.541 WARNING [localhost-startStop-2] org.apache.catalina.loader.WebappClassLoaderBase.clearReferencesThreads The web application [csr-server] appears to have started a thread named [Apollo Task Acceptor0 SelectChannelConnector@0.0.0.0:8082] but has failed to stop it. This is very likely to create a memory leak. Stack trace of thread:
 sun.nio.ch.ServerSocketChannelImpl.accept0(Native Method)
 sun.nio.ch.ServerSocketChannelImpl.accept(ServerSocketChannelImpl.java:422)
 sun.nio.ch.ServerSocketChannelImpl.accept(ServerSocketChannelImpl.java:250)
 org.eclipse.jetty.server.nio.SelectChannelConnector.accept(SelectChannelConnector.java:109)
 org.eclipse.jetty.server.AbstractConnector$Acceptor.run(AbstractConnector.java:938)
 java.util.concurrent.ThreadPoolExecutor.runWorker(ThreadPoolExecutor.java:1142)
 java.util.concurrent.ThreadPoolExecutor$Worker.run(ThreadPoolExecutor.java:617)
 java.lang.Thread.run(Thread.java:745)
15-Oct-2018 19:32:23.544 SEVERE [localhost-startStop-2] org.apache.catalina.loader.WebappClassLoaderBase.checkThreadLocalMapForLeaks The web application [csr-server] created a ThreadLocal with key of type [java.lang.ThreadLocal] (value [java.lang.ThreadLocal@98b703c]) and a value of type [org.fusesource.hawtdispatch.internal.NioDispatchSource.KeyState] (value [{ready: [] }]) but failed to remove it when the web application was stopped. Threads are going to be renewed over time to try and avoid a probable memory leak.
15-Oct-2018 19:32:23.544 SEVERE [localhost-startStop-2] org.apache.catalina.loader.WebappClassLoaderBase.checkThreadLocalMapForLeaks The web application [csr-server] created a ThreadLocal with key of type [java.lang.ThreadLocal] (value [java.lang.ThreadLocal@7220d346]) and a value of type [org.fusesource.hawtdispatch.util.ThreadLocalPool.Pool] (value [org.fusesource.hawtdispatch.util.ThreadLocalPool$Pool@3c1da527]) but failed to remove it when the web application was stopped. Threads are going to be renewed over time to try and avoid a probable memory leak.
15-Oct-2018 19:32:23.544 SEVERE [localhost-startStop-2] org.apache.catalina.loader.WebappClassLoaderBase.checkThreadLocalMapForLeaks The web application [csr-server] created a ThreadLocal with key of type [java.lang.ThreadLocal] (value [java.lang.ThreadLocal@5d5b780f]) and a value of type [org.fusesource.hawtdispatch.util.ThreadLocalPool.Pool] (value [org.fusesource.hawtdispatch.util.ThreadLocalPool$Pool@f83f908]) but failed to remove it when the web application was stopped. Threads are going to be renewed over time to try and avoid a probable memory leak.
15-Oct-2018 19:32:23.544 SEVERE [localhost-startStop-2] org.apache.catalina.loader.WebappClassLoaderBase.checkThreadLocalMapForLeaks The web application [csr-server] created a ThreadLocal with key of type [java.lang.ThreadLocal] (value [java.lang.ThreadLocal@7bcda15d]) and a value of type [org.fusesource.hawtdispatch.internal.NioDispatchSource.KeyState] (value [{ready: [] }]) but failed to remove it when the web application was stopped. Threads are going to be renewed over time to try and avoid a probable memory leak.
15-Oct-2018 19:32:23.545 SEVERE [localhost-startStop-2] org.apache.catalina.loader.WebappClassLoaderBase.checkThreadLocalMapForLeaks The web application [csr-server] created a ThreadLocal with key of type [java.lang.ThreadLocal] (value [java.lang.ThreadLocal@7220d346]) and a value of type [org.fusesource.hawtdispatch.util.ThreadLocalPool.Pool] (value [org.fusesource.hawtdispatch.util.ThreadLocalPool$Pool@2a28179e]) but failed to remove it when the web application was stopped. Threads are going to be renewed over time to try and avoid a probable memory leak.
15-Oct-2018 19:32:23.545 SEVERE [localhost-startStop-2] org.apache.catalina.loader.WebappClassLoaderBase.checkThreadLocalMapForLeaks The web application [csr-server] created a ThreadLocal with key of type [java.lang.ThreadLocal] (value [java.lang.ThreadLocal@5d5b780f]) and a value of type [org.fusesource.hawtdispatch.util.ThreadLocalPool.Pool] (value [org.fusesource.hawtdispatch.util.ThreadLocalPool$Pool@2cb589d4]) but failed to remove it when the web application was stopped. Threads are going to be renewed over time to try and avoid a probable memory leak.
15-Oct-2018 19:32:23.545 SEVERE [localhost-startStop-2] org.apache.catalina.loader.WebappClassLoaderBase.checkThreadLocalMapForLeaks The web application [csr-server] created a ThreadLocal with key of type [java.lang.ThreadLocal] (value [java.lang.ThreadLocal@7220d346]) and a value of type [org.fusesource.hawtdispatch.util.ThreadLocalPool.Pool] (value [org.fusesource.hawtdispatch.util.ThreadLocalPool$Pool@3cee7ef3]) but failed to remove it when the web application was stopped. Threads are going to be renewed over time to try and avoid a probable memory leak.
15-Oct-2018 19:32:23.599 INFO [localhost-startStop-2] org.apache.openejb.assembler.classic.Assembler.destroyApplication Undeploying app: C:\Users\witzbould\Downloads\apache-tomee-plus-7.1.0\webapps\docs
15-Oct-2018 19:32:23.762 INFO [localhost-startStop-2] org.apache.openejb.assembler.classic.Assembler.destroyApplication Undeploying app: C:\Users\witzbould\Downloads\apache-tomee-plus-7.1.0\webapps\host-manager
15-Oct-2018 19:32:23.879 INFO [localhost-startStop-2] org.apache.openejb.assembler.classic.Assembler.destroyApplication Undeploying app: C:\Users\witzbould\Downloads\apache-tomee-plus-7.1.0\webapps\manager
15-Oct-2018 19:32:24.002 INFO [localhost-startStop-2] org.apache.openejb.assembler.classic.Assembler.destroyApplication Undeploying app: C:\Users\witzbould\Downloads\apache-tomee-plus-7.1.0\webapps\ROOT
15-Oct-2018 19:32:24.108 INFO [Thread-19] sun.reflect.DelegatingMethodAccessorImpl.invoke Stopping ProtocolHandler ["http-nio-8080"]
15-Oct-2018 19:32:24.112 INFO [Thread-19] sun.reflect.DelegatingMethodAccessorImpl.invoke Stopping ProtocolHandler ["ajp-nio-8009"]
15-Oct-2018 19:32:24.118 INFO [Thread-19] org.apache.openejb.server.SimpleServiceManager.stop Stopping server services
15-Oct-2018 19:32:24.188 INFO [Thread-19] sun.reflect.DelegatingMethodAccessorImpl.invoke Destroying ProtocolHandler ["http-nio-8080"]
15-Oct-2018 19:32:24.194 INFO [Thread-19] sun.reflect.DelegatingMethodAccessorImpl.invoke Destroying ProtocolHandler ["ajp-nio-8009"]
