25-Nov-2018 21:35:19.942 INFO [main] sun.reflect.NativeMethodAccessorImpl.invoke Server version:        Apache Tomcat (TomEE)/8.5.32 (7.1.0)
25-Nov-2018 21:35:19.942 INFO [main] sun.reflect.NativeMethodAccessorImpl.invoke Server built:          Jun 20 2018 19:50:35 UTC
25-Nov-2018 21:35:19.942 INFO [main] sun.reflect.NativeMethodAccessorImpl.invoke Server number:         8.5.32.0
25-Nov-2018 21:35:19.942 INFO [main] sun.reflect.NativeMethodAccessorImpl.invoke OS Name:               Windows 10
25-Nov-2018 21:35:19.942 INFO [main] sun.reflect.NativeMethodAccessorImpl.invoke OS Version:            10.0
25-Nov-2018 21:35:19.942 INFO [main] sun.reflect.NativeMethodAccessorImpl.invoke Architecture:          amd64
25-Nov-2018 21:35:19.942 INFO [main] sun.reflect.NativeMethodAccessorImpl.invoke Java Home:             C:\Program Files\Java\jdk1.8.0_72\jre
25-Nov-2018 21:35:19.942 INFO [main] sun.reflect.NativeMethodAccessorImpl.invoke JVM Version:           1.8.0_72-b15
25-Nov-2018 21:35:19.942 INFO [main] sun.reflect.NativeMethodAccessorImpl.invoke JVM Vendor:            Oracle Corporation
25-Nov-2018 21:35:19.942 INFO [main] sun.reflect.NativeMethodAccessorImpl.invoke CATALINA_BASE:         C:\Projects\KP_WME\CSR_Server
25-Nov-2018 21:35:19.942 INFO [main] sun.reflect.NativeMethodAccessorImpl.invoke CATALINA_HOME:         C:\Projects\KP_WME\CSR_Server
25-Nov-2018 21:35:19.942 INFO [main] sun.reflect.NativeMethodAccessorImpl.invoke Command line argument: -Djava.util.logging.config.file=C:\Projects\KP_WME\CSR_Server\conf\logging.properties
25-Nov-2018 21:35:19.942 INFO [main] sun.reflect.NativeMethodAccessorImpl.invoke Command line argument: -Djava.util.logging.manager=org.apache.juli.ClassLoaderLogManager
25-Nov-2018 21:35:19.942 INFO [main] sun.reflect.NativeMethodAccessorImpl.invoke Command line argument: -javaagent:C:\Projects\KP_WME\CSR_Server\lib\openejb-javaagent.jar
25-Nov-2018 21:35:19.942 INFO [main] sun.reflect.NativeMethodAccessorImpl.invoke Command line argument: -Djdk.tls.ephemeralDHKeySize=2048
25-Nov-2018 21:35:19.942 INFO [main] sun.reflect.NativeMethodAccessorImpl.invoke Command line argument: -Djava.protocol.handler.pkgs=org.apache.catalina.webresources
25-Nov-2018 21:35:19.942 INFO [main] sun.reflect.DelegatingMethodAccessorImpl.invoke Command line argument: -Dignore.endorsed.dirs=
25-Nov-2018 21:35:19.947 INFO [main] sun.reflect.DelegatingMethodAccessorImpl.invoke Command line argument: -Dcatalina.base=C:\Projects\KP_WME\CSR_Server
25-Nov-2018 21:35:19.947 INFO [main] sun.reflect.DelegatingMethodAccessorImpl.invoke Command line argument: -Dcatalina.home=C:\Projects\KP_WME\CSR_Server
25-Nov-2018 21:35:19.947 INFO [main] sun.reflect.DelegatingMethodAccessorImpl.invoke Command line argument: -Djava.io.tmpdir=C:\Projects\KP_WME\CSR_Server\temp
25-Nov-2018 21:35:19.947 INFO [main] sun.reflect.DelegatingMethodAccessorImpl.invoke The APR based Apache Tomcat Native library which allows optimal performance in production environments was not found on the java.library.path: [C:\Program Files\Java\jdk1.8.0_72\bin;C:\WINDOWS\Sun\Java\bin;C:\WINDOWS\system32;C:\WINDOWS;C:\Python27\;C:\Python27\Scripts;C:\Program Files (x86)\Common Files\Oracle\Java\javapath;C:\Program Files (x86)\Intel\iCLS Client\;C:\PROGRAM FILES\INTEL\ICLS CLIENT\;C:\libs\Qt\5.7\msvc2015_64\BIN;C:\PROGRAMDATA\ORACLE\JAVA\JAVAPATH;C:\PROGRAM FILES\DELL\DW WLAN CARD;C:\WINDOWS\SYSTEM32;C:\WINDOWS;C:\WINDOWS\SYSTEM32\WBEM;C:\WINDOWS\SYSTEM32\WINDOWSPOWERSHELL\V1.0\;C:\PROGRAMDATA\CHOCOLATEY\BIN;C:\PROGRAM FILES\GIT\CMD;C:\PROGRAM FILES\SLIKSVN\BIN;C:\PROGRAM FILES\OPENVPN\BIN;C:\WINDOWS\SYSTEM32;C:\WINDOWS;C:\WINDOWS\SYSTEM32\WBEM;C:\WINDOWS\SYSTEM32\WINDOWSPOWERSHELL\V1.0\;C:\tools\opencv\build\x64\vc14\BIN;C:\PROGRAM FILES\CMAKE\BIN;C:\libs\tbb2017_20160916oss\BIN\INTEL64\VC14;C:\Program Files\WIDCOMM\Bluetooth Software\;C:\Program Files\WIDCOMM\Bluetooth Software\syswow64;C:\WINDOWS\system32;C:\WINDOWS;C:\WINDOWS\System32\Wbem;C:\WINDOWS\System32\WindowsPowerShell\v1.0\;C:\Program Files\Microsoft SQL Server\130\Tools\Binn\;C:\Program Files\dotnet\;C:\Program Files (x86)\Intel\Intel(R) Management Engine Components\DAL;C:\Program Files\Intel\Intel(R) Management Engine Components\DAL;C:\Program Files (x86)\Intel\Intel(R) Management Engine Components\IPT;C:\Program Files\Intel\Intel(R) Management Engine Components\IPT;C:\WINDOWS\System32\OpenSSH\;C:\Program Files\MiKTeX 2.9\miktex\bin\x64\;C:\Program Files\Microsoft VS Code\bin;C:\Program Files\Git\cmd;C:\Program Files\nodejs\;C:\Users\witzbould\AppData\Local\Microsoft\WindowsApps;C:\Users\witzbould\AppData\Local\Microsoft\WindowsApps;C:\Program Files\Microsoft VS Code\bin;C:\Program Files\Java\jdk1.8.0_72;C:\Users\witzbould\AppData\Roaming\npm;.]
25-Nov-2018 21:35:21.174 INFO [main] sun.reflect.DelegatingMethodAccessorImpl.invoke Initializing ProtocolHandler ["http-nio-8080"]
25-Nov-2018 21:35:21.316 INFO [main] sun.reflect.DelegatingMethodAccessorImpl.invoke Using a shared selector for servlet write/read
25-Nov-2018 21:35:21.327 INFO [main] sun.reflect.DelegatingMethodAccessorImpl.invoke Initializing ProtocolHandler ["ajp-nio-8009"]
25-Nov-2018 21:35:21.327 INFO [main] sun.reflect.DelegatingMethodAccessorImpl.invoke Using a shared selector for servlet write/read
25-Nov-2018 21:35:21.916 INFO [main] org.apache.openejb.util.OptionsLog.info Using 'openejb.jdbc.datasource-creator=org.apache.tomee.jdbc.TomEEDataSourceCreator'
25-Nov-2018 21:35:22.074 INFO [main] org.apache.openejb.OpenEJB$Instance.<init> ********************************************************************************
25-Nov-2018 21:35:22.074 INFO [main] org.apache.openejb.OpenEJB$Instance.<init> OpenEJB http://tomee.apache.org/
25-Nov-2018 21:35:22.074 INFO [main] org.apache.openejb.OpenEJB$Instance.<init> Startup: Sun Nov 25 21:35:22 CET 2018
25-Nov-2018 21:35:22.074 INFO [main] org.apache.openejb.OpenEJB$Instance.<init> Copyright 1999-2018 (C) Apache OpenEJB Project, All Rights Reserved.
25-Nov-2018 21:35:22.074 INFO [main] org.apache.openejb.OpenEJB$Instance.<init> Version: 7.1.0
25-Nov-2018 21:35:22.074 INFO [main] org.apache.openejb.OpenEJB$Instance.<init> Build date: 20180902
25-Nov-2018 21:35:22.074 INFO [main] org.apache.openejb.OpenEJB$Instance.<init> Build time: 09:50
25-Nov-2018 21:35:22.074 INFO [main] org.apache.openejb.OpenEJB$Instance.<init> ********************************************************************************
25-Nov-2018 21:35:22.074 INFO [main] org.apache.openejb.OpenEJB$Instance.<init> openejb.home = C:\Projects\KP_WME\CSR_Server
25-Nov-2018 21:35:22.074 INFO [main] org.apache.openejb.OpenEJB$Instance.<init> openejb.base = C:\Projects\KP_WME\CSR_Server
25-Nov-2018 21:35:22.077 INFO [main] org.apache.openejb.cdi.CdiBuilder.initializeOWB Created new singletonService org.apache.openejb.cdi.ThreadSingletonServiceImpl@2b6faea6
25-Nov-2018 21:35:22.077 INFO [main] org.apache.openejb.cdi.CdiBuilder.initializeOWB Succeeded in installing singleton service
25-Nov-2018 21:35:22.133 INFO [main] org.apache.openejb.config.ConfigurationFactory.init TomEE configuration file is 'C:\Projects\KP_WME\CSR_Server\conf\tomee.xml'
25-Nov-2018 21:35:22.197 INFO [main] org.apache.openejb.config.ConfigurationFactory.configureService Configuring Service(id=Tomcat Security Service, type=SecurityService, provider-id=Tomcat Security Service)
25-Nov-2018 21:35:22.197 INFO [main] org.apache.openejb.config.ConfigurationFactory.configureService Configuring Service(id=Default Transaction Manager, type=TransactionManager, provider-id=Default Transaction Manager)
25-Nov-2018 21:35:22.204 INFO [main] org.apache.openejb.util.OptionsLog.info Using 'openejb.deployments.classpath=false'
25-Nov-2018 21:35:22.222 INFO [main] org.apache.openejb.assembler.classic.Assembler.createRecipe Creating TransactionManager(id=Default Transaction Manager)
25-Nov-2018 21:35:22.287 INFO [main] org.apache.openejb.assembler.classic.Assembler.createRecipe Creating SecurityService(id=Tomcat Security Service)
25-Nov-2018 21:35:22.416 INFO [main] org.apache.openejb.server.ServiceManager.initServer Creating ServerService(id=cxf)
25-Nov-2018 21:35:22.716 INFO [main] org.apache.openejb.server.ServiceManager.initServer Creating ServerService(id=cxf-rs)
25-Nov-2018 21:35:22.804 INFO [main] org.apache.openejb.server.SimpleServiceManager.start   ** Bound Services **
25-Nov-2018 21:35:22.804 INFO [main] org.apache.openejb.server.SimpleServiceManager.printRow   NAME                 IP              PORT  
25-Nov-2018 21:35:22.804 INFO [main] org.apache.openejb.server.SimpleServiceManager.start -------
25-Nov-2018 21:35:22.804 INFO [main] org.apache.openejb.server.SimpleServiceManager.start Ready!
25-Nov-2018 21:35:22.804 INFO [main] sun.reflect.DelegatingMethodAccessorImpl.invoke Initialization processed in 3556 ms
25-Nov-2018 21:35:22.864 INFO [main] org.apache.tomee.catalina.OpenEJBNamingContextListener.bindResource Importing a Tomcat Resource with id 'UserDatabase' of type 'org.apache.catalina.UserDatabase'.
25-Nov-2018 21:35:22.864 INFO [main] org.apache.openejb.assembler.classic.Assembler.createRecipe Creating Resource(id=UserDatabase)
25-Nov-2018 21:35:22.876 INFO [main] sun.reflect.DelegatingMethodAccessorImpl.invoke Starting service [Catalina]
25-Nov-2018 21:35:22.876 INFO [main] sun.reflect.DelegatingMethodAccessorImpl.invoke Starting Servlet Engine: Apache Tomcat (TomEE)/8.5.32 (7.1.0)
25-Nov-2018 21:35:22.956 INFO [localhost-startStop-1] sun.reflect.DelegatingMethodAccessorImpl.invoke Deploying web application archive [C:\Projects\KP_WME\CSR_Server\webapps\csr-server.war]
25-Nov-2018 21:35:22.971 INFO [localhost-startStop-1] org.apache.tomee.catalina.TomcatWebAppBuilder.init ------------------------- localhost -> /csr-server
25-Nov-2018 21:35:23.018 WARNING [localhost-startStop-1] org.apache.catalina.startup.SetContextPropertiesRule.begin [SetContextPropertiesRule]{Context} Setting property 'antiJARLocking' to 'true' did not find a matching property.
25-Nov-2018 21:35:32.356 INFO [localhost-startStop-1] org.apache.openejb.config.ConfigurationFactory.configureApplication Configuring enterprise application: C:\Projects\KP_WME\CSR_Server\webapps\csr-server
25-Nov-2018 21:35:33.404 INFO [localhost-startStop-1] org.apache.openejb.config.InitEjbDeployments.deploy Auto-deploying ejb MemoryClientRegistryService: EjbDeployment(deployment-id=MemoryClientRegistryService)
25-Nov-2018 21:35:33.404 INFO [localhost-startStop-1] org.apache.openejb.config.InitEjbDeployments.deploy Auto-deploying ejb ContextManagerImpl: EjbDeployment(deployment-id=ContextManagerImpl)
25-Nov-2018 21:35:33.404 INFO [localhost-startStop-1] org.apache.openejb.config.InitEjbDeployments.deploy Auto-deploying ejb ApplicationManagerFactory: EjbDeployment(deployment-id=ApplicationManagerFactory)
25-Nov-2018 21:35:33.404 INFO [localhost-startStop-1] org.apache.openejb.config.InitEjbDeployments.deploy Auto-deploying ejb SmcdCacheImpl: EjbDeployment(deployment-id=SmcdCacheImpl)
25-Nov-2018 21:35:33.404 INFO [localhost-startStop-1] org.apache.openejb.config.InitEjbDeployments.deploy Auto-deploying ejb ClientSessionFactoryImpl: EjbDeployment(deployment-id=ClientSessionFactoryImpl)
25-Nov-2018 21:35:33.404 INFO [localhost-startStop-1] org.apache.openejb.config.InitEjbDeployments.deploy Auto-deploying ejb DeviceServiceManagerImpl: EjbDeployment(deployment-id=DeviceServiceManagerImpl)
25-Nov-2018 21:35:33.404 INFO [localhost-startStop-1] org.apache.openejb.config.InitEjbDeployments.deploy Auto-deploying ejb DeviceRoleRepositoryImpl: EjbDeployment(deployment-id=DeviceRoleRepositoryImpl)
25-Nov-2018 21:35:33.404 INFO [localhost-startStop-1] org.apache.openejb.config.InitEjbDeployments.deploy Auto-deploying ejb RuntimeManager: EjbDeployment(deployment-id=RuntimeManager)
25-Nov-2018 21:35:33.404 INFO [localhost-startStop-1] org.apache.openejb.config.InitEjbDeployments.deploy Auto-deploying ejb AccessControlManagerFactory: EjbDeployment(deployment-id=AccessControlManagerFactory)
25-Nov-2018 21:35:33.404 INFO [localhost-startStop-1] org.apache.openejb.config.InitEjbDeployments.deploy Auto-deploying ejb ApolloMessageBrokerImpl: EjbDeployment(deployment-id=ApolloMessageBrokerImpl)
25-Nov-2018 21:35:33.404 INFO [localhost-startStop-1] org.apache.openejb.config.InitEjbDeployments.deploy Auto-deploying ejb TriggerRequestProcessorImpl: EjbDeployment(deployment-id=TriggerRequestProcessorImpl)
25-Nov-2018 21:35:33.404 INFO [localhost-startStop-1] org.apache.openejb.config.InitEjbDeployments.deploy Auto-deploying ejb TemplateResponseHandler: EjbDeployment(deployment-id=TemplateResponseHandler)
25-Nov-2018 21:35:33.404 INFO [localhost-startStop-1] org.apache.openejb.config.InitEjbDeployments.deploy Auto-deploying ejb ExchangeIdResponseHandler: EjbDeployment(deployment-id=ExchangeIdResponseHandler)
25-Nov-2018 21:35:33.404 INFO [localhost-startStop-1] org.apache.openejb.config.InitEjbDeployments.deploy Auto-deploying ejb ServiceAccessImpl: EjbDeployment(deployment-id=ServiceAccessImpl)
25-Nov-2018 21:35:33.404 INFO [localhost-startStop-1] org.apache.openejb.config.InitEjbDeployments.deploy Auto-deploying ejb CoRepositoryImpl: EjbDeployment(deployment-id=CoRepositoryImpl)
25-Nov-2018 21:35:33.404 INFO [localhost-startStop-1] org.apache.openejb.config.InitEjbDeployments.deploy Auto-deploying ejb DistributionServiceImpl: EjbDeployment(deployment-id=DistributionServiceImpl)
25-Nov-2018 21:35:33.414 INFO [localhost-startStop-1] org.apache.openejb.config.InitEjbDeployments.deploy Auto-deploying ejb RecommendationServiceImpl: EjbDeployment(deployment-id=RecommendationServiceImpl)
25-Nov-2018 21:35:33.414 INFO [localhost-startStop-1] org.apache.openejb.config.InitEjbDeployments.deploy Auto-deploying ejb IdResponseHandler: EjbDeployment(deployment-id=IdResponseHandler)
25-Nov-2018 21:35:33.414 INFO [localhost-startStop-1] org.apache.openejb.config.InitEjbDeployments.deploy Auto-deploying ejb AppRe: EjbDeployment(deployment-id=AppRe)
25-Nov-2018 21:35:33.414 INFO [localhost-startStop-1] org.apache.openejb.config.InitEjbDeployments.deploy Auto-deploying ejb Responder: EjbDeployment(deployment-id=Responder)
25-Nov-2018 21:35:33.414 INFO [localhost-startStop-1] org.apache.openejb.config.InitEjbDeployments.deploy Auto-deploying ejb ApplicationManagerImpl: EjbDeployment(deployment-id=ApplicationManagerImpl)
25-Nov-2018 21:35:33.414 INFO [localhost-startStop-1] org.apache.openejb.config.InitEjbDeployments.deploy Auto-deploying ejb AwarenessManagerImpl: EjbDeployment(deployment-id=AwarenessManagerImpl)
25-Nov-2018 21:35:33.414 INFO [localhost-startStop-1] org.apache.openejb.config.InitEjbDeployments.deploy Auto-deploying ejb DistributionRecommender: EjbDeployment(deployment-id=DistributionRecommender)
25-Nov-2018 21:35:33.414 INFO [localhost-startStop-1] org.apache.openejb.config.InitEjbDeployments.deploy Auto-deploying ejb EventDispatcherImpl: EjbDeployment(deployment-id=EventDispatcherImpl)
25-Nov-2018 21:35:33.416 INFO [localhost-startStop-1] org.apache.openejb.config.InitEjbDeployments.deploy Auto-deploying ejb EventBrokerImpl: EjbDeployment(deployment-id=EventBrokerImpl)
25-Nov-2018 21:35:33.416 INFO [localhost-startStop-1] org.apache.openejb.config.InitEjbDeployments.deploy Auto-deploying ejb Dummy: EjbDeployment(deployment-id=Dummy)
25-Nov-2018 21:35:33.416 INFO [localhost-startStop-1] org.apache.openejb.config.InitEjbDeployments.deploy Auto-deploying ejb ComponentManagerImpl: EjbDeployment(deployment-id=ComponentManagerImpl)
25-Nov-2018 21:35:33.416 INFO [localhost-startStop-1] org.apache.openejb.config.InitEjbDeployments.deploy Auto-deploying ejb DistributionManagerImpl: EjbDeployment(deployment-id=DistributionManagerImpl)
25-Nov-2018 21:35:33.416 INFO [localhost-startStop-1] org.apache.openejb.config.InitEjbDeployments.deploy Auto-deploying ejb DistributionModelInterpreterImpl: EjbDeployment(deployment-id=DistributionModelInterpreterImpl)
25-Nov-2018 21:35:33.416 INFO [localhost-startStop-1] org.apache.openejb.config.InitEjbDeployments.deploy Auto-deploying ejb TriggerManagerImpl: EjbDeployment(deployment-id=TriggerManagerImpl)
25-Nov-2018 21:35:33.416 INFO [localhost-startStop-1] org.apache.openejb.config.InitEjbDeployments.deploy Auto-deploying ejb CommunicationManagerImpl: EjbDeployment(deployment-id=CommunicationManagerImpl)
25-Nov-2018 21:35:33.416 INFO [localhost-startStop-1] org.apache.openejb.config.InitEjbDeployments.deploy Auto-deploying ejb ChannelCommunicationModelInterpreter: EjbDeployment(deployment-id=ChannelCommunicationModelInterpreter)
25-Nov-2018 21:35:33.416 INFO [localhost-startStop-1] org.apache.openejb.config.InitEjbDeployments.deploy Auto-deploying ejb RecommendationManagerImpl: EjbDeployment(deployment-id=RecommendationManagerImpl)
25-Nov-2018 21:35:33.416 INFO [localhost-startStop-1] org.apache.openejb.config.InitEjbDeployments.deploy Auto-deploying ejb LayoutModelInterpreter: EjbDeployment(deployment-id=LayoutModelInterpreter)
25-Nov-2018 21:35:33.416 INFO [localhost-startStop-1] org.apache.openejb.config.InitEjbDeployments.deploy Auto-deploying ejb AccessControlManagerImpl: EjbDeployment(deployment-id=AccessControlManagerImpl)
25-Nov-2018 21:35:33.416 INFO [localhost-startStop-1] org.apache.openejb.config.InitEjbDeployments.deploy Auto-deploying ejb ConceptualModelInterpreterImpl: EjbDeployment(deployment-id=ConceptualModelInterpreterImpl)
25-Nov-2018 21:35:33.424 INFO [localhost-startStop-1] org.apache.openejb.config.ConfigurationFactory.configureService Configuring Service(id=Default Singleton Container, type=Container, provider-id=Default Singleton Container)
25-Nov-2018 21:35:33.424 INFO [localhost-startStop-1] org.apache.openejb.config.AutoConfig.createContainer Auto-creating a container for bean MemoryClientRegistryService: Container(type=SINGLETON, id=Default Singleton Container)
25-Nov-2018 21:35:33.424 INFO [localhost-startStop-1] org.apache.openejb.assembler.classic.Assembler.createRecipe Creating Container(id=Default Singleton Container)
25-Nov-2018 21:35:33.467 INFO [localhost-startStop-1] org.apache.openejb.config.ConfigurationFactory.configureService Configuring Service(id=Default Stateless Container, type=Container, provider-id=Default Stateless Container)
25-Nov-2018 21:35:33.467 INFO [localhost-startStop-1] org.apache.openejb.config.AutoConfig.createContainer Auto-creating a container for bean TriggerRequestProcessorImpl: Container(type=STATELESS, id=Default Stateless Container)
25-Nov-2018 21:35:33.467 INFO [localhost-startStop-1] org.apache.openejb.assembler.classic.Assembler.createRecipe Creating Container(id=Default Stateless Container)
25-Nov-2018 21:35:33.487 INFO [localhost-startStop-1] org.apache.openejb.config.ConfigurationFactory.configureService Configuring Service(id=Default Stateful Container, type=Container, provider-id=Default Stateful Container)
25-Nov-2018 21:35:33.487 INFO [localhost-startStop-1] org.apache.openejb.config.AutoConfig.createContainer Auto-creating a container for bean ApplicationManagerImpl: Container(type=STATEFUL, id=Default Stateful Container)
25-Nov-2018 21:35:33.487 INFO [localhost-startStop-1] org.apache.openejb.assembler.classic.Assembler.createRecipe Creating Container(id=Default Stateful Container)
25-Nov-2018 21:35:33.548 INFO [localhost-startStop-1] org.apache.openejb.core.stateful.SimplePassivater.init Using directory C:\Projects\KP_WME\CSR_Server\temp for stateful session passivation
25-Nov-2018 21:35:33.567 INFO [localhost-startStop-1] org.apache.openejb.config.ConfigurationFactory.configureService Configuring Service(id=Default Managed Container, type=Container, provider-id=Default Managed Container)
25-Nov-2018 21:35:33.567 INFO [localhost-startStop-1] org.apache.openejb.config.AutoConfig.createContainer Auto-creating a container for bean csr-server.Comp1313468643: Container(type=MANAGED, id=Default Managed Container)
25-Nov-2018 21:35:33.567 INFO [localhost-startStop-1] org.apache.openejb.assembler.classic.Assembler.createRecipe Creating Container(id=Default Managed Container)
25-Nov-2018 21:35:33.574 INFO [localhost-startStop-1] org.apache.openejb.core.managed.SimplePassivater.init Using directory C:\Projects\KP_WME\CSR_Server\temp for stateful session passivation
25-Nov-2018 21:35:33.744 INFO [localhost-startStop-1] org.apache.openejb.config.AppInfoBuilder.build Enterprise application "C:\Projects\KP_WME\CSR_Server\webapps\csr-server" loaded.
25-Nov-2018 21:35:33.924 INFO [localhost-startStop-1] org.apache.openejb.assembler.classic.Assembler.createApplication Assembling app: C:\Projects\KP_WME\CSR_Server\webapps\csr-server
25-Nov-2018 21:35:33.937 INFO [localhost-startStop-1] org.apache.openejb.util.OptionsLog.info Using 'AsynchronousPool.Size=15'
25-Nov-2018 21:35:33.937 INFO [localhost-startStop-1] org.apache.openejb.util.OptionsLog.info Using 'AsynchronousPool.MaximumPoolSize=25'
25-Nov-2018 21:35:33.937 INFO [localhost-startStop-1] org.apache.openejb.util.OptionsLog.info Using 'AsynchronousPool.QueueSize=10'
25-Nov-2018 21:35:36.916 INFO [localhost-startStop-1] org.apache.openejb.assembler.classic.JndiBuilder.bind Jndi(name=MemoryClientRegistryServiceLocal) --> Ejb(deployment-id=MemoryClientRegistryService)
25-Nov-2018 21:35:36.916 INFO [localhost-startStop-1] org.apache.openejb.assembler.classic.JndiBuilder.bind Jndi(name=global/csr-server/MemoryClientRegistryService!de.tudresden.inf.documa.registry.ClientRegistryService) --> Ejb(deployment-id=MemoryClientRegistryService)
25-Nov-2018 21:35:36.916 INFO [localhost-startStop-1] org.apache.openejb.assembler.classic.JndiBuilder.bind Jndi(name=global/csr-server/MemoryClientRegistryService) --> Ejb(deployment-id=MemoryClientRegistryService)
25-Nov-2018 21:35:36.916 INFO [localhost-startStop-1] org.apache.openejb.assembler.classic.JndiBuilder.bind Jndi(name=ContextManagerImplLocal) --> Ejb(deployment-id=ContextManagerImpl)
25-Nov-2018 21:35:36.916 INFO [localhost-startStop-1] org.apache.openejb.assembler.classic.JndiBuilder.bind Jndi(name=global/csr-server/ContextManagerImpl!de.tudresden.inf.documa.context.ContextManager) --> Ejb(deployment-id=ContextManagerImpl)
25-Nov-2018 21:35:36.916 INFO [localhost-startStop-1] org.apache.openejb.assembler.classic.JndiBuilder.bind Jndi(name=global/csr-server/ContextManagerImpl) --> Ejb(deployment-id=ContextManagerImpl)
25-Nov-2018 21:35:36.924 INFO [localhost-startStop-1] org.apache.openejb.assembler.classic.JndiBuilder.bind Jndi(name=ApplicationManagerFactoryLocal) --> Ejb(deployment-id=ApplicationManagerFactory)
25-Nov-2018 21:35:36.926 INFO [localhost-startStop-1] org.apache.openejb.assembler.classic.JndiBuilder.bind Jndi(name=global/csr-server/ApplicationManagerFactory!de.tudresden.inf.documa.application.ApplicationManagerFactory) --> Ejb(deployment-id=ApplicationManagerFactory)
25-Nov-2018 21:35:36.926 INFO [localhost-startStop-1] org.apache.openejb.assembler.classic.JndiBuilder.bind Jndi(name=global/csr-server/ApplicationManagerFactory) --> Ejb(deployment-id=ApplicationManagerFactory)
25-Nov-2018 21:35:36.926 INFO [localhost-startStop-1] org.apache.openejb.assembler.classic.JndiBuilder.bind Jndi(name=SmcdCacheImplLocal) --> Ejb(deployment-id=SmcdCacheImpl)
25-Nov-2018 21:35:36.926 INFO [localhost-startStop-1] org.apache.openejb.assembler.classic.JndiBuilder.bind Jndi(name=global/csr-server/SmcdCacheImpl!de.tudresden.inf.documa.utility.SmcdCache) --> Ejb(deployment-id=SmcdCacheImpl)
25-Nov-2018 21:35:36.926 INFO [localhost-startStop-1] org.apache.openejb.assembler.classic.JndiBuilder.bind Jndi(name=global/csr-server/SmcdCacheImpl) --> Ejb(deployment-id=SmcdCacheImpl)
25-Nov-2018 21:35:36.929 INFO [localhost-startStop-1] org.apache.openejb.assembler.classic.JndiBuilder.bind Jndi(name=ClientSessionFactoryImplLocal) --> Ejb(deployment-id=ClientSessionFactoryImpl)
25-Nov-2018 21:35:36.929 INFO [localhost-startStop-1] org.apache.openejb.assembler.classic.JndiBuilder.bind Jndi(name=global/csr-server/ClientSessionFactoryImpl!de.tudresden.inf.documa.communication.messaging.ClientSessionFactory) --> Ejb(deployment-id=ClientSessionFactoryImpl)
25-Nov-2018 21:35:36.929 INFO [localhost-startStop-1] org.apache.openejb.assembler.classic.JndiBuilder.bind Jndi(name=global/csr-server/ClientSessionFactoryImpl) --> Ejb(deployment-id=ClientSessionFactoryImpl)
25-Nov-2018 21:35:36.929 INFO [localhost-startStop-1] org.apache.openejb.assembler.classic.JndiBuilder.bind Jndi(name=DeviceServiceManagerImplLocal) --> Ejb(deployment-id=DeviceServiceManagerImpl)
25-Nov-2018 21:35:36.929 INFO [localhost-startStop-1] org.apache.openejb.assembler.classic.JndiBuilder.bind Jndi(name=global/csr-server/DeviceServiceManagerImpl!de.tudresden.inf.documa.services.DeviceServiceManager) --> Ejb(deployment-id=DeviceServiceManagerImpl)
25-Nov-2018 21:35:36.929 INFO [localhost-startStop-1] org.apache.openejb.assembler.classic.JndiBuilder.bind Jndi(name=global/csr-server/DeviceServiceManagerImpl) --> Ejb(deployment-id=DeviceServiceManagerImpl)
25-Nov-2018 21:35:36.929 INFO [localhost-startStop-1] org.apache.openejb.assembler.classic.JndiBuilder.bind Jndi(name=DeviceRoleRepositoryImplLocal) --> Ejb(deployment-id=DeviceRoleRepositoryImpl)
25-Nov-2018 21:35:36.929 INFO [localhost-startStop-1] org.apache.openejb.assembler.classic.JndiBuilder.bind Jndi(name=global/csr-server/DeviceRoleRepositoryImpl!de.tudresden.inf.documa.registry.role.DeviceRoleRepository) --> Ejb(deployment-id=DeviceRoleRepositoryImpl)
25-Nov-2018 21:35:36.929 INFO [localhost-startStop-1] org.apache.openejb.assembler.classic.JndiBuilder.bind Jndi(name=global/csr-server/DeviceRoleRepositoryImpl!de.tudresden.inf.documa.registry.role.JSONRoleRepository) --> Ejb(deployment-id=DeviceRoleRepositoryImpl)
25-Nov-2018 21:35:36.929 INFO [localhost-startStop-1] org.apache.openejb.assembler.classic.JndiBuilder.bind Jndi(name=global/csr-server/DeviceRoleRepositoryImpl) --> Ejb(deployment-id=DeviceRoleRepositoryImpl)
25-Nov-2018 21:35:36.934 INFO [localhost-startStop-1] org.apache.openejb.assembler.classic.JndiBuilder.bind Jndi(name=RuntimeManagerLocalBean) --> Ejb(deployment-id=RuntimeManager)
25-Nov-2018 21:35:36.934 INFO [localhost-startStop-1] org.apache.openejb.assembler.classic.JndiBuilder.bind Jndi(name=global/csr-server/RuntimeManager!de.tudresden.inf.documa.runtime.RuntimeManager) --> Ejb(deployment-id=RuntimeManager)
25-Nov-2018 21:35:36.938 INFO [localhost-startStop-1] org.apache.openejb.assembler.classic.JndiBuilder.bind Jndi(name=RuntimeManagerLocal) --> Ejb(deployment-id=RuntimeManager)
25-Nov-2018 21:35:36.938 INFO [localhost-startStop-1] org.apache.openejb.assembler.classic.JndiBuilder.bind Jndi(name=global/csr-server/RuntimeManager!de.tudresden.inf.documa.communication.messaging.ClientSessionListener) --> Ejb(deployment-id=RuntimeManager)
25-Nov-2018 21:35:36.938 INFO [localhost-startStop-1] org.apache.openejb.assembler.classic.JndiBuilder.bind Jndi(name=global/csr-server/RuntimeManager) --> Ejb(deployment-id=RuntimeManager)
25-Nov-2018 21:35:36.938 INFO [localhost-startStop-1] org.apache.openejb.assembler.classic.JndiBuilder.bind Jndi(name=AccessControlManagerFactoryLocal) --> Ejb(deployment-id=AccessControlManagerFactory)
25-Nov-2018 21:35:36.938 INFO [localhost-startStop-1] org.apache.openejb.assembler.classic.JndiBuilder.bind Jndi(name=global/csr-server/AccessControlManagerFactory!de.tudresden.inf.documa.application.collaboration.AccessControlManagerFactory) --> Ejb(deployment-id=AccessControlManagerFactory)
25-Nov-2018 21:35:36.938 INFO [localhost-startStop-1] org.apache.openejb.assembler.classic.JndiBuilder.bind Jndi(name=global/csr-server/AccessControlManagerFactory) --> Ejb(deployment-id=AccessControlManagerFactory)
25-Nov-2018 21:35:36.938 INFO [localhost-startStop-1] org.apache.openejb.assembler.classic.JndiBuilder.bind Jndi(name=ApolloMessageBrokerImplLocal) --> Ejb(deployment-id=ApolloMessageBrokerImpl)
25-Nov-2018 21:35:36.938 INFO [localhost-startStop-1] org.apache.openejb.assembler.classic.JndiBuilder.bind Jndi(name=global/csr-server/ApolloMessageBrokerImpl!de.tudresden.inf.documa.communication.messaging.MessageBroker) --> Ejb(deployment-id=ApolloMessageBrokerImpl)
25-Nov-2018 21:35:36.938 INFO [localhost-startStop-1] org.apache.openejb.assembler.classic.JndiBuilder.bind Jndi(name=global/csr-server/ApolloMessageBrokerImpl) --> Ejb(deployment-id=ApolloMessageBrokerImpl)
25-Nov-2018 21:35:36.938 INFO [localhost-startStop-1] org.apache.openejb.assembler.classic.JndiBuilder.bind Jndi(name=TriggerRequestProcessorImplLocal) --> Ejb(deployment-id=TriggerRequestProcessorImpl)
25-Nov-2018 21:35:36.938 INFO [localhost-startStop-1] org.apache.openejb.assembler.classic.JndiBuilder.bind Jndi(name=global/csr-server/TriggerRequestProcessorImpl!de.tudresden.inf.documa.application.recommendation.trigger.TriggerRequestProcessor) --> Ejb(deployment-id=TriggerRequestProcessorImpl)
25-Nov-2018 21:35:36.938 INFO [localhost-startStop-1] org.apache.openejb.assembler.classic.JndiBuilder.bind Jndi(name=global/csr-server/TriggerRequestProcessorImpl) --> Ejb(deployment-id=TriggerRequestProcessorImpl)
25-Nov-2018 21:35:36.938 INFO [localhost-startStop-1] org.apache.openejb.assembler.classic.JndiBuilder.bind Jndi(name=TemplateResponseHandlerLocal) --> Ejb(deployment-id=TemplateResponseHandler)
25-Nov-2018 21:35:36.938 INFO [localhost-startStop-1] org.apache.openejb.assembler.classic.JndiBuilder.bind Jndi(name=global/csr-server/TemplateResponseHandler!de.tudresden.inf.documa.application.ResponseHandler) --> Ejb(deployment-id=TemplateResponseHandler)
25-Nov-2018 21:35:36.938 INFO [localhost-startStop-1] org.apache.openejb.assembler.classic.JndiBuilder.bind Jndi(name=global/csr-server/TemplateResponseHandler) --> Ejb(deployment-id=TemplateResponseHandler)
25-Nov-2018 21:35:36.938 INFO [localhost-startStop-1] org.apache.openejb.assembler.classic.JndiBuilder.bind Jndi(name=ExchangeIdResponseHandlerLocal) --> Ejb(deployment-id=ExchangeIdResponseHandler)
25-Nov-2018 21:35:36.938 INFO [localhost-startStop-1] org.apache.openejb.assembler.classic.JndiBuilder.bind Jndi(name=global/csr-server/ExchangeIdResponseHandler!de.tudresden.inf.documa.application.ResponseHandler) --> Ejb(deployment-id=ExchangeIdResponseHandler)
25-Nov-2018 21:35:36.938 INFO [localhost-startStop-1] org.apache.openejb.assembler.classic.JndiBuilder.bind Jndi(name=global/csr-server/ExchangeIdResponseHandler) --> Ejb(deployment-id=ExchangeIdResponseHandler)
25-Nov-2018 21:35:36.938 INFO [localhost-startStop-1] org.apache.openejb.assembler.classic.JndiBuilder.bind Jndi(name=ServiceAccessImplLocal) --> Ejb(deployment-id=ServiceAccessImpl)
25-Nov-2018 21:35:36.938 INFO [localhost-startStop-1] org.apache.openejb.assembler.classic.JndiBuilder.bind Jndi(name=global/csr-server/ServiceAccessImpl!de.tudresden.inf.documa.communication.messaging.ServiceAccess) --> Ejb(deployment-id=ServiceAccessImpl)
25-Nov-2018 21:35:36.938 INFO [localhost-startStop-1] org.apache.openejb.assembler.classic.JndiBuilder.bind Jndi(name=global/csr-server/ServiceAccessImpl) --> Ejb(deployment-id=ServiceAccessImpl)
25-Nov-2018 21:35:36.938 INFO [localhost-startStop-1] org.apache.openejb.assembler.classic.JndiBuilder.bind Jndi(name=CoRepositoryImplLocal) --> Ejb(deployment-id=CoRepositoryImpl)
25-Nov-2018 21:35:36.938 INFO [localhost-startStop-1] org.apache.openejb.assembler.classic.JndiBuilder.bind Jndi(name=global/csr-server/CoRepositoryImpl!de.tudresden.inf.documa.repository.CoRepository) --> Ejb(deployment-id=CoRepositoryImpl)
25-Nov-2018 21:35:36.938 INFO [localhost-startStop-1] org.apache.openejb.assembler.classic.JndiBuilder.bind Jndi(name=global/csr-server/CoRepositoryImpl) --> Ejb(deployment-id=CoRepositoryImpl)
25-Nov-2018 21:35:36.938 INFO [localhost-startStop-1] org.apache.openejb.assembler.classic.JndiBuilder.bind Jndi(name=DistributionServiceImplLocal) --> Ejb(deployment-id=DistributionServiceImpl)
25-Nov-2018 21:35:36.938 INFO [localhost-startStop-1] org.apache.openejb.assembler.classic.JndiBuilder.bind Jndi(name=global/csr-server/DistributionServiceImpl!de.tudresden.inf.documa.repository.DistributionService) --> Ejb(deployment-id=DistributionServiceImpl)
25-Nov-2018 21:35:36.938 INFO [localhost-startStop-1] org.apache.openejb.assembler.classic.JndiBuilder.bind Jndi(name=global/csr-server/DistributionServiceImpl) --> Ejb(deployment-id=DistributionServiceImpl)
25-Nov-2018 21:35:36.938 INFO [localhost-startStop-1] org.apache.openejb.assembler.classic.JndiBuilder.bind Jndi(name=RecommendationServiceImplLocal) --> Ejb(deployment-id=RecommendationServiceImpl)
25-Nov-2018 21:35:36.948 INFO [localhost-startStop-1] org.apache.openejb.assembler.classic.JndiBuilder.bind Jndi(name=global/csr-server/RecommendationServiceImpl!de.tudresden.inf.documa.repository.RecommendationService) --> Ejb(deployment-id=RecommendationServiceImpl)
25-Nov-2018 21:35:36.948 INFO [localhost-startStop-1] org.apache.openejb.assembler.classic.JndiBuilder.bind Jndi(name=global/csr-server/RecommendationServiceImpl) --> Ejb(deployment-id=RecommendationServiceImpl)
25-Nov-2018 21:35:36.948 INFO [localhost-startStop-1] org.apache.openejb.assembler.classic.JndiBuilder.bind Jndi(name=IdResponseHandlerLocal) --> Ejb(deployment-id=IdResponseHandler)
25-Nov-2018 21:35:36.948 INFO [localhost-startStop-1] org.apache.openejb.assembler.classic.JndiBuilder.bind Jndi(name=global/csr-server/IdResponseHandler!de.tudresden.inf.documa.application.ResponseHandler) --> Ejb(deployment-id=IdResponseHandler)
25-Nov-2018 21:35:36.948 INFO [localhost-startStop-1] org.apache.openejb.assembler.classic.JndiBuilder.bind Jndi(name=global/csr-server/IdResponseHandler) --> Ejb(deployment-id=IdResponseHandler)
25-Nov-2018 21:35:36.948 INFO [localhost-startStop-1] org.apache.openejb.assembler.classic.JndiBuilder.bind Jndi(name=AppReLocal) --> Ejb(deployment-id=AppRe)
25-Nov-2018 21:35:36.948 INFO [localhost-startStop-1] org.apache.openejb.assembler.classic.JndiBuilder.bind Jndi(name=global/csr-server/AppRe!de.tudresden.inf.documa.repository.AppRepository) --> Ejb(deployment-id=AppRe)
25-Nov-2018 21:35:36.948 INFO [localhost-startStop-1] org.apache.openejb.assembler.classic.JndiBuilder.bind Jndi(name=global/csr-server/AppRe) --> Ejb(deployment-id=AppRe)
25-Nov-2018 21:35:36.948 INFO [localhost-startStop-1] org.apache.openejb.assembler.classic.JndiBuilder.bind Jndi(name=ResponderLocalBean) --> Ejb(deployment-id=Responder)
25-Nov-2018 21:35:36.954 INFO [localhost-startStop-1] org.apache.openejb.assembler.classic.JndiBuilder.bind Jndi(name=global/csr-server/Responder!de.tudresden.inf.documa.communication.messaging.Responder) --> Ejb(deployment-id=Responder)
25-Nov-2018 21:35:36.954 INFO [localhost-startStop-1] org.apache.openejb.assembler.classic.JndiBuilder.bind Jndi(name=global/csr-server/Responder) --> Ejb(deployment-id=Responder)
25-Nov-2018 21:35:36.957 INFO [localhost-startStop-1] org.apache.openejb.assembler.classic.JndiBuilder.bind Jndi(name=ApplicationManagerImplLocal) --> Ejb(deployment-id=ApplicationManagerImpl)
25-Nov-2018 21:35:36.957 INFO [localhost-startStop-1] org.apache.openejb.assembler.classic.JndiBuilder.bind Jndi(name=global/csr-server/ApplicationManagerImpl!de.tudresden.inf.documa.application.ApplicationManager) --> Ejb(deployment-id=ApplicationManagerImpl)
25-Nov-2018 21:35:36.957 INFO [localhost-startStop-1] org.apache.openejb.assembler.classic.JndiBuilder.bind Jndi(name=global/csr-server/ApplicationManagerImpl) --> Ejb(deployment-id=ApplicationManagerImpl)
25-Nov-2018 21:35:36.957 INFO [localhost-startStop-1] org.apache.openejb.assembler.classic.JndiBuilder.bind Jndi(name=AwarenessManagerImplLocal) --> Ejb(deployment-id=AwarenessManagerImpl)
25-Nov-2018 21:35:36.957 INFO [localhost-startStop-1] org.apache.openejb.assembler.classic.JndiBuilder.bind Jndi(name=global/csr-server/AwarenessManagerImpl!de.tudresden.inf.documa.application.collaboration.AwarenessManager) --> Ejb(deployment-id=AwarenessManagerImpl)
25-Nov-2018 21:35:36.957 INFO [localhost-startStop-1] org.apache.openejb.assembler.classic.JndiBuilder.bind Jndi(name=global/csr-server/AwarenessManagerImpl) --> Ejb(deployment-id=AwarenessManagerImpl)
25-Nov-2018 21:35:36.957 INFO [localhost-startStop-1] org.apache.openejb.assembler.classic.JndiBuilder.bind Jndi(name=DistributionRecommenderLocal) --> Ejb(deployment-id=DistributionRecommender)
25-Nov-2018 21:35:36.957 INFO [localhost-startStop-1] org.apache.openejb.assembler.classic.JndiBuilder.bind Jndi(name=global/csr-server/DistributionRecommender!de.tudresden.inf.documa.application.recommendation.distribution.DistributionRecommender) --> Ejb(deployment-id=DistributionRecommender)
25-Nov-2018 21:35:36.969 INFO [localhost-startStop-1] org.apache.openejb.assembler.classic.JndiBuilder.bind Jndi(name=global/csr-server/DistributionRecommender) --> Ejb(deployment-id=DistributionRecommender)
25-Nov-2018 21:35:36.969 INFO [localhost-startStop-1] org.apache.openejb.assembler.classic.JndiBuilder.bind Jndi(name=EventDispatcherImplLocal) --> Ejb(deployment-id=EventDispatcherImpl)
25-Nov-2018 21:35:36.969 INFO [localhost-startStop-1] org.apache.openejb.assembler.classic.JndiBuilder.bind Jndi(name=global/csr-server/EventDispatcherImpl!de.tudresden.inf.documa.application.messaging.events.EventDispatcher) --> Ejb(deployment-id=EventDispatcherImpl)
25-Nov-2018 21:35:36.974 INFO [localhost-startStop-1] org.apache.openejb.assembler.classic.JndiBuilder.bind Jndi(name=global/csr-server/EventDispatcherImpl) --> Ejb(deployment-id=EventDispatcherImpl)
25-Nov-2018 21:35:36.974 INFO [localhost-startStop-1] org.apache.openejb.assembler.classic.JndiBuilder.bind Jndi(name=EventBrokerImplLocal) --> Ejb(deployment-id=EventBrokerImpl)
25-Nov-2018 21:35:36.974 INFO [localhost-startStop-1] org.apache.openejb.assembler.classic.JndiBuilder.bind Jndi(name=global/csr-server/EventBrokerImpl!de.tudresden.inf.documa.application.messaging.EventBroker) --> Ejb(deployment-id=EventBrokerImpl)
25-Nov-2018 21:35:36.974 INFO [localhost-startStop-1] org.apache.openejb.assembler.classic.JndiBuilder.bind Jndi(name=global/csr-server/EventBrokerImpl) --> Ejb(deployment-id=EventBrokerImpl)
25-Nov-2018 21:35:36.975 INFO [localhost-startStop-1] org.apache.openejb.assembler.classic.JndiBuilder.bind Jndi(name=DummyLocal) --> Ejb(deployment-id=Dummy)
25-Nov-2018 21:35:36.975 INFO [localhost-startStop-1] org.apache.openejb.assembler.classic.JndiBuilder.bind Jndi(name=global/csr-server/Dummy!de.tudresden.inf.documa.application.recommendation.distribution.DistributionRecommender) --> Ejb(deployment-id=Dummy)
25-Nov-2018 21:35:36.975 INFO [localhost-startStop-1] org.apache.openejb.assembler.classic.JndiBuilder.bind Jndi(name=global/csr-server/Dummy) --> Ejb(deployment-id=Dummy)
25-Nov-2018 21:35:36.975 INFO [localhost-startStop-1] org.apache.openejb.assembler.classic.JndiBuilder.bind Jndi(name=ComponentManagerImplLocal) --> Ejb(deployment-id=ComponentManagerImpl)
25-Nov-2018 21:35:36.975 INFO [localhost-startStop-1] org.apache.openejb.assembler.classic.JndiBuilder.bind Jndi(name=global/csr-server/ComponentManagerImpl!de.tudresden.inf.documa.application.ComponentManager) --> Ejb(deployment-id=ComponentManagerImpl)
25-Nov-2018 21:35:36.975 INFO [localhost-startStop-1] org.apache.openejb.assembler.classic.JndiBuilder.bind Jndi(name=global/csr-server/ComponentManagerImpl!de.tudresden.inf.documa.application.interpretation.ModelInterpreter) --> Ejb(deployment-id=ComponentManagerImpl)
25-Nov-2018 21:35:36.975 INFO [localhost-startStop-1] org.apache.openejb.assembler.classic.JndiBuilder.bind Jndi(name=global/csr-server/ComponentManagerImpl) --> Ejb(deployment-id=ComponentManagerImpl)
25-Nov-2018 21:35:36.975 INFO [localhost-startStop-1] org.apache.openejb.assembler.classic.JndiBuilder.bind Jndi(name=DistributionManagerImplLocal) --> Ejb(deployment-id=DistributionManagerImpl)
25-Nov-2018 21:35:36.975 INFO [localhost-startStop-1] org.apache.openejb.assembler.classic.JndiBuilder.bind Jndi(name=global/csr-server/DistributionManagerImpl!de.tudresden.inf.documa.application.distribution.DistributionManager) --> Ejb(deployment-id=DistributionManagerImpl)
25-Nov-2018 21:35:36.975 INFO [localhost-startStop-1] org.apache.openejb.assembler.classic.JndiBuilder.bind Jndi(name=global/csr-server/DistributionManagerImpl) --> Ejb(deployment-id=DistributionManagerImpl)
25-Nov-2018 21:35:36.978 INFO [localhost-startStop-1] org.apache.openejb.assembler.classic.JndiBuilder.bind Jndi(name=DistributionModelInterpreterImplLocal) --> Ejb(deployment-id=DistributionModelInterpreterImpl)
25-Nov-2018 21:35:36.978 INFO [localhost-startStop-1] org.apache.openejb.assembler.classic.JndiBuilder.bind Jndi(name=global/csr-server/DistributionModelInterpreterImpl!de.tudresden.inf.documa.application.interpretation.DistributionModelInterpreter) --> Ejb(deployment-id=DistributionModelInterpreterImpl)
25-Nov-2018 21:35:36.978 INFO [localhost-startStop-1] org.apache.openejb.assembler.classic.JndiBuilder.bind Jndi(name=global/csr-server/DistributionModelInterpreterImpl) --> Ejb(deployment-id=DistributionModelInterpreterImpl)
25-Nov-2018 21:35:36.978 INFO [localhost-startStop-1] org.apache.openejb.assembler.classic.JndiBuilder.bind Jndi(name=TriggerManagerImplLocal) --> Ejb(deployment-id=TriggerManagerImpl)
25-Nov-2018 21:35:36.978 INFO [localhost-startStop-1] org.apache.openejb.assembler.classic.JndiBuilder.bind Jndi(name=global/csr-server/TriggerManagerImpl!de.tudresden.inf.documa.application.recommendation.trigger.TriggerManager) --> Ejb(deployment-id=TriggerManagerImpl)
25-Nov-2018 21:35:36.978 INFO [localhost-startStop-1] org.apache.openejb.assembler.classic.JndiBuilder.bind Jndi(name=global/csr-server/TriggerManagerImpl) --> Ejb(deployment-id=TriggerManagerImpl)
25-Nov-2018 21:35:36.978 INFO [localhost-startStop-1] org.apache.openejb.assembler.classic.JndiBuilder.bind Jndi(name=CommunicationManagerImplLocal) --> Ejb(deployment-id=CommunicationManagerImpl)
25-Nov-2018 21:35:36.978 INFO [localhost-startStop-1] org.apache.openejb.assembler.classic.JndiBuilder.bind Jndi(name=global/csr-server/CommunicationManagerImpl!de.tudresden.inf.documa.application.CommunicationManager) --> Ejb(deployment-id=CommunicationManagerImpl)
25-Nov-2018 21:35:36.978 INFO [localhost-startStop-1] org.apache.openejb.assembler.classic.JndiBuilder.bind Jndi(name=global/csr-server/CommunicationManagerImpl) --> Ejb(deployment-id=CommunicationManagerImpl)
25-Nov-2018 21:35:36.978 INFO [localhost-startStop-1] org.apache.openejb.assembler.classic.JndiBuilder.bind Jndi(name=ChannelCommunicationModelInterpreterLocal) --> Ejb(deployment-id=ChannelCommunicationModelInterpreter)
25-Nov-2018 21:35:36.978 INFO [localhost-startStop-1] org.apache.openejb.assembler.classic.JndiBuilder.bind Jndi(name=global/csr-server/ChannelCommunicationModelInterpreter!de.tudresden.inf.documa.application.interpretation.CommunicationModelInterpreter) --> Ejb(deployment-id=ChannelCommunicationModelInterpreter)
25-Nov-2018 21:35:36.978 INFO [localhost-startStop-1] org.apache.openejb.assembler.classic.JndiBuilder.bind Jndi(name=global/csr-server/ChannelCommunicationModelInterpreter) --> Ejb(deployment-id=ChannelCommunicationModelInterpreter)
25-Nov-2018 21:35:36.978 INFO [localhost-startStop-1] org.apache.openejb.assembler.classic.JndiBuilder.bind Jndi(name=RecommendationManagerImplLocal) --> Ejb(deployment-id=RecommendationManagerImpl)
25-Nov-2018 21:35:36.978 INFO [localhost-startStop-1] org.apache.openejb.assembler.classic.JndiBuilder.bind Jndi(name=global/csr-server/RecommendationManagerImpl!de.tudresden.inf.documa.application.recommendation.RecommendationManager) --> Ejb(deployment-id=RecommendationManagerImpl)
25-Nov-2018 21:35:36.985 INFO [localhost-startStop-1] org.apache.openejb.assembler.classic.JndiBuilder.bind Jndi(name=global/csr-server/RecommendationManagerImpl) --> Ejb(deployment-id=RecommendationManagerImpl)
25-Nov-2018 21:35:36.985 INFO [localhost-startStop-1] org.apache.openejb.assembler.classic.JndiBuilder.bind Jndi(name=LayoutModelInterpreterLocal) --> Ejb(deployment-id=LayoutModelInterpreter)
25-Nov-2018 21:35:36.985 INFO [localhost-startStop-1] org.apache.openejb.assembler.classic.JndiBuilder.bind Jndi(name=global/csr-server/LayoutModelInterpreter!de.tudresden.inf.documa.application.interpretation.ModelInterpreter) --> Ejb(deployment-id=LayoutModelInterpreter)
25-Nov-2018 21:35:36.987 INFO [localhost-startStop-1] org.apache.openejb.assembler.classic.JndiBuilder.bind Jndi(name=global/csr-server/LayoutModelInterpreter!de.tudresden.inf.documa.application.interpretation.LayoutModelInterpreter) --> Ejb(deployment-id=LayoutModelInterpreter)
25-Nov-2018 21:35:36.989 INFO [localhost-startStop-1] org.apache.openejb.assembler.classic.JndiBuilder.bind Jndi(name=global/csr-server/LayoutModelInterpreter) --> Ejb(deployment-id=LayoutModelInterpreter)
25-Nov-2018 21:35:36.989 INFO [localhost-startStop-1] org.apache.openejb.assembler.classic.JndiBuilder.bind Jndi(name=AccessControlManagerImplLocal) --> Ejb(deployment-id=AccessControlManagerImpl)
25-Nov-2018 21:35:36.989 INFO [localhost-startStop-1] org.apache.openejb.assembler.classic.JndiBuilder.bind Jndi(name=global/csr-server/AccessControlManagerImpl!de.tudresden.inf.documa.application.collaboration.AccessControlManager) --> Ejb(deployment-id=AccessControlManagerImpl)
25-Nov-2018 21:35:36.989 INFO [localhost-startStop-1] org.apache.openejb.assembler.classic.JndiBuilder.bind Jndi(name=global/csr-server/AccessControlManagerImpl) --> Ejb(deployment-id=AccessControlManagerImpl)
25-Nov-2018 21:35:36.989 INFO [localhost-startStop-1] org.apache.openejb.assembler.classic.JndiBuilder.bind Jndi(name=ConceptualModelInterpreterImplLocal) --> Ejb(deployment-id=ConceptualModelInterpreterImpl)
25-Nov-2018 21:35:36.989 INFO [localhost-startStop-1] org.apache.openejb.assembler.classic.JndiBuilder.bind Jndi(name=global/csr-server/ConceptualModelInterpreterImpl!de.tudresden.inf.documa.application.interpretation.ConceptualModelInterpreter) --> Ejb(deployment-id=ConceptualModelInterpreterImpl)
25-Nov-2018 21:35:36.989 INFO [localhost-startStop-1] org.apache.openejb.assembler.classic.JndiBuilder.bind Jndi(name=global/csr-server/ConceptualModelInterpreterImpl) --> Ejb(deployment-id=ConceptualModelInterpreterImpl)
25-Nov-2018 21:35:37.549 INFO [localhost-startStop-1] org.apache.openejb.cdi.CdiBuilder.initSingleton Existing thread singleton service in SystemInstance(): org.apache.openejb.cdi.ThreadSingletonServiceImpl@2b6faea6
25-Nov-2018 21:35:37.757 INFO [localhost-startStop-1] org.apache.openejb.cdi.OpenEJBLifecycle.startApplication OpenWebBeans Container is starting...
25-Nov-2018 21:35:37.774 INFO [localhost-startStop-1] org.apache.webbeans.plugins.PluginLoader.startUp Adding OpenWebBeansPlugin : [CdiPlugin]
25-Nov-2018 21:35:37.784 INFO [localhost-startStop-1] org.apache.openejb.cdi.CdiScanner.handleBda Using annotated mode for file:/C:/Projects/KP_WME/CSR_Server/webapps/csr-server/WEB-INF/lib/csr-util-0.0.1.jar looking all classes to find CDI beans, maybe think to add a beans.xml if not there or add the jar to exclusions.list
25-Nov-2018 21:35:37.787 INFO [localhost-startStop-1] org.apache.openejb.cdi.CdiScanner.handleBda Using annotated mode for file:/C:/Projects/KP_WME/CSR_Server/webapps/csr-server/WEB-INF/lib/csr-discovery-0.0.1.jar looking all classes to find CDI beans, maybe think to add a beans.xml if not there or add the jar to exclusions.list
25-Nov-2018 21:35:37.796 INFO [localhost-startStop-1] org.apache.openejb.cdi.CdiScanner.handleBda Using annotated mode for file:/C:/Projects/KP_WME/CSR_Server/webapps/csr-server/WEB-INF/lib/csr-runtime-0.0.1.jar looking all classes to find CDI beans, maybe think to add a beans.xml if not there or add the jar to exclusions.list
25-Nov-2018 21:35:37.824 INFO [localhost-startStop-1] org.apache.openejb.cdi.CdiScanner.handleBda Using annotated mode for file:/C:/Projects/KP_WME/CSR_Server/webapps/csr-server/WEB-INF/lib/csr-services-0.0.1.jar looking all classes to find CDI beans, maybe think to add a beans.xml if not there or add the jar to exclusions.list
25-Nov-2018 21:35:37.842 INFO [localhost-startStop-1] org.apache.openejb.cdi.CdiScanner.handleBda Using annotated mode for file:/C:/Projects/KP_WME/CSR_Server/webapps/csr-server/WEB-INF/lib/csr-communication-0.0.1.jar looking all classes to find CDI beans, maybe think to add a beans.xml if not there or add the jar to exclusions.list
25-Nov-2018 21:35:38.496 INFO [localhost-startStop-1] org.apache.webbeans.config.BeansDeployer.validateInjectionPoints All injection points were validated successfully.
25-Nov-2018 21:35:38.509 INFO [localhost-startStop-1] org.apache.openejb.cdi.OpenEJBLifecycle.startApplication OpenWebBeans Container has started, it took 752 ms.
25-Nov-2018 21:35:38.524 INFO [localhost-startStop-1] org.apache.openejb.assembler.classic.Assembler.startEjbs Created Ejb(deployment-id=EventDispatcherImpl, ejb-name=EventDispatcherImpl, container=Default Stateful Container)
25-Nov-2018 21:35:38.524 INFO [localhost-startStop-1] org.apache.openejb.assembler.classic.Assembler.startEjbs Created Ejb(deployment-id=RecommendationManagerImpl, ejb-name=RecommendationManagerImpl, container=Default Stateful Container)
25-Nov-2018 21:35:38.524 INFO [localhost-startStop-1] org.apache.openejb.assembler.classic.Assembler.startEjbs Created Ejb(deployment-id=ApplicationManagerImpl, ejb-name=ApplicationManagerImpl, container=Default Stateful Container)
25-Nov-2018 21:35:38.524 INFO [localhost-startStop-1] org.apache.openejb.assembler.classic.Assembler.startEjbs Created Ejb(deployment-id=DistributionServiceImpl, ejb-name=DistributionServiceImpl, container=Default Stateless Container)
25-Nov-2018 21:35:38.524 INFO [localhost-startStop-1] org.apache.openejb.assembler.classic.Assembler.startEjbs Created Ejb(deployment-id=RecommendationServiceImpl, ejb-name=RecommendationServiceImpl, container=Default Stateless Container)
25-Nov-2018 21:35:38.534 INFO [localhost-startStop-1] org.apache.openejb.assembler.classic.Assembler.startEjbs Created Ejb(deployment-id=TriggerManagerImpl, ejb-name=TriggerManagerImpl, container=Default Stateful Container)
25-Nov-2018 21:35:38.536 INFO [localhost-startStop-1] org.apache.openejb.assembler.classic.Assembler.startEjbs Created Ejb(deployment-id=DistributionManagerImpl, ejb-name=DistributionManagerImpl, container=Default Stateful Container)
25-Nov-2018 21:35:38.536 INFO [localhost-startStop-1] org.apache.openejb.assembler.classic.Assembler.startEjbs Created Ejb(deployment-id=LayoutModelInterpreter, ejb-name=LayoutModelInterpreter, container=Default Stateful Container)
25-Nov-2018 21:35:38.536 INFO [localhost-startStop-1] org.apache.openejb.assembler.classic.Assembler.startEjbs Created Ejb(deployment-id=IdResponseHandler, ejb-name=IdResponseHandler, container=Default Stateless Container)
25-Nov-2018 21:35:38.536 INFO [localhost-startStop-1] org.apache.openejb.assembler.classic.Assembler.startEjbs Created Ejb(deployment-id=CoRepositoryImpl, ejb-name=CoRepositoryImpl, container=Default Stateless Container)
25-Nov-2018 21:35:38.536 INFO [localhost-startStop-1] org.apache.openejb.assembler.classic.Assembler.startEjbs Created Ejb(deployment-id=AppRe, ejb-name=AppRe, container=Default Stateless Container)
25-Nov-2018 21:35:38.536 INFO [localhost-startStop-1] org.apache.openejb.assembler.classic.Assembler.startEjbs Created Ejb(deployment-id=TemplateResponseHandler, ejb-name=TemplateResponseHandler, container=Default Stateless Container)
25-Nov-2018 21:35:38.536 INFO [localhost-startStop-1] org.apache.openejb.assembler.classic.Assembler.startEjbs Created Ejb(deployment-id=ExchangeIdResponseHandler, ejb-name=ExchangeIdResponseHandler, container=Default Stateless Container)
25-Nov-2018 21:35:38.536 INFO [localhost-startStop-1] org.apache.openejb.assembler.classic.Assembler.startEjbs Created Ejb(deployment-id=DistributionModelInterpreterImpl, ejb-name=DistributionModelInterpreterImpl, container=Default Stateful Container)
25-Nov-2018 21:35:38.536 INFO [localhost-startStop-1] org.apache.openejb.assembler.classic.Assembler.startEjbs Created Ejb(deployment-id=AccessControlManagerImpl, ejb-name=AccessControlManagerImpl, container=Default Stateful Container)
25-Nov-2018 21:35:38.543 INFO [localhost-startStop-1] org.apache.openejb.assembler.classic.Assembler.startEjbs Created Ejb(deployment-id=TriggerRequestProcessorImpl, ejb-name=TriggerRequestProcessorImpl, container=Default Stateless Container)
25-Nov-2018 21:35:38.556 INFO [localhost-startStop-1] org.apache.openejb.assembler.classic.Assembler.startEjbs Created Ejb(deployment-id=AwarenessManagerImpl, ejb-name=AwarenessManagerImpl, container=Default Stateful Container)
25-Nov-2018 21:35:38.556 INFO [localhost-startStop-1] org.apache.openejb.assembler.classic.Assembler.startEjbs Created Ejb(deployment-id=ComponentManagerImpl, ejb-name=ComponentManagerImpl, container=Default Stateful Container)
25-Nov-2018 21:35:38.556 INFO [localhost-startStop-1] org.apache.openejb.assembler.classic.Assembler.startEjbs Created Ejb(deployment-id=ServiceAccessImpl, ejb-name=ServiceAccessImpl, container=Default Stateless Container)
25-Nov-2018 21:35:38.556 INFO [localhost-startStop-1] org.apache.openejb.assembler.classic.Assembler.startEjbs Created Ejb(deployment-id=CommunicationManagerImpl, ejb-name=CommunicationManagerImpl, container=Default Stateful Container)
25-Nov-2018 21:35:38.556 INFO [localhost-startStop-1] org.apache.openejb.assembler.classic.Assembler.startEjbs Created Ejb(deployment-id=ConceptualModelInterpreterImpl, ejb-name=ConceptualModelInterpreterImpl, container=Default Stateful Container)
25-Nov-2018 21:35:38.556 INFO [localhost-startStop-1] org.apache.openejb.assembler.classic.Assembler.startEjbs Created Ejb(deployment-id=ChannelCommunicationModelInterpreter, ejb-name=ChannelCommunicationModelInterpreter, container=Default Stateful Container)
25-Nov-2018 21:35:38.556 INFO [localhost-startStop-1] org.apache.openejb.assembler.classic.Assembler.startEjbs Created Ejb(deployment-id=DistributionRecommender, ejb-name=DistributionRecommender, container=Default Stateful Container)
25-Nov-2018 21:35:38.556 INFO [localhost-startStop-1] org.apache.openejb.assembler.classic.Assembler.startEjbs Created Ejb(deployment-id=EventBrokerImpl, ejb-name=EventBrokerImpl, container=Default Stateful Container)
25-Nov-2018 21:35:38.556 INFO [localhost-startStop-1] org.apache.openejb.assembler.classic.Assembler.startEjbs Created Ejb(deployment-id=Dummy, ejb-name=Dummy, container=Default Stateful Container)
25-Nov-2018 21:35:38.556 INFO [localhost-startStop-1] org.apache.openejb.assembler.classic.Assembler.startEjbs Created Ejb(deployment-id=Responder, ejb-name=Responder, container=Default Stateless Container)
25-Nov-2018 21:35:38.568 INFO [localhost-startStop-1] org.apache.openejb.assembler.classic.Assembler.startEjbs Created Ejb(deployment-id=DeviceServiceManagerImpl, ejb-name=DeviceServiceManagerImpl, container=Default Singleton Container)
25-Nov-2018 21:35:38.568 INFO [localhost-startStop-1] org.apache.openejb.assembler.classic.Assembler.startEjbs Created Ejb(deployment-id=SmcdCacheImpl, ejb-name=SmcdCacheImpl, container=Default Singleton Container)
25-Nov-2018 21:35:38.568 INFO [localhost-startStop-1] org.apache.openejb.assembler.classic.Assembler.startEjbs Created Ejb(deployment-id=ContextManagerImpl, ejb-name=ContextManagerImpl, container=Default Singleton Container)
25-Nov-2018 21:35:38.568 INFO [localhost-startStop-1] org.apache.openejb.assembler.classic.Assembler.startEjbs Created Ejb(deployment-id=MemoryClientRegistryService, ejb-name=MemoryClientRegistryService, container=Default Singleton Container)
25-Nov-2018 21:35:38.577 INFO [localhost-startStop-1] org.apache.openejb.assembler.classic.Assembler.startEjbs Created Ejb(deployment-id=ClientSessionFactoryImpl, ejb-name=ClientSessionFactoryImpl, container=Default Singleton Container)
25-Nov-2018 21:35:38.577 INFO [localhost-startStop-1] org.apache.openejb.assembler.classic.Assembler.startEjbs Created Ejb(deployment-id=ApolloMessageBrokerImpl, ejb-name=ApolloMessageBrokerImpl, container=Default Singleton Container)
25-Nov-2018 21:35:38.577 INFO [localhost-startStop-1] org.apache.openejb.assembler.classic.Assembler.startEjbs Created Ejb(deployment-id=ApplicationManagerFactory, ejb-name=ApplicationManagerFactory, container=Default Singleton Container)
25-Nov-2018 21:35:38.587 INFO [localhost-startStop-1] org.apache.openejb.assembler.classic.Assembler.startEjbs Created Ejb(deployment-id=RuntimeManager, ejb-name=RuntimeManager, container=Default Singleton Container)
25-Nov-2018 21:35:38.587 INFO [localhost-startStop-1] org.apache.openejb.assembler.classic.Assembler.startEjbs Created Ejb(deployment-id=DeviceRoleRepositoryImpl, ejb-name=DeviceRoleRepositoryImpl, container=Default Singleton Container)
25-Nov-2018 21:35:38.587 INFO [localhost-startStop-1] org.apache.openejb.assembler.classic.Assembler.startEjbs Created Ejb(deployment-id=AccessControlManagerFactory, ejb-name=AccessControlManagerFactory, container=Default Singleton Container)
25-Nov-2018 21:35:38.587 INFO [localhost-startStop-1] org.apache.openejb.assembler.classic.Assembler.startEjbs Started Ejb(deployment-id=EventDispatcherImpl, ejb-name=EventDispatcherImpl, container=Default Stateful Container)
25-Nov-2018 21:35:38.587 INFO [localhost-startStop-1] org.apache.openejb.assembler.classic.Assembler.startEjbs Started Ejb(deployment-id=RecommendationManagerImpl, ejb-name=RecommendationManagerImpl, container=Default Stateful Container)
25-Nov-2018 21:35:38.587 INFO [localhost-startStop-1] org.apache.openejb.assembler.classic.Assembler.startEjbs Started Ejb(deployment-id=ApplicationManagerImpl, ejb-name=ApplicationManagerImpl, container=Default Stateful Container)
25-Nov-2018 21:35:38.617 INFO [localhost-startStop-1] org.apache.openejb.assembler.classic.Assembler.startEjbs Started Ejb(deployment-id=DistributionServiceImpl, ejb-name=DistributionServiceImpl, container=Default Stateless Container)
25-Nov-2018 21:35:38.626 INFO [localhost-startStop-1] org.apache.openejb.assembler.classic.Assembler.startEjbs Started Ejb(deployment-id=RecommendationServiceImpl, ejb-name=RecommendationServiceImpl, container=Default Stateless Container)
25-Nov-2018 21:35:38.626 INFO [localhost-startStop-1] org.apache.openejb.assembler.classic.Assembler.startEjbs Started Ejb(deployment-id=TriggerManagerImpl, ejb-name=TriggerManagerImpl, container=Default Stateful Container)
25-Nov-2018 21:35:38.626 INFO [localhost-startStop-1] org.apache.openejb.assembler.classic.Assembler.startEjbs Started Ejb(deployment-id=DistributionManagerImpl, ejb-name=DistributionManagerImpl, container=Default Stateful Container)
25-Nov-2018 21:35:38.626 INFO [localhost-startStop-1] org.apache.openejb.assembler.classic.Assembler.startEjbs Started Ejb(deployment-id=LayoutModelInterpreter, ejb-name=LayoutModelInterpreter, container=Default Stateful Container)
25-Nov-2018 21:35:38.641 INFO [localhost-startStop-1] org.apache.openejb.assembler.classic.Assembler.startEjbs Started Ejb(deployment-id=IdResponseHandler, ejb-name=IdResponseHandler, container=Default Stateless Container)
25-Nov-2018 21:35:38.646 INFO [localhost-startStop-1] org.apache.openejb.assembler.classic.Assembler.startEjbs Started Ejb(deployment-id=CoRepositoryImpl, ejb-name=CoRepositoryImpl, container=Default Stateless Container)
25-Nov-2018 21:35:38.653 INFO [localhost-startStop-1] org.apache.openejb.assembler.classic.Assembler.startEjbs Started Ejb(deployment-id=AppRe, ejb-name=AppRe, container=Default Stateless Container)
25-Nov-2018 21:35:38.656 INFO [localhost-startStop-1] org.apache.openejb.assembler.classic.Assembler.startEjbs Started Ejb(deployment-id=TemplateResponseHandler, ejb-name=TemplateResponseHandler, container=Default Stateless Container)
25-Nov-2018 21:35:38.659 INFO [localhost-startStop-1] org.apache.openejb.assembler.classic.Assembler.startEjbs Started Ejb(deployment-id=ExchangeIdResponseHandler, ejb-name=ExchangeIdResponseHandler, container=Default Stateless Container)
25-Nov-2018 21:35:38.659 INFO [localhost-startStop-1] org.apache.openejb.assembler.classic.Assembler.startEjbs Started Ejb(deployment-id=DistributionModelInterpreterImpl, ejb-name=DistributionModelInterpreterImpl, container=Default Stateful Container)
25-Nov-2018 21:35:38.659 INFO [localhost-startStop-1] org.apache.openejb.assembler.classic.Assembler.startEjbs Started Ejb(deployment-id=AccessControlManagerImpl, ejb-name=AccessControlManagerImpl, container=Default Stateful Container)
25-Nov-2018 21:35:38.662 INFO [localhost-startStop-1] org.apache.openejb.assembler.classic.Assembler.startEjbs Started Ejb(deployment-id=TriggerRequestProcessorImpl, ejb-name=TriggerRequestProcessorImpl, container=Default Stateless Container)
25-Nov-2018 21:35:38.662 INFO [localhost-startStop-1] org.apache.openejb.assembler.classic.Assembler.startEjbs Started Ejb(deployment-id=AwarenessManagerImpl, ejb-name=AwarenessManagerImpl, container=Default Stateful Container)
25-Nov-2018 21:35:38.662 INFO [localhost-startStop-1] org.apache.openejb.assembler.classic.Assembler.startEjbs Started Ejb(deployment-id=ComponentManagerImpl, ejb-name=ComponentManagerImpl, container=Default Stateful Container)
25-Nov-2018 21:35:38.674 INFO [localhost-startStop-1] org.apache.openejb.assembler.classic.Assembler.startEjbs Started Ejb(deployment-id=ServiceAccessImpl, ejb-name=ServiceAccessImpl, container=Default Stateless Container)
25-Nov-2018 21:35:38.674 INFO [localhost-startStop-1] org.apache.openejb.assembler.classic.Assembler.startEjbs Started Ejb(deployment-id=CommunicationManagerImpl, ejb-name=CommunicationManagerImpl, container=Default Stateful Container)
25-Nov-2018 21:35:38.674 INFO [localhost-startStop-1] org.apache.openejb.assembler.classic.Assembler.startEjbs Started Ejb(deployment-id=ConceptualModelInterpreterImpl, ejb-name=ConceptualModelInterpreterImpl, container=Default Stateful Container)
25-Nov-2018 21:35:38.674 INFO [localhost-startStop-1] org.apache.openejb.assembler.classic.Assembler.startEjbs Started Ejb(deployment-id=ChannelCommunicationModelInterpreter, ejb-name=ChannelCommunicationModelInterpreter, container=Default Stateful Container)
25-Nov-2018 21:35:38.674 INFO [localhost-startStop-1] org.apache.openejb.assembler.classic.Assembler.startEjbs Started Ejb(deployment-id=DistributionRecommender, ejb-name=DistributionRecommender, container=Default Stateful Container)
25-Nov-2018 21:35:38.674 INFO [localhost-startStop-1] org.apache.openejb.assembler.classic.Assembler.startEjbs Started Ejb(deployment-id=EventBrokerImpl, ejb-name=EventBrokerImpl, container=Default Stateful Container)
25-Nov-2018 21:35:38.674 INFO [localhost-startStop-1] org.apache.openejb.assembler.classic.Assembler.startEjbs Started Ejb(deployment-id=Dummy, ejb-name=Dummy, container=Default Stateful Container)
25-Nov-2018 21:35:38.678 INFO [localhost-startStop-1] org.apache.openejb.assembler.classic.Assembler.startEjbs Started Ejb(deployment-id=Responder, ejb-name=Responder, container=Default Stateless Container)
25-Nov-2018 21:35:38.678 INFO [localhost-startStop-1] org.apache.openejb.assembler.classic.Assembler.startEjbs Started Ejb(deployment-id=DeviceServiceManagerImpl, ejb-name=DeviceServiceManagerImpl, container=Default Singleton Container)
25-Nov-2018 21:35:38.678 INFO [localhost-startStop-1] org.apache.openejb.assembler.classic.Assembler.startEjbs Started Ejb(deployment-id=SmcdCacheImpl, ejb-name=SmcdCacheImpl, container=Default Singleton Container)
25-Nov-2018 21:35:38.678 INFO [localhost-startStop-1] org.apache.openejb.assembler.classic.Assembler.startEjbs Started Ejb(deployment-id=ContextManagerImpl, ejb-name=ContextManagerImpl, container=Default Singleton Container)
25-Nov-2018 21:35:38.678 INFO [localhost-startStop-1] org.apache.openejb.assembler.classic.Assembler.startEjbs Started Ejb(deployment-id=MemoryClientRegistryService, ejb-name=MemoryClientRegistryService, container=Default Singleton Container)
25-Nov-2018 21:35:38.678 INFO [localhost-startStop-1] org.apache.openejb.assembler.classic.Assembler.startEjbs Started Ejb(deployment-id=ClientSessionFactoryImpl, ejb-name=ClientSessionFactoryImpl, container=Default Singleton Container)
25-Nov-2018 21:35:38.678 INFO [localhost-startStop-1] org.apache.openejb.assembler.classic.Assembler.startEjbs Started Ejb(deployment-id=ApolloMessageBrokerImpl, ejb-name=ApolloMessageBrokerImpl, container=Default Singleton Container)
25-Nov-2018 21:35:38.678 INFO [localhost-startStop-1] org.apache.openejb.assembler.classic.Assembler.startEjbs Started Ejb(deployment-id=ApplicationManagerFactory, ejb-name=ApplicationManagerFactory, container=Default Singleton Container)
25-Nov-2018 21:35:38.869 INFO [localhost-startStop-1] org.apache.openejb.assembler.classic.Assembler.startEjbs Started Ejb(deployment-id=RuntimeManager, ejb-name=RuntimeManager, container=Default Singleton Container)
25-Nov-2018 21:35:38.869 INFO [localhost-startStop-1] org.apache.openejb.assembler.classic.Assembler.startEjbs Started Ejb(deployment-id=DeviceRoleRepositoryImpl, ejb-name=DeviceRoleRepositoryImpl, container=Default Singleton Container)
25-Nov-2018 21:35:38.869 INFO [localhost-startStop-1] org.apache.openejb.assembler.classic.Assembler.startEjbs Started Ejb(deployment-id=AccessControlManagerFactory, ejb-name=AccessControlManagerFactory, container=Default Singleton Container)
25-Nov-2018 21:35:38.870 INFO [localhost-startStop-1] org.apache.tomee.catalina.TomcatWebAppBuilder.deployWebApps using context file C:\Projects\KP_WME\CSR_Server\webapps\csr-server\META-INF\context.xml
25-Nov-2018 21:35:38.921 INFO [localhost-startStop-1] org.apache.openejb.assembler.classic.Assembler.createApplication Deployed Application(path=C:\Projects\KP_WME\CSR_Server\webapps\csr-server)
25-Nov-2018 21:35:39.646 INFO [localhost-startStop-1] org.apache.jasper.servlet.TldScanner.scanJars At least one JAR was scanned for TLDs yet contained no TLDs. Enable debug logging for this logger for a complete list of JARs that were scanned but no TLDs were found in them. Skipping unneeded JARs during scanning can improve startup time and JSP compilation time.
25-Nov-2018 21:35:39.854 INFO [localhost-startStop-1] sun.reflect.DelegatingMethodAccessorImpl.invoke Deployment of web application archive [C:\Projects\KP_WME\CSR_Server\webapps\csr-server.war] has finished in [16,898] ms
25-Nov-2018 21:35:39.854 INFO [localhost-startStop-1] sun.reflect.DelegatingMethodAccessorImpl.invoke Deploying web application directory [C:\Projects\KP_WME\CSR_Server\webapps\docs]
25-Nov-2018 21:35:39.854 INFO [localhost-startStop-1] org.apache.tomee.catalina.TomcatWebAppBuilder.init ------------------------- localhost -> /docs
25-Nov-2018 21:35:39.936 INFO [localhost-startStop-1] org.apache.openejb.config.ConfigurationFactory.configureApplication Configuring enterprise application: C:\Projects\KP_WME\CSR_Server\webapps\docs
25-Nov-2018 21:35:39.946 INFO [localhost-startStop-1] org.apache.openejb.config.AppInfoBuilder.build Enterprise application "C:\Projects\KP_WME\CSR_Server\webapps\docs" loaded.
25-Nov-2018 21:35:39.954 INFO [localhost-startStop-1] org.apache.openejb.assembler.classic.Assembler.createApplication Assembling app: C:\Projects\KP_WME\CSR_Server\webapps\docs
25-Nov-2018 21:35:39.966 INFO [localhost-startStop-1] org.apache.openejb.assembler.classic.Assembler.createApplication Deployed Application(path=C:\Projects\KP_WME\CSR_Server\webapps\docs)
25-Nov-2018 21:35:40.027 INFO [localhost-startStop-1] org.apache.jasper.servlet.TldScanner.scanJars At least one JAR was scanned for TLDs yet contained no TLDs. Enable debug logging for this logger for a complete list of JARs that were scanned but no TLDs were found in them. Skipping unneeded JARs during scanning can improve startup time and JSP compilation time.
25-Nov-2018 21:35:40.074 INFO [localhost-startStop-1] sun.reflect.DelegatingMethodAccessorImpl.invoke Deployment of web application directory [C:\Projects\KP_WME\CSR_Server\webapps\docs] has finished in [220] ms
25-Nov-2018 21:35:40.074 INFO [localhost-startStop-1] sun.reflect.DelegatingMethodAccessorImpl.invoke Deploying web application directory [C:\Projects\KP_WME\CSR_Server\webapps\host-manager]
25-Nov-2018 21:35:40.106 INFO [localhost-startStop-1] org.apache.tomee.catalina.TomcatWebAppBuilder.init ------------------------- localhost -> /host-manager
25-Nov-2018 21:35:40.197 INFO [localhost-startStop-1] org.apache.openejb.config.ConfigurationFactory.configureApplication Configuring enterprise application: C:\Projects\KP_WME\CSR_Server\webapps\host-manager
25-Nov-2018 21:35:40.207 INFO [localhost-startStop-1] org.apache.openejb.config.AppInfoBuilder.build Enterprise application "C:\Projects\KP_WME\CSR_Server\webapps\host-manager" loaded.
25-Nov-2018 21:35:40.214 INFO [localhost-startStop-1] org.apache.openejb.assembler.classic.Assembler.createApplication Assembling app: C:\Projects\KP_WME\CSR_Server\webapps\host-manager
25-Nov-2018 21:35:40.216 INFO [localhost-startStop-1] org.apache.tomee.catalina.TomcatWebAppBuilder.deployWebApps using context file C:\Projects\KP_WME\CSR_Server\webapps\host-manager\META-INF\context.xml
25-Nov-2018 21:35:40.224 INFO [localhost-startStop-1] org.apache.openejb.assembler.classic.Assembler.createApplication Deployed Application(path=C:\Projects\KP_WME\CSR_Server\webapps\host-manager)
25-Nov-2018 21:35:40.284 INFO [localhost-startStop-1] org.apache.jasper.servlet.TldScanner.scanJars At least one JAR was scanned for TLDs yet contained no TLDs. Enable debug logging for this logger for a complete list of JARs that were scanned but no TLDs were found in them. Skipping unneeded JARs during scanning can improve startup time and JSP compilation time.
25-Nov-2018 21:35:40.326 INFO [localhost-startStop-1] sun.reflect.DelegatingMethodAccessorImpl.invoke Deployment of web application directory [C:\Projects\KP_WME\CSR_Server\webapps\host-manager] has finished in [252] ms
25-Nov-2018 21:35:40.326 INFO [localhost-startStop-1] sun.reflect.DelegatingMethodAccessorImpl.invoke Deploying web application directory [C:\Projects\KP_WME\CSR_Server\webapps\manager]
25-Nov-2018 21:35:40.337 INFO [localhost-startStop-1] org.apache.tomee.catalina.TomcatWebAppBuilder.init ------------------------- localhost -> /manager
25-Nov-2018 21:35:40.424 INFO [localhost-startStop-1] org.apache.openejb.config.ConfigurationFactory.configureApplication Configuring enterprise application: C:\Projects\KP_WME\CSR_Server\webapps\manager
25-Nov-2018 21:35:40.437 INFO [localhost-startStop-1] org.apache.openejb.config.AppInfoBuilder.build Enterprise application "C:\Projects\KP_WME\CSR_Server\webapps\manager" loaded.
25-Nov-2018 21:35:40.437 INFO [localhost-startStop-1] org.apache.openejb.assembler.classic.Assembler.createApplication Assembling app: C:\Projects\KP_WME\CSR_Server\webapps\manager
25-Nov-2018 21:35:40.446 INFO [localhost-startStop-1] org.apache.tomee.catalina.TomcatWebAppBuilder.deployWebApps using context file C:\Projects\KP_WME\CSR_Server\webapps\manager\META-INF\context.xml
25-Nov-2018 21:35:40.457 INFO [localhost-startStop-1] org.apache.openejb.assembler.classic.Assembler.createApplication Deployed Application(path=C:\Projects\KP_WME\CSR_Server\webapps\manager)
25-Nov-2018 21:35:40.546 INFO [localhost-startStop-1] org.apache.jasper.servlet.TldScanner.scanJars At least one JAR was scanned for TLDs yet contained no TLDs. Enable debug logging for this logger for a complete list of JARs that were scanned but no TLDs were found in them. Skipping unneeded JARs during scanning can improve startup time and JSP compilation time.
25-Nov-2018 21:35:40.586 INFO [localhost-startStop-1] sun.reflect.DelegatingMethodAccessorImpl.invoke Deployment of web application directory [C:\Projects\KP_WME\CSR_Server\webapps\manager] has finished in [260] ms
25-Nov-2018 21:35:40.586 INFO [localhost-startStop-1] sun.reflect.DelegatingMethodAccessorImpl.invoke Deploying web application directory [C:\Projects\KP_WME\CSR_Server\webapps\ROOT]
25-Nov-2018 21:35:40.586 INFO [localhost-startStop-1] org.apache.tomee.catalina.TomcatWebAppBuilder.init ------------------------- localhost -> /
25-Nov-2018 21:35:40.674 INFO [localhost-startStop-1] org.apache.openejb.config.ConfigurationFactory.configureApplication Configuring enterprise application: C:\Projects\KP_WME\CSR_Server\webapps\ROOT
25-Nov-2018 21:35:40.686 INFO [localhost-startStop-1] org.apache.openejb.config.AppInfoBuilder.build Enterprise application "C:\Projects\KP_WME\CSR_Server\webapps\ROOT" loaded.
25-Nov-2018 21:35:40.686 INFO [hawtdispatch-DEFAULT-1] org.apache.activemq.apollo.util.Log$class.info OS     : Windows 10 10.0
25-Nov-2018 21:35:40.686 INFO [localhost-startStop-1] org.apache.openejb.assembler.classic.Assembler.createApplication Assembling app: C:\Projects\KP_WME\CSR_Server\webapps\ROOT
25-Nov-2018 21:35:40.686 INFO [hawtdispatch-DEFAULT-1] org.apache.activemq.apollo.util.Log$class.info JVM    : Java HotSpot(TM) 64-Bit Server VM 1.8.0_72 (Oracle Corporation)
25-Nov-2018 21:35:40.694 INFO [hawtdispatch-DEFAULT-1] org.apache.activemq.apollo.util.Log$class.info Apollo : 1.7.1
25-Nov-2018 21:35:40.704 INFO [localhost-startStop-1] org.apache.openejb.assembler.classic.Assembler.createApplication Deployed Application(path=C:\Projects\KP_WME\CSR_Server\webapps\ROOT)
25-Nov-2018 21:35:40.757 INFO [localhost-startStop-1] org.apache.jasper.servlet.TldScanner.scanJars At least one JAR was scanned for TLDs yet contained no TLDs. Enable debug logging for this logger for a complete list of JARs that were scanned but no TLDs were found in them. Skipping unneeded JARs during scanning can improve startup time and JSP compilation time.
25-Nov-2018 21:35:40.807 INFO [localhost-startStop-1] sun.reflect.DelegatingMethodAccessorImpl.invoke Deployment of web application directory [C:\Projects\KP_WME\CSR_Server\webapps\ROOT] has finished in [221] ms
25-Nov-2018 21:35:40.817 INFO [main] sun.reflect.DelegatingMethodAccessorImpl.invoke Starting ProtocolHandler ["http-nio-8080"]
25-Nov-2018 21:35:40.843 INFO [main] sun.reflect.DelegatingMethodAccessorImpl.invoke Starting ProtocolHandler ["ajp-nio-8009"]
25-Nov-2018 21:35:40.846 INFO [main] sun.reflect.DelegatingMethodAccessorImpl.invoke Server startup in 18036 ms
25-Nov-2018 21:35:41.296 INFO [hawtdispatch-DEFAULT-1] org.apache.activemq.apollo.util.Log$class.info Accepting connections at: tcp://0.0.0.0:8086
25-Nov-2018 21:35:41.357 INFO [hawtdispatch-DEFAULT-1] org.apache.activemq.apollo.util.Log$class.info Accepting connections at: vm://localhost
25-Nov-2018 21:35:41.456 INFO [Apollo Task] org.eclipse.jetty.server.Server.doStart jetty-8.1.11.v20130520
25-Nov-2018 21:35:41.546 INFO [Apollo Task] org.eclipse.jetty.server.AbstractConnector.doStart Started SelectChannelConnector@0.0.0.0:8082
25-Nov-2018 21:35:41.546 INFO [Apollo Task] org.apache.activemq.apollo.util.Log$class.info Accepting connections at: ws://0.0.0.0:8082/
25-Nov-2018 21:35:41.727 INFO [hawtdispatch-DEFAULT-1] org.apache.activemq.apollo.util.Log$class.info connected: local:/127.0.0.1:8086, remote:/127.0.0.1:61761
25-Nov-2018 21:35:41.807 INFO [hawtdispatch-DEFAULT-1] org.apache.activemq.apollo.util.Log$class.info connected: local:/127.0.0.1:8086, remote:/127.0.0.1:61761
25-Nov-2018 21:38:38.185 INFO [hawtdispatch-DEFAULT-1] org.apache.activemq.apollo.util.Log$class.info connected: local:/0:0:0:0:0:0:0:1:8082, remote:/0:0:0:0:0:0:0:1:49967
25-Nov-2018 21:38:38.227 INFO [hawtdispatch-DEFAULT-1] org.apache.activemq.apollo.util.Log$class.info connected: local:/0:0:0:0:0:0:0:1:8082, remote:/0:0:0:0:0:0:0:1:49967
25-Nov-2018 21:38:39.786 INFO [hawtdispatch-DEFAULT-2] org.apache.activemq.apollo.util.Log$class.info connected: local:/127.0.0.1:8086, remote:/127.0.0.1:49969
25-Nov-2018 21:38:39.787 INFO [hawtdispatch-DEFAULT-2] org.apache.activemq.apollo.util.Log$class.info connected: local:/127.0.0.1:8086, remote:/127.0.0.1:49969
25-Nov-2018 21:38:39.966 INFO [hawtdispatch-DEFAULT-1] org.apache.activemq.apollo.util.Log$class.info connected: local:/127.0.0.1:8086, remote:/127.0.0.1:49970
25-Nov-2018 21:38:39.967 INFO [hawtdispatch-DEFAULT-1] org.apache.activemq.apollo.util.Log$class.info connected: local:/127.0.0.1:8086, remote:/127.0.0.1:49970
25-Nov-2018 21:38:50.917 INFO [@Asynchronous csr-server - 3] org.apache.axis2.deployment.ModuleDeployer.deploy Deploying module: addressing-1.5.1 - file:/C:/Projects/KP_WME/CSR_Server/webapps/csr-server/WEB-INF/lib/axis2-1.5.1.jar
25-Nov-2018 21:39:48.969 INFO [hawtdispatch-DEFAULT-1] org.apache.activemq.apollo.util.Log$class.info Shutting connection '/0:0:0:0:0:0:0:1:49967'  down due to: java.io.EOFException: Peer disconnected
25-Nov-2018 21:39:49.058 INFO [hawtdispatch-DEFAULT-1] org.apache.activemq.apollo.util.Log$class.info disconnected: local:/0:0:0:0:0:0:0:1:8082, remote:/0:0:0:0:0:0:0:1:49967
25-Nov-2018 21:39:54.065 INFO [hawtdispatch-DEFAULT-1] org.apache.activemq.apollo.util.Log$class.info disconnected: local:/127.0.0.1:8086, remote:/127.0.0.1:49969
25-Nov-2018 21:41:33.271 INFO [Thread-19] sun.reflect.DelegatingMethodAccessorImpl.invoke Pausing ProtocolHandler ["http-nio-8080"]
25-Nov-2018 21:41:33.401 INFO [Thread-19] sun.reflect.DelegatingMethodAccessorImpl.invoke Pausing ProtocolHandler ["ajp-nio-8009"]
25-Nov-2018 21:41:33.524 INFO [Thread-19] sun.reflect.DelegatingMethodAccessorImpl.invoke Stopping service [Catalina]
25-Nov-2018 21:41:33.553 INFO [localhost-startStop-2] org.apache.openejb.assembler.classic.Assembler.destroyApplication Undeploying app: C:\Projects\KP_WME\CSR_Server\webapps\csr-server
25-Nov-2018 21:41:33.984 WARNING [localhost-startStop-2] org.apache.catalina.loader.WebappClassLoaderBase.clearReferencesThreads The web application [csr-server] appears to have started a thread named [hawtdispatch timer] but has failed to stop it. This is very likely to create a memory leak. Stack trace of thread:
 java.lang.Object.wait(Native Method)
 java.lang.Object.wait(Object.java:460)
 org.fusesource.hawtdispatch.internal.TimerThread.run(TimerThread.java:188)
25-Nov-2018 21:41:33.995 WARNING [localhost-startStop-2] org.apache.catalina.loader.WebappClassLoaderBase.clearReferencesThreads The web application [csr-server] appears to have started a thread named [MultiThreadedHttpConnectionManager cleanup] but has failed to stop it. This is very likely to create a memory leak. Stack trace of thread:
 java.lang.Object.wait(Native Method)
 java.lang.ref.ReferenceQueue.remove(ReferenceQueue.java:143)
 java.lang.ref.ReferenceQueue.remove(ReferenceQueue.java:164)
 org.apache.commons.httpclient.MultiThreadedHttpConnectionManager$ReferenceQueueThread.run(MultiThreadedHttpConnectionManager.java:1122)
25-Nov-2018 21:41:33.995 WARNING [localhost-startStop-2] org.apache.catalina.loader.WebappClassLoaderBase.clearReferencesThreads The web application [csr-server] appears to have started a thread named [hawtdispatch-DEFAULT-1] but has failed to stop it. This is very likely to create a memory leak. Stack trace of thread:
 sun.nio.ch.WindowsSelectorImpl$SubSelector.processFDSet(WindowsSelectorImpl.java:345)
 sun.nio.ch.WindowsSelectorImpl$SubSelector.processSelectedKeys(WindowsSelectorImpl.java:315)
 sun.nio.ch.WindowsSelectorImpl$SubSelector.access$2900(WindowsSelectorImpl.java:278)
 sun.nio.ch.WindowsSelectorImpl.updateSelectedKeys(WindowsSelectorImpl.java:495)
 sun.nio.ch.WindowsSelectorImpl.doSelect(WindowsSelectorImpl.java:172)
 sun.nio.ch.SelectorImpl.lockAndDoSelect(SelectorImpl.java:86)
 sun.nio.ch.SelectorImpl.select(SelectorImpl.java:97)
 sun.nio.ch.SelectorImpl.select(SelectorImpl.java:101)
 org.fusesource.hawtdispatch.internal.NioManager$SelectStrategy.select(NioManager.java:52)
 org.fusesource.hawtdispatch.internal.NioManager.select(NioManager.java:182)
 org.fusesource.hawtdispatch.internal.pool.SimplePool.park(SimplePool.java:130)
 org.fusesource.hawtdispatch.internal.pool.SimpleThread.run(SimpleThread.java:75)
25-Nov-2018 21:41:34.003 WARNING [localhost-startStop-2] org.apache.catalina.loader.WebappClassLoaderBase.clearReferencesThreads The web application [csr-server] appears to have started a thread named [hawtdispatch-DEFAULT-2] but has failed to stop it. This is very likely to create a memory leak. Stack trace of thread:
 sun.nio.ch.WindowsSelectorImpl.setWakeupSocket0(Native Method)
 sun.nio.ch.WindowsSelectorImpl.setWakeupSocket(WindowsSelectorImpl.java:464)
 sun.nio.ch.WindowsSelectorImpl.wakeup(WindowsSelectorImpl.java:606)
 org.fusesource.hawtdispatch.internal.NioManager.wakeupIfSelecting(NioManager.java:157)
 org.fusesource.hawtdispatch.internal.pool.SimpleThread.unpark(SimpleThread.java:51)
 org.fusesource.hawtdispatch.internal.ThreadDispatchQueue.execute(ThreadDispatchQueue.java:85)
 org.fusesource.hawtdispatch.internal.NioDispatchSource.updateInterest(NioDispatchSource.java:244)
 org.fusesource.hawtdispatch.internal.NioDispatchSource.access$200(NioDispatchSource.java:43)
 org.fusesource.hawtdispatch.internal.NioDispatchSource$3.run(NioDispatchSource.java:214)
 org.fusesource.hawtdispatch.internal.SerialDispatchQueue.run(SerialDispatchQueue.java:100)
 org.fusesource.hawtdispatch.internal.pool.SimpleThread.run(SimpleThread.java:77)
25-Nov-2018 21:41:34.005 WARNING [localhost-startStop-2] org.apache.catalina.loader.WebappClassLoaderBase.clearReferencesThreads The web application [csr-server] appears to have started a thread named [hawtdispatch-DEFAULT-3] but has failed to stop it. This is very likely to create a memory leak. Stack trace of thread:
 sun.nio.ch.WindowsSelectorImpl$SubSelector.poll0(Native Method)
 sun.nio.ch.WindowsSelectorImpl$SubSelector.poll(WindowsSelectorImpl.java:296)
 sun.nio.ch.WindowsSelectorImpl$SubSelector.access$400(WindowsSelectorImpl.java:278)
 sun.nio.ch.WindowsSelectorImpl.doSelect(WindowsSelectorImpl.java:159)
 sun.nio.ch.SelectorImpl.lockAndDoSelect(SelectorImpl.java:86)
 sun.nio.ch.SelectorImpl.select(SelectorImpl.java:97)
 sun.nio.ch.SelectorImpl.select(SelectorImpl.java:101)
 org.fusesource.hawtdispatch.internal.NioManager$SelectStrategy.select(NioManager.java:52)
 org.fusesource.hawtdispatch.internal.NioManager.select(NioManager.java:182)
 org.fusesource.hawtdispatch.internal.pool.SimplePool.park(SimplePool.java:130)
 org.fusesource.hawtdispatch.internal.pool.SimpleThread.run(SimpleThread.java:75)
25-Nov-2018 21:41:34.005 WARNING [localhost-startStop-2] org.apache.catalina.loader.WebappClassLoaderBase.clearReferencesThreads The web application [csr-server] appears to have started a thread named [hawtdispatch-DEFAULT-4] but has failed to stop it. This is very likely to create a memory leak. Stack trace of thread:
 sun.nio.ch.WindowsSelectorImpl$SubSelector.processFDSet(WindowsSelectorImpl.java:345)
 sun.nio.ch.WindowsSelectorImpl$SubSelector.processSelectedKeys(WindowsSelectorImpl.java:315)
 sun.nio.ch.WindowsSelectorImpl$SubSelector.access$2900(WindowsSelectorImpl.java:278)
 sun.nio.ch.WindowsSelectorImpl.updateSelectedKeys(WindowsSelectorImpl.java:495)
 sun.nio.ch.WindowsSelectorImpl.doSelect(WindowsSelectorImpl.java:172)
 sun.nio.ch.SelectorImpl.lockAndDoSelect(SelectorImpl.java:86)
 sun.nio.ch.SelectorImpl.select(SelectorImpl.java:97)
 sun.nio.ch.SelectorImpl.select(SelectorImpl.java:101)
 org.fusesource.hawtdispatch.internal.NioManager$SelectStrategy.select(NioManager.java:52)
 org.fusesource.hawtdispatch.internal.NioManager.select(NioManager.java:182)
 org.fusesource.hawtdispatch.internal.pool.SimplePool.park(SimplePool.java:130)
 org.fusesource.hawtdispatch.internal.pool.SimpleThread.run(SimpleThread.java:75)
25-Nov-2018 21:41:34.021 WARNING [localhost-startStop-2] org.apache.catalina.loader.WebappClassLoaderBase.clearReferencesThreads The web application [csr-server] appears to have started a thread named [Apollo Task Selector0] but has failed to stop it. This is very likely to create a memory leak. Stack trace of thread:
 sun.nio.ch.WindowsSelectorImpl$SubSelector.poll0(Native Method)
 sun.nio.ch.WindowsSelectorImpl$SubSelector.poll(WindowsSelectorImpl.java:296)
 sun.nio.ch.WindowsSelectorImpl$SubSelector.access$400(WindowsSelectorImpl.java:278)
 sun.nio.ch.WindowsSelectorImpl.doSelect(WindowsSelectorImpl.java:159)
 sun.nio.ch.SelectorImpl.lockAndDoSelect(SelectorImpl.java:86)
 sun.nio.ch.SelectorImpl.select(SelectorImpl.java:97)
 org.eclipse.jetty.io.nio.SelectorManager$SelectSet.doSelect(SelectorManager.java:569)
 org.eclipse.jetty.io.nio.SelectorManager$1.run(SelectorManager.java:290)
 java.util.concurrent.ThreadPoolExecutor.runWorker(ThreadPoolExecutor.java:1142)
 java.util.concurrent.ThreadPoolExecutor$Worker.run(ThreadPoolExecutor.java:617)
 java.lang.Thread.run(Thread.java:745)
25-Nov-2018 21:41:34.045 WARNING [localhost-startStop-2] org.apache.catalina.loader.WebappClassLoaderBase.clearReferencesThreads The web application [csr-server] appears to have started a thread named [Apollo Task Acceptor0 SelectChannelConnector@0.0.0.0:8082] but has failed to stop it. This is very likely to create a memory leak. Stack trace of thread:
 sun.nio.ch.ServerSocketChannelImpl.accept0(Native Method)
 sun.nio.ch.ServerSocketChannelImpl.accept(ServerSocketChannelImpl.java:422)
 sun.nio.ch.ServerSocketChannelImpl.accept(ServerSocketChannelImpl.java:250)
 org.eclipse.jetty.server.nio.SelectChannelConnector.accept(SelectChannelConnector.java:109)
 org.eclipse.jetty.server.AbstractConnector$Acceptor.run(AbstractConnector.java:938)
 java.util.concurrent.ThreadPoolExecutor.runWorker(ThreadPoolExecutor.java:1142)
 java.util.concurrent.ThreadPoolExecutor$Worker.run(ThreadPoolExecutor.java:617)
 java.lang.Thread.run(Thread.java:745)
25-Nov-2018 21:41:34.045 WARNING [localhost-startStop-2] org.apache.catalina.loader.WebappClassLoaderBase.clearReferencesThreads The web application [csr-server] appears to have started a thread named [Apollo Task] but has failed to stop it. This is very likely to create a memory leak. Stack trace of thread:
 sun.misc.Unsafe.park(Native Method)
 java.util.concurrent.locks.LockSupport.parkNanos(LockSupport.java:215)
 java.util.concurrent.SynchronousQueue$TransferStack.awaitFulfill(SynchronousQueue.java:460)
 java.util.concurrent.SynchronousQueue$TransferStack.transfer(SynchronousQueue.java:362)
 java.util.concurrent.SynchronousQueue.poll(SynchronousQueue.java:941)
 java.util.concurrent.ThreadPoolExecutor.getTask(ThreadPoolExecutor.java:1066)
 java.util.concurrent.ThreadPoolExecutor.runWorker(ThreadPoolExecutor.java:1127)
 java.util.concurrent.ThreadPoolExecutor$Worker.run(ThreadPoolExecutor.java:617)
 java.lang.Thread.run(Thread.java:745)
25-Nov-2018 21:41:34.052 SEVERE [localhost-startStop-2] org.apache.catalina.loader.WebappClassLoaderBase.checkThreadLocalMapForLeaks The web application [csr-server] created a ThreadLocal with key of type [java.lang.ThreadLocal] (value [java.lang.ThreadLocal@589d7c2a]) and a value of type [org.fusesource.hawtdispatch.util.ThreadLocalPool.Pool] (value [org.fusesource.hawtdispatch.util.ThreadLocalPool$Pool@36b374e9]) but failed to remove it when the web application was stopped. Threads are going to be renewed over time to try and avoid a probable memory leak.
25-Nov-2018 21:41:34.055 SEVERE [localhost-startStop-2] org.apache.catalina.loader.WebappClassLoaderBase.checkThreadLocalMapForLeaks The web application [csr-server] created a ThreadLocal with key of type [java.lang.ThreadLocal] (value [java.lang.ThreadLocal@75464609]) and a value of type [org.fusesource.hawtdispatch.internal.NioDispatchSource.KeyState] (value [{ready: [] }]) but failed to remove it when the web application was stopped. Threads are going to be renewed over time to try and avoid a probable memory leak.
25-Nov-2018 21:41:34.055 SEVERE [localhost-startStop-2] org.apache.catalina.loader.WebappClassLoaderBase.checkThreadLocalMapForLeaks The web application [csr-server] created a ThreadLocal with key of type [java.lang.ThreadLocal] (value [java.lang.ThreadLocal@40a84f1d]) and a value of type [org.fusesource.hawtdispatch.util.ThreadLocalPool.Pool] (value [org.fusesource.hawtdispatch.util.ThreadLocalPool$Pool@7367070e]) but failed to remove it when the web application was stopped. Threads are going to be renewed over time to try and avoid a probable memory leak.
25-Nov-2018 21:41:34.062 SEVERE [localhost-startStop-2] org.apache.catalina.loader.WebappClassLoaderBase.checkThreadLocalMapForLeaks The web application [csr-server] created a ThreadLocal with key of type [java.lang.ThreadLocal] (value [java.lang.ThreadLocal@5ede21b7]) and a value of type [org.fusesource.hawtdispatch.internal.NioDispatchSource.KeyState] (value [{ready: [] }]) but failed to remove it when the web application was stopped. Threads are going to be renewed over time to try and avoid a probable memory leak.
25-Nov-2018 21:41:34.065 SEVERE [localhost-startStop-2] org.apache.catalina.loader.WebappClassLoaderBase.checkThreadLocalMapForLeaks The web application [csr-server] created a ThreadLocal with key of type [java.lang.ThreadLocal] (value [java.lang.ThreadLocal@589d7c2a]) and a value of type [org.fusesource.hawtdispatch.util.ThreadLocalPool.Pool] (value [org.fusesource.hawtdispatch.util.ThreadLocalPool$Pool@196f426b]) but failed to remove it when the web application was stopped. Threads are going to be renewed over time to try and avoid a probable memory leak.
25-Nov-2018 21:41:34.085 SEVERE [localhost-startStop-2] org.apache.catalina.loader.WebappClassLoaderBase.checkThreadLocalMapForLeaks The web application [csr-server] created a ThreadLocal with key of type [java.lang.ThreadLocal] (value [java.lang.ThreadLocal@40a84f1d]) and a value of type [org.fusesource.hawtdispatch.util.ThreadLocalPool.Pool] (value [org.fusesource.hawtdispatch.util.ThreadLocalPool$Pool@1b3d36fc]) but failed to remove it when the web application was stopped. Threads are going to be renewed over time to try and avoid a probable memory leak.
25-Nov-2018 21:41:34.085 SEVERE [localhost-startStop-2] org.apache.catalina.loader.WebappClassLoaderBase.checkThreadLocalMapForLeaks The web application [csr-server] created a ThreadLocal with key of type [java.lang.ThreadLocal] (value [java.lang.ThreadLocal@40a84f1d]) and a value of type [org.fusesource.hawtdispatch.util.ThreadLocalPool.Pool] (value [org.fusesource.hawtdispatch.util.ThreadLocalPool$Pool@50290de2]) but failed to remove it when the web application was stopped. Threads are going to be renewed over time to try and avoid a probable memory leak.
25-Nov-2018 21:41:34.085 SEVERE [localhost-startStop-2] org.apache.catalina.loader.WebappClassLoaderBase.checkThreadLocalMapForLeaks The web application [csr-server] created a ThreadLocal with key of type [java.lang.ThreadLocal] (value [java.lang.ThreadLocal@589d7c2a]) and a value of type [org.fusesource.hawtdispatch.util.ThreadLocalPool.Pool] (value [org.fusesource.hawtdispatch.util.ThreadLocalPool$Pool@7fd55dc9]) but failed to remove it when the web application was stopped. Threads are going to be renewed over time to try and avoid a probable memory leak.
25-Nov-2018 21:41:34.085 SEVERE [localhost-startStop-2] org.apache.catalina.loader.WebappClassLoaderBase.checkThreadLocalMapForLeaks The web application [csr-server] created a ThreadLocal with key of type [java.lang.ThreadLocal] (value [java.lang.ThreadLocal@1cca2442]) and a value of type [org.fusesource.hawtdispatch.internal.NioDispatchSource.KeyState] (value [{ready: [] }]) but failed to remove it when the web application was stopped. Threads are going to be renewed over time to try and avoid a probable memory leak.
25-Nov-2018 21:41:34.095 SEVERE [localhost-startStop-2] org.apache.catalina.loader.WebappClassLoaderBase.checkThreadLocalMapForLeaks The web application [csr-server] created a ThreadLocal with key of type [java.lang.ThreadLocal] (value [java.lang.ThreadLocal@589d7c2a]) and a value of type [org.fusesource.hawtdispatch.util.ThreadLocalPool.Pool] (value [org.fusesource.hawtdispatch.util.ThreadLocalPool$Pool@6e326bf1]) but failed to remove it when the web application was stopped. Threads are going to be renewed over time to try and avoid a probable memory leak.
25-Nov-2018 21:41:34.095 SEVERE [localhost-startStop-2] org.apache.catalina.loader.WebappClassLoaderBase.checkThreadLocalMapForLeaks The web application [csr-server] created a ThreadLocal with key of type [java.lang.ThreadLocal] (value [java.lang.ThreadLocal@40a84f1d]) and a value of type [org.fusesource.hawtdispatch.util.ThreadLocalPool.Pool] (value [org.fusesource.hawtdispatch.util.ThreadLocalPool$Pool@76ec2dc8]) but failed to remove it when the web application was stopped. Threads are going to be renewed over time to try and avoid a probable memory leak.
25-Nov-2018 21:41:34.209 SEVERE [localhost-startStop-2] org.apache.catalina.loader.WebappClassLoaderBase.checkThreadLocalMapForLeaks The web application [csr-server] created a ThreadLocal with key of type [org.eclipse.jetty.http.HttpFields$1] (value [org.eclipse.jetty.http.HttpFields$1@23820dc9]) and a value of type [org.eclipse.jetty.http.HttpFields.DateGenerator] (value [org.eclipse.jetty.http.HttpFields$DateGenerator@422bbda]) but failed to remove it when the web application was stopped. Threads are going to be renewed over time to try and avoid a probable memory leak.
25-Nov-2018 21:41:34.209 SEVERE [localhost-startStop-2] org.apache.catalina.loader.WebappClassLoaderBase.checkThreadLocalMapForLeaks The web application [csr-server] created a ThreadLocal with key of type [org.eclipse.jetty.io.ThreadLocalBuffers$1] (value [org.eclipse.jetty.io.ThreadLocalBuffers$1@37fd02d2]) and a value of type [org.eclipse.jetty.io.ThreadLocalBuffers.ThreadBuffers] (value [org.eclipse.jetty.io.ThreadLocalBuffers$ThreadBuffers@6724b04f]) but failed to remove it when the web application was stopped. Threads are going to be renewed over time to try and avoid a probable memory leak.
25-Nov-2018 21:41:34.306 INFO [localhost-startStop-2] org.apache.openejb.assembler.classic.Assembler.destroyApplication Undeploying app: C:\Projects\KP_WME\CSR_Server\webapps\docs
25-Nov-2018 21:41:34.494 INFO [localhost-startStop-2] org.apache.openejb.assembler.classic.Assembler.destroyApplication Undeploying app: C:\Projects\KP_WME\CSR_Server\webapps\host-manager
25-Nov-2018 21:41:34.664 INFO [localhost-startStop-2] org.apache.openejb.assembler.classic.Assembler.destroyApplication Undeploying app: C:\Projects\KP_WME\CSR_Server\webapps\manager
25-Nov-2018 21:41:34.845 INFO [localhost-startStop-2] org.apache.openejb.assembler.classic.Assembler.destroyApplication Undeploying app: C:\Projects\KP_WME\CSR_Server\webapps\ROOT
25-Nov-2018 21:41:35.046 INFO [Thread-19] sun.reflect.DelegatingMethodAccessorImpl.invoke Stopping ProtocolHandler ["http-nio-8080"]
25-Nov-2018 21:41:35.529 INFO [Thread-19] sun.reflect.DelegatingMethodAccessorImpl.invoke Stopping ProtocolHandler ["ajp-nio-8009"]
25-Nov-2018 21:41:35.840 INFO [Thread-19] org.apache.openejb.server.SimpleServiceManager.stop Stopping server services
25-Nov-2018 21:41:35.881 INFO [Thread-19] sun.reflect.DelegatingMethodAccessorImpl.invoke Destroying ProtocolHandler ["http-nio-8080"]
25-Nov-2018 21:41:35.889 INFO [Thread-19] sun.reflect.DelegatingMethodAccessorImpl.invoke Destroying ProtocolHandler ["ajp-nio-8009"]
