DEBUG 2018-10-29 17:32:40,643 localhost-startStop-1 (RuntimeManager:137) - Initializing ...
DEBUG 2018-10-29 17:32:40,729 localhost-startStop-1 (RuntimeManager:150) - ... finished!
DEBUG 2018-10-29 17:32:40,853 @Asynchronous csr-server - 1 (ApolloMessageBrokerImpl:91) - ... initialize broker
DEBUG 2018-10-29 17:32:42,817 @Asynchronous csr-server - 1 (ApolloMessageBrokerImpl:96) - ... starting broker
DEBUG 2018-10-29 17:32:42,834 @Asynchronous csr-server - 1 (ApolloMessageBrokerImpl:209) - Start to initialize messaging infrastructure ...
DEBUG 2018-10-29 17:32:42,834 @Asynchronous csr-server - 1 (ApolloMessageBrokerImpl:213) - ... waiting on broker ...
DEBUG 2018-10-29 17:32:43,876 hawtdispatch-DEFAULT-1 (ApolloMessageBrokerImpl:111) - ... broker started
DEBUG 2018-10-29 17:32:43,885 hawtdispatch-DEFAULT-1 (RuntimeManager:146) - Message broker started!
DEBUG 2018-10-29 17:32:43,885 @Asynchronous csr-server - 1 (ApolloMessageBrokerImpl:221) - ... initializing messaging infrastructure ...
DEBUG 2018-10-29 17:32:44,302 @Asynchronous csr-server - 1 (ApolloMessageBrokerImpl:229) - ... connection created and started ...
DEBUG 2018-10-29 17:32:44,376 @Asynchronous csr-server - 1 (HandshakeSessionImpl:41) - ... HandshakeChannel created
DEBUG 2018-10-29 17:32:44,377 @Asynchronous csr-server - 1 (HandshakeSessionImpl:42) - ... HandshakeChannel In {/topic/csr.handshake.server}
DEBUG 2018-10-29 17:32:44,378 @Asynchronous csr-server - 1 (HandshakeSessionImpl:43) - ... HandshakeChannel Out {/queue/csr.handshake.client}
DEBUG 2018-10-29 17:32:44,378 @Asynchronous csr-server - 1 (ApolloMessageBrokerImpl:236) - ... handshake channel created ...
DEBUG 2018-10-29 17:32:44,454 @Asynchronous csr-server - 1 (HandshakeMessageHandler:59) - User Service URL set to csr.mmt.inf.tu-dresden.de:8090/userservice/rest/
DEBUG 2018-10-29 17:32:44,454 @Asynchronous csr-server - 1 (HandshakeSessionImpl:107) - Add handler to handshake channel with selector: tag = 'handshake' AND type = 'command'
DEBUG 2018-10-29 17:32:44,688 @Asynchronous csr-server - 1 (ApolloMessageBrokerImpl:243) - ... finished!
DEBUG 2018-10-29 17:32:59,980 localhost-startStop-2 (RuntimeManager:155) - Destroying serverside runtime ...
DEBUG 2018-10-29 17:32:59,981 localhost-startStop-2 (ApolloMessageBrokerImpl:74) - ... closing
DEBUG 2018-10-29 17:33:00,047 localhost-startStop-2 (ApolloMessageBrokerImpl:79) - ... finished!
